Training...
episode: 0  return: 26.00   mean: 26.00  time: 0.07s
episode: 10  return: 17.00   mean: 17.50  time: 0.49s
episode: 20  return: 30.00   mean: 19.90  time: 0.55s
episode: 30  return: 14.00   mean: 16.20  time: 0.45s
episode: 40  return: 14.00   mean: 19.00  time: 0.53s
episode: 50  return: 10.00   mean: 19.90  time: 0.56s
episode: 60  return: 33.00   mean: 18.00  time: 0.50s
episode: 70  return: 15.00   mean: 17.60  time: 0.50s
episode: 80  return: 24.00   mean: 23.00  time: 0.69s
episode: 90  return: 42.00   mean: 26.10  time: 0.76s
episode: 100  return: 24.00   mean: 23.90  time: 0.67s
episode: 110  return: 32.00   mean: 40.10  time: 1.11s
episode: 120  return: 24.00   mean: 23.70  time: 0.66s
episode: 130  return: 36.00   mean: 30.30  time: 0.87s
episode: 140  return: 34.00   mean: 37.00  time: 1.03s
episode: 150  return: 48.00   mean: 41.00  time: 1.14s
episode: 160  return: 46.00   mean: 42.00  time: 1.18s
episode: 170  return: 53.00   mean: 47.90  time: 1.36s
episode: 180  return: 34.00   mean: 46.20  time: 1.28s
episode: 190  return: 76.00   mean: 54.10  time: 1.51s
episode: 200  return: 31.00   mean: 66.00  time: 1.83s
episode: 210  return: 41.00   mean: 48.60  time: 1.37s
episode: 220  return: 44.00   mean: 54.30  time: 1.51s
episode: 230  return: 39.00   mean: 62.40  time: 1.74s
episode: 240  return: 64.00   mean: 64.20  time: 1.79s
episode: 250  return: 43.00   mean: 59.10  time: 1.67s
episode: 260  return: 76.00   mean: 68.80  time: 1.92s
episode: 270  return: 97.00   mean: 76.30  time: 2.12s
episode: 280  return: 105.00   mean: 70.20  time: 1.97s
episode: 290  return: 57.00   mean: 91.70  time: 2.64s
episode: 300  return: 149.00   mean: 109.80  time: 3.07s
episode: 310  return: 63.00   mean: 89.90  time: 2.54s
episode: 320  return: 200.00   mean: 105.20  time: 2.94s
episode: 330  return: 159.00   mean: 117.40  time: 3.27s
episode: 340  return: 157.00   mean: 104.90  time: 2.95s
episode: 350  return: 93.00   mean: 151.40  time: 4.22s
episode: 360  return: 61.00   mean: 105.30  time: 2.96s
episode: 370  return: 154.00   mean: 119.00  time: 3.33s
episode: 380  return: 200.00   mean: 175.20  time: 4.96s
episode: 390  return: 200.00   mean: 174.10  time: 4.88s
episode: 400  return: 200.00   mean: 166.50  time: 4.65s
episode: 410  return: 169.00   mean: 181.30  time: 5.09s
episode: 420  return: 178.00   mean: 168.20  time: 4.75s
episode: 430  return: 200.00   mean: 185.20  time: 5.24s
episode: 440  return: 200.00   mean: 200.00  time: 5.57s
Time: 1.65m
[33mWARN: gym.spaces.Box autodetected dtype as <class 'numpy.float32'>. Please provide explicit dtype.[0m
test:  1  reward: 200.00
test:  2  reward: 200.00
test:  3  reward: 200.00
test:  4  reward: 200.00
test:  5  reward: 200.00
test:  6  reward: 200.00
test:  7  reward: 200.00
test:  8  reward: 200.00
test:  9  reward: 200.00
test: 10  reward: 200.00
