/home/xuefeng/.environments/testrl/lib/python3.7/site-packages/gym/envs/registration.py:14: PkgResourcesDeprecationWarning: Parameters to load are deprecated.  Call .resolve and .require separately.
  result = entry_point.load(False)
Collecting transition... Time: 3.47m
Training...
episode: 0, return: -20.00  epsilon: 0.900  time:0.71m
abs_error: 0.017993953078985214, 0.0804680585861206, 1.038073182106018, 6
episode: 1, return: -18.00  epsilon: 0.874  time:0.84m
episode: 2, return: -21.00  epsilon: 0.848  time:0.54m
abs_error: 0.0268571674823761, 0.0539059191942215, 0.9685856699943542, 3
episode: 3, return: -19.00  epsilon: 0.823  time:0.76m
episode: 4, return: -20.00  epsilon: 0.798  time:0.69m
episode: 5, return: -21.00  epsilon: 0.774  time:0.58m
abs_error: 0.013227313756942749, 0.050148963928222656, 0.9824658632278442, 3
episode: 6, return: -21.00  epsilon: 0.751  time:0.59m
episode: 7, return: -19.00  epsilon: 0.728  time:0.86m
abs_error: 0.0016815364360809326, 0.03901078552007675, 0.9924131035804749, 4
episode: 8, return: -21.00  epsilon: 0.706  time:0.56m
episode: 9, return: -19.00  epsilon: 0.684  time:0.75m
abs_error: 0.0223332941532135, 0.06303313374519348, 0.9739362001419067, 5
episode: 10, return: -21.00  epsilon: 0.663  time:0.55m
episode: 11, return: -19.00  epsilon: 0.642  time:0.77m
abs_error: 0.020364999771118164, 0.047152090817689896, 0.9785997271537781, 16
episode: 12, return: -21.00  epsilon: 0.622  time:0.71m
episode: 13, return: -21.00  epsilon: 0.602  time:0.59m
abs_error: 0.016956448554992676, 0.07601185142993927, 0.9818456172943115, 6
episode: 14, return: -20.00  epsilon: 0.583  time:0.66m
episode: 15, return: -19.00  epsilon: 0.565  time:0.76m
abs_error: 0.008701324462890625, 0.051145654171705246, 0.9726929664611816, 13
episode: 16, return: -21.00  epsilon: 0.547  time:0.63m
episode: 17, return: -21.00  epsilon: 0.529  time:0.68m
episode: 18, return: -20.00  epsilon: 0.512  time:0.68m
abs_error: 0.013100504875183105, 0.0854019820690155, 1.0241825580596924, 8
episode: 19, return: -21.00  epsilon: 0.495  time:0.62m
episode: 20, return: -21.00  epsilon: 0.479  time:0.67m
abs_error: 0.007784128189086914, 0.07186886668205261, 0.9561083912849426, 6
episode: 21, return: -20.00  epsilon: 0.463  time:0.64m
episode: 22, return: -17.00  epsilon: 0.447  time:0.80m
abs_error: 0.0003661513328552246, 0.0320870466530323, 0.6779434680938721, 34
episode: 23, return: -20.00  epsilon: 0.432  time:0.53m
episode: 24, return: -21.00  epsilon: 0.417  time:0.46m
abs_error: 3.826618194580078e-05, 0.025726519525051117, 0.0869450569152832, 57
episode: 25, return: -20.00  epsilon: 0.403  time:0.53m
episode: 26, return: -20.00  epsilon: 0.389  time:0.48m
abs_error: 8.171796798706055e-05, 0.03178340196609497, 0.8286315202713013, 22
episode: 27, return: -21.00  epsilon: 0.376  time:0.46m
episode: 28, return: -21.00  epsilon: 0.363  time:0.56m
abs_error: 0.0005620121955871582, 0.03311915323138237, 0.9589120149612427, 32
episode: 29, return: -20.00  epsilon: 0.350  time:0.52m
episode: 30, return: -21.00  epsilon: 0.338  time:0.45m
episode: 31, return: -21.00  epsilon: 0.326  time:0.49m
abs_error: 2.568960189819336e-05, 0.030935324728488922, 0.25928741693496704, 41
episode: 32, return: -20.00  epsilon: 0.314  time:0.56m
episode: 33, return: -20.00  epsilon: 0.303  time:0.49m
abs_error: 0.0006905794143676758, 0.04779226705431938, 0.8081603050231934, 29
episode: 34, return: -21.00  epsilon: 0.292  time:0.50m
episode: 35, return: -21.00  epsilon: 0.281  time:0.48m
episode: 36, return: -21.00  epsilon: 0.271  time:0.49m
abs_error: 0.0003299713134765625, 0.04040536284446716, 0.2921646237373352, 39
episode: 37, return: -21.00  epsilon: 0.261  time:0.61m
episode: 38, return: -21.00  epsilon: 0.251  time:0.46m
abs_error: 6.282329559326172e-05, 0.04306856542825699, 0.3608066439628601, 42
episode: 39, return: -21.00  epsilon: 0.241  time:0.60m
episode: 40, return: -21.00  epsilon: 0.232  time:0.48m
abs_error: 0.0003527998924255371, 0.042521148920059204, 1.018897533416748, 27
episode: 41, return: -21.00  epsilon: 0.223  time:0.51m
episode: 42, return: -21.00  epsilon: 0.215  time:0.46m
abs_error: 0.00014841556549072266, 0.03815263882279396, 0.43766891956329346, 42
episode: 43, return: -21.00  epsilon: 0.206  time:0.46m
episode: 44, return: -20.00  epsilon: 0.198  time:0.60m
abs_error: 0.0002595186233520508, 0.04216833412647247, 0.4097064733505249, 44
episode: 45, return: -19.00  epsilon: 0.190  time:0.61m
episode: 46, return: -21.00  epsilon: 0.183  time:0.49m
episode: 47, return: -21.00  epsilon: 0.175  time:0.50m
abs_error: 9.655952453613281e-06, 0.036964286118745804, 0.5076063871383667, 35
episode: 48, return: -20.00  epsilon: 0.168  time:0.52m
episode: 49, return: -20.00  epsilon: 0.161  time:0.60m
abs_error: 6.794929504394531e-06, 0.03343190252780914, 0.2250349521636963, 38
episode: 50, return: -20.00  epsilon: 0.155  time:0.57m
episode: 51, return: -20.00  epsilon: 0.148  time:0.56m
abs_error: 0.00019550323486328125, 0.03177902102470398, 0.30386245250701904, 35
episode: 52, return: -19.00  epsilon: 0.142  time:0.60m
episode: 53, return: -16.00  epsilon: 0.136  time:0.72m
abs_error: 0.0006304383277893066, 0.04813733696937561, 0.6319742202758789, 28
episode: 54, return: -17.00  epsilon: 0.130  time:0.72m
abs_error: 0.0001494288444519043, 0.04440002888441086, 0.772514820098877, 33
episode: 55, return: -21.00  epsilon: 0.125  time:0.63m
episode: 56, return: -20.00  epsilon: 0.119  time:0.73m
abs_error: 3.975629806518555e-05, 0.03550410270690918, 0.3972184658050537, 37
episode: 57, return: -19.00  epsilon: 0.114  time:0.97m
episode: 58, return: -20.00  epsilon: 0.109  time:0.72m
abs_error: 0.0001659393310546875, 0.048084650188684464, 0.6523110866546631, 33
episode: 59, return: -21.00  epsilon: 0.104  time:0.79m
abs_error: 5.704164505004883e-05, 0.03472953289747238, 0.49334466457366943, 38
episode: 60, return: -21.00  epsilon: 0.100  time:0.89m
episode: 61, return: -21.00  epsilon: 0.095  time:0.79m
abs_error: 4.8041343688964844e-05, 0.04645812511444092, 0.4766731262207031, 30
episode: 62, return: -19.00  epsilon: 0.091  time:0.95m
abs_error: 0.0008154511451721191, 0.04316876828670502, 0.2523021697998047, 46
episode: 63, return: -16.00  epsilon: 0.087  time:1.23m
episode: 64, return: -19.00  epsilon: 0.083  time:0.98m
abs_error: 5.84721565246582e-05, 0.04341498017311096, 0.3037955164909363, 40
episode: 65, return: -18.00  epsilon: 0.079  time:1.22m
abs_error: 5.930662155151367e-05, 0.03758819028735161, 0.27048927545547485, 46
episode: 66, return: -15.00  epsilon: 0.075  time:1.39m
abs_error: 3.504753112792969e-05, 0.03496682643890381, 0.32990193367004395, 39
episode: 67, return: -15.00  epsilon: 0.071  time:1.17m
abs_error: 0.000345766544342041, 0.04390667378902435, 0.3274209499359131, 39
episode: 68, return: -12.00  epsilon: 0.068  time:1.59m
abs_error: 1.6629695892333984e-05, 0.042166680097579956, 0.39258384704589844, 46
episode: 69, return: -19.00  epsilon: 0.065  time:1.07m
abs_error: 8.863210678100586e-05, 0.03317270055413246, 0.2300809621810913, 44
episode: 70, return: -16.00  epsilon: 0.061  time:1.43m
abs_error: 0.0004824399948120117, 0.037343185395002365, 0.17875242233276367, 42
episode: 71, return: -21.00  epsilon: 0.058  time:1.02m
episode: 72, return: -19.00  epsilon: 0.055  time:0.97m
abs_error: 5.638599395751953e-05, 0.05109579861164093, 0.41069960594177246, 34
episode: 73, return: -18.00  epsilon: 0.053  time:0.80m
abs_error: 4.9591064453125e-05, 0.03603260591626167, 0.44370269775390625, 33
episode: 74, return: -19.00  epsilon: 0.050  time:0.82m
episode: 75, return: -20.00  epsilon: 0.047  time:0.68m
abs_error: 0.0001373291015625, 0.0368029810488224, 0.30298393964767456, 35
episode: 76, return: -16.00  epsilon: 0.045  time:1.12m
abs_error: 0.00012445449829101562, 0.03523238003253937, 0.1382046341896057, 48
episode: 77, return: -19.00  epsilon: 0.043  time:0.81m
abs_error: 0.0012775063514709473, 0.032931938767433167, 0.21425360441207886, 43
episode: 78, return: -19.00  epsilon: 0.040  time:0.83m
abs_error: 0.0007778406143188477, 0.04508708417415619, 0.3701247572898865, 44
episode: 79, return: -20.00  epsilon: 0.038  time:0.77m
episode: 80, return: -18.00  epsilon: 0.036  time:0.90m
abs_error: 0.0003464818000793457, 0.03438960388302803, 0.16790461540222168, 40
episode: 81, return: -20.00  epsilon: 0.034  time:0.74m
abs_error: 0.001791238784790039, 0.04428064823150635, 0.4881161153316498, 38
episode: 82, return: -20.00  epsilon: 0.032  time:0.75m
episode: 83, return: -17.00  epsilon: 0.030  time:0.95m
abs_error: 0.0006134510040283203, 0.036737699061632156, 0.21814167499542236, 44
episode: 84, return: -18.00  epsilon: 0.029  time:0.80m
abs_error: 0.0002740621566772461, 0.0462421253323555, 0.3749848008155823, 38
episode: 85, return: -17.00  epsilon: 0.027  time:0.90m
abs_error: 0.00023823976516723633, 0.05119185894727707, 0.29439836740493774, 46
episode: 86, return: -17.00  epsilon: 0.025  time:0.86m
episode: 87, return: -17.00  epsilon: 0.024  time:1.00m
abs_error: 0.0002943873405456543, 0.03689856827259064, 0.33496469259262085, 42
episode: 88, return: -15.00  epsilon: 0.022  time:1.08m
abs_error: 0.00012576580047607422, 0.04542384296655655, 0.3454265594482422, 43
episode: 89, return: -14.00  epsilon: 0.021  time:1.15m
abs_error: 9.894371032714844e-05, 0.04717892408370972, 0.6323289275169373, 34
abs_error: 0.0006253719329833984, 0.059551578015089035, 0.7332054376602173, 36
episode: 90, return: -13.00  epsilon: 0.020  time:1.46m
abs_error: 0.00021523237228393555, 0.04150765761733055, 0.3204047977924347, 46
episode: 91, return: -9.00  epsilon: 0.019  time:1.65m
abs_error: 0.00012809038162231445, 0.03796285763382912, 0.3564610779285431, 40
episode: 92, return: -13.00  epsilon: 0.017  time:1.39m
abs_error: 0.0005819797515869141, 0.03731591999530792, 0.22119951248168945, 45
episode: 93, return: -15.00  epsilon: 0.016  time:1.38m
abs_error: 0.00041425228118896484, 0.0412471629679203, 0.45709872245788574, 44
episode: 94, return: -11.00  epsilon: 0.015  time:1.45m
abs_error: 0.00020551681518554688, 0.04612473398447037, 0.23833996057510376, 37
abs_error: 0.00048089027404785156, 0.03974536806344986, 0.3482392430305481, 43
episode: 95, return: -15.00  epsilon: 0.014  time:1.44m
abs_error: 0.00012362003326416016, 0.04376477003097534, 0.48154473304748535, 41
episode: 96, return: -11.00  epsilon: 0.013  time:1.57m
abs_error: 0.0004718899726867676, 0.03863373398780823, 0.3749375343322754, 37
episode: 97, return: -6.00  epsilon: 0.012  time:1.94m
abs_error: 0.0004068911075592041, 0.05444081872701645, 0.3831446170806885, 44
episode: 98, return: -15.00  epsilon: 0.012  time:1.54m
abs_error: 0.00012058019638061523, 0.05279581621289253, 0.45619726181030273, 46
episode: 99, return: -11.00  epsilon: 0.011  time:1.70m
abs_error: 0.001187354326248169, 0.05157800763845444, 0.30734944343566895, 49
abs_error: 2.3186206817626953e-05, 0.04947681725025177, 0.34589093923568726, 38
episode: 100, return: -13.00  epsilon: 0.010  time:1.67m
abs_error: 0.0002148747444152832, 0.05649925395846367, 0.39762091636657715, 40
episode: 101, return: -8.00  epsilon: 0.010  time:1.91m
abs_error: 0.00012257695198059082, 0.04499201849102974, 0.39558112621307373, 39
episode: 102, return: -12.00  epsilon: 0.010  time:1.84m
abs_error: 0.00034669041633605957, 0.05375136062502861, 0.24198326468467712, 48
abs_error: 0.0013347864151000977, 0.04304280877113342, 0.2618778944015503, 48
episode: 103, return: -12.00  epsilon: 0.010  time:1.67m
abs_error: 0.0003303736448287964, 0.04304957389831543, 0.3872034549713135, 46
episode: 104, return: -11.00  epsilon: 0.010  time:1.76m
abs_error: 9.7617506980896e-05, 0.04496728628873825, 0.5760181546211243, 40
episode: 105, return: -8.00  epsilon: 0.010  time:1.59m
abs_error: 0.0007072687149047852, 0.045554954558610916, 0.5790313482284546, 37
abs_error: 0.00012969598174095154, 0.057940997183322906, 0.46190109848976135, 40
episode: 106, return: -10.00  epsilon: 0.010  time:2.09m
abs_error: 0.00024276971817016602, 0.044764772057533264, 0.26277652382850647, 39
episode: 107, return: -10.00  epsilon: 0.010  time:2.24m
abs_error: 0.00012745335698127747, 0.0421564057469368, 0.2497768998146057, 38
abs_error: 0.0004937723278999329, 0.05871307849884033, 0.3800913095474243, 53
episode: 108, return: -11.00  epsilon: 0.010  time:1.86m
abs_error: 0.00040002167224884033, 0.054325953125953674, 0.3560197949409485, 47
episode: 109, return: -9.00  epsilon: 0.010  time:1.90m
abs_error: 0.0006110966205596924, 0.051657289266586304, 0.2870607078075409, 44
episode: 110, return: -12.00  epsilon: 0.010  time:1.65m
abs_error: 6.914138793945312e-05, 0.040406450629234314, 0.30584341287612915, 42
abs_error: 0.0003144890069961548, 0.03703252971172333, 0.22534383833408356, 42
episode: 111, return: -10.00  epsilon: 0.010  time:1.68m
abs_error: 0.0007399916648864746, 0.04512028396129608, 0.3088611960411072, 39
episode: 112, return: -3.00  epsilon: 0.010  time:1.77m
abs_error: 0.0006178095936775208, 0.050927869975566864, 0.3003588318824768, 48
abs_error: 0.0010167881846427917, 0.047286469489336014, 0.3408094644546509, 37
episode: 113, return: -9.00  epsilon: 0.010  time:1.58m
abs_error: 3.7163496017456055e-05, 0.04826774448156357, 0.2592337131500244, 43
episode: 114, return: -7.00  epsilon: 0.010  time:1.94m
abs_error: 0.00045177340507507324, 0.04292537271976471, 0.3586997985839844, 37
abs_error: 0.00039756298065185547, 0.0427885577082634, 0.3035869002342224, 44
episode: 115, return: -9.00  epsilon: 0.010  time:2.07m
abs_error: 0.00017067790031433105, 0.04601746425032616, 0.688158392906189, 33
episode: 116, return: -11.00  epsilon: 0.010  time:1.75m
abs_error: 0.00038167834281921387, 0.04869072139263153, 0.3016720414161682, 37
abs_error: 0.000563204288482666, 0.067703478038311, 0.4379246234893799, 42
episode: 117, return: -7.00  epsilon: 0.010  time:1.98m
abs_error: 0.00027489662170410156, 0.05288395285606384, 0.3509766459465027, 45
abs_error: 6.604194641113281e-05, 0.059998106211423874, 0.5429492592811584, 42
episode: 118, return: -6.00  epsilon: 0.010  time:2.15m
abs_error: 2.3663043975830078e-05, 0.05239327251911163, 0.38911348581314087, 40
episode: 119, return: -9.00  epsilon: 0.010  time:1.71m
abs_error: 0.002280116081237793, 0.04999649524688721, 0.3458476662635803, 40
abs_error: 0.0017417669296264648, 0.0488676056265831, 0.30949124693870544, 46
episode: 120, return: -8.00  epsilon: 0.010  time:1.81m
abs_error: 0.0005108118057250977, 0.04335452988743782, 0.21568073332309723, 44
episode: 121, return: -10.00  epsilon: 0.010  time:1.99m
abs_error: 0.0007048249244689941, 0.047496095299720764, 0.410531610250473, 41
abs_error: 0.00031507015228271484, 0.05029907822608948, 0.32907840609550476, 46
episode: 122, return: 1.00  epsilon: 0.010  time:2.15m
abs_error: 0.0002141892910003662, 0.04746554046869278, 0.28872817754745483, 40
abs_error: 0.0013774633407592773, 0.06172864884138107, 0.6075100302696228, 39
episode: 123, return: -10.00  epsilon: 0.010  time:1.80m
abs_error: 0.0004253089427947998, 0.04782524332404137, 0.26604390144348145, 47
episode: 124, return: -5.00  epsilon: 0.010  time:2.18m
abs_error: 1.8835067749023438e-05, 0.04350306838750839, 0.25933223962783813, 44
abs_error: 0.00046813488006591797, 0.050023291260004044, 0.3001546263694763, 38
abs_error: 0.0006623268127441406, 0.04549511894583702, 0.22681856155395508, 39
episode: 125, return: 2.00  epsilon: 0.010  time:2.46m
abs_error: 6.133317947387695e-05, 0.0519820898771286, 0.44429612159729004, 38
episode: 126, return: -6.00  epsilon: 0.010  time:1.77m
abs_error: 8.323788642883301e-05, 0.04415838047862053, 0.24196138978004456, 49
abs_error: 0.00021207332611083984, 0.042370252311229706, 0.35498571395874023, 46
episode: 127, return: -2.00  epsilon: 0.010  time:2.20m
abs_error: 0.00014060735702514648, 0.04110726714134216, 0.1911156177520752, 44
abs_error: 1.7464160919189453e-05, 0.0486982986330986, 0.27088066935539246, 48
episode: 128, return: 4.00  epsilon: 0.010  time:2.31m
abs_error: 7.43865966796875e-05, 0.046496905386447906, 0.29445207118988037, 41
abs_error: 0.00030368566513061523, 0.042723167687654495, 0.3898559808731079, 41
episode: 129, return: 3.00  epsilon: 0.010  time:2.77m
abs_error: 0.00029218196868896484, 0.041810449212789536, 0.22962820529937744, 50
abs_error: 0.00013083219528198242, 0.04319007322192192, 0.21514752507209778, 46
episode: 130, return: 3.00  epsilon: 0.010  time:3.11m
abs_error: 2.944469451904297e-05, 0.05284242331981659, 0.4491093158721924, 46
abs_error: 0.0015842318534851074, 0.04921696335077286, 0.9399491548538208, 35
episode: 131, return: 3.00  epsilon: 0.010  time:2.50m
abs_error: 0.0004959702491760254, 0.04890136420726776, 0.3827791213989258, 42
episode: 132, return: 5.00  epsilon: 0.010  time:1.83m
abs_error: 4.190206527709961e-05, 0.04680453613400459, 0.3613858222961426, 42
abs_error: 0.0008159875869750977, 0.04357125610113144, 0.3539876937866211, 36
episode: 133, return: 6.00  epsilon: 0.010  time:1.92m
abs_error: 0.001227259635925293, 0.03938871994614601, 0.4048139452934265, 44
abs_error: 9.09566879272461e-05, 0.044537343084812164, 0.279343843460083, 42
episode: 134, return: 7.00  epsilon: 0.010  time:1.92m
abs_error: 0.0007989406585693359, 0.04586867243051529, 0.24549126625061035, 46
episode: 135, return: 9.00  epsilon: 0.010  time:1.70m
abs_error: 0.0007736682891845703, 0.0432773120701313, 0.13385772705078125, 51
abs_error: 0.00023555755615234375, 0.052549462765455246, 0.3060983419418335, 43
episode: 136, return: 13.00  epsilon: 0.010  time:1.58m
abs_error: 0.00024127960205078125, 0.03646321967244148, 0.6238886117935181, 41
episode: 137, return: 5.00  epsilon: 0.010  time:2.12m
abs_error: 0.0011575818061828613, 0.050189241766929626, 0.2372211217880249, 40
abs_error: 0.0003046989440917969, 0.04391815885901451, 0.3689272403717041, 39
episode: 138, return: 8.00  epsilon: 0.010  time:1.70m
abs_error: 0.0007427334785461426, 0.04834943637251854, 0.3198627233505249, 46
abs_error: 5.501508712768555e-05, 0.039665210992097855, 0.28334319591522217, 45
episode: 139, return: 2.00  epsilon: 0.010  time:2.11m
abs_error: 0.00018078088760375977, 0.035981591790914536, 0.3352195620536804, 42
episode: 140, return: 4.00  epsilon: 0.010  time:2.05m
abs_error: 0.0004899501800537109, 0.04200844466686249, 0.4143465757369995, 47
abs_error: 0.0005395412445068359, 0.043796949088573456, 0.16867125034332275, 52
episode: 141, return: 14.00  epsilon: 0.010  time:1.86m
abs_error: 0.00022983551025390625, 0.04150845482945442, 0.21723899245262146, 47
episode: 142, return: 9.00  epsilon: 0.010  time:1.62m
abs_error: 0.0001443028450012207, 0.04118974506855011, 0.19090628623962402, 48
abs_error: 0.0003699660301208496, 0.044166937470436096, 0.2928467392921448, 46
episode: 143, return: 8.00  epsilon: 0.010  time:1.72m
abs_error: 0.00035893917083740234, 0.04502134025096893, 0.3596535921096802, 43
episode: 144, return: 8.00  epsilon: 0.010  time:1.65m
abs_error: 0.00010776519775390625, 0.03954390436410904, 0.20494931936264038, 43
abs_error: 0.0003444552421569824, 0.03505324199795723, 0.25443923473358154, 49
episode: 145, return: 8.00  epsilon: 0.010  time:2.03m
abs_error: 0.0005015134811401367, 0.0343618169426918, 0.13168275356292725, 49
episode: 146, return: 14.00  epsilon: 0.010  time:1.70m
abs_error: 0.0003833770751953125, 0.040901318192481995, 0.17146432399749756, 50
episode: 147, return: 15.00  epsilon: 0.010  time:1.48m
abs_error: 0.0016624927520751953, 0.04571853578090668, 0.5165449380874634, 46
episode: 148, return: 13.00  epsilon: 0.010  time:1.63m
abs_error: 6.842613220214844e-05, 0.04181643947958946, 0.23473083972930908, 43
abs_error: 0.0002968311309814453, 0.045401860028505325, 0.8535640239715576, 42
episode: 149, return: 14.00  epsilon: 0.010  time:1.65m
abs_error: 9.065866470336914e-05, 0.037173621356487274, 0.4216126799583435, 38
episode: 150, return: 13.00  epsilon: 0.010  time:1.91m
abs_error: 0.0004965066909790039, 0.041087135672569275, 0.2892566919326782, 49
episode: 151, return: 17.00  epsilon: 0.010  time:1.50m
abs_error: 0.00015246868133544922, 0.03038904257118702, 0.1484355926513672, 52
episode: 152, return: 18.00  epsilon: 0.010  time:1.32m
abs_error: 8.71419906616211e-05, 0.035891853272914886, 0.2671499252319336, 41
episode: 153, return: 19.00  epsilon: 0.010  time:1.37m
abs_error: 9.119510650634766e-05, 0.0396338626742363, 0.2135447859764099, 54
episode: 154, return: 16.00  epsilon: 0.010  time:1.36m
abs_error: 0.0001176595687866211, 0.0386485792696476, 0.15570396184921265, 53
episode: 155, return: 17.00  epsilon: 0.010  time:1.35m
abs_error: 0.0001443624496459961, 0.040679682046175, 0.6208001375198364, 44
episode: 156, return: 18.00  epsilon: 0.010  time:1.36m
abs_error: 0.0007365942001342773, 0.04363885521888733, 0.19298243522644043, 42
episode: 157, return: 16.00  epsilon: 0.010  time:1.46m
abs_error: 0.0005360841751098633, 0.03715524822473526, 0.5564185380935669, 38
episode: 158, return: 21.00  epsilon: 0.010  time:1.19m
abs_error: 0.00021326541900634766, 0.03479345887899399, 0.408572793006897, 40
episode: 159, return: 16.00  epsilon: 0.010  time:1.37m
abs_error: 5.6862831115722656e-05, 0.03989579156041145, 0.5269091129302979, 39
episode: 160, return: 20.00  epsilon: 0.010  time:1.28m
abs_error: 4.583597183227539e-05, 0.0326884426176548, 0.14898037910461426, 51
episode: 161, return: 18.00  epsilon: 0.010  time:1.45m
abs_error: 0.00032401084899902344, 0.033436067402362823, 0.13692229986190796, 50
episode: 162, return: 19.00  epsilon: 0.010  time:1.35m
abs_error: 0.00016701221466064453, 0.03433631360530853, 0.15924429893493652, 49
episode: 163, return: 20.00  epsilon: 0.010  time:1.33m
abs_error: 0.00018262863159179688, 0.03620211035013199, 1.0202922821044922, 37
episode: 164, return: 20.00  epsilon: 0.010  time:1.28m
episode: 165, return: 20.00  epsilon: 0.010  time:1.22m
abs_error: 5.5909156799316406e-05, 0.033086925745010376, 0.2951853275299072, 46
episode: 166, return: 18.00  epsilon: 0.010  time:1.15m
abs_error: 0.00030815601348876953, 0.029376812279224396, 0.10469686985015869, 49
episode: 167, return: 20.00  epsilon: 0.010  time:1.03m
abs_error: 0.0005069971084594727, 0.03291119262576103, 0.20307789742946625, 43
episode: 168, return: 20.00  epsilon: 0.010  time:1.07m
abs_error: 1.430511474609375e-06, 0.03399237245321274, 0.22061479091644287, 41
episode: 169, return: 20.00  epsilon: 0.010  time:0.99m
abs_error: 0.0009770393371582031, 0.03891802951693535, 0.3691878318786621, 44
episode: 170, return: 16.00  epsilon: 0.010  time:1.32m
abs_error: 0.0007250308990478516, 0.03289464861154556, 0.3740813732147217, 44
episode: 171, return: 19.00  epsilon: 0.010  time:1.12m
abs_error: 0.00019073486328125, 0.02603820338845253, 0.2510296106338501, 41
episode: 172, return: 16.00  epsilon: 0.010  time:1.23m
abs_error: 0.0005363225936889648, 0.022727109491825104, 0.09669071435928345, 49
episode: 173, return: 18.00  epsilon: 0.010  time:1.12m
abs_error: 0.0015124082565307617, 0.03313911706209183, 0.18305885791778564, 49
episode: 174, return: 20.00  epsilon: 0.010  time:1.02m
abs_error: 0.0005146265029907227, 0.03051484189927578, 0.19985413551330566, 43
episode: 175, return: 19.00  epsilon: 0.010  time:1.08m
abs_error: 0.00017344951629638672, 0.025192614644765854, 0.12364089488983154, 47
episode: 176, return: 18.00  epsilon: 0.010  time:1.21m
abs_error: 0.0001329183578491211, 0.025183577090501785, 0.25565648078918457, 45
episode: 177, return: 19.00  epsilon: 0.010  time:1.06m
abs_error: 0.0003796815872192383, 0.027155928313732147, 0.10543942451477051, 48
episode: 178, return: 19.00  epsilon: 0.010  time:1.11m
abs_error: 0.0008276700973510742, 0.024592220783233643, 0.12129712104797363, 51
episode: 179, return: 21.00  epsilon: 0.010  time:0.97m
abs_error: 0.0007015466690063477, 0.023823164403438568, 0.125899076461792, 50
episode: 180, return: 21.00  epsilon: 0.010  time:0.93m
episode: 181, return: 20.00  epsilon: 0.010  time:0.97m
abs_error: 3.62396240234375e-05, 0.024442033842206, 0.17030811309814453, 41
episode: 182, return: 18.00  epsilon: 0.010  time:1.06m
abs_error: 3.886222839355469e-05, 0.028899380937218666, 0.568000853061676, 37
episode: 183, return: 18.00  epsilon: 0.010  time:1.19m
abs_error: 2.0503997802734375e-05, 0.02489236369729042, 0.21913933753967285, 43
episode: 184, return: 18.00  epsilon: 0.010  time:1.07m
abs_error: 0.0003141164779663086, 0.02295142412185669, 0.10071051120758057, 54
episode: 185, return: 18.00  epsilon: 0.010  time:1.13m
abs_error: 1.2040138244628906e-05, 0.025888245552778244, 0.3670172691345215, 39
episode: 186, return: 18.00  epsilon: 0.010  time:1.26m
abs_error: 0.00016391277313232422, 0.03153758496046066, 0.23617100715637207, 45
episode: 187, return: 19.00  epsilon: 0.010  time:1.28m
abs_error: 0.00014007091522216797, 0.02339017391204834, 0.12333786487579346, 43
episode: 188, return: 20.00  epsilon: 0.010  time:1.20m
abs_error: 3.0517578125e-05, 0.023622754961252213, 0.16061508655548096, 47
episode: 189, return: 18.00  epsilon: 0.010  time:1.35m
abs_error: 0.00017499923706054688, 0.03275439515709877, 1.0032427310943604, 24
episode: 190, return: 20.00  epsilon: 0.010  time:1.15m
abs_error: 0.00015306472778320312, 0.024746641516685486, 0.21825623512268066, 40
episode: 191, return: 17.00  epsilon: 0.010  time:1.18m
abs_error: 0.0001342296600341797, 0.025711556896567345, 0.16191458702087402, 48
episode: 192, return: 21.00  epsilon: 0.010  time:0.95m
abs_error: 0.0002357959747314453, 0.023619607090950012, 0.35458195209503174, 45
episode: 193, return: 20.00  epsilon: 0.010  time:1.01m
abs_error: 0.00016880035400390625, 0.02068772166967392, 0.09811782836914062, 48
episode: 194, return: 21.00  epsilon: 0.010  time:0.95m
abs_error: 0.00029015541076660156, 0.020393142476677895, 0.11375665664672852, 42
episode: 195, return: 20.00  epsilon: 0.010  time:1.02m
abs_error: 3.3915042877197266e-05, 0.020514994859695435, 0.1704726219177246, 43
episode: 196, return: 21.00  epsilon: 0.010  time:0.92m
abs_error: 0.000461578369140625, 0.025121698155999184, 0.38804471492767334, 41
episode: 197, return: 20.00  epsilon: 0.010  time:0.97m
episode: 198, return: 21.00  epsilon: 0.010  time:0.95m
abs_error: 0.0003355741500854492, 0.018385998904705048, 0.15529274940490723, 46
episode: 199, return: 20.00  epsilon: 0.010  time:0.98m
abs_error: 3.123283386230469e-05, 0.02098606526851654, 0.15756583213806152, 40
episode: 200, return: 19.00  epsilon: 0.010  time:1.05m
abs_error: 5.900859832763672e-05, 0.02279862016439438, 0.10843467712402344, 52
episode: 201, return: 19.00  epsilon: 0.010  time:1.11m
abs_error: 0.0002912282943725586, 0.016799254342913628, 0.06847786903381348, 55
episode: 202, return: 20.00  epsilon: 0.010  time:1.07m
abs_error: 0.00046181678771972656, 0.015866167843341827, 0.07245659828186035, 48
episode: 203, return: 21.00  epsilon: 0.010  time:1.08m
abs_error: 8.392333984375e-05, 0.017567966133356094, 0.10135316848754883, 46
episode: 204, return: 21.00  epsilon: 0.010  time:1.14m
abs_error: 0.00025200843811035156, 0.017393585294485092, 0.08753514289855957, 53
episode: 205, return: 21.00  epsilon: 0.010  time:1.12m
episode: 206, return: 20.00  epsilon: 0.010  time:1.14m
abs_error: 0.00010859966278076172, 0.021336961537599564, 0.11740255355834961, 49
episode: 207, return: 20.00  epsilon: 0.010  time:1.22m
abs_error: 5.459785461425781e-05, 0.018337132409214973, 0.13571345806121826, 46
episode: 208, return: 20.00  epsilon: 0.010  time:1.25m
abs_error: 9.66787338256836e-05, 0.014013335108757019, 0.06902432441711426, 49
episode: 209, return: 21.00  epsilon: 0.010  time:1.17m
abs_error: 0.0001251697540283203, 0.0180339552462101, 0.08288693428039551, 45
episode: 210, return: 17.00  epsilon: 0.010  time:1.59m
abs_error: 2.574920654296875e-05, 0.017899289727211, 0.10842394828796387, 50
episode: 211, return: 20.00  epsilon: 0.010  time:1.27m
abs_error: 0.0003427267074584961, 0.01908840425312519, 0.09175431728363037, 47
episode: 212, return: 19.00  epsilon: 0.010  time:1.25m
abs_error: 0.0001455545425415039, 0.022907888516783714, 0.19039225578308105, 47
episode: 213, return: 20.00  epsilon: 0.010  time:1.28m
abs_error: 3.933906555175781e-05, 0.01759529858827591, 0.16084110736846924, 45
episode: 214, return: 20.00  epsilon: 0.010  time:1.26m
episode: 215, return: 21.00  epsilon: 0.010  time:1.18m
abs_error: 0.0005984306335449219, 0.02188599482178688, 0.2906184196472168, 35
episode: 216, return: 20.00  epsilon: 0.010  time:1.05m
abs_error: 2.956390380859375e-05, 0.02570369839668274, 0.2509390115737915, 51
episode: 217, return: 21.00  epsilon: 0.010  time:0.97m
abs_error: 0.0004253387451171875, 0.016124024987220764, 0.09048712253570557, 48
episode: 218, return: 21.00  epsilon: 0.010  time:0.97m
abs_error: 0.0001285076141357422, 0.01536017470061779, 0.09299123287200928, 48
episode: 219, return: 21.00  epsilon: 0.010  time:0.95m
abs_error: 1.430511474609375e-05, 0.015603468753397465, 0.10925793647766113, 50
episode: 220, return: 19.00  epsilon: 0.010  time:1.08m
abs_error: 0.00044989585876464844, 0.017822327092289925, 0.1818893551826477, 46
episode: 221, return: 21.00  epsilon: 0.010  time:0.97m
episode: 222, return: 20.00  epsilon: 0.010  time:0.96m
abs_error: 6.794929504394531e-05, 0.01426312793046236, 0.08255195617675781, 51
episode: 223, return: 21.00  epsilon: 0.010  time:0.95m
abs_error: 9.906291961669922e-05, 0.013168225064873695, 0.05678212642669678, 50
episode: 224, return: 17.00  epsilon: 0.010  time:1.23m
abs_error: 3.314018249511719e-05, 0.02008526585996151, 0.23832130432128906, 45
episode: 225, return: 19.00  epsilon: 0.010  time:1.14m
abs_error: 6.902217864990234e-05, 0.01497186440974474, 0.08585107326507568, 53
episode: 226, return: 21.00  epsilon: 0.010  time:1.10m
abs_error: 0.00030553340911865234, 0.020125579088926315, 0.4425082206726074, 36
episode: 227, return: 21.00  epsilon: 0.010  time:1.08m
abs_error: 0.00030028820037841797, 0.013237349689006805, 0.07224678993225098, 50
episode: 228, return: 19.00  epsilon: 0.010  time:1.23m
abs_error: 7.152557373046875e-06, 0.013864419423043728, 0.059513092041015625, 46
episode: 229, return: 21.00  epsilon: 0.010  time:1.00m
episode: 230, return: 21.00  epsilon: 0.010  time:1.07m
abs_error: 1.7881393432617188e-06, 0.014883289113640785, 0.11183702945709229, 46
episode: 231, return: 20.00  epsilon: 0.010  time:1.20m
abs_error: 0.00010371208190917969, 0.014371838420629501, 0.13743984699249268, 47
episode: 232, return: 19.00  epsilon: 0.010  time:1.07m
abs_error: 0.0003094673156738281, 0.018071064725518227, 0.1813948154449463, 38
episode: 233, return: 21.00  epsilon: 0.010  time:0.98m
abs_error: 0.00017392635345458984, 0.016131654381752014, 0.07566428184509277, 49
episode: 234, return: 21.00  epsilon: 0.010  time:0.93m
abs_error: 0.0005564689636230469, 0.01613764464855194, 0.08243775367736816, 47
episode: 235, return: 21.00  epsilon: 0.010  time:0.93m
abs_error: 2.8133392333984375e-05, 0.014327841810882092, 0.08889687061309814, 49
episode: 236, return: 21.00  epsilon: 0.010  time:0.93m
abs_error: 3.838539123535156e-05, 0.033489033579826355, 1.0610365867614746, 9
episode: 237, return: 17.00  epsilon: 0.010  time:1.19m
abs_error: 8.881092071533203e-05, 0.021677646785974503, 0.9996578693389893, 30
episode: 238, return: 17.00  epsilon: 0.010  time:1.46m
episode: 239, return: 21.00  epsilon: 0.010  time:1.16m
abs_error: 0.0001342296600341797, 0.01590169593691826, 0.14451241493225098, 47
episode: 240, return: 20.00  epsilon: 0.010  time:1.20m
abs_error: 4.38690185546875e-05, 0.015141294337809086, 0.11296498775482178, 47
episode: 241, return: 21.00  epsilon: 0.010  time:1.02m
abs_error: 0.00046825408935546875, 0.01502598449587822, 0.06956791877746582, 46
episode: 242, return: 21.00  epsilon: 0.010  time:0.96m
abs_error: 1.1920928955078125e-06, 0.013834995217621326, 0.09987592697143555, 43
episode: 243, return: 21.00  epsilon: 0.010  time:0.96m
abs_error: 0.00023376941680908203, 0.017741266638040543, 0.07866644859313965, 56
episode: 244, return: 21.00  epsilon: 0.010  time:0.96m
abs_error: 0.00012373924255371094, 0.02101762220263481, 0.9843919277191162, 23
episode: 245, return: 21.00  epsilon: 0.010  time:0.96m
episode: 246, return: 19.00  epsilon: 0.010  time:1.10m
abs_error: 1.895427703857422e-05, 0.01385463122278452, 0.07955729961395264, 51
episode: 247, return: 19.00  epsilon: 0.010  time:1.13m
abs_error: 4.279613494873047e-05, 0.015055973082780838, 0.4922879934310913, 35
episode: 248, return: 19.00  epsilon: 0.010  time:1.35m
abs_error: 0.0003921985626220703, 0.029737439006567, 0.43837785720825195, 32
episode: 249, return: 21.00  epsilon: 0.010  time:1.12m
abs_error: 0.0001214742660522461, 0.015809983015060425, 0.10427916049957275, 48
episode: 250, return: 21.00  epsilon: 0.010  time:1.11m
abs_error: 0.0002803802490234375, 0.011997907422482967, 0.05658221244812012, 44
episode: 251, return: 20.00  epsilon: 0.010  time:1.32m
abs_error: 8.606910705566406e-05, 0.013125554658472538, 0.09246790409088135, 47
episode: 252, return: 21.00  epsilon: 0.010  time:1.12m
abs_error: 9.036064147949219e-05, 0.014167007990181446, 0.13092470169067383, 48
episode: 253, return: 20.00  epsilon: 0.010  time:1.16m
abs_error: 0.0002332925796508789, 0.012753035873174667, 0.05661475658416748, 51
episode: 254, return: 20.00  epsilon: 0.010  time:1.17m
abs_error: 0.00021350383758544922, 0.022822462022304535, 0.941187858581543, 26
episode: 255, return: 20.00  epsilon: 0.010  time:1.01m
abs_error: 0.00017714500427246094, 0.016579817980527878, 0.17656531929969788, 41
episode: 256, return: 20.00  epsilon: 0.010  time:1.07m
episode: 257, return: 21.00  epsilon: 0.010  time:0.94m
abs_error: 3.266334533691406e-05, 0.016016259789466858, 0.13700318336486816, 50
episode: 258, return: 20.00  epsilon: 0.010  time:1.12m
abs_error: 0.00010037422180175781, 0.011391649022698402, 0.1278957724571228, 44
episode: 259, return: 21.00  epsilon: 0.010  time:0.96m
abs_error: 0.0001310110092163086, 0.016359975561499596, 0.14889216423034668, 48
episode: 260, return: 21.00  epsilon: 0.010  time:0.95m
abs_error: 0.0001461505889892578, 0.012403146363794804, 0.07938706874847412, 50
episode: 261, return: 18.00  epsilon: 0.010  time:1.21m
abs_error: 0.0001652240753173828, 0.015958186239004135, 0.06360840797424316, 51
episode: 262, return: 21.00  epsilon: 0.010  time:0.95m
abs_error: 0.0005524158477783203, 0.013359262607991695, 0.1887304186820984, 39
episode: 263, return: 21.00  epsilon: 0.010  time:0.96m
abs_error: 1.1920928955078125e-07, 0.012426530942320824, 0.09526181221008301, 43
episode: 264, return: 19.00  epsilon: 0.010  time:1.04m
episode: 265, return: 21.00  epsilon: 0.010  time:0.95m
abs_error: 0.00011467933654785156, 0.012346242554485798, 0.06963777542114258, 49
episode: 266, return: 20.00  epsilon: 0.010  time:1.01m
abs_error: 0.00016605854034423828, 0.015666047111153603, 0.4268135726451874, 38
episode: 267, return: 20.00  epsilon: 0.010  time:1.02m
abs_error: 0.00020456314086914062, 0.013169815763831139, 0.10335469245910645, 39
episode: 268, return: 21.00  epsilon: 0.010  time:0.97m
abs_error: 0.00010085105895996094, 0.023110508918762207, 1.113234043121338, 15
episode: 269, return: 21.00  epsilon: 0.010  time:0.96m
abs_error: 0.00017082691192626953, 0.013802427798509598, 0.09347295761108398, 44
episode: 270, return: 20.00  epsilon: 0.010  time:0.99m
abs_error: 1.3589859008789062e-05, 0.010566852055490017, 0.058226585388183594, 51
episode: 271, return: 19.00  epsilon: 0.010  time:1.08m
abs_error: 1.4185905456542969e-05, 0.01304035447537899, 0.13135778903961182, 54
episode: 272, return: 20.00  epsilon: 0.010  time:1.04m
episode: 273, return: 21.00  epsilon: 0.010  time:0.98m
abs_error: 5.1856040954589844e-05, 0.012966623529791832, 0.06830704212188721, 48
episode: 274, return: 21.00  epsilon: 0.010  time:0.95m
abs_error: 0.0003567934036254883, 0.016436174511909485, 0.13987213373184204, 39
episode: 275, return: 20.00  epsilon: 0.010  time:1.01m
abs_error: 0.00014340877532958984, 0.015437556430697441, 0.2680612802505493, 37
episode: 276, return: 21.00  epsilon: 0.010  time:0.99m
abs_error: 2.2649765014648438e-05, 0.021944554522633553, 0.7337250709533691, 18
episode: 277, return: 16.00  epsilon: 0.010  time:1.16m
abs_error: 0.00013363361358642578, 0.015178489498794079, 0.14406824111938477, 36
episode: 278, return: 19.00  epsilon: 0.010  time:1.09m
abs_error: 0.0006093978881835938, 0.012758455239236355, 0.08738744258880615, 48
episode: 279, return: 21.00  epsilon: 0.010  time:0.95m
abs_error: 7.82012939453125e-05, 0.0129669439047575, 0.09454774856567383, 50
episode: 280, return: 17.00  epsilon: 0.010  time:1.12m
abs_error: 0.0002067089080810547, 0.012109367176890373, 0.06778287887573242, 54
episode: 281, return: 21.00  epsilon: 0.010  time:0.97m
episode: 282, return: 21.00  epsilon: 0.010  time:0.95m
abs_error: 3.170967102050781e-05, 0.014552648179233074, 0.17303574085235596, 39
episode: 283, return: 21.00  epsilon: 0.010  time:0.96m
abs_error: 0.00022935867309570312, 0.014336821623146534, 0.11072748899459839, 47
episode: 284, return: 21.00  epsilon: 0.010  time:0.99m
abs_error: 0.0001609325408935547, 0.019633296877145767, 0.9265135526657104, 21
episode: 285, return: 21.00  epsilon: 0.010  time:0.97m
abs_error: 4.76837158203125e-05, 0.011252984404563904, 0.07125461101531982, 43
episode: 286, return: 21.00  epsilon: 0.010  time:1.04m
abs_error: 2.384185791015625e-06, 0.013646584004163742, 0.14197659492492676, 43
episode: 287, return: 20.00  epsilon: 0.010  time:1.17m
abs_error: 0.00039577484130859375, 0.02611885778605938, 0.9461450576782227, 14
episode: 288, return: 20.00  epsilon: 0.010  time:1.26m
episode: 289, return: 21.00  epsilon: 0.010  time:0.98m
abs_error: 8.857250213623047e-05, 0.014619750902056694, 0.153533935546875, 40
episode: 290, return: 21.00  epsilon: 0.010  time:0.95m
abs_error: 8.916854858398438e-05, 0.01221589744091034, 0.08490371704101562, 50
episode: 291, return: 19.00  epsilon: 0.010  time:1.09m
abs_error: 0.00018131732940673828, 0.01498024445027113, 0.11576390266418457, 43
episode: 292, return: 19.00  epsilon: 0.010  time:1.03m
abs_error: 0.00015306472778320312, 0.013683577068150043, 0.10043060779571533, 51
episode: 293, return: 20.00  epsilon: 0.010  time:0.95m
abs_error: 7.462501525878906e-05, 0.013326054438948631, 0.07905149459838867, 51
episode: 294, return: 20.00  epsilon: 0.010  time:0.96m
abs_error: 0.00011670589447021484, 0.014984311535954475, 0.14625948667526245, 39
episode: 295, return: 20.00  epsilon: 0.010  time:1.16m
abs_error: 9.059906005859375e-06, 0.013130972161889076, 0.05638951063156128, 52
episode: 296, return: 20.00  epsilon: 0.010  time:1.18m
episode: 297, return: 21.00  epsilon: 0.010  time:1.19m
abs_error: 0.0002630949020385742, 0.014363487251102924, 0.0634392499923706, 53
episode: 298, return: 21.00  epsilon: 0.010  time:1.16m
abs_error: 0.00015437602996826172, 0.020480502396821976, 0.9639482498168945, 20
episode: 299, return: 19.00  epsilon: 0.010  time:1.31m
abs_error: 0.0001399517059326172, 0.012255442328751087, 0.06295907497406006, 48
episode: 300, return: 21.00  epsilon: 0.010  time:1.20m
abs_error: 2.2649765014648438e-06, 0.015029817819595337, 0.18038016557693481, 36
episode: 301, return: 20.00  epsilon: 0.010  time:1.15m
abs_error: 2.753734588623047e-05, 0.014376808889210224, 0.2128279209136963, 45
episode: 302, return: 21.00  epsilon: 0.010  time:1.09m
episode: 303, return: 21.00  epsilon: 0.010  time:1.09m
abs_error: 3.314018249511719e-05, 0.013266727328300476, 0.1079106330871582, 42
episode: 304, return: 20.00  epsilon: 0.010  time:1.13m
abs_error: 8.356571197509766e-05, 0.012163694016635418, 0.1935669183731079, 42
episode: 305, return: 21.00  epsilon: 0.010  time:1.08m
abs_error: 0.00022268295288085938, 0.020914776250720024, 1.020660400390625, 23
episode: 306, return: 19.00  epsilon: 0.010  time:0.99m
abs_error: 0.00016760826110839844, 0.012936455197632313, 0.12002503871917725, 50
episode: 307, return: 21.00  epsilon: 0.010  time:0.92m
abs_error: 2.5033950805664062e-05, 0.01704934984445572, 0.8017560243606567, 21
episode: 308, return: 21.00  epsilon: 0.010  time:1.00m
abs_error: 5.5789947509765625e-05, 0.011229333467781544, 0.14437401294708252, 44
episode: 309, return: 21.00  epsilon: 0.010  time:1.02m
episode: 310, return: 20.00  epsilon: 0.010  time:1.25m
abs_error: 2.110004425048828e-05, 0.01713385246694088, 0.09545183181762695, 47
episode: 311, return: 20.00  epsilon: 0.010  time:1.23m
abs_error: 2.384185791015625e-07, 0.0160553976893425, 0.053212523460388184, 51
episode: 312, return: 21.00  epsilon: 0.010  time:1.16m
abs_error: 2.2530555725097656e-05, 0.009534657001495361, 0.051526665687561035, 53
episode: 313, return: 20.00  epsilon: 0.010  time:1.21m
abs_error: 4.8160552978515625e-05, 0.011323679238557816, 0.05952787399291992, 51
episode: 314, return: 20.00  epsilon: 0.010  time:1.22m
abs_error: 0.00025022029876708984, 0.02163124829530716, 0.6951640844345093, 30
episode: 315, return: 20.00  epsilon: 0.010  time:1.29m
abs_error: 3.933906555175781e-05, 0.010599925182759762, 0.05875992774963379, 48
episode: 316, return: 21.00  epsilon: 0.010  time:1.21m
abs_error: 2.300739288330078e-05, 0.011707263998687267, 0.0696190595626831, 42
episode: 317, return: 18.00  epsilon: 0.010  time:1.29m
episode: 318, return: 21.00  epsilon: 0.010  time:1.18m
abs_error: 0.00045120716094970703, 0.011642837896943092, 0.06574499607086182, 50
episode: 319, return: 17.00  epsilon: 0.010  time:1.49m
abs_error: 0.00010216236114501953, 0.01494472287595272, 0.18152737617492676, 41
episode: 320, return: 19.00  epsilon: 0.010  time:1.32m
abs_error: 1.71661376953125e-05, 0.013139714486896992, 0.14413118362426758, 37
episode: 321, return: 21.00  epsilon: 0.010  time:1.13m
abs_error: 6.639957427978516e-05, 0.01869869977235794, 0.870837926864624, 28
episode: 322, return: 18.00  epsilon: 0.010  time:1.11m
abs_error: 0.00013375282287597656, 0.012089688330888748, 0.10481810569763184, 45
episode: 323, return: 20.00  epsilon: 0.010  time:1.08m
abs_error: 0.00014448165893554688, 0.012401098385453224, 0.10100996494293213, 47
episode: 324, return: 19.00  epsilon: 0.010  time:1.04m
abs_error: 4.2557716369628906e-05, 0.013417625799775124, 0.06649339199066162, 48
episode: 325, return: 20.00  epsilon: 0.010  time:1.03m
abs_error: 0.00016808509826660156, 0.016513288021087646, 0.1954871416091919, 41
episode: 326, return: 18.00  epsilon: 0.010  time:1.07m
abs_error: 0.00021147727966308594, 0.012896150350570679, 0.0722808837890625, 46
episode: 327, return: 20.00  epsilon: 0.010  time:0.96m
episode: 328, return: 20.00  epsilon: 0.010  time:0.96m
abs_error: 7.30752944946289e-05, 0.015028833411633968, 0.09492099285125732, 37
episode: 329, return: 21.00  epsilon: 0.010  time:0.94m
abs_error: 7.224082946777344e-05, 0.011566021479666233, 0.07306694984436035, 44
episode: 330, return: 20.00  epsilon: 0.010  time:1.04m
abs_error: 3.2901763916015625e-05, 0.022081060335040092, 0.25726163387298584, 41
episode: 331, return: 20.00  epsilon: 0.010  time:1.00m
abs_error: 0.0001608133316040039, 0.014013834297657013, 0.1375361680984497, 41
episode: 332, return: 20.00  epsilon: 0.010  time:1.01m
abs_error: 0.00014483928680419922, 0.014725170098245144, 0.16225528717041016, 41
episode: 333, return: 19.00  epsilon: 0.010  time:1.02m
abs_error: 7.724761962890625e-05, 0.016053901985287666, 0.14683181047439575, 39
episode: 334, return: 19.00  epsilon: 0.010  time:1.07m
abs_error: 0.00014460086822509766, 0.017150696367025375, 0.1358708143234253, 39
episode: 335, return: 18.00  epsilon: 0.010  time:1.05m
abs_error: 7.748603820800781e-05, 0.015229240991175175, 0.14863133430480957, 36
episode: 336, return: 21.00  epsilon: 0.010  time:0.92m
episode: 337, return: 21.00  epsilon: 0.010  time:0.92m
abs_error: 5.996227264404297e-05, 0.011109709739685059, 0.05874955654144287, 47
episode: 338, return: 20.00  epsilon: 0.010  time:1.06m
abs_error: 0.00015819072723388672, 0.01799539104104042, 0.614476203918457, 29
episode: 339, return: 17.00  epsilon: 0.010  time:1.63m
abs_error: 5.435943603515625e-05, 0.012931130826473236, 0.1260586977005005, 44
episode: 340, return: 20.00  epsilon: 0.010  time:1.24m
abs_error: 2.3603439331054688e-05, 0.011361731216311455, 0.08210527896881104, 45
episode: 341, return: 20.00  epsilon: 0.010  time:1.32m
abs_error: 7.545948028564453e-05, 0.02117253839969635, 0.8718655109405518, 32
episode: 342, return: 20.00  epsilon: 0.010  time:1.00m
abs_error: 0.000301361083984375, 0.011834029108285904, 0.07221448421478271, 48
episode: 343, return: 20.00  epsilon: 0.010  time:0.98m
abs_error: 0.00019884109497070312, 0.013279080390930176, 0.051060497760772705, 58
episode: 344, return: 19.00  epsilon: 0.010  time:1.13m
abs_error: 0.00027501583099365234, 0.012054970487952232, 0.07530456781387329, 45
episode: 345, return: 19.00  epsilon: 0.010  time:1.08m
abs_error: 8.440017700195312e-05, 0.013629593886435032, 0.11497318744659424, 43
episode: 346, return: 21.00  epsilon: 0.010  time:0.95m
abs_error: 3.0159950256347656e-05, 0.016202736645936966, 0.6112045049667358, 27
episode: 347, return: 21.00  epsilon: 0.010  time:0.99m
abs_error: 0.0001456737518310547, 0.014560723677277565, 0.1118844747543335, 42
episode: 348, return: 15.00  epsilon: 0.010  time:1.35m
episode: 349, return: 21.00  epsilon: 0.010  time:1.09m
abs_error: 0.00018215179443359375, 0.013934984803199768, 0.12740027904510498, 40
episode: 350, return: 20.00  epsilon: 0.010  time:1.18m
abs_error: 7.915496826171875e-05, 0.01456315815448761, 0.42804276943206787, 31
episode: 351, return: 20.00  epsilon: 0.010  time:0.96m
abs_error: 1.9311904907226562e-05, 0.019902873784303665, 0.4254850149154663, 31
episode: 352, return: 20.00  epsilon: 0.010  time:0.97m
abs_error: 7.545948028564453e-05, 0.014689462259411812, 0.12379682064056396, 36
episode: 353, return: 21.00  epsilon: 0.010  time:1.10m
abs_error: 0.00031179189682006836, 0.021347519010305405, 0.0943979024887085, 52
episode: 354, return: 20.00  epsilon: 0.010  time:1.22m
abs_error: 0.0006399154663085938, 0.010690161027014256, 0.05814170837402344, 48
episode: 355, return: 19.00  epsilon: 0.010  time:1.11m
abs_error: 1.6689300537109375e-06, 0.01672353968024254, 0.16894495487213135, 33
episode: 356, return: 20.00  epsilon: 0.010  time:0.99m
abs_error: 4.667043685913086e-05, 0.013595540076494217, 0.11128926277160645, 39
episode: 357, return: 21.00  epsilon: 0.010  time:0.98m
episode: 358, return: 20.00  epsilon: 0.010  time:1.00m
abs_error: 8.618831634521484e-05, 0.01667298749089241, 0.24225854873657227, 36
episode: 359, return: 20.00  epsilon: 0.010  time:0.97m
abs_error: 0.0001366138458251953, 0.015227037481963634, 0.4122183322906494, 31
episode: 360, return: 21.00  epsilon: 0.010  time:0.93m
abs_error: 0.00016880035400390625, 0.01496746577322483, 0.08595311641693115, 53
episode: 361, return: 21.00  epsilon: 0.010  time:1.02m
abs_error: 4.6133995056152344e-05, 0.012347080744802952, 0.15674006938934326, 45
episode: 362, return: 21.00  epsilon: 0.010  time:1.14m
abs_error: 0.00011873245239257812, 0.01426798664033413, 0.16104793548583984, 36
episode: 363, return: 21.00  epsilon: 0.010  time:1.14m
episode: 364, return: 19.00  epsilon: 0.010  time:1.15m
abs_error: 6.61611557006836e-05, 0.011949746869504452, 0.09757518768310547, 48
episode: 365, return: 20.00  epsilon: 0.010  time:1.25m
abs_error: 3.421306610107422e-05, 0.017841046676039696, 0.13274133205413818, 41
episode: 366, return: 21.00  epsilon: 0.010  time:1.16m
abs_error: 5.245208740234375e-06, 0.013254577293992043, 0.06879383325576782, 48
episode: 367, return: 19.00  epsilon: 0.010  time:1.19m
abs_error: 0.0006880760192871094, 0.014315357431769371, 0.1144198477268219, 43
episode: 368, return: 18.00  epsilon: 0.010  time:1.25m
abs_error: 6.16312026977539e-05, 0.01173480972647667, 0.05960458517074585, 49
episode: 369, return: 21.00  epsilon: 0.010  time:0.96m
abs_error: 0.00016367435455322266, 0.016109969466924667, 0.07592004537582397, 52
episode: 370, return: 21.00  epsilon: 0.010  time:0.94m
abs_error: 4.494190216064453e-05, 0.011726835742592812, 0.05437469482421875, 51
episode: 371, return: 21.00  epsilon: 0.010  time:0.98m
episode: 372, return: 21.00  epsilon: 0.010  time:0.96m
abs_error: 0.0001901388168334961, 0.014308787882328033, 0.19592642784118652, 36
episode: 373, return: 20.00  epsilon: 0.010  time:1.19m
abs_error: 1.1920928955078125e-05, 0.012310693971812725, 0.09919852018356323, 50
episode: 374, return: 21.00  epsilon: 0.010  time:1.14m
abs_error: 0.0002410411834716797, 0.015838555991649628, 0.09639942646026611, 46
episode: 375, return: 20.00  epsilon: 0.010  time:1.17m
abs_error: 2.5987625122070312e-05, 0.013550534844398499, 0.13894426822662354, 41
episode: 376, return: 21.00  epsilon: 0.010  time:1.14m
abs_error: 2.288818359375e-05, 0.01124869380146265, 0.07665395736694336, 47
episode: 377, return: 20.00  epsilon: 0.010  time:0.99m
abs_error: 6.711483001708984e-05, 0.012664389796555042, 0.22861242294311523, 39
episode: 378, return: 20.00  epsilon: 0.010  time:1.06m
abs_error: 0.0001119375228881836, 0.012690052390098572, 0.06450307369232178, 44
episode: 379, return: 20.00  epsilon: 0.010  time:0.96m
episode: 380, return: 21.00  epsilon: 0.010  time:1.07m
abs_error: 0.00017750263214111328, 0.011681920848786831, 0.10311973094940186, 46
episode: 381, return: 21.00  epsilon: 0.010  time:1.12m
abs_error: 4.6372413635253906e-05, 0.010415298864245415, 0.0744929313659668, 48
episode: 382, return: 19.00  epsilon: 0.010  time:1.30m
abs_error: 0.00013840198516845703, 0.012350720353424549, 0.05352520942687988, 56
episode: 383, return: 21.00  epsilon: 0.010  time:1.11m
abs_error: 0.00024497509002685547, 0.016264833509922028, 0.3327035903930664, 44
episode: 384, return: 20.00  epsilon: 0.010  time:1.11m
abs_error: 0.000244140625, 0.01690441556274891, 0.1951623558998108, 39
episode: 385, return: 20.00  epsilon: 0.010  time:0.98m
abs_error: 5.6862831115722656e-05, 0.014795836992561817, 0.055248379707336426, 56
episode: 386, return: 21.00  epsilon: 0.010  time:1.00m
episode: 387, return: 20.00  epsilon: 0.010  time:1.03m
abs_error: 3.0994415283203125e-05, 0.015040555037558079, 0.1785794496536255, 38
episode: 388, return: 21.00  epsilon: 0.010  time:0.93m
abs_error: 2.5272369384765625e-05, 0.010805435478687286, 0.08206093311309814, 40
episode: 389, return: 21.00  epsilon: 0.010  time:1.04m
abs_error: 0.00012421607971191406, 0.01444141287356615, 0.10704374313354492, 43
episode: 390, return: 21.00  epsilon: 0.010  time:1.13m
abs_error: 0.00021588802337646484, 0.011087901890277863, 0.06482362747192383, 50
episode: 391, return: 19.00  epsilon: 0.010  time:1.31m
abs_error: 5.960464477539062e-07, 0.011516345664858818, 0.0785531997680664, 43
episode: 392, return: 21.00  epsilon: 0.010  time:1.15m
abs_error: 4.410743713378906e-06, 0.010273918509483337, 0.04908192157745361, 50
episode: 393, return: 20.00  epsilon: 0.010  time:1.26m
abs_error: 0.00023305416107177734, 0.01264105923473835, 0.1419689655303955, 39
episode: 394, return: 20.00  epsilon: 0.010  time:1.28m
episode: 395, return: 21.00  epsilon: 0.010  time:1.21m
abs_error: 6.771087646484375e-05, 0.01656385511159897, 0.11631667613983154, 46
episode: 396, return: 21.00  epsilon: 0.010  time:1.09m
abs_error: 0.00010013580322265625, 0.01327602844685316, 0.1151856780052185, 43
episode: 397, return: 20.00  epsilon: 0.010  time:1.01m
abs_error: 5.447864532470703e-05, 0.011845003813505173, 0.08949089050292969, 49
episode: 398, return: 21.00  epsilon: 0.010  time:0.95m
abs_error: 0.0002605915069580078, 0.010908376425504684, 0.08735346794128418, 45
episode: 399, return: 21.00  epsilon: 0.010  time:0.95m
abs_error: 1.2755393981933594e-05, 0.011650247499346733, 0.05440646409988403, 53
episode: 400, return: 20.00  epsilon: 0.010  time:0.98m
Time: 455.96m