/home/xuefeng/.environments/testrl/lib/python3.7/site-packages/gym/envs/registration.py:14: PkgResourcesDeprecationWarning: Parameters to load are deprecated.  Call .resolve and .require separately.
  result = entry_point.load(False)
Collecting transition... Time: 3.73m
Training...
episode: 0, return: -20.00  episilon: 0.900  time:0.75m
episode: 1, return: -21.00  episilon: 0.884  time:0.63m
abs_error: 0.016361501067876816, 0.0777781680226326, 1.034175992012024, 6
episode: 2, return: -19.00  episilon: 0.868  time:0.84m
episode: 3, return: -21.00  episilon: 0.853  time:0.61m
abs_error: 0.018606096506118774, 0.046117208898067474, 0.9753710031509399, 3
episode: 4, return: -20.00  episilon: 0.838  time:0.66m
episode: 5, return: -21.00  episilon: 0.823  time:0.59m
abs_error: 0.014825999736785889, 0.04858630150556564, 0.9845512509346008, 3
episode: 6, return: -20.00  episilon: 0.808  time:0.63m
episode: 7, return: -21.00  episilon: 0.793  time:0.68m
abs_error: 0.0019065141677856445, 0.03841850906610489, 0.995691180229187, 4
episode: 8, return: -21.00  episilon: 0.779  time:0.65m
episode: 9, return: -20.00  episilon: 0.765  time:0.75m
abs_error: 0.02629011869430542, 0.06513531506061554, 0.9715976715087891, 5
episode: 10, return: -21.00  episilon: 0.751  time:0.55m
episode: 11, return: -21.00  episilon: 0.737  time:0.55m
episode: 12, return: -19.00  episilon: 0.724  time:0.75m
abs_error: 0.02228856086730957, 0.054062098264694214, 0.9767023921012878, 29
episode: 13, return: -21.00  episilon: 0.710  time:0.59m
episode: 14, return: -21.00  episilon: 0.697  time:0.65m
abs_error: 0.007613241672515869, 0.054445188492536545, 0.9909385442733765, 5
episode: 15, return: -21.00  episilon: 0.684  time:0.66m
episode: 16, return: -21.00  episilon: 0.671  time:0.60m
abs_error: 0.00837409496307373, 0.04510395601391792, 0.9780314564704895, 4
episode: 17, return: -18.00  episilon: 0.659  time:0.72m
episode: 18, return: -20.00  episilon: 0.647  time:0.61m
abs_error: 0.018655598163604736, 0.08529042452573776, 1.0393913984298706, 7
episode: 19, return: -20.00  episilon: 0.634  time:0.66m
episode: 20, return: -20.00  episilon: 0.622  time:0.68m
episode: 21, return: -21.00  episilon: 0.611  time:0.67m
abs_error: 0.00725865364074707, 0.062186069786548615, 0.9473439455032349, 10
episode: 22, return: -20.00  episilon: 0.599  time:0.69m
episode: 23, return: -21.00  episilon: 0.587  time:0.60m
abs_error: 0.00018781423568725586, 0.02351592667400837, 1.0038561820983887, 23
episode: 24, return: -20.00  episilon: 0.576  time:0.69m
episode: 25, return: -20.00  episilon: 0.565  time:0.65m
abs_error: 0.00013560056686401367, 0.019441615790128708, 0.14425110816955566, 48
episode: 26, return: -20.00  episilon: 0.554  time:0.64m
episode: 27, return: -20.00  episilon: 0.543  time:0.65m
abs_error: 4.351139068603516e-06, 0.0333588570356369, 0.7843372225761414, 23
episode: 28, return: -20.00  episilon: 0.533  time:0.64m
episode: 29, return: -20.00  episilon: 0.522  time:0.61m
episode: 30, return: -21.00  episilon: 0.512  time:0.58m
abs_error: 0.0003622770309448242, 0.036398645490407944, 0.9540854692459106, 32
episode: 31, return: -19.00  episilon: 0.502  time:0.77m
episode: 32, return: -19.00  episilon: 0.492  time:0.67m
abs_error: 0.0001747608184814453, 0.02537587471306324, 0.22700798511505127, 41
episode: 33, return: -21.00  episilon: 0.482  time:0.67m
episode: 34, return: -21.00  episilon: 0.473  time:0.64m
abs_error: 1.7523765563964844e-05, 0.05654946342110634, 0.9456941485404968, 29
episode: 35, return: -21.00  episilon: 0.463  time:0.61m
episode: 36, return: -21.00  episilon: 0.454  time:0.57m
abs_error: 0.00046813488006591797, 0.06080741062760353, 0.859403133392334, 38
episode: 37, return: -21.00  episilon: 0.445  time:0.65m
episode: 38, return: -20.00  episilon: 0.436  time:0.64m
episode: 39, return: -20.00  episilon: 0.427  time:0.61m
abs_error: 0.00048673152923583984, 0.0577775239944458, 0.8683105707168579, 32
episode: 40, return: -21.00  episilon: 0.418  time:0.59m
episode: 41, return: -21.00  episilon: 0.409  time:0.66m
abs_error: 0.0003039836883544922, 0.04738130420446396, 1.009049892425537, 34
episode: 42, return: -21.00  episilon: 0.401  time:0.68m
episode: 43, return: -21.00  episilon: 0.393  time:0.56m
abs_error: 0.00036597251892089844, 0.037262652069330215, 0.6073257923126221, 35
episode: 44, return: -21.00  episilon: 0.384  time:0.60m
episode: 45, return: -21.00  episilon: 0.376  time:0.64m
episode: 46, return: -21.00  episilon: 0.368  time:0.59m
abs_error: 2.8133392333984375e-05, 0.03680436313152313, 0.3196573257446289, 40
episode: 47, return: -21.00  episilon: 0.361  time:0.69m
episode: 48, return: -20.00  episilon: 0.353  time:0.78m
abs_error: 0.00040036439895629883, 0.027697544544935226, 0.4633551836013794, 40
episode: 49, return: -21.00  episilon: 0.346  time:0.63m
episode: 50, return: -21.00  episilon: 0.338  time:0.75m
abs_error: 0.00021415948867797852, 0.03135739266872406, 0.17831337451934814, 38
episode: 51, return: -21.00  episilon: 0.331  time:0.60m
episode: 52, return: -18.00  episilon: 0.324  time:0.86m
abs_error: 0.0002678036689758301, 0.03167926147580147, 0.22348690032958984, 32
episode: 53, return: -20.00  episilon: 0.317  time:0.87m
abs_error: 0.0006937980651855469, 0.03658841922879219, 0.259920597076416, 45
episode: 54, return: -19.00  episilon: 0.310  time:0.75m
episode: 55, return: -18.00  episilon: 0.303  time:0.78m
episode: 56, return: -21.00  episilon: 0.297  time:0.58m
abs_error: 0.0003247261047363281, 0.04179225116968155, 0.7445234656333923, 31
episode: 57, return: -21.00  episilon: 0.290  time:0.74m
abs_error: 9.125471115112305e-05, 0.03372460976243019, 0.31574511528015137, 44
episode: 58, return: -20.00  episilon: 0.284  time:0.57m
episode: 59, return: -21.00  episilon: 0.277  time:0.59m
abs_error: 0.0002130270004272461, 0.04570716992020607, 0.4302792549133301, 48
episode: 60, return: -20.00  episilon: 0.271  time:0.55m
episode: 61, return: -21.00  episilon: 0.265  time:0.60m
abs_error: 0.0008369684219360352, 0.03275548294186592, 0.17844510078430176, 42
episode: 62, return: -21.00  episilon: 0.259  time:0.53m
episode: 63, return: -19.00  episilon: 0.253  time:0.68m
abs_error: 4.607439041137695e-05, 0.03840775787830353, 0.49937009811401367, 40
episode: 64, return: -18.00  episilon: 0.247  time:0.71m
abs_error: 0.0020716190338134766, 0.04871074855327606, 0.4079887866973877, 37
episode: 65, return: -18.00  episilon: 0.242  time:0.85m
episode: 66, return: -20.00  episilon: 0.236  time:0.66m
abs_error: 0.000164031982421875, 0.033723339438438416, 0.27335113286972046, 41
episode: 67, return: -20.00  episilon: 0.231  time:0.86m
abs_error: 0.0001500844955444336, 0.055060941725969315, 0.4501577615737915, 50
episode: 68, return: -21.00  episilon: 0.225  time:0.79m
episode: 69, return: -20.00  episilon: 0.220  time:0.77m
abs_error: 4.5418739318847656e-05, 0.0522172786295414, 0.7109296321868896, 25
episode: 70, return: -16.00  episilon: 0.215  time:1.01m
abs_error: 0.0003230571746826172, 0.047046542167663574, 0.4919617176055908, 37
episode: 71, return: -20.00  episilon: 0.210  time:0.85m
abs_error: 0.0005704164505004883, 0.05294785648584366, 0.7702065706253052, 27
episode: 72, return: -14.00  episilon: 0.205  time:1.12m
abs_error: 5.817413330078125e-05, 0.044427383691072464, 0.5445489883422852, 42
episode: 73, return: -19.00  episilon: 0.200  time:0.80m
episode: 74, return: -19.00  episilon: 0.195  time:1.06m
abs_error: 7.021427154541016e-05, 0.047276172786951065, 0.5935396552085876, 34
episode: 75, return: -20.00  episilon: 0.191  time:0.88m
abs_error: 0.0004017353057861328, 0.044022779911756516, 0.2910105586051941, 38
episode: 76, return: -19.00  episilon: 0.186  time:1.04m
abs_error: 0.0002682209014892578, 0.03471782058477402, 0.3554602265357971, 34
episode: 77, return: -21.00  episilon: 0.182  time:0.65m
episode: 78, return: -20.00  episilon: 0.177  time:0.86m
abs_error: 8.404254913330078e-05, 0.03906094655394554, 0.34836840629577637, 45
episode: 79, return: -18.00  episilon: 0.173  time:0.78m
abs_error: 0.0006625652313232422, 0.0385361984372139, 0.276098370552063, 50
episode: 80, return: -20.00  episilon: 0.169  time:0.79m
episode: 81, return: -21.00  episilon: 0.165  time:0.76m
abs_error: 8.547306060791016e-05, 0.0415179580450058, 0.2789311408996582, 41
episode: 82, return: -20.00  episilon: 0.161  time:0.74m
abs_error: 0.00028842687606811523, 0.03693120926618576, 0.18470454216003418, 44
episode: 83, return: -19.00  episilon: 0.157  time:0.92m
abs_error: 7.367134094238281e-05, 0.04932011663913727, 0.46411192417144775, 39
episode: 84, return: -21.00  episilon: 0.153  time:0.74m
episode: 85, return: -21.00  episilon: 0.149  time:0.65m
abs_error: 0.0003877878189086914, 0.051665641367435455, 0.4180290102958679, 42
episode: 86, return: -20.00  episilon: 0.145  time:0.74m
abs_error: 0.0007845163345336914, 0.03452668339014053, 0.36449599266052246, 38
episode: 87, return: -19.00  episilon: 0.141  time:0.84m
episode: 88, return: -21.00  episilon: 0.138  time:0.98m
abs_error: 0.00011563301086425781, 0.044754814356565475, 0.5050069093704224, 40
episode: 89, return: -16.00  episilon: 0.134  time:1.16m
abs_error: 0.0003402829170227051, 0.04505607858300209, 0.5990577936172485, 31
episode: 90, return: -19.00  episilon: 0.131  time:1.15m
abs_error: 0.0003631114959716797, 0.045355577021837234, 0.48543429374694824, 36
episode: 91, return: -15.00  episilon: 0.127  time:1.04m
abs_error: 0.0005891323089599609, 0.0361478328704834, 0.19612324237823486, 50
episode: 92, return: -16.00  episilon: 0.124  time:1.21m
abs_error: 0.00044411420822143555, 0.041918329894542694, 0.6833470463752747, 32
episode: 93, return: -16.00  episilon: 0.121  time:1.17m
abs_error: 0.0010690689086914062, 0.05004230514168739, 0.45090699195861816, 43
episode: 94, return: -21.00  episilon: 0.118  time:0.81m
episode: 95, return: -20.00  episilon: 0.115  time:0.95m
abs_error: 0.0003784298896789551, 0.04184300824999809, 0.3479001522064209, 37
episode: 96, return: -19.00  episilon: 0.112  time:1.07m
abs_error: 0.0004099607467651367, 0.04286041855812073, 0.27545905113220215, 51
episode: 97, return: -15.00  episilon: 0.109  time:1.25m
abs_error: 3.68952751159668e-05, 0.05151309072971344, 0.7584415674209595, 34
episode: 98, return: -21.00  episilon: 0.106  time:1.22m
abs_error: 0.0009936094284057617, 0.04764975607395172, 0.34580937027931213, 41
episode: 99, return: -17.00  episilon: 0.103  time:1.32m
abs_error: 0.00011605024337768555, 0.04311251640319824, 0.2894110679626465, 44
episode: 100, return: -18.00  episilon: 0.100  time:1.25m
abs_error: 0.0002703666687011719, 0.043899066746234894, 0.7065161466598511, 36
episode: 101, return: -21.00  episilon: 0.100  time:1.15m
abs_error: 0.001006484031677246, 0.05088914930820465, 0.4465395212173462, 42
episode: 102, return: -18.00  episilon: 0.100  time:1.43m
abs_error: 0.000257343053817749, 0.03593863546848297, 0.3097636103630066, 45
abs_error: 0.000850975513458252, 0.04022440314292908, 0.5305429697036743, 33
episode: 103, return: -17.00  episilon: 0.100  time:1.71m
abs_error: 0.0008857846260070801, 0.03966117650270462, 0.26726919412612915, 44
episode: 104, return: -16.00  episilon: 0.100  time:1.49m
abs_error: 8.796155452728271e-05, 0.04976339638233185, 0.4618421792984009, 34
episode: 105, return: -15.00  episilon: 0.100  time:1.59m
abs_error: 1.1444091796875e-05, 0.047899648547172546, 0.47002649307250977, 37
episode: 106, return: -18.00  episilon: 0.100  time:1.45m
abs_error: 0.00045922398567199707, 0.05183432251214981, 0.4063109755516052, 42
episode: 107, return: -19.00  episilon: 0.100  time:1.23m
abs_error: 0.00013911724090576172, 0.04365357756614685, 0.2902350425720215, 45
episode: 108, return: -17.00  episilon: 0.100  time:1.73m
abs_error: 0.0007193088531494141, 0.05151868984103203, 0.36576730012893677, 43
episode: 109, return: -18.00  episilon: 0.100  time:1.90m
abs_error: 0.0002892985939979553, 0.04003048315644264, 0.4552599787712097, 33
episode: 110, return: -18.00  episilon: 0.100  time:1.27m
abs_error: 0.00013434886932373047, 0.04763895273208618, 0.29059481620788574, 39
episode: 111, return: -16.00  episilon: 0.100  time:1.50m
abs_error: 0.0008625388145446777, 0.046778541058301926, 0.3040724992752075, 46
abs_error: 0.0014289021492004395, 0.05261561647057533, 0.7538391351699829, 34
episode: 112, return: -14.00  episilon: 0.100  time:1.73m
abs_error: 0.00039890408515930176, 0.03369852900505066, 0.17858630418777466, 44
episode: 113, return: -13.00  episilon: 0.100  time:1.45m
abs_error: 0.00023251771926879883, 0.04757678136229515, 0.29902732372283936, 44
episode: 114, return: -13.00  episilon: 0.100  time:1.43m
abs_error: 5.6743621826171875e-05, 0.03939151391386986, 0.3891192078590393, 44
episode: 115, return: -17.00  episilon: 0.100  time:1.25m
abs_error: 0.00029362738132476807, 0.06610921770334244, 0.8451361656188965, 31
episode: 116, return: -16.00  episilon: 0.100  time:1.31m
abs_error: 0.0006074309349060059, 0.047855034470558167, 0.27332860231399536, 46
episode: 117, return: -16.00  episilon: 0.100  time:1.31m
abs_error: 0.000479966402053833, 0.05954955145716667, 0.4867035746574402, 41
abs_error: 4.595518112182617e-05, 0.047008268535137177, 0.38276439905166626, 40
episode: 118, return: -15.00  episilon: 0.100  time:1.47m
abs_error: 0.0004201531410217285, 0.04825645685195923, 0.41080594062805176, 41
episode: 119, return: -16.00  episilon: 0.100  time:1.30m
abs_error: 0.00019937753677368164, 0.057240311056375504, 0.7772745490074158, 44
episode: 120, return: -20.00  episilon: 0.100  time:1.30m
abs_error: 5.1140785217285156e-05, 0.04132267087697983, 0.2913140654563904, 42
episode: 121, return: -17.00  episilon: 0.100  time:1.44m
abs_error: 0.00018513202667236328, 0.04365016520023346, 0.2875896096229553, 46
abs_error: 0.0001415461301803589, 0.04561801999807358, 0.398896723985672, 35
episode: 122, return: -17.00  episilon: 0.100  time:1.55m
abs_error: 0.00012724101543426514, 0.04483490064740181, 0.3263128995895386, 38
episode: 123, return: -13.00  episilon: 0.100  time:1.68m
abs_error: 3.2514333724975586e-05, 0.03578757494688034, 0.2526383399963379, 46
episode: 124, return: -16.00  episilon: 0.100  time:1.70m
abs_error: 0.0004214048385620117, 0.044170938432216644, 0.2350117564201355, 41
abs_error: 0.00015223026275634766, 0.04104653745889664, 0.45417624711990356, 42
episode: 125, return: -12.00  episilon: 0.100  time:2.40m
abs_error: 7.148832082748413e-05, 0.04003936052322388, 0.3890860080718994, 46
abs_error: 0.00021304935216903687, 0.04872814193367958, 0.5887210965156555, 38
episode: 126, return: -15.00  episilon: 0.100  time:2.05m
abs_error: 0.00022363662719726562, 0.0411253422498703, 0.2245813012123108, 46
episode: 127, return: -17.00  episilon: 0.100  time:1.40m
abs_error: 0.00025072693824768066, 0.043922360986471176, 0.9107542037963867, 39
episode: 128, return: -13.00  episilon: 0.100  time:1.64m
abs_error: 0.00016194768249988556, 0.037076424807310104, 0.5022670030593872, 37
abs_error: 0.00047107040882110596, 0.04721253737807274, 0.3656447231769562, 43
episode: 129, return: -14.00  episilon: 0.100  time:1.79m
abs_error: 3.667362034320831e-05, 0.04586053639650345, 0.4114391803741455, 43
episode: 130, return: -17.00  episilon: 0.100  time:1.33m
abs_error: 0.00011338293552398682, 0.04342462867498398, 0.44932103157043457, 36
episode: 131, return: -15.00  episilon: 0.100  time:1.60m
abs_error: 2.3312866687774658e-05, 0.04174415022134781, 0.4486795663833618, 41
episode: 132, return: -17.00  episilon: 0.100  time:1.34m
abs_error: 0.00022346526384353638, 0.0457143597304821, 1.151114583015442, 32
abs_error: 0.00032013654708862305, 0.0454881377518177, 0.2849387228488922, 39
episode: 133, return: -9.00  episilon: 0.100  time:1.82m
abs_error: 0.0009074211120605469, 0.042182665318250656, 0.2134084701538086, 47
episode: 134, return: -16.00  episilon: 0.100  time:1.74m
abs_error: 3.9190053939819336e-05, 0.04272777587175369, 0.3271421194076538, 40
abs_error: 0.0007711797952651978, 0.04521522670984268, 0.6671695709228516, 44
episode: 135, return: -16.00  episilon: 0.100  time:1.16m
abs_error: 0.0005226284265518188, 0.04094136506319046, 0.29641053080558777, 46
episode: 136, return: -14.00  episilon: 0.100  time:1.61m
abs_error: 2.7278438210487366e-05, 0.052849020808935165, 0.49940478801727295, 40
episode: 137, return: -17.00  episilon: 0.100  time:1.30m
abs_error: 0.00023541972041130066, 0.05001547560095787, 0.42268112301826477, 42
episode: 138, return: -20.00  episilon: 0.100  time:1.48m
abs_error: 6.219744682312012e-05, 0.041867610067129135, 0.2632502019405365, 45
episode: 139, return: -15.00  episilon: 0.100  time:1.90m
abs_error: 0.0001312047243118286, 0.04322559013962746, 0.24811951816082, 47
abs_error: 0.00033742189407348633, 0.033053796738386154, 0.28244954347610474, 46
episode: 140, return: -16.00  episilon: 0.100  time:2.34m
abs_error: 9.1552734375e-05, 0.036581624299287796, 0.23622751235961914, 47
abs_error: 0.0005651563405990601, 0.05130782723426819, 0.43560880422592163, 39
episode: 141, return: -14.00  episilon: 0.100  time:2.40m
abs_error: 0.0002984479069709778, 0.04444597288966179, 0.4727049171924591, 41
abs_error: 3.5315752029418945e-06, 0.038478460162878036, 0.17849032580852509, 48
episode: 142, return: -4.00  episilon: 0.100  time:2.36m
abs_error: 5.984306335449219e-05, 0.05254444479942322, 0.4833417534828186, 45
episode: 143, return: -16.00  episilon: 0.100  time:1.62m
abs_error: 0.0008674860000610352, 0.04231899231672287, 0.22558876872062683, 51
abs_error: 8.949637413024902e-05, 0.05617578327655792, 0.48202240467071533, 41
episode: 144, return: -10.00  episilon: 0.100  time:2.09m
abs_error: 0.0007114112377166748, 0.04841684177517891, 0.41154471039772034, 42
episode: 145, return: -14.00  episilon: 0.100  time:1.94m
abs_error: 0.0009026527404785156, 0.037901073694229126, 0.26373741030693054, 40
abs_error: 0.00032788515090942383, 0.04165520519018173, 0.3302727937698364, 43
episode: 146, return: -6.00  episilon: 0.100  time:2.65m
abs_error: 6.300210952758789e-05, 0.04376797378063202, 0.3405970335006714, 44
abs_error: 0.0007114708423614502, 0.04353487491607666, 0.2170214056968689, 45
episode: 147, return: -11.00  episilon: 0.100  time:2.40m
abs_error: 0.0005130171775817871, 0.046988457441329956, 0.24630379676818848, 44
abs_error: 0.001207202672958374, 0.05096255987882614, 0.446654736995697, 40
episode: 148, return: -7.00  episilon: 0.100  time:2.94m
abs_error: 0.0001011192798614502, 0.040786631405353546, 0.25398018956184387, 44
abs_error: 0.0006467998027801514, 0.03686277195811272, 0.19504117965698242, 46
episode: 149, return: -6.00  episilon: 0.100  time:3.04m
abs_error: 0.0009680986404418945, 0.05025473237037659, 0.3338279724121094, 44
abs_error: 0.00029075145721435547, 0.04232345521450043, 0.3050980865955353, 45
abs_error: 0.0004051029682159424, 0.03987700119614601, 0.17889340221881866, 43
episode: 150, return: -7.00  episilon: 0.100  time:3.42m
abs_error: 1.9371509552001953e-05, 0.04660151153802872, 0.5039646625518799, 38
abs_error: 0.00019890069961547852, 0.03991226106882095, 0.3215375542640686, 45
episode: 151, return: -5.00  episilon: 0.100  time:3.39m
abs_error: 0.0006541609764099121, 0.043218910694122314, 0.2421090304851532, 44
abs_error: 0.00010532140731811523, 0.05636798217892647, 0.37693098187446594, 41
abs_error: 0.0003948211669921875, 0.038976363837718964, 0.20356690883636475, 46
episode: 152, return: -6.00  episilon: 0.100  time:3.24m
abs_error: 0.00019627809524536133, 0.045068494975566864, 0.276071697473526, 40
episode: 153, return: 3.00  episilon: 0.100  time:2.55m
abs_error: 7.200241088867188e-05, 0.050246722996234894, 0.6364237666130066, 29
abs_error: 0.0010053515434265137, 0.041891686618328094, 0.24361541867256165, 45
episode: 154, return: -12.00  episilon: 0.100  time:1.98m
abs_error: 5.745887756347656e-05, 0.0376594141125679, 0.25036337971687317, 44
abs_error: 4.76837158203125e-07, 0.03694160282611847, 0.1785377860069275, 54
abs_error: 9.5367431640625e-07, 0.04824913293123245, 0.18922656774520874, 52
episode: 155, return: -1.00  episilon: 0.100  time:2.90m
abs_error: 0.0002719759941101074, 0.03932253271341324, 0.23521876335144043, 45
abs_error: 0.0001373887062072754, 0.0355917252600193, 0.19303753972053528, 53
episode: 156, return: -8.00  episilon: 0.100  time:2.29m
abs_error: 0.0006516575813293457, 0.03791333734989166, 0.20531700551509857, 39
abs_error: 0.0002148747444152832, 0.04028056561946869, 0.24608659744262695, 44
episode: 157, return: 4.00  episilon: 0.100  time:2.34m
abs_error: 0.0008606314659118652, 0.05145176500082016, 0.9179757833480835, 31
abs_error: 0.0017622113227844238, 0.049852244555950165, 0.21556445956230164, 42
episode: 158, return: -5.00  episilon: 0.100  time:2.77m
abs_error: 0.00023692846298217773, 0.040248334407806396, 0.7054708003997803, 39
abs_error: 9.47713851928711e-06, 0.039175257086753845, 0.36234360933303833, 39
episode: 159, return: -4.00  episilon: 0.100  time:2.42m
abs_error: 0.00014966726303100586, 0.039798468351364136, 0.22951924800872803, 43
episode: 160, return: -6.00  episilon: 0.100  time:2.27m
abs_error: 0.00029391050338745117, 0.03863361105322838, 0.1798412799835205, 42
abs_error: 0.00037747621536254883, 0.039491161704063416, 0.16920191049575806, 50
episode: 161, return: -6.00  episilon: 0.100  time:2.67m
abs_error: 0.00012028217315673828, 0.05294404551386833, 0.5872538089752197, 45
abs_error: 0.00069427490234375, 0.045219097286462784, 0.2452867031097412, 43
episode: 162, return: -3.00  episilon: 0.100  time:2.91m
abs_error: 0.00010859966278076172, 0.03531777858734131, 0.26911044120788574, 49
abs_error: 0.00125885009765625, 0.04915914684534073, 0.5502822399139404, 38
episode: 163, return: 3.00  episilon: 0.100  time:2.80m
abs_error: 3.039836883544922e-06, 0.0432048961520195, 0.45913153886795044, 45
abs_error: 1.1444091796875e-05, 0.0421401746571064, 0.47649669647216797, 50
episode: 164, return: 7.00  episilon: 0.100  time:2.29m
abs_error: 5.888938903808594e-05, 0.04056503251194954, 0.32999226450920105, 37
abs_error: 0.00045371055603027344, 0.032769445329904556, 0.2926623821258545, 34
episode: 165, return: 2.00  episilon: 0.100  time:2.70m
abs_error: 0.0008058547973632812, 0.04186386987566948, 0.2403651475906372, 44
abs_error: 0.0008342266082763672, 0.03445906192064285, 0.32414859533309937, 45
episode: 166, return: 2.00  episilon: 0.100  time:2.29m
abs_error: 0.0006831884384155273, 0.03587053716182709, 0.22609126567840576, 39
abs_error: 8.344650268554688e-05, 0.0414804108440876, 0.24538177251815796, 43
episode: 167, return: 3.00  episilon: 0.100  time:2.29m
abs_error: 0.0002740025520324707, 0.040141697973012924, 0.3483143448829651, 46
abs_error: 0.00018167495727539062, 0.0351654551923275, 0.16732245683670044, 50
episode: 168, return: 4.00  episilon: 0.100  time:2.21m
abs_error: 8.64267349243164e-06, 0.034656159579753876, 0.2428421974182129, 47
abs_error: 0.0002161264419555664, 0.04359118267893791, 0.38142991065979004, 39
episode: 169, return: 6.00  episilon: 0.100  time:2.29m
abs_error: 0.001063704490661621, 0.046392735093832016, 0.34137749671936035, 38
abs_error: 3.540515899658203e-05, 0.040016964077949524, 0.2664386034011841, 43
episode: 170, return: 10.00  episilon: 0.100  time:2.14m
abs_error: 0.0002752542495727539, 0.03880627453327179, 0.21057409048080444, 47
abs_error: 0.00044167041778564453, 0.03630242869257927, 0.20953015983104706, 45
episode: 171, return: 4.00  episilon: 0.100  time:2.64m
abs_error: 0.0003108978271484375, 0.02833709307014942, 0.16449272632598877, 46
abs_error: 8.594989776611328e-05, 0.03315507620573044, 0.17686808109283447, 42
episode: 172, return: 6.00  episilon: 0.100  time:2.41m
abs_error: 0.00027883052825927734, 0.040135763585567474, 0.24211639165878296, 45
episode: 173, return: 10.00  episilon: 0.100  time:2.12m
abs_error: 0.0001188516616821289, 0.03147608041763306, 0.25443077087402344, 48
abs_error: 0.001232743263244629, 0.034913212060928345, 0.34955310821533203, 47
episode: 174, return: 13.00  episilon: 0.100  time:2.20m
abs_error: 0.0004400014877319336, 0.042580340057611465, 0.21525216102600098, 48
episode: 175, return: 20.00  episilon: 0.100  time:1.52m
abs_error: 5.5670738220214844e-05, 0.031165488064289093, 0.3040037155151367, 41
episode: 176, return: 13.00  episilon: 0.100  time:2.11m
abs_error: 0.0003522634506225586, 0.030889926478266716, 0.1845107078552246, 47
abs_error: 1.5616416931152344e-05, 0.034285400062799454, 0.2874417304992676, 45
episode: 177, return: 14.00  episilon: 0.100  time:1.99m
abs_error: 9.799003601074219e-05, 0.04462266340851784, 0.3333536386489868, 46
episode: 178, return: 9.00  episilon: 0.100  time:2.34m
abs_error: 4.3272972106933594e-05, 0.036590225994586945, 0.29683542251586914, 39
abs_error: 0.00033402442932128906, 0.036850713193416595, 0.19039130210876465, 42
episode: 179, return: 6.00  episilon: 0.100  time:2.18m
abs_error: 3.933906555175781e-05, 0.03394172713160515, 0.26641589403152466, 44
abs_error: 5.1081180572509766e-05, 0.039460424333810806, 0.989293098449707, 32
episode: 180, return: -6.00  episilon: 0.100  time:2.08m
abs_error: 0.00022101402282714844, 0.0356973372399807, 0.17727094888687134, 40
abs_error: 5.6624412536621094e-05, 0.02733805775642395, 0.10706806182861328, 46
episode: 181, return: 7.00  episilon: 0.100  time:1.98m
abs_error: 0.0002225637435913086, 0.03496665507555008, 0.2543731927871704, 47
abs_error: 0.0002511739730834961, 0.036988817155361176, 0.2282087802886963, 45
episode: 182, return: 3.00  episilon: 0.100  time:2.29m
abs_error: 0.0013022422790527344, 0.03935745730996132, 0.9611192941665649, 34
episode: 183, return: 11.00  episilon: 0.100  time:1.63m
abs_error: 0.00022804737091064453, 0.03604786470532417, 0.2572019100189209, 45
abs_error: 0.00011515617370605469, 0.04044460132718086, 0.37569427490234375, 44
episode: 184, return: 9.00  episilon: 0.100  time:2.15m
abs_error: 0.0007076263427734375, 0.03516928851604462, 0.2738755941390991, 40
abs_error: 0.00013566017150878906, 0.030364990234375, 0.2851591110229492, 48
episode: 185, return: 11.00  episilon: 0.100  time:1.72m
abs_error: 0.0003752708435058594, 0.041056014597415924, 0.5709155797958374, 31
episode: 186, return: 5.00  episilon: 0.100  time:1.85m
abs_error: 0.0008350610733032227, 0.027205487713217735, 0.30830317735671997, 40
abs_error: 0.0004782676696777344, 0.0395180881023407, 0.3155405521392822, 46
episode: 187, return: 10.00  episilon: 0.100  time:1.69m
abs_error: 0.0005358457565307617, 0.03824177384376526, 0.44689178466796875, 36
episode: 188, return: 11.00  episilon: 0.100  time:1.59m
abs_error: 0.00020742416381835938, 0.0405169315636158, 0.29401373863220215, 38
episode: 189, return: 14.00  episilon: 0.100  time:1.34m
abs_error: 4.5180320739746094e-05, 0.035263046622276306, 0.358772873878479, 44
abs_error: 0.00032138824462890625, 0.033565767109394073, 0.14904916286468506, 53
episode: 190, return: 10.00  episilon: 0.100  time:1.96m
abs_error: 0.00029981136322021484, 0.036048781126737595, 0.20595920085906982, 48
episode: 191, return: 14.00  episilon: 0.100  time:1.65m
abs_error: 3.790855407714844e-05, 0.039987169206142426, 0.4018053114414215, 39
abs_error: 0.0001430511474609375, 0.035342589020729065, 0.15929794311523438, 47
episode: 192, return: 6.00  episilon: 0.100  time:2.43m
abs_error: 0.0002707242965698242, 0.031349603086709976, 0.37340807914733887, 39
episode: 193, return: 6.00  episilon: 0.100  time:2.02m
abs_error: 0.0003103017807006836, 0.03964245691895485, 0.4093891680240631, 41
abs_error: 2.7298927307128906e-05, 0.03394372761249542, 0.39819908142089844, 41
episode: 194, return: 6.00  episilon: 0.100  time:2.75m
abs_error: 0.0004432201385498047, 0.0347474105656147, 0.3651161193847656, 39
episode: 195, return: 19.00  episilon: 0.100  time:1.65m
abs_error: 0.00043463706970214844, 0.032868701964616776, 0.20561647415161133, 42
abs_error: 0.0005650520324707031, 0.035323064774274826, 0.2114795446395874, 48
episode: 196, return: 12.00  episilon: 0.100  time:1.80m
abs_error: 0.0005068778991699219, 0.038474224507808685, 1.052415132522583, 32
episode: 197, return: 12.00  episilon: 0.100  time:1.31m
abs_error: 0.000995039939880371, 0.03215645253658295, 0.18429577350616455, 37
episode: 198, return: 14.00  episilon: 0.100  time:1.55m
abs_error: 0.0003427267074584961, 0.02577579952776432, 0.19149529933929443, 48
abs_error: 0.00038945674896240234, 0.03217441961169243, 0.3469935655593872, 38
episode: 199, return: 5.00  episilon: 0.100  time:2.01m
abs_error: 0.0003826618194580078, 0.02616482973098755, 0.1440519094467163, 45
episode: 200, return: 16.00  episilon: 0.100  time:1.23m
abs_error: 0.0007432699203491211, 0.023336077108979225, 0.15762430429458618, 45
abs_error: 0.00010085105895996094, 0.032991327345371246, 0.22732937335968018, 43
episode: 201, return: 9.00  episilon: 0.100  time:1.91m
abs_error: 0.0001926422119140625, 0.03690113127231598, 1.0752215385437012, 30
episode: 202, return: 19.00  episilon: 0.100  time:1.11m
abs_error: 0.0002866983413696289, 0.032830312848091125, 0.36543214321136475, 40
episode: 203, return: 18.00  episilon: 0.100  time:1.12m
abs_error: 5.996227264404297e-05, 0.029514990746974945, 0.24817614257335663, 42
episode: 204, return: 9.00  episilon: 0.100  time:1.70m
abs_error: 0.00038623809814453125, 0.02932477556169033, 0.23181354999542236, 47
abs_error: 0.0009737014770507812, 0.03161810338497162, 0.28832781314849854, 37
episode: 205, return: 6.00  episilon: 0.100  time:1.80m
abs_error: 0.00023353099822998047, 0.036746010184288025, 0.23485565185546875, 38
episode: 206, return: 15.00  episilon: 0.100  time:1.69m
abs_error: 0.00017893314361572266, 0.02988058514893055, 0.25081866979599, 42
episode: 207, return: 16.00  episilon: 0.100  time:1.57m
abs_error: 9.262561798095703e-05, 0.033322207629680634, 0.2824373245239258, 38
episode: 208, return: 10.00  episilon: 0.100  time:2.13m
abs_error: 0.00012981891632080078, 0.02324085682630539, 0.08559590578079224, 53
abs_error: 0.00029206275939941406, 0.030168598517775536, 0.2069273591041565, 45
episode: 209, return: 15.00  episilon: 0.100  time:1.53m
abs_error: 0.00018584728240966797, 0.03158488869667053, 0.21385884284973145, 46
episode: 210, return: 17.00  episilon: 0.100  time:1.47m
abs_error: 0.0001646280288696289, 0.03012916073203087, 0.3624345064163208, 39
episode: 211, return: 10.00  episilon: 0.100  time:1.82m
abs_error: 0.0003217458724975586, 0.0258464552462101, 0.17687547206878662, 45
episode: 212, return: 17.00  episilon: 0.100  time:1.24m
abs_error: 0.000133514404296875, 0.028140652924776077, 0.2239370346069336, 45
episode: 213, return: 12.00  episilon: 0.100  time:1.43m
abs_error: 0.0007652044296264648, 0.026534486562013626, 0.22078782320022583, 41
abs_error: 7.033348083496094e-05, 0.03178686276078224, 0.5661044120788574, 42
episode: 214, return: 12.00  episilon: 0.100  time:1.54m
abs_error: 9.834766387939453e-05, 0.028906861320137978, 0.13529598712921143, 47
abs_error: 4.76837158203125e-07, 0.028539389371871948, 0.2620220184326172, 44
episode: 215, return: -4.00  episilon: 0.100  time:1.96m
abs_error: 0.00021183490753173828, 0.02752392180263996, 0.16673994064331055, 45
episode: 216, return: 6.00  episilon: 0.100  time:1.73m
abs_error: 0.0005528926849365234, 0.02828420139849186, 0.7074353098869324, 32
abs_error: 0.0001442432403564453, 0.0238470658659935, 0.10234606266021729, 49
episode: 217, return: 11.00  episilon: 0.100  time:1.68m
abs_error: 0.0004259347915649414, 0.023365378379821777, 0.10813593864440918, 47
episode: 218, return: 15.00  episilon: 0.100  time:1.40m
abs_error: 6.198883056640625e-06, 0.026421405375003815, 0.17354702949523926, 44
episode: 219, return: 18.00  episilon: 0.100  time:1.22m
abs_error: 0.00023865699768066406, 0.031586386263370514, 0.2306252121925354, 41
episode: 220, return: 18.00  episilon: 0.100  time:1.25m
abs_error: 0.0002855062484741211, 0.027084404602646828, 0.27351808547973633, 44
abs_error: 2.0742416381835938e-05, 0.024357620626688004, 0.11006879806518555, 53
episode: 221, return: 9.00  episilon: 0.100  time:1.94m
abs_error: 0.0001227855682373047, 0.028824202716350555, 0.6272861957550049, 33
episode: 222, return: 16.00  episilon: 0.100  time:1.46m
abs_error: 9.417533874511719e-05, 0.028046786785125732, 0.20334792137145996, 41
episode: 223, return: 17.00  episilon: 0.100  time:1.21m
abs_error: 4.673004150390625e-05, 0.02414514496922493, 0.19126737117767334, 40
episode: 224, return: 10.00  episilon: 0.100  time:1.76m
abs_error: 0.0008895397186279297, 0.02845831587910652, 0.2607535123825073, 38
episode: 225, return: 20.00  episilon: 0.100  time:1.02m
abs_error: 0.0001081228256225586, 0.02813047543168068, 0.18239307403564453, 41
abs_error: 0.0003687143325805664, 0.02367265522480011, 0.17941448092460632, 40
episode: 226, return: 10.00  episilon: 0.100  time:1.73m
abs_error: 0.00011038780212402344, 0.025456048548221588, 0.2256985902786255, 36
episode: 227, return: 14.00  episilon: 0.100  time:1.71m
abs_error: 0.001712203025817871, 0.025406982749700546, 0.13247740268707275, 54
abs_error: 0.0002580881118774414, 0.025508146733045578, 0.23820340633392334, 40
episode: 228, return: 5.00  episilon: 0.100  time:2.08m
abs_error: 0.00014400482177734375, 0.0284714438021183, 0.2638106346130371, 43
episode: 229, return: 18.00  episilon: 0.100  time:1.29m
abs_error: 0.0016895532608032227, 0.025232968851923943, 0.1438767910003662, 49
episode: 230, return: 15.00  episilon: 0.100  time:1.22m
abs_error: 4.363059997558594e-05, 0.027790851891040802, 0.20907509326934814, 51
episode: 231, return: 13.00  episilon: 0.100  time:1.32m
abs_error: 0.0005850791931152344, 0.023860465735197067, 0.2738896608352661, 36
episode: 232, return: 17.00  episilon: 0.100  time:1.18m
abs_error: 2.9802322387695312e-05, 0.027721822261810303, 0.27977609634399414, 49
abs_error: 0.0003821849822998047, 0.031244365498423576, 0.24526214599609375, 45
episode: 233, return: 5.00  episilon: 0.100  time:2.33m
abs_error: 0.0002530813217163086, 0.027832604944705963, 0.16396474838256836, 49
episode: 234, return: 18.00  episilon: 0.100  time:1.38m
abs_error: 1.2159347534179688e-05, 0.022365707904100418, 0.10940003395080566, 51
episode: 235, return: 17.00  episilon: 0.100  time:1.57m
abs_error: 0.0001283884048461914, 0.02798396348953247, 0.22011518478393555, 42
episode: 236, return: 15.00  episilon: 0.100  time:1.71m
abs_error: 0.0005538463592529297, 0.024686438962817192, 0.22046250104904175, 41
abs_error: 0.0003827810287475586, 0.02414931170642376, 0.1431293487548828, 42
episode: 237, return: 4.00  episilon: 0.100  time:2.45m
abs_error: 0.00015079975128173828, 0.02139253541827202, 0.12927579879760742, 51
episode: 238, return: 15.00  episilon: 0.100  time:1.68m
abs_error: 4.4465065002441406e-05, 0.02821004018187523, 0.15707027912139893, 45
episode: 239, return: 18.00  episilon: 0.100  time:1.38m
abs_error: 0.00030231475830078125, 0.027068033814430237, 0.13306212425231934, 49
abs_error: 0.0003688335418701172, 0.024776525795459747, 0.1897628903388977, 46
episode: 240, return: 16.00  episilon: 0.100  time:1.81m
abs_error: 0.00019979476928710938, 0.02591416984796524, 0.2224130630493164, 43
episode: 241, return: 5.00  episilon: 0.100  time:2.18m
abs_error: 8.14199447631836e-05, 0.02391967549920082, 0.11916732788085938, 49
abs_error: 0.0008493661880493164, 0.03199779987335205, 0.3646988868713379, 38
episode: 242, return: 13.00  episilon: 0.100  time:1.38m
abs_error: 3.3020973205566406e-05, 0.03343602269887924, 1.1017309427261353, 31
episode: 243, return: 8.00  episilon: 0.100  time:1.48m
abs_error: 3.5762786865234375e-06, 0.026986785233020782, 0.11717629432678223, 47
episode: 244, return: 15.00  episilon: 0.100  time:1.42m
abs_error: 0.0016208887100219727, 0.030314650386571884, 0.3869146704673767, 44
abs_error: 5.626678466796875e-05, 0.023815369233489037, 0.13245725631713867, 42
episode: 245, return: 12.00  episilon: 0.100  time:1.96m
abs_error: 0.00021779537200927734, 0.025805149227380753, 0.1585545539855957, 41
episode: 246, return: 9.00  episilon: 0.100  time:1.74m
abs_error: 4.661083221435547e-05, 0.028912287205457687, 0.2686864137649536, 44
episode: 247, return: 15.00  episilon: 0.100  time:1.57m
abs_error: 0.00017786026000976562, 0.024370811879634857, 0.1365264654159546, 48
episode: 248, return: 19.00  episilon: 0.100  time:1.16m
abs_error: 0.0005747079849243164, 0.024033093824982643, 0.2603224515914917, 48
abs_error: 0.00014507770538330078, 0.026341605931520462, 0.27829861640930176, 41
episode: 249, return: 12.00  episilon: 0.100  time:1.80m
abs_error: 0.0003924369812011719, 0.025793397799134254, 0.18841880559921265, 51
episode: 250, return: 15.00  episilon: 0.100  time:1.45m
abs_error: 1.4543533325195312e-05, 0.027794238179922104, 0.2803701162338257, 45
episode: 251, return: 16.00  episilon: 0.100  time:1.54m
abs_error: 0.00030028820037841797, 0.021976903080940247, 0.1592092514038086, 42
episode: 252, return: 8.00  episilon: 0.100  time:2.00m
abs_error: 0.00022017955780029297, 0.028590872883796692, 0.15859508514404297, 42
episode: 253, return: 19.00  episilon: 0.100  time:1.37m
abs_error: 0.00032961368560791016, 0.026691798120737076, 0.19618141651153564, 42
abs_error: 0.0005365610122680664, 0.030146706849336624, 0.14470374584197998, 54
episode: 254, return: 14.00  episilon: 0.100  time:2.00m
abs_error: 0.0012253522872924805, 0.031547319144010544, 0.37621283531188965, 42
episode: 255, return: 16.00  episilon: 0.100  time:1.57m
abs_error: 0.000496983528137207, 0.030005544424057007, 0.3660467863082886, 44
episode: 256, return: 18.00  episilon: 0.100  time:1.48m
abs_error: 7.152557373046875e-05, 0.02580353431403637, 0.25076091289520264, 40
episode: 257, return: 13.00  episilon: 0.100  time:1.74m
abs_error: 3.0994415283203125e-05, 0.022450225427746773, 0.19105231761932373, 42
episode: 258, return: 15.00  episilon: 0.100  time:1.41m
abs_error: 5.960464477539062e-07, 0.027191530913114548, 0.1974259912967682, 45
episode: 259, return: 19.00  episilon: 0.100  time:1.05m
abs_error: 0.00021541118621826172, 0.025501646101474762, 0.19505047798156738, 47
episode: 260, return: 15.00  episilon: 0.100  time:1.50m
abs_error: 4.696846008300781e-05, 0.02514229528605938, 0.2341974973678589, 43
abs_error: 8.416175842285156e-05, 0.024481959640979767, 0.1789328157901764, 44
episode: 261, return: 11.00  episilon: 0.100  time:1.41m
abs_error: 0.00019168853759765625, 0.024424660950899124, 0.09639346599578857, 52
episode: 262, return: 12.00  episilon: 0.100  time:1.45m
abs_error: 7.426738739013672e-05, 0.02289258874952793, 0.14178550243377686, 55
episode: 263, return: 18.00  episilon: 0.100  time:1.15m
abs_error: 8.881092071533203e-05, 0.022595075890421867, 0.11604523658752441, 46
episode: 264, return: 16.00  episilon: 0.100  time:1.10m
abs_error: 0.00016796588897705078, 0.027171051129698753, 0.3270440101623535, 42
episode: 265, return: 12.00  episilon: 0.100  time:1.64m
abs_error: 0.001097559928894043, 0.025986753404140472, 0.12311029434204102, 44
abs_error: 0.0005258321762084961, 0.02658512443304062, 0.27463018894195557, 40
episode: 266, return: 7.00  episilon: 0.100  time:1.73m
abs_error: 0.0001685619354248047, 0.022730045020580292, 0.1282409429550171, 50
episode: 267, return: 15.00  episilon: 0.100  time:1.43m
abs_error: 3.075599670410156e-05, 0.0301535464823246, 0.4226374626159668, 34
episode: 268, return: 18.00  episilon: 0.100  time:1.38m
abs_error: 7.987022399902344e-06, 0.02705855295062065, 0.3095053434371948, 40
episode: 269, return: 18.00  episilon: 0.100  time:1.29m
abs_error: 0.0001646280288696289, 0.026774082332849503, 0.30574142932891846, 40
episode: 270, return: 18.00  episilon: 0.100  time:1.46m
abs_error: 0.00017344951629638672, 0.028175625950098038, 0.26395606994628906, 40
episode: 271, return: 17.00  episilon: 0.100  time:1.40m
abs_error: 5.8531761169433594e-05, 0.021187296137213707, 0.10116171836853027, 51
episode: 272, return: 16.00  episilon: 0.100  time:1.51m
abs_error: 0.00044357776641845703, 0.024677978828549385, 0.12576830387115479, 46
episode: 273, return: 15.00  episilon: 0.100  time:1.58m
abs_error: 0.0003147125244140625, 0.024434126913547516, 0.19759023189544678, 48
episode: 274, return: 17.00  episilon: 0.100  time:1.48m
abs_error: 4.100799560546875e-05, 0.024905435740947723, 0.15900981426239014, 40
episode: 275, return: 12.00  episilon: 0.100  time:1.89m
abs_error: 4.0531158447265625e-06, 0.022385938093066216, 0.1579188108444214, 39
episode: 276, return: 19.00  episilon: 0.100  time:1.20m
abs_error: 9.691715240478516e-05, 0.023844560608267784, 0.23551726341247559, 38
abs_error: 0.00012302398681640625, 0.031901389360427856, 1.291379451751709, 30
episode: 277, return: 7.00  episilon: 0.100  time:1.70m
abs_error: 8.571147918701172e-05, 0.027741748839616776, 0.301266074180603, 45
episode: 278, return: 9.00  episilon: 0.100  time:1.47m
abs_error: 0.00028884410858154297, 0.027396423742175102, 0.2246350646018982, 45
episode: 279, return: 16.00  episilon: 0.100  time:1.22m
abs_error: 0.00012946128845214844, 0.026301775127649307, 0.21423709392547607, 42
episode: 280, return: 17.00  episilon: 0.100  time:1.23m
abs_error: 6.29425048828125e-05, 0.02802620269358158, 0.2770352363586426, 41
episode: 281, return: 11.00  episilon: 0.100  time:1.59m
abs_error: 0.0002484321594238281, 0.023055128753185272, 0.13065063953399658, 42
episode: 282, return: 19.00  episilon: 0.100  time:1.01m
abs_error: 0.00024759769439697266, 0.025179380550980568, 0.1676555871963501, 42
episode: 283, return: 19.00  episilon: 0.100  time:1.08m
abs_error: 5.435943603515625e-05, 0.019281549379229546, 0.2602078914642334, 35
abs_error: 8.988380432128906e-05, 0.0333467461168766, 0.3206796646118164, 32
episode: 284, return: 11.00  episilon: 0.100  time:1.57m
abs_error: 5.53131103515625e-05, 0.022653749212622643, 0.1960529088973999, 46
episode: 285, return: 15.00  episilon: 0.100  time:1.39m
abs_error: 5.638599395751953e-05, 0.02784847468137741, 0.19088339805603027, 48
episode: 286, return: 17.00  episilon: 0.100  time:1.31m
abs_error: 0.00014281272888183594, 0.02358119934797287, 0.2414863109588623, 44
episode: 287, return: 14.00  episilon: 0.100  time:1.36m
abs_error: 0.00045680999755859375, 0.02675429731607437, 0.28011977672576904, 44
episode: 288, return: 16.00  episilon: 0.100  time:1.35m
abs_error: 0.0, 0.027375968173146248, 0.1935662031173706, 47
episode: 289, return: 16.00  episilon: 0.100  time:1.21m
abs_error: 6.473064422607422e-05, 0.020151790231466293, 0.09728109836578369, 47
episode: 290, return: 14.00  episilon: 0.100  time:1.27m
abs_error: 0.0003026723861694336, 0.03156385198235512, 0.8576202392578125, 34
abs_error: 0.00014460086822509766, 0.02457706816494465, 0.11224913597106934, 48
episode: 291, return: 4.00  episilon: 0.100  time:1.94m
abs_error: 0.0003216266632080078, 0.02708175778388977, 0.3318098783493042, 38
episode: 292, return: 9.00  episilon: 0.100  time:1.63m
abs_error: 4.124641418457031e-05, 0.025195280089974403, 0.2040168046951294, 39
episode: 293, return: 15.00  episilon: 0.100  time:1.29m
abs_error: 0.00032591819763183594, 0.02353862300515175, 0.09356117248535156, 48
episode: 294, return: 12.00  episilon: 0.100  time:1.66m
abs_error: 0.0003458261489868164, 0.029157154262065887, 0.3715989589691162, 37
episode: 295, return: 16.00  episilon: 0.100  time:1.30m
abs_error: 6.42538070678711e-05, 0.022789673879742622, 0.15822827816009521, 46
episode: 296, return: 17.00  episilon: 0.100  time:1.32m
abs_error: 0.0003151893615722656, 0.02643604204058647, 0.1817944049835205, 40
abs_error: 0.00037276744842529297, 0.026220759376883507, 0.3104778528213501, 34
episode: 297, return: 15.00  episilon: 0.100  time:1.44m
abs_error: 5.1021575927734375e-05, 0.02583969384431839, 0.31262779235839844, 42
episode: 298, return: 16.00  episilon: 0.100  time:1.59m
abs_error: 6.80685043334961e-05, 0.02006264589726925, 0.12415790557861328, 45
episode: 299, return: 20.00  episilon: 0.100  time:1.18m
abs_error: 0.0002541542053222656, 0.021730348467826843, 0.14842942357063293, 50
episode: 300, return: 17.00  episilon: 0.100  time:1.29m
abs_error: 0.0006563663482666016, 0.0285494402050972, 0.33883699774742126, 42
episode: 301, return: 12.00  episilon: 0.100  time:1.56m
abs_error: 0.0007748603820800781, 0.026884473860263824, 0.5222292542457581, 38
episode: 302, return: 13.00  episilon: 0.100  time:1.57m
abs_error: 6.008148193359375e-05, 0.02315063402056694, 0.17894208431243896, 37
episode: 303, return: 16.00  episilon: 0.100  time:1.21m
abs_error: 0.0004750490188598633, 0.0364285409450531, 0.46381676197052, 34
abs_error: 3.8623809814453125e-05, 0.021424390375614166, 0.141058087348938, 41
episode: 304, return: 10.00  episilon: 0.100  time:1.75m
abs_error: 0.0002181529998779297, 0.027105150744318962, 0.12520337104797363, 49
episode: 305, return: 19.00  episilon: 0.100  time:1.15m
abs_error: 0.0001304149627685547, 0.027110181748867035, 0.30274689197540283, 35
episode: 306, return: 12.00  episilon: 0.100  time:1.46m
abs_error: 0.0006098747253417969, 0.02587319165468216, 0.6732473373413086, 35
episode: 307, return: 17.00  episilon: 0.100  time:1.15m
abs_error: 0.00044345855712890625, 0.028084397315979004, 0.30933547019958496, 40
episode: 308, return: 18.00  episilon: 0.100  time:1.20m
abs_error: 1.2636184692382812e-05, 0.024433139711618423, 0.3567546308040619, 36
episode: 309, return: 16.00  episilon: 0.100  time:1.35m
abs_error: 4.756450653076172e-05, 0.019637029618024826, 0.15393435955047607, 43
abs_error: 0.0004812479019165039, 0.024822207167744637, 0.2280815839767456, 43
episode: 310, return: 4.00  episilon: 0.100  time:1.95m
abs_error: 3.24249267578125e-05, 0.03003625199198723, 0.47403860092163086, 42
episode: 311, return: 16.00  episilon: 0.100  time:1.43m
abs_error: 0.00019741058349609375, 0.02551133930683136, 0.23467981815338135, 44
episode: 312, return: 19.00  episilon: 0.100  time:1.29m
abs_error: 9.78708267211914e-05, 0.02091873437166214, 0.1083289384841919, 50
episode: 313, return: 10.00  episilon: 0.100  time:1.77m
abs_error: 2.7894973754882812e-05, 0.025934403762221336, 0.29659032821655273, 36
episode: 314, return: 18.00  episilon: 0.100  time:1.29m
abs_error: 2.765655517578125e-05, 0.023578379303216934, 0.16937831044197083, 44
episode: 315, return: 19.00  episilon: 0.100  time:1.24m
abs_error: 0.00033092498779296875, 0.02408132329583168, 0.18934285640716553, 51
episode: 316, return: 12.00  episilon: 0.100  time:1.54m
abs_error: 0.00024080276489257812, 0.02367028407752514, 0.22403407096862793, 50
abs_error: 6.437301635742188e-05, 0.030531924217939377, 0.42607247829437256, 37
episode: 317, return: 9.00  episilon: 0.100  time:1.57m
abs_error: 0.00015079975128173828, 0.02482670731842518, 0.17061835527420044, 38
episode: 318, return: 16.00  episilon: 0.100  time:1.35m
abs_error: 0.00011849403381347656, 0.025519954040646553, 0.345194935798645, 42
episode: 319, return: 16.00  episilon: 0.100  time:1.23m
abs_error: 0.0006418228149414062, 0.024784095585346222, 0.32529687881469727, 38
episode: 320, return: 13.00  episilon: 0.100  time:1.35m
abs_error: 0.00018775463104248047, 0.029935088008642197, 0.4544639587402344, 43
episode: 321, return: 17.00  episilon: 0.100  time:1.17m
abs_error: 0.0004519224166870117, 0.02664247155189514, 0.17508268356323242, 49
episode: 322, return: 14.00  episilon: 0.100  time:1.42m
abs_error: 0.00010061264038085938, 0.024883341044187546, 0.17138135433197021, 44
episode: 323, return: 16.00  episilon: 0.100  time:1.31m
abs_error: 4.100799560546875e-05, 0.02844284474849701, 0.26882290840148926, 40
episode: 324, return: 18.00  episilon: 0.100  time:1.22m
abs_error: 0.0001817941665649414, 0.024685606360435486, 0.22312116622924805, 43
episode: 325, return: 18.00  episilon: 0.100  time:1.27m
abs_error: 0.0005248785018920898, 0.026660364121198654, 0.3209136724472046, 32
abs_error: 0.0014622211456298828, 0.02478490024805069, 0.1871490478515625, 44
episode: 326, return: 13.00  episilon: 0.100  time:1.55m
abs_error: 0.0002943277359008789, 0.02877105586230755, 0.37108004093170166, 41
episode: 327, return: 15.00  episilon: 0.100  time:1.43m
abs_error: 0.0001386404037475586, 0.024811912328004837, 0.3902205228805542, 44
abs_error: 0.00021386146545410156, 0.03225138038396835, 0.3008948564529419, 37
episode: 328, return: 1.00  episilon: 0.100  time:2.40m
abs_error: 0.000750422477722168, 0.024871936067938805, 0.12325191497802734, 45
episode: 329, return: 17.00  episilon: 0.100  time:1.66m
abs_error: 0.00020241737365722656, 0.024833597242832184, 0.22390234470367432, 41
episode: 330, return: 21.00  episilon: 0.100  time:1.12m
abs_error: 9.167194366455078e-05, 0.023036140948534012, 0.13375723361968994, 45
episode: 331, return: 15.00  episilon: 0.100  time:1.46m
abs_error: 6.306171417236328e-05, 0.02636762708425522, 0.31116700172424316, 35
episode: 332, return: 16.00  episilon: 0.100  time:1.24m
abs_error: 0.00017535686492919922, 0.02351871319115162, 0.2170809507369995, 43
episode: 333, return: 17.00  episilon: 0.100  time:1.43m
abs_error: 6.61611557006836e-05, 0.026073263958096504, 0.1463158130645752, 52
episode: 334, return: 18.00  episilon: 0.100  time:1.31m
abs_error: 3.981590270996094e-05, 0.021362094208598137, 0.10502266883850098, 45
episode: 335, return: 7.00  episilon: 0.100  time:1.87m
abs_error: 0.00019276142120361328, 0.020588625222444534, 0.1251891851425171, 43
episode: 336, return: 14.00  episilon: 0.100  time:1.40m
abs_error: 1.3232231140136719e-05, 0.02000429853796959, 0.14916229248046875, 48
episode: 337, return: 14.00  episilon: 0.100  time:1.26m
abs_error: 0.00031685829162597656, 0.023554258048534393, 0.18686914443969727, 48
abs_error: 3.921985626220703e-05, 0.02501559630036354, 0.1503591537475586, 36
episode: 338, return: 13.00  episilon: 0.100  time:1.38m
abs_error: 0.0006459951400756836, 0.024868886917829514, 0.22482752799987793, 42
episode: 339, return: 13.00  episilon: 0.100  time:1.43m
abs_error: 0.00010883808135986328, 0.03365487605333328, 0.6608617901802063, 28
episode: 340, return: 15.00  episilon: 0.100  time:1.32m
abs_error: 0.0001246929168701172, 0.029146341606974602, 0.2521097660064697, 38
episode: 341, return: 21.00  episilon: 0.100  time:1.28m
abs_error: 3.7550926208496094e-05, 0.02476242370903492, 0.19388437271118164, 38
episode: 342, return: 11.00  episilon: 0.100  time:1.62m
abs_error: 0.0001289844512939453, 0.02641470730304718, 0.181502103805542, 42
episode: 343, return: 16.00  episilon: 0.100  time:1.41m
abs_error: 1.049041748046875e-05, 0.023041576147079468, 0.11161446571350098, 49
episode: 344, return: 12.00  episilon: 0.100  time:1.59m
abs_error: 2.3126602172851562e-05, 0.024090584367513657, 0.17880570888519287, 40
episode: 345, return: 17.00  episilon: 0.100  time:1.59m
abs_error: 0.00014722347259521484, 0.024683667346835136, 0.13274884223937988, 48
episode: 346, return: 18.00  episilon: 0.100  time:1.34m
abs_error: 1.1563301086425781e-05, 0.027109265327453613, 0.4747747778892517, 35
episode: 347, return: 20.00  episilon: 0.100  time:1.19m
abs_error: 0.00033152103424072266, 0.02637627348303795, 0.24668246507644653, 44
episode: 348, return: 21.00  episilon: 0.100  time:1.18m
abs_error: 7.164478302001953e-05, 0.02407999336719513, 0.19139623641967773, 37
episode: 349, return: 17.00  episilon: 0.100  time:1.42m
abs_error: 0.0001556873321533203, 0.027365483343601227, 0.2595806121826172, 37
episode: 350, return: 15.00  episilon: 0.100  time:1.58m
abs_error: 0.00032067298889160156, 0.028545580804347992, 0.3289906978607178, 41
episode: 351, return: 20.00  episilon: 0.100  time:1.18m
abs_error: 0.00035309791564941406, 0.022372130304574966, 0.14608359336853027, 50
episode: 352, return: 13.00  episilon: 0.100  time:1.93m
abs_error: 4.410743713378906e-06, 0.02305838093161583, 0.3791695833206177, 37
episode: 353, return: 17.00  episilon: 0.100  time:1.11m
abs_error: 0.0002815723419189453, 0.02488301694393158, 0.11312270164489746, 44
episode: 354, return: 14.00  episilon: 0.100  time:1.24m
abs_error: 5.1140785217285156e-05, 0.021409306675195694, 0.12543988227844238, 51
episode: 355, return: 11.00  episilon: 0.100  time:1.29m
abs_error: 0.00018262863159179688, 0.023669997230172157, 0.1933203935623169, 41
episode: 356, return: 19.00  episilon: 0.100  time:1.03m
abs_error: 0.00018596649169921875, 0.024008702486753464, 0.22866809368133545, 42
episode: 357, return: 17.00  episilon: 0.100  time:1.26m
abs_error: 4.029273986816406e-05, 0.029444903135299683, 0.8000802993774414, 38
episode: 358, return: 18.00  episilon: 0.100  time:1.18m
abs_error: 0.00024437904357910156, 0.020674657076597214, 0.09354838728904724, 48
abs_error: 0.0004355907440185547, 0.02474900707602501, 0.32251691818237305, 52
episode: 359, return: 14.00  episilon: 0.100  time:1.35m
abs_error: 4.57763671875e-05, 0.021409209817647934, 0.13891029357910156, 38
episode: 360, return: 17.00  episilon: 0.100  time:1.18m
episode: 361, return: 20.00  episilon: 0.100  time:1.00m
abs_error: 8.082389831542969e-05, 0.021941758692264557, 0.11034011840820312, 51
abs_error: 5.650520324707031e-05, 0.022663716226816177, 0.3344688415527344, 45
episode: 362, return: 13.00  episilon: 0.100  time:1.31m
abs_error: 0.0006276369094848633, 0.022787055000662804, 0.17868828773498535, 48
episode: 363, return: 18.00  episilon: 0.100  time:1.21m
episode: 364, return: 21.00  episilon: 0.100  time:1.15m
abs_error: 2.956390380859375e-05, 0.02777453511953354, 0.8874089121818542, 34
episode: 365, return: 16.00  episilon: 0.100  time:1.39m
abs_error: 0.00016236305236816406, 0.018850844353437424, 0.13790249824523926, 47
abs_error: 0.00020742416381835938, 0.025287378579378128, 0.16112041473388672, 38
episode: 366, return: 10.00  episilon: 0.100  time:1.62m
abs_error: 0.00047206878662109375, 0.02183075249195099, 0.12101054191589355, 43
episode: 367, return: 20.00  episilon: 0.100  time:1.16m
abs_error: 0.00022745132446289062, 0.027256527915596962, 0.8952118158340454, 22
episode: 368, return: 16.00  episilon: 0.100  time:1.20m
abs_error: 0.00030612945556640625, 0.026537559926509857, 0.2512834072113037, 41
episode: 369, return: 8.00  episilon: 0.100  time:1.69m
abs_error: 3.266334533691406e-05, 0.02051592990756035, 0.2433452606201172, 46
episode: 370, return: 12.00  episilon: 0.100  time:1.62m
abs_error: 7.11679458618164e-05, 0.025600267574191093, 0.4389544725418091, 38
episode: 371, return: 20.00  episilon: 0.100  time:1.08m
abs_error: 6.556510925292969e-05, 0.019202258437871933, 0.09761106967926025, 47
episode: 372, return: 18.00  episilon: 0.100  time:1.07m
abs_error: 0.0003317594528198242, 0.020571943372488022, 0.21320608258247375, 46
abs_error: 0.00033283233642578125, 0.022651974111795425, 0.3469585180282593, 36
episode: 373, return: 8.00  episilon: 0.100  time:1.58m
abs_error: 0.00043952465057373047, 0.02013002708554268, 0.12420356273651123, 44
episode: 374, return: 13.00  episilon: 0.100  time:1.33m
abs_error: 0.00011014938354492188, 0.02018517628312111, 0.13194656372070312, 45
episode: 375, return: 12.00  episilon: 0.100  time:1.46m
abs_error: 0.00046539306640625, 0.02328367717564106, 0.13796818256378174, 51
episode: 376, return: 17.00  episilon: 0.100  time:1.23m
abs_error: 0.00011718273162841797, 0.020555604249238968, 0.09241247177124023, 46
episode: 377, return: 15.00  episilon: 0.100  time:1.27m
abs_error: 2.7179718017578125e-05, 0.022999193519353867, 0.17448318004608154, 47
episode: 378, return: 15.00  episilon: 0.100  time:1.38m
abs_error: 7.867813110351562e-05, 0.019030269235372543, 0.1313331127166748, 42
episode: 379, return: 16.00  episilon: 0.100  time:1.47m
abs_error: 9.28640365600586e-05, 0.02385687083005905, 0.13243436813354492, 49
abs_error: 0.00011992454528808594, 0.02716127783060074, 0.3007160425186157, 35
episode: 380, return: 11.00  episilon: 0.100  time:1.80m
episode: 381, return: 20.00  episilon: 0.100  time:1.16m
abs_error: 1.2874603271484375e-05, 0.022008204832673073, 0.1465303897857666, 44
episode: 382, return: 15.00  episilon: 0.100  time:1.44m
abs_error: 6.532669067382812e-05, 0.01823253557085991, 0.14395511150360107, 43
episode: 383, return: 16.00  episilon: 0.100  time:1.40m
abs_error: 3.814697265625e-05, 0.023943539708852768, 0.24710047245025635, 37
episode: 384, return: 16.00  episilon: 0.100  time:1.42m
abs_error: 1.3947486877441406e-05, 0.01879916340112686, 0.19651567935943604, 43
episode: 385, return: 17.00  episilon: 0.100  time:1.43m
abs_error: 1.6450881958007812e-05, 0.021871086210012436, 0.2600330114364624, 40
abs_error: 8.046627044677734e-05, 0.026031039655208588, 0.18281275033950806, 37
episode: 386, return: 15.00  episilon: 0.100  time:1.65m
abs_error: 0.00017821788787841797, 0.024923302233219147, 0.1748596429824829, 38
episode: 387, return: 16.00  episilon: 0.100  time:1.46m
abs_error: 9.810924530029297e-05, 0.021964024752378464, 0.28996050357818604, 38
episode: 388, return: 14.00  episilon: 0.100  time:1.61m
abs_error: 6.54458999633789e-05, 0.022584065794944763, 0.16010260581970215, 43
episode: 389, return: 18.00  episilon: 0.100  time:1.43m
abs_error: 0.00031173229217529297, 0.03013290837407112, 1.0207022428512573, 32
episode: 390, return: 13.00  episilon: 0.100  time:1.82m
abs_error: 0.00011301040649414062, 0.023219704627990723, 0.19088709354400635, 46
episode: 391, return: 13.00  episilon: 0.100  time:1.55m
abs_error: 5.4836273193359375e-06, 0.021390171721577644, 0.1446666717529297, 37
episode: 392, return: 14.00  episilon: 0.100  time:1.32m
abs_error: 0.00010526180267333984, 0.018990211188793182, 0.16847217082977295, 36
abs_error: 0.0004552602767944336, 0.01976817473769188, 0.13273417949676514, 47
episode: 393, return: 15.00  episilon: 0.100  time:1.39m
abs_error: 0.0002551078796386719, 0.024277549237012863, 0.24740111827850342, 43
episode: 394, return: 10.00  episilon: 0.100  time:1.67m
abs_error: 0.00021314620971679688, 0.022068388760089874, 0.19457566738128662, 47
episode: 395, return: 13.00  episilon: 0.100  time:1.69m
abs_error: 0.000133514404296875, 0.02374260313808918, 0.26194244623184204, 39
abs_error: 0.00023353099822998047, 0.02860083431005478, 0.561010479927063, 30
episode: 396, return: 9.00  episilon: 0.100  time:2.00m
episode: 397, return: 20.00  episilon: 0.100  time:1.21m
abs_error: 6.091594696044922e-05, 0.0231730118393898, 0.1210395097732544, 46
episode: 398, return: 19.00  episilon: 0.100  time:1.27m
abs_error: 9.584426879882812e-05, 0.02404397539794445, 0.3070873022079468, 38
episode: 399, return: 17.00  episilon: 0.100  time:1.23m
abs_error: 6.103515625e-05, 0.019471347332000732, 0.0849233865737915, 44
episode: 400, return: 19.00  episilon: 0.100  time:1.08m
Time: 564.65m
