/home/xuefeng/.environments/testrl/lib/python3.7/site-packages/gym/envs/registration.py:14: PkgResourcesDeprecationWarning: Parameters to load are deprecated.  Call .resolve and .require separately.
  result = entry_point.load(False)
Collecting transition... Time: 4.39m
Training...
episode: 0, return: -21.00  episilon: 0.900  time:0.69m
episode: 1, return: -20.00  episilon: 0.884  time:0.63m
abs_error: 0.011620275676250458, 0.05530738830566406, 0.9879953265190125, 5
episode: 2, return: -20.00  episilon: 0.868  time:0.54m
episode: 3, return: -21.00  episilon: 0.853  time:0.55m
abs_error: 0.002509772777557373, 0.03271757438778877, 0.9883431196212769, 3
episode: 4, return: -21.00  episilon: 0.838  time:0.60m
episode: 5, return: -21.00  episilon: 0.823  time:0.76m
abs_error: 0.018726840615272522, 0.048060342669487, 0.9807918071746826, 3
episode: 6, return: -21.00  episilon: 0.808  time:0.86m
episode: 7, return: -21.00  episilon: 0.793  time:0.62m
abs_error: 0.0215928852558136, 0.04288038611412048, 0.9779466390609741, 2
episode: 8, return: -20.00  episilon: 0.779  time:0.59m
episode: 9, return: -21.00  episilon: 0.765  time:0.63m
abs_error: 0.011266380548477173, 0.055754028260707855, 0.979072093963623, 4
episode: 10, return: -21.00  episilon: 0.751  time:0.71m
episode: 11, return: -21.00  episilon: 0.737  time:0.70m
abs_error: 0.017214536666870117, 0.058589473366737366, 0.9823125600814819, 4
episode: 12, return: -20.00  episilon: 0.724  time:0.62m
episode: 13, return: -21.00  episilon: 0.710  time:0.59m
episode: 14, return: -21.00  episilon: 0.697  time:0.62m
abs_error: 0.01196599006652832, 0.032082900404930115, 1.0192856788635254, 2
episode: 15, return: -20.00  episilon: 0.684  time:0.72m
episode: 16, return: -21.00  episilon: 0.671  time:0.68m
abs_error: 0.011732935905456543, 0.03325552120804787, 0.9770774245262146, 2
episode: 17, return: -20.00  episilon: 0.659  time:0.80m
episode: 18, return: -20.00  episilon: 0.647  time:0.54m
abs_error: 0.009183943271636963, 0.07381036877632141, 0.9811766147613525, 6
episode: 19, return: -20.00  episilon: 0.634  time:0.58m
episode: 20, return: -21.00  episilon: 0.622  time:0.52m
abs_error: 0.00370633602142334, 0.04468046873807907, 0.13904482126235962, 70
episode: 21, return: -20.00  episilon: 0.611  time:0.57m
episode: 22, return: -21.00  episilon: 0.599  time:0.46m
episode: 23, return: -21.00  episilon: 0.587  time:0.54m
abs_error: 8.183717727661133e-05, 0.02766282483935356, 0.303636372089386, 39
episode: 24, return: -20.00  episilon: 0.576  time:0.69m
episode: 25, return: -21.00  episilon: 0.565  time:0.55m
abs_error: 0.00013172626495361328, 0.06440941244363785, 0.8666301965713501, 34
episode: 26, return: -21.00  episilon: 0.554  time:0.76m
episode: 27, return: -21.00  episilon: 0.543  time:0.58m
abs_error: 6.252527236938477e-05, 0.03155606985092163, 0.17723238468170166, 51
episode: 28, return: -21.00  episilon: 0.533  time:0.51m
episode: 29, return: -21.00  episilon: 0.522  time:0.59m
episode: 30, return: -21.00  episilon: 0.512  time:0.59m
abs_error: 0.0002741217613220215, 0.04362627491354942, 0.3130420446395874, 41
episode: 31, return: -21.00  episilon: 0.502  time:0.60m
episode: 32, return: -21.00  episilon: 0.492  time:0.51m
abs_error: 0.0002046823501586914, 0.041459400206804276, 0.3228800892829895, 38
episode: 33, return: -21.00  episilon: 0.482  time:0.51m
episode: 34, return: -21.00  episilon: 0.473  time:0.69m
abs_error: 0.0001920461654663086, 0.04227997362613678, 0.47188717126846313, 27
episode: 35, return: -20.00  episilon: 0.463  time:0.66m
episode: 36, return: -21.00  episilon: 0.454  time:0.55m
episode: 37, return: -20.00  episilon: 0.445  time:0.50m
abs_error: 0.0008156299591064453, 0.04976088926196098, 0.6851609945297241, 24
episode: 38, return: -21.00  episilon: 0.436  time:0.55m
episode: 39, return: -21.00  episilon: 0.427  time:0.61m
abs_error: 0.0006173849105834961, 0.04927551746368408, 0.47004687786102295, 33
episode: 40, return: -21.00  episilon: 0.418  time:0.59m
episode: 41, return: -20.00  episilon: 0.409  time:0.63m
episode: 42, return: -21.00  episilon: 0.401  time:0.60m
abs_error: 7.867813110351562e-05, 0.0348627083003521, 0.33882999420166016, 36
episode: 43, return: -20.00  episilon: 0.393  time:0.64m
episode: 44, return: -20.00  episilon: 0.384  time:0.66m
abs_error: 7.11679458618164e-05, 0.0491175577044487, 0.9488798379898071, 32
episode: 45, return: -21.00  episilon: 0.376  time:0.63m
episode: 46, return: -21.00  episilon: 0.368  time:0.60m
abs_error: 0.0001494884490966797, 0.03089044615626335, 0.34319305419921875, 40
episode: 47, return: -21.00  episilon: 0.361  time:0.49m
episode: 48, return: -21.00  episilon: 0.353  time:0.47m
episode: 49, return: -20.00  episilon: 0.346  time:0.69m
abs_error: 0.0004830360412597656, 0.03720686212182045, 0.42365163564682007, 39
episode: 50, return: -21.00  episilon: 0.338  time:0.67m
abs_error: 0.00024819374084472656, 0.043782755732536316, 0.7392855882644653, 39
episode: 51, return: -18.00  episilon: 0.331  time:0.98m
episode: 52, return: -21.00  episilon: 0.324  time:0.53m
abs_error: 0.0007932186126708984, 0.04828871414065361, 0.9088695645332336, 28
episode: 53, return: -19.00  episilon: 0.317  time:0.96m
episode: 54, return: -20.00  episilon: 0.310  time:0.72m
abs_error: 0.00021648406982421875, 0.041031450033187866, 0.2839146852493286, 39
episode: 55, return: -16.00  episilon: 0.303  time:0.84m
episode: 56, return: -20.00  episilon: 0.297  time:0.86m
abs_error: 0.0003077387809753418, 0.04225402697920799, 0.29531633853912354, 46
episode: 57, return: -19.00  episilon: 0.290  time:1.02m
abs_error: 0.0014579296112060547, 0.053453415632247925, 0.34595787525177, 33
episode: 58, return: -18.00  episilon: 0.284  time:1.01m
abs_error: 0.0005819797515869141, 0.038832731544971466, 0.48346614837646484, 33
episode: 59, return: -19.00  episilon: 0.277  time:0.97m
episode: 60, return: -18.00  episilon: 0.271  time:1.09m
abs_error: 0.00037288665771484375, 0.02616678737103939, 0.22178542613983154, 37
episode: 61, return: -18.00  episilon: 0.265  time:0.85m
episode: 62, return: -21.00  episilon: 0.259  time:0.47m
abs_error: 0.0003612637519836426, 0.046807583421468735, 0.9863860607147217, 30
episode: 63, return: -18.00  episilon: 0.253  time:0.95m
abs_error: 0.0005701184272766113, 0.042823150753974915, 0.4626620411872864, 32
episode: 64, return: -20.00  episilon: 0.247  time:0.93m
episode: 65, return: -20.00  episilon: 0.242  time:0.75m
abs_error: 0.00046372413635253906, 0.045506346970796585, 0.627395510673523, 43
episode: 66, return: -17.00  episilon: 0.236  time:0.91m
abs_error: 0.00023543834686279297, 0.04794307053089142, 0.35762858390808105, 35
episode: 67, return: -18.00  episilon: 0.231  time:1.00m
episode: 68, return: -20.00  episilon: 0.225  time:1.15m
abs_error: 2.6345252990722656e-05, 0.05585281550884247, 0.8240998983383179, 29
episode: 69, return: -20.00  episilon: 0.220  time:0.86m
abs_error: 7.545948028564453e-05, 0.043222423642873764, 0.5329857468605042, 38
episode: 70, return: -18.00  episilon: 0.215  time:0.91m
episode: 71, return: -13.00  episilon: 0.210  time:1.21m
abs_error: 0.00021088123321533203, 0.044379234313964844, 0.28195488452911377, 48
episode: 72, return: -20.00  episilon: 0.205  time:1.20m
abs_error: 0.002076387405395508, 0.0640205442905426, 0.9572685956954956, 36
episode: 73, return: -16.00  episilon: 0.200  time:1.17m
abs_error: 0.0004112720489501953, 0.037520673125982285, 0.39020371437072754, 46
episode: 74, return: -18.00  episilon: 0.195  time:1.07m
abs_error: 3.439188003540039e-05, 0.03622646629810333, 0.26569581031799316, 46
episode: 75, return: -16.00  episilon: 0.191  time:1.07m
abs_error: 0.001037001609802246, 0.0370783656835556, 0.22645336389541626, 37
episode: 76, return: -17.00  episilon: 0.186  time:1.29m
abs_error: 0.0007476210594177246, 0.04704955220222473, 0.7665716409683228, 31
episode: 77, return: -18.00  episilon: 0.182  time:1.23m
abs_error: 1.2755393981933594e-05, 0.03859546408057213, 0.390685498714447, 40
episode: 78, return: -18.00  episilon: 0.177  time:1.17m
abs_error: 0.0011017918586730957, 0.046812333166599274, 0.29078197479248047, 39
episode: 79, return: -20.00  episilon: 0.173  time:1.30m
abs_error: 0.0007235407829284668, 0.03650911897420883, 0.34365034103393555, 41
episode: 80, return: -18.00  episilon: 0.169  time:1.73m
abs_error: 0.00025326013565063477, 0.040470533072948456, 0.6477986574172974, 38
episode: 81, return: -17.00  episilon: 0.165  time:1.33m
abs_error: 0.0003948211669921875, 0.05074438825249672, 0.5217211246490479, 40
episode: 82, return: -18.00  episilon: 0.161  time:1.47m
abs_error: 0.0004635453224182129, 0.03823608532547951, 0.45956361293792725, 38
episode: 83, return: -16.00  episilon: 0.157  time:1.54m
abs_error: 0.0001035928726196289, 0.04757259413599968, 0.516231894493103, 42
episode: 84, return: -18.00  episilon: 0.153  time:1.37m
abs_error: 0.0004481673240661621, 0.04078824073076248, 0.33502376079559326, 46
episode: 85, return: -18.00  episilon: 0.149  time:1.61m
abs_error: 0.00044918060302734375, 0.04354880750179291, 0.4310988783836365, 43
episode: 86, return: -12.00  episilon: 0.145  time:1.63m
abs_error: 0.00018149614334106445, 0.036058563739061356, 0.24322223663330078, 45
episode: 87, return: -18.00  episilon: 0.141  time:1.64m
abs_error: 0.00035709142684936523, 0.04778589308261871, 0.3567158579826355, 41
abs_error: 0.0005929470062255859, 0.039597660303115845, 0.28997960686683655, 47
episode: 88, return: -18.00  episilon: 0.138  time:1.37m
abs_error: 0.00014412403106689453, 0.049798548221588135, 0.41994237899780273, 40
episode: 89, return: -15.00  episilon: 0.134  time:1.86m
abs_error: 0.00019288063049316406, 0.045358963310718536, 0.3772242069244385, 43
episode: 90, return: -18.00  episilon: 0.131  time:1.26m
abs_error: 0.00011867284774780273, 0.03866786137223244, 0.1887737512588501, 46
episode: 91, return: -17.00  episilon: 0.127  time:1.36m
abs_error: 0.00045990943908691406, 0.03785603120923042, 0.5530259609222412, 43
episode: 92, return: -17.00  episilon: 0.124  time:1.34m
abs_error: 0.00048229098320007324, 0.03953265771269798, 0.21644915640354156, 47
episode: 93, return: -17.00  episilon: 0.121  time:1.56m
abs_error: 0.0003917813301086426, 0.04133055359125137, 0.2048884630203247, 42
episode: 94, return: -17.00  episilon: 0.118  time:1.49m
abs_error: 0.00010088086128234863, 0.034764278680086136, 0.5732598900794983, 37
episode: 95, return: -19.00  episilon: 0.115  time:1.50m
abs_error: 0.00046819448471069336, 0.030855469405651093, 0.2617407441139221, 43
episode: 96, return: -15.00  episilon: 0.112  time:1.87m
abs_error: 0.00021225214004516602, 0.030976977199316025, 0.2547769248485565, 47
abs_error: 0.0005241930484771729, 0.03930310159921646, 0.27071213722229004, 45
episode: 97, return: -13.00  episilon: 0.109  time:1.83m
abs_error: 0.002204328775405884, 0.04072943702340126, 0.2823225259780884, 45
episode: 98, return: -16.00  episilon: 0.106  time:1.84m
abs_error: 0.0008540302515029907, 0.04466104507446289, 0.3542620539665222, 41
abs_error: 3.933906555175781e-06, 0.04443621635437012, 0.31032440066337585, 50
episode: 99, return: -14.00  episilon: 0.103  time:2.25m
abs_error: 0.000420987606048584, 0.03893759474158287, 0.33066731691360474, 42
episode: 100, return: -17.00  episilon: 0.100  time:1.69m
abs_error: 0.00015804916620254517, 0.036850787699222565, 0.3284702003002167, 41
abs_error: 3.739446401596069e-05, 0.049537185579538345, 0.4328094720840454, 44
episode: 101, return: -14.00  episilon: 0.100  time:2.35m
abs_error: 0.0007979422807693481, 0.037908464670181274, 0.21501702070236206, 48
episode: 102, return: -20.00  episilon: 0.100  time:1.43m
abs_error: 5.526840686798096e-05, 0.044695474207401276, 0.28056931495666504, 40
episode: 103, return: -13.00  episilon: 0.100  time:1.95m
abs_error: 3.7550926208496094e-06, 0.04335935786366463, 0.5196645259857178, 42
abs_error: 2.760067582130432e-05, 0.04504863917827606, 0.24213039875030518, 47
episode: 104, return: -18.00  episilon: 0.100  time:1.44m
abs_error: 0.00014632940292358398, 0.042251959443092346, 0.1856447011232376, 50
episode: 105, return: -15.00  episilon: 0.100  time:1.95m
abs_error: 0.0001054033637046814, 0.05201256275177002, 0.5185182690620422, 36
episode: 106, return: -18.00  episilon: 0.100  time:1.49m
abs_error: 3.644824028015137e-05, 0.04530148208141327, 0.3543565273284912, 40
abs_error: 0.0009238123893737793, 0.04513387754559517, 0.4679926633834839, 36
episode: 107, return: -8.00  episilon: 0.100  time:2.01m
abs_error: 0.00019638240337371826, 0.05866757407784462, 0.6806824207305908, 34
episode: 108, return: -13.00  episilon: 0.100  time:1.56m
abs_error: 1.9039958715438843e-05, 0.04624723643064499, 0.6815755367279053, 40
episode: 109, return: -18.00  episilon: 0.100  time:1.60m
abs_error: 0.00044867396354675293, 0.04549824073910713, 0.2676476240158081, 59
episode: 110, return: -11.00  episilon: 0.100  time:1.88m
abs_error: 0.0002880096435546875, 0.04298235848546028, 0.516991138458252, 40
episode: 111, return: -16.00  episilon: 0.100  time:1.45m
abs_error: 0.0010122805833816528, 0.03785327449440956, 0.245548814535141, 48
abs_error: 7.971376180648804e-05, 0.036199551075696945, 0.3673282861709595, 39
episode: 112, return: -9.00  episilon: 0.100  time:2.14m
abs_error: 0.0006867200136184692, 0.03470725938677788, 0.3211725950241089, 44
episode: 113, return: -14.00  episilon: 0.100  time:1.72m
abs_error: 0.000551760196685791, 0.04026908800005913, 0.29916107654571533, 44
episode: 114, return: -16.00  episilon: 0.100  time:1.61m
abs_error: 0.0007929205894470215, 0.05279267206788063, 0.3208191394805908, 42
episode: 115, return: -14.00  episilon: 0.100  time:1.52m
abs_error: 0.000493466854095459, 0.05016469955444336, 0.4273589253425598, 41
abs_error: 0.0001646280288696289, 0.0479084812104702, 0.23660609126091003, 45
episode: 116, return: -11.00  episilon: 0.100  time:1.77m
abs_error: 0.00037023425102233887, 0.04031945392489433, 0.1801227629184723, 46
episode: 117, return: -17.00  episilon: 0.100  time:1.29m
abs_error: 0.00016492605209350586, 0.04437020421028137, 0.34553855657577515, 46
episode: 118, return: -15.00  episilon: 0.100  time:1.46m
abs_error: 0.00038442015647888184, 0.04670112207531929, 0.6395361423492432, 45
episode: 119, return: -14.00  episilon: 0.100  time:1.45m
abs_error: 0.00039352476596832275, 0.04178360477089882, 0.28677821159362793, 44
episode: 120, return: -14.00  episilon: 0.100  time:1.69m
abs_error: 2.6084482669830322e-05, 0.04409535229206085, 0.3774138391017914, 39
episode: 121, return: -16.00  episilon: 0.100  time:1.39m
abs_error: 0.0008670799434185028, 0.050369713455438614, 0.5199549794197083, 37
episode: 122, return: -14.00  episilon: 0.100  time:1.68m
abs_error: 0.0006194263696670532, 0.03707876801490784, 0.2595420479774475, 41
episode: 123, return: -12.00  episilon: 0.100  time:1.65m
abs_error: 0.0005764365196228027, 0.044458046555519104, 0.23854777216911316, 44
abs_error: 0.00041496753692626953, 0.04090160131454468, 0.2529749870300293, 46
episode: 124, return: -9.00  episilon: 0.100  time:1.86m
abs_error: 0.00019678473472595215, 0.040514979511499405, 0.32658982276916504, 42
episode: 125, return: -13.00  episilon: 0.100  time:1.75m
abs_error: 0.00026226043701171875, 0.038910649716854095, 0.38403964042663574, 34
abs_error: 0.00043711066246032715, 0.041246235370635986, 0.34344059228897095, 37
episode: 126, return: -9.00  episilon: 0.100  time:2.02m
abs_error: 0.0004569590091705322, 0.054709695279598236, 0.2921845316886902, 45
episode: 127, return: -10.00  episilon: 0.100  time:1.69m
abs_error: 0.00023993849754333496, 0.03916454315185547, 0.26876258850097656, 43
abs_error: 0.00016456842422485352, 0.04641113430261612, 0.496157169342041, 37
episode: 128, return: -13.00  episilon: 0.100  time:2.18m
abs_error: 2.175569534301758e-06, 0.04549699276685715, 0.2578108608722687, 49
episode: 129, return: -9.00  episilon: 0.100  time:2.10m
abs_error: 0.0003273487091064453, 0.05223911628127098, 0.5968441367149353, 40
abs_error: 0.00022614002227783203, 0.04321916773915291, 0.2519703507423401, 42
episode: 130, return: 6.00  episilon: 0.100  time:2.07m
abs_error: 0.0002690553665161133, 0.041133154183626175, 0.16366425156593323, 49
episode: 131, return: -12.00  episilon: 0.100  time:1.81m
abs_error: 0.0007194280624389648, 0.04022986441850662, 0.20510607957839966, 46
abs_error: 0.0001334547996520996, 0.04781992360949516, 0.2973693013191223, 38
episode: 132, return: -2.00  episilon: 0.100  time:2.89m
abs_error: 0.0006111264228820801, 0.04841521382331848, 0.41626596450805664, 40
episode: 133, return: -6.00  episilon: 0.100  time:1.98m
abs_error: 7.763504981994629e-05, 0.03525364026427269, 0.16888046264648438, 48
abs_error: 0.0001913011074066162, 0.049243561923503876, 0.23542410135269165, 48
episode: 134, return: -6.00  episilon: 0.100  time:1.96m
abs_error: 5.672872066497803e-05, 0.043087344616651535, 0.3120521306991577, 42
episode: 135, return: -8.00  episilon: 0.100  time:2.02m
abs_error: 8.308887481689453e-05, 0.04314500093460083, 0.2570130527019501, 43
abs_error: 0.0004975423216819763, 0.04846374690532684, 0.4972001314163208, 41
episode: 136, return: -6.00  episilon: 0.100  time:2.23m
abs_error: 0.00018745660781860352, 0.0480717197060585, 0.6101678609848022, 36
abs_error: 0.0006887167692184448, 0.05714218690991402, 0.31912124156951904, 38
episode: 137, return: -2.00  episilon: 0.100  time:2.47m
abs_error: 1.2159347534179688e-05, 0.05048556625843048, 0.3419279456138611, 36
episode: 138, return: -1.00  episilon: 0.100  time:2.37m
abs_error: 0.00021564960479736328, 0.04733704403042793, 0.23890864849090576, 41
abs_error: 0.0001881122589111328, 0.05249378830194473, 0.290494441986084, 41
episode: 139, return: -8.00  episilon: 0.100  time:1.86m
abs_error: 0.0007361769676208496, 0.049376800656318665, 0.3712345361709595, 43
episode: 140, return: -12.00  episilon: 0.100  time:1.59m
abs_error: 5.424022674560547e-05, 0.03948257118463516, 0.342063844203949, 41
abs_error: 0.0006324052810668945, 0.058368418365716934, 0.7072843909263611, 42
episode: 141, return: 4.00  episilon: 0.100  time:2.76m
abs_error: 3.8564205169677734e-05, 0.050663597881793976, 0.39787644147872925, 45
episode: 142, return: -5.00  episilon: 0.100  time:2.10m
abs_error: 0.0004883408546447754, 0.04308590292930603, 0.4063590168952942, 40
abs_error: 0.00014281272888183594, 0.05912747234106064, 0.3844063878059387, 39
episode: 143, return: 6.00  episilon: 0.100  time:2.14m
abs_error: 0.001508951187133789, 0.05720512941479683, 1.2248311042785645, 35
abs_error: 0.00025582313537597656, 0.050425391644239426, 0.47782039642333984, 36
episode: 144, return: 1.00  episilon: 0.100  time:2.73m
abs_error: 0.00020432472229003906, 0.05400145798921585, 0.24724555015563965, 49
abs_error: 0.001039266586303711, 0.04316794127225876, 0.3815567195415497, 42
episode: 145, return: -4.00  episilon: 0.100  time:2.35m
abs_error: 7.677078247070312e-05, 0.04063640907406807, 0.1914164423942566, 49
episode: 146, return: -5.00  episilon: 0.100  time:2.33m
abs_error: 6.0439109802246094e-05, 0.05158839002251625, 0.4984753131866455, 44
abs_error: 7.808208465576172e-06, 0.042563579976558685, 0.2952084541320801, 42
episode: 147, return: 4.00  episilon: 0.100  time:2.71m
abs_error: 0.0005300343036651611, 0.04867633432149887, 0.3613377809524536, 43
abs_error: 0.0002104640007019043, 0.04251537099480629, 0.1760619878768921, 51
episode: 148, return: -2.00  episilon: 0.100  time:2.34m
abs_error: 0.0012344121932983398, 0.048807062208652496, 0.4458356499671936, 38
abs_error: 0.0003941059112548828, 0.04795560613274574, 0.258525550365448, 40
episode: 149, return: 6.00  episilon: 0.100  time:2.16m
abs_error: 0.0004454590380191803, 0.04932250455021858, 0.41556668281555176, 40
episode: 150, return: 3.00  episilon: 0.100  time:2.48m
abs_error: 0.0001850128173828125, 0.03963634371757507, 0.3988053798675537, 45
abs_error: 0.0004146099090576172, 0.039356693625450134, 0.2185206413269043, 46
episode: 151, return: 5.00  episilon: 0.100  time:2.10m
abs_error: 0.0005998611450195312, 0.04815733805298805, 1.5894103050231934, 32
abs_error: 3.1888484954833984e-05, 0.05129174888134003, 0.38796573877334595, 37
episode: 152, return: 4.00  episilon: 0.100  time:2.20m
abs_error: 0.0008003711700439453, 0.044656991958618164, 0.7390683889389038, 46
episode: 153, return: 7.00  episilon: 0.100  time:2.20m
abs_error: 0.00014641880989074707, 0.049184009432792664, 0.4050182104110718, 45
abs_error: 0.00013887882232666016, 0.05051806941628456, 0.5978020429611206, 39
episode: 154, return: 7.00  episilon: 0.100  time:1.96m
abs_error: 0.0006747245788574219, 0.046161726117134094, 0.2829238772392273, 45
episode: 155, return: 5.00  episilon: 0.100  time:2.06m
abs_error: 0.00043213367462158203, 0.04968000575900078, 0.6021203398704529, 37
abs_error: 0.0005172491073608398, 0.044787291437387466, 0.8924943208694458, 37
episode: 156, return: 2.00  episilon: 0.100  time:2.53m
abs_error: 0.0002480745315551758, 0.041154321283102036, 0.47104471921920776, 42
abs_error: 0.0005812644958496094, 0.050991714000701904, 0.6392359733581543, 34
episode: 157, return: 4.00  episilon: 0.100  time:2.09m
abs_error: 0.00014203786849975586, 0.041331697255373, 0.4188578128814697, 45
episode: 158, return: 9.00  episilon: 0.100  time:2.11m
abs_error: 0.0005893111228942871, 0.04333746060729027, 0.28068631887435913, 37
abs_error: 0.0005660057067871094, 0.0392610989511013, 0.23114454746246338, 45
episode: 159, return: 8.00  episilon: 0.100  time:2.08m
abs_error: 0.0002472400665283203, 0.0422733910381794, 0.22295939922332764, 46
abs_error: 0.0003414154052734375, 0.03933434933423996, 0.4121893048286438, 46
episode: 160, return: 5.00  episilon: 0.100  time:2.34m
abs_error: 0.0006492137908935547, 0.05537531524896622, 0.8124654293060303, 34
episode: 161, return: 4.00  episilon: 0.100  time:2.58m
abs_error: 0.00015211105346679688, 0.044008247554302216, 0.3087615966796875, 51
abs_error: 0.00025975704193115234, 0.054752398282289505, 0.4333425760269165, 28
episode: 162, return: 10.00  episilon: 0.100  time:1.74m
abs_error: 0.0005179047584533691, 0.04373079538345337, 0.2427159547805786, 46
episode: 163, return: 10.00  episilon: 0.100  time:1.85m
abs_error: 0.0011043548583984375, 0.038517605513334274, 0.2865939140319824, 46
abs_error: 0.0002843141555786133, 0.04290814325213432, 0.5472174882888794, 40
episode: 164, return: 10.00  episilon: 0.100  time:1.95m
abs_error: 0.00010609626770019531, 0.041641756892204285, 0.26822400093078613, 41
episode: 165, return: 10.00  episilon: 0.100  time:1.83m
abs_error: 0.00036263465881347656, 0.041832856833934784, 0.3935925364494324, 48
episode: 166, return: 11.00  episilon: 0.100  time:2.02m
abs_error: 2.9325485229492188e-05, 0.038190700113773346, 0.7242740392684937, 34
abs_error: 7.641315460205078e-05, 0.041925907135009766, 0.36574745178222656, 50
episode: 167, return: 4.00  episilon: 0.100  time:2.15m
abs_error: 0.00027942657470703125, 0.04360372573137283, 0.283449649810791, 47
abs_error: 0.00014710426330566406, 0.040003206580877304, 0.4690523147583008, 43
episode: 168, return: 1.00  episilon: 0.100  time:2.72m
abs_error: 0.0003339052200317383, 0.03109162300825119, 0.26704126596450806, 49
abs_error: 0.0002652406692504883, 0.03230469673871994, 0.2290666699409485, 42
episode: 169, return: 6.00  episilon: 0.100  time:2.20m
abs_error: 0.00020074844360351562, 0.03436430171132088, 0.1810358166694641, 46
episode: 170, return: -3.00  episilon: 0.100  time:2.41m
abs_error: 3.5881996154785156e-05, 0.03649337217211723, 0.13934612274169922, 50
abs_error: 0.00013720989227294922, 0.04383070394396782, 0.22571200132369995, 44
episode: 171, return: 11.00  episilon: 0.100  time:1.98m
abs_error: 0.0002530813217163086, 0.03692016750574112, 0.23037561774253845, 43
episode: 172, return: 11.00  episilon: 0.100  time:2.08m
abs_error: 9.66787338256836e-05, 0.04412521794438362, 0.25189173221588135, 38
abs_error: 0.0010808706283569336, 0.042704205960035324, 0.3449441194534302, 43
episode: 173, return: 7.00  episilon: 0.100  time:2.05m
abs_error: 0.00020444393157958984, 0.03601983189582825, 0.23076677322387695, 45
abs_error: 0.0002473592758178711, 0.037112049758434296, 0.36728978157043457, 43
episode: 174, return: 4.00  episilon: 0.100  time:2.37m
abs_error: 0.000255584716796875, 0.04354768991470337, 0.46175241470336914, 46
episode: 175, return: 12.00  episilon: 0.100  time:1.82m
abs_error: 0.0003409385681152344, 0.03994418680667877, 0.2792222499847412, 41
episode: 176, return: 6.00  episilon: 0.100  time:2.12m
abs_error: 0.0012264251708984375, 0.0473385788500309, 0.6749609708786011, 35
abs_error: 0.00013113021850585938, 0.0392213873565197, 0.4573010206222534, 43
episode: 177, return: 8.00  episilon: 0.100  time:1.90m
abs_error: 0.0007718801498413086, 0.03828093409538269, 0.2563389539718628, 47
episode: 178, return: 11.00  episilon: 0.100  time:1.76m
abs_error: 1.239776611328125e-05, 0.04586423933506012, 0.5389803647994995, 33
abs_error: 0.0002065896987915039, 0.03773881494998932, 0.22466027736663818, 45
episode: 179, return: 14.00  episilon: 0.100  time:1.85m
abs_error: 8.344650268554688e-06, 0.039806317538022995, 0.5492335557937622, 44
episode: 180, return: 3.00  episilon: 0.100  time:2.22m
abs_error: 0.0004544258117675781, 0.04109276831150055, 0.6700841188430786, 50
abs_error: 0.00011980533599853516, 0.03963617980480194, 0.2727205753326416, 41
episode: 181, return: 11.00  episilon: 0.100  time:1.84m
abs_error: 0.00017321109771728516, 0.044434480369091034, 1.2656919956207275, 31
episode: 182, return: 9.00  episilon: 0.100  time:2.15m
abs_error: 0.0007764101028442383, 0.04011736065149307, 0.5465860366821289, 41
abs_error: 4.649162292480469e-05, 0.03181249275803566, 0.22614896297454834, 45
episode: 183, return: 9.00  episilon: 0.100  time:2.03m
abs_error: 0.00014209747314453125, 0.03148868680000305, 0.13709557056427002, 49
episode: 184, return: 14.00  episilon: 0.100  time:1.88m
abs_error: 0.0004583597183227539, 0.036062225699424744, 0.319385290145874, 43
abs_error: 0.0003947019577026367, 0.02908792346715927, 0.24658071994781494, 51
episode: 185, return: 5.00  episilon: 0.100  time:2.13m
abs_error: 0.0005966424942016602, 0.03220570087432861, 0.35145270824432373, 45
episode: 186, return: 9.00  episilon: 0.100  time:1.91m
abs_error: 0.0002595186233520508, 0.034950532019138336, 0.24271893501281738, 45
episode: 187, return: 14.00  episilon: 0.100  time:1.87m
abs_error: 0.00022101402282714844, 0.02910136990249157, 0.17646360397338867, 46
abs_error: 0.0004787445068359375, 0.03416438400745392, 0.2849050760269165, 39
episode: 188, return: 3.00  episilon: 0.100  time:2.03m
abs_error: 0.00034499168395996094, 0.029927711933851242, 0.14945518970489502, 47
episode: 189, return: 11.00  episilon: 0.100  time:2.31m
abs_error: 0.0003485679626464844, 0.038023289293050766, 0.19623315334320068, 41
abs_error: 0.00033855438232421875, 0.03755340725183487, 0.22170603275299072, 50
episode: 190, return: 13.00  episilon: 0.100  time:1.66m
abs_error: 0.0004113912582397461, 0.02922310307621956, 0.21044230461120605, 46
episode: 191, return: 8.00  episilon: 0.100  time:1.93m
abs_error: 0.0002351999282836914, 0.032634567469358444, 0.41096925735473633, 37
abs_error: 0.0009652376174926758, 0.031204288825392723, 0.2293412685394287, 44
episode: 192, return: 7.00  episilon: 0.100  time:2.17m
abs_error: 0.0003401041030883789, 0.029214199632406235, 0.1115337610244751, 48
episode: 193, return: 11.00  episilon: 0.100  time:1.84m
abs_error: 0.00029969215393066406, 0.03553216531872749, 0.4962347745895386, 39
episode: 194, return: 13.00  episilon: 0.100  time:1.71m
abs_error: 0.00012743473052978516, 0.03143917769193649, 0.23675882816314697, 45
abs_error: 0.00036895275115966797, 0.03369966149330139, 0.16575652360916138, 43
episode: 195, return: 7.00  episilon: 0.100  time:2.04m
abs_error: 7.677078247070312e-05, 0.02778836525976658, 0.24649107456207275, 45
episode: 196, return: 13.00  episilon: 0.100  time:1.55m
abs_error: 6.461143493652344e-05, 0.02955266833305359, 0.4342718720436096, 36
episode: 197, return: 16.00  episilon: 0.100  time:1.44m
abs_error: 0.00028395652770996094, 0.031826745718717575, 0.19622397422790527, 48
episode: 198, return: 14.00  episilon: 0.100  time:1.68m
abs_error: 0.00028836727142333984, 0.033936064690351486, 0.4146749973297119, 39
abs_error: 6.92605972290039e-05, 0.025980325415730476, 0.1263420581817627, 48
episode: 199, return: 14.00  episilon: 0.100  time:1.54m
abs_error: 0.0005332231521606445, 0.04455089941620827, 0.650093674659729, 33
episode: 200, return: 13.00  episilon: 0.100  time:1.80m
abs_error: 0.001192331314086914, 0.028930727392435074, 0.24615025520324707, 45
episode: 201, return: 10.00  episilon: 0.100  time:2.05m
abs_error: 5.0067901611328125e-06, 0.02991030365228653, 0.18880867958068848, 45
abs_error: 0.0015943050384521484, 0.03426763415336609, 0.3046496510505676, 36
episode: 202, return: 14.00  episilon: 0.100  time:1.61m
abs_error: 0.001274704933166504, 0.037993334233760834, 0.30544590950012207, 43
episode: 203, return: 11.00  episilon: 0.100  time:1.89m
abs_error: 9.310245513916016e-05, 0.039318595081567764, 0.27836406230926514, 47
abs_error: 0.000400543212890625, 0.03478020802140236, 0.27952468395233154, 48
episode: 204, return: 11.00  episilon: 0.100  time:2.10m
abs_error: 0.0006778240203857422, 0.03565967082977295, 0.31652703881263733, 40
episode: 205, return: 11.00  episilon: 0.100  time:1.81m
abs_error: 0.00045049190521240234, 0.030367426574230194, 0.30086028575897217, 44
episode: 206, return: 14.00  episilon: 0.100  time:1.53m
abs_error: 0.0001868605613708496, 0.03314460813999176, 0.2890048027038574, 38
episode: 207, return: 13.00  episilon: 0.100  time:2.04m
abs_error: 0.0002598762512207031, 0.031968120485544205, 0.27351701259613037, 43
abs_error: 0.0005193948745727539, 0.042648155242204666, 0.5734208822250366, 26
episode: 208, return: 10.00  episilon: 0.100  time:1.93m
abs_error: 0.00045013427734375, 0.028040673583745956, 0.1886582374572754, 50
episode: 209, return: 12.00  episilon: 0.100  time:1.48m
abs_error: 0.0006570816040039062, 0.03171683847904205, 0.38005971908569336, 50
episode: 210, return: 17.00  episilon: 0.100  time:1.54m
abs_error: 0.00022339820861816406, 0.025196991860866547, 0.13771122694015503, 49
episode: 211, return: 18.00  episilon: 0.100  time:1.43m
abs_error: 0.0001226663589477539, 0.03159896284341812, 0.1605985164642334, 49
abs_error: 9.53376293182373e-05, 0.03171973302960396, 0.17180657386779785, 48
episode: 212, return: 8.00  episilon: 0.100  time:1.91m
abs_error: 0.00013715028762817383, 0.043554794043302536, 0.35509276390075684, 42
episode: 213, return: 16.00  episilon: 0.100  time:1.43m
abs_error: 0.0005017518997192383, 0.03276735916733742, 0.24390053749084473, 36
episode: 214, return: 13.00  episilon: 0.100  time:1.69m
abs_error: 0.00013148784637451172, 0.03535113111138344, 0.3162623643875122, 50
episode: 215, return: 16.00  episilon: 0.100  time:1.48m
abs_error: 0.00013208389282226562, 0.026031851768493652, 0.11842906475067139, 52
episode: 216, return: 7.00  episilon: 0.100  time:1.95m
abs_error: 0.0001266002655029297, 0.02963767759501934, 0.2601618766784668, 47
abs_error: 4.00543212890625e-05, 0.031546611338853836, 0.28043055534362793, 40
episode: 217, return: 10.00  episilon: 0.100  time:1.67m
abs_error: 9.85860824584961e-05, 0.03495979309082031, 0.4076489210128784, 42
episode: 218, return: 14.00  episilon: 0.100  time:1.71m
abs_error: 7.104873657226562e-05, 0.030529886484146118, 0.13680148124694824, 49
episode: 219, return: 10.00  episilon: 0.100  time:1.92m
abs_error: 0.0003287792205810547, 0.02927182987332344, 0.12636876106262207, 49
episode: 220, return: 15.00  episilon: 0.100  time:1.40m
abs_error: 0.0001703500747680664, 0.031837575137615204, 0.19004076719284058, 44
abs_error: 5.960464477539062e-07, 0.027953578159213066, 0.21252822875976562, 45
episode: 221, return: 9.00  episilon: 0.100  time:1.75m
abs_error: 0.0009260177612304688, 0.03237304463982582, 0.19272315502166748, 44
episode: 222, return: -6.00  episilon: 0.100  time:1.75m
abs_error: 0.00031685829162597656, 0.03353928029537201, 0.20028114318847656, 40
episode: 223, return: 15.00  episilon: 0.100  time:1.28m
abs_error: 0.0008869171142578125, 0.037672705948352814, 0.4250166416168213, 42
episode: 224, return: 9.00  episilon: 0.100  time:1.70m
abs_error: 7.3909759521484375e-06, 0.031478382647037506, 0.46418270468711853, 42
episode: 225, return: 15.00  episilon: 0.100  time:1.45m
abs_error: 0.0007547140121459961, 0.034747131168842316, 0.3518550395965576, 46
episode: 226, return: 11.00  episilon: 0.100  time:1.55m
abs_error: 0.00022161006927490234, 0.037321362644433975, 0.8839281797409058, 36
episode: 227, return: 12.00  episilon: 0.100  time:1.57m
abs_error: 0.00020802021026611328, 0.028951629996299744, 0.21547913551330566, 37
abs_error: 0.0003886222839355469, 0.029629677534103394, 0.5338476896286011, 37
episode: 228, return: 9.00  episilon: 0.100  time:1.97m
abs_error: 0.0001024007797241211, 0.028732258826494217, 0.13523709774017334, 43
episode: 229, return: 15.00  episilon: 0.100  time:1.49m
abs_error: 6.103515625e-05, 0.026911264285445213, 0.186539888381958, 38
episode: 230, return: 6.00  episilon: 0.100  time:1.76m
abs_error: 0.0004194974899291992, 0.025586115196347237, 0.11800819635391235, 47
abs_error: 0.00015473365783691406, 0.031131424009799957, 0.27749013900756836, 36
episode: 231, return: 11.00  episilon: 0.100  time:1.60m
abs_error: 4.8279762268066406e-05, 0.02732982486486435, 0.12993073463439941, 48
episode: 232, return: 14.00  episilon: 0.100  time:1.45m
abs_error: 0.00045943260192871094, 0.034715522080659866, 0.3142614960670471, 36
episode: 233, return: 13.00  episilon: 0.100  time:1.67m
abs_error: 0.00021028518676757812, 0.031635530292987823, 0.2614901065826416, 44
episode: 234, return: 8.00  episilon: 0.100  time:1.90m
abs_error: 0.0003026723861694336, 0.0316431000828743, 0.29034221172332764, 42
abs_error: 0.0002835988998413086, 0.02846505492925644, 0.1702209711074829, 47
episode: 235, return: 15.00  episilon: 0.100  time:1.55m
abs_error: 5.352497100830078e-05, 0.026724182069301605, 0.12660717964172363, 52
episode: 236, return: 13.00  episilon: 0.100  time:1.57m
abs_error: 5.5789947509765625e-05, 0.027405481785535812, 0.17037129402160645, 46
episode: 237, return: 6.00  episilon: 0.100  time:1.99m
abs_error: 0.0005713701248168945, 0.03180265054106712, 0.26935601234436035, 42
episode: 238, return: 11.00  episilon: 0.100  time:1.78m
abs_error: 0.00014197826385498047, 0.023638177663087845, 0.08619952201843262, 53
abs_error: 4.7326087951660156e-05, 0.027808085083961487, 0.20381039381027222, 47
episode: 239, return: 17.00  episilon: 0.100  time:1.35m
abs_error: 0.000274658203125, 0.028430035337805748, 0.1428985595703125, 52
episode: 240, return: 13.00  episilon: 0.100  time:1.37m
abs_error: 0.00029647350311279297, 0.02759440988302231, 0.5431879758834839, 44
episode: 241, return: 6.00  episilon: 0.100  time:2.07m
abs_error: 0.0002770423889160156, 0.03192978352308273, 0.1709442138671875, 39
episode: 242, return: 13.00  episilon: 0.100  time:1.75m
abs_error: 0.0005826950073242188, 0.028053781017661095, 0.10180968046188354, 52
episode: 243, return: 17.00  episilon: 0.100  time:1.24m
abs_error: 7.975101470947266e-05, 0.034720517694950104, 0.37864935398101807, 34
abs_error: 0.00039589405059814453, 0.03049479052424431, 0.42657554149627686, 40
episode: 244, return: 17.00  episilon: 0.100  time:1.53m
abs_error: 0.0002027750015258789, 0.03303535282611847, 0.4933048486709595, 39
episode: 245, return: 15.00  episilon: 0.100  time:1.46m
abs_error: 2.0265579223632812e-06, 0.035041939467191696, 0.9573270082473755, 31
episode: 246, return: 15.00  episilon: 0.100  time:1.46m
abs_error: 0.00022590160369873047, 0.026771103963255882, 0.1888970136642456, 46
episode: 247, return: 12.00  episilon: 0.100  time:1.69m
abs_error: 0.000739753246307373, 0.02603013999760151, 0.13430944085121155, 47
episode: 248, return: 8.00  episilon: 0.100  time:1.70m
abs_error: 0.0003892183303833008, 0.02615261636674404, 0.12993526458740234, 43
episode: 249, return: 15.00  episilon: 0.100  time:1.38m
abs_error: 0.0001800060272216797, 0.02499421313405037, 0.11360335350036621, 50
episode: 250, return: 19.00  episilon: 0.100  time:1.38m
abs_error: 0.0003358125686645508, 0.025999004021286964, 0.16727215051651, 44
episode: 251, return: 14.00  episilon: 0.100  time:1.57m
abs_error: 5.507469177246094e-05, 0.029034268110990524, 0.5501197576522827, 48
episode: 252, return: 15.00  episilon: 0.100  time:1.40m
abs_error: 3.361701965332031e-05, 0.027474302798509598, 0.12813913822174072, 53
abs_error: 2.2172927856445312e-05, 0.027029700577259064, 0.36041176319122314, 48
episode: 253, return: 7.00  episilon: 0.100  time:1.69m
abs_error: 0.00028336048126220703, 0.03290937840938568, 0.17156243324279785, 48
episode: 254, return: 11.00  episilon: 0.100  time:1.46m
abs_error: 0.00011336803436279297, 0.024632232263684273, 0.13802945613861084, 46
episode: 255, return: 9.00  episilon: 0.100  time:1.64m
abs_error: 0.0001556873321533203, 0.023085417225956917, 0.18574458360671997, 48
episode: 256, return: 14.00  episilon: 0.100  time:1.42m
abs_error: 7.68899917602539e-05, 0.03247114270925522, 0.3052184581756592, 36
abs_error: 0.00034540891647338867, 0.034315407276153564, 0.34729576110839844, 32
episode: 257, return: 3.00  episilon: 0.100  time:1.96m
abs_error: 0.0004101991653442383, 0.027036668732762337, 0.17348039150238037, 41
episode: 258, return: 11.00  episilon: 0.100  time:1.64m
abs_error: 0.0006787776947021484, 0.026232846081256866, 0.1336512565612793, 47
episode: 259, return: 15.00  episilon: 0.100  time:1.60m
abs_error: 0.0002498626708984375, 0.032709892839193344, 0.4791296720504761, 43
episode: 260, return: 18.00  episilon: 0.100  time:1.29m
abs_error: 0.00019538402557373047, 0.028973177075386047, 0.28328680992126465, 39
episode: 261, return: 16.00  episilon: 0.100  time:1.57m
abs_error: 0.00032711029052734375, 0.024929087609052658, 0.1355149745941162, 44
episode: 262, return: 14.00  episilon: 0.100  time:1.59m
abs_error: 0.0003241300582885742, 0.029209423810243607, 0.3835591673851013, 39
episode: 263, return: 17.00  episilon: 0.100  time:1.46m
abs_error: 0.0005652904510498047, 0.02900296077132225, 0.4021463394165039, 44
episode: 264, return: 14.00  episilon: 0.100  time:1.40m
abs_error: 1.704692840576172e-05, 0.02808218076825142, 0.11372900009155273, 47
abs_error: 0.00011181831359863281, 0.031624384224414825, 0.40077054500579834, 37
episode: 265, return: 14.00  episilon: 0.100  time:1.46m
abs_error: 0.00038170814514160156, 0.025358548387885094, 0.23264408111572266, 40
episode: 266, return: 13.00  episilon: 0.100  time:1.70m
abs_error: 0.00027501583099365234, 0.0333625003695488, 0.7333195805549622, 35
episode: 267, return: 5.00  episilon: 0.100  time:1.84m
abs_error: 0.0014035701751708984, 0.02836274541914463, 0.14422297477722168, 46
abs_error: 0.0004590749740600586, 0.0316617414355278, 0.57129967212677, 32
episode: 268, return: 10.00  episilon: 0.100  time:1.69m
abs_error: 0.0002758502960205078, 0.02272673323750496, 0.15248572826385498, 45
episode: 269, return: 14.00  episilon: 0.100  time:1.55m
abs_error: 3.0279159545898438e-05, 0.027443472295999527, 0.19052577018737793, 37
episode: 270, return: 8.00  episilon: 0.100  time:1.83m
abs_error: 0.0002110004425048828, 0.027050066739320755, 0.5417845249176025, 37
episode: 271, return: 16.00  episilon: 0.100  time:1.49m
abs_error: 0.0002473592758178711, 0.028495021164417267, 0.5393826961517334, 38
episode: 272, return: 10.00  episilon: 0.100  time:1.76m
abs_error: 0.0006586313247680664, 0.028842125087976456, 0.18527686595916748, 49
abs_error: 0.0006840229034423828, 0.03127557411789894, 0.49778008460998535, 40
episode: 273, return: 11.00  episilon: 0.100  time:1.79m
abs_error: 0.0011448860168457031, 0.02464992180466652, 0.19807887077331543, 42
episode: 274, return: 17.00  episilon: 0.100  time:1.29m
abs_error: 0.0001983642578125, 0.03926508128643036, 1.1156156063079834, 40
episode: 275, return: 10.00  episilon: 0.100  time:1.87m
abs_error: 6.9141387939453125e-06, 0.029988769441843033, 0.3158841133117676, 40
episode: 276, return: 6.00  episilon: 0.100  time:1.75m
abs_error: 2.709031105041504e-05, 0.02376096323132515, 0.16471898555755615, 47
episode: 277, return: 12.00  episilon: 0.100  time:1.57m
abs_error: 9.417533874511719e-06, 0.02350301668047905, 0.1101374626159668, 43
abs_error: 0.00012063980102539062, 0.029938161373138428, 0.23545491695404053, 42
episode: 278, return: 16.00  episilon: 0.100  time:1.54m
abs_error: 6.4849853515625e-05, 0.03092198632657528, 0.24035441875457764, 38
episode: 279, return: 12.00  episilon: 0.100  time:1.54m
abs_error: 6.377696990966797e-05, 0.026822727173566818, 0.2941681146621704, 47
episode: 280, return: 17.00  episilon: 0.100  time:1.54m
abs_error: 0.000507354736328125, 0.03242189437150955, 0.28760385513305664, 41
episode: 281, return: 5.00  episilon: 0.100  time:2.05m
abs_error: 0.0001900196075439453, 0.027828872203826904, 0.3580831289291382, 44
episode: 282, return: 13.00  episilon: 0.100  time:1.40m
abs_error: 8.96453857421875e-05, 0.02060866728425026, 0.15043246746063232, 44
abs_error: 9.608268737792969e-05, 0.03193078190088272, 0.6122232675552368, 35
episode: 283, return: 14.00  episilon: 0.100  time:1.73m
abs_error: 9.739398956298828e-05, 0.024337992072105408, 0.14925503730773926, 46
episode: 284, return: 14.00  episilon: 0.100  time:1.66m
abs_error: 0.0001068115234375, 0.02637891098856926, 0.209347665309906, 45
episode: 285, return: 14.00  episilon: 0.100  time:1.54m
abs_error: 0.0006636381149291992, 0.028763867914676666, 0.4430372714996338, 43
episode: 286, return: 14.00  episilon: 0.100  time:1.58m
abs_error: 0.00022292137145996094, 0.03174394369125366, 1.0636675357818604, 32
abs_error: 6.29425048828125e-05, 0.028249599039554596, 0.22509419918060303, 51
episode: 287, return: 6.00  episilon: 0.100  time:1.96m
abs_error: 0.0008236169815063477, 0.026466595008969307, 0.2748788595199585, 42
episode: 288, return: 13.00  episilon: 0.100  time:1.68m
abs_error: 0.0001596212387084961, 0.02822011709213257, 0.3585602045059204, 43
episode: 289, return: 14.00  episilon: 0.100  time:1.52m
abs_error: 0.00012373924255371094, 0.03473968058824539, 0.7359082698822021, 35
episode: 290, return: 12.00  episilon: 0.100  time:1.80m
abs_error: 0.0001621246337890625, 0.029208622872829437, 0.28873467445373535, 44
episode: 291, return: 10.00  episilon: 0.100  time:1.68m
abs_error: 0.00014913082122802734, 0.03292470797896385, 1.207120656967163, 29
abs_error: 6.508827209472656e-05, 0.026223573833703995, 0.2005140781402588, 39
episode: 292, return: 11.00  episilon: 0.100  time:1.76m
abs_error: 4.839897155761719e-05, 0.02658023312687874, 0.14705991744995117, 48
episode: 293, return: 11.00  episilon: 0.100  time:1.57m
abs_error: 0.00026226043701171875, 0.028251126408576965, 0.2341320514678955, 46
episode: 294, return: 6.00  episilon: 0.100  time:2.04m
abs_error: 6.687641143798828e-05, 0.02622687630355358, 0.3731034994125366, 40
abs_error: 1.6689300537109375e-06, 0.026572445407509804, 0.21169257164001465, 37
episode: 295, return: 12.00  episilon: 0.100  time:1.47m
abs_error: 8.428096771240234e-05, 0.03082885593175888, 0.23367440700531006, 45
episode: 296, return: 12.00  episilon: 0.100  time:1.44m
abs_error: 0.00018978118896484375, 0.02853184938430786, 0.22766900062561035, 40
episode: 297, return: 17.00  episilon: 0.100  time:1.40m
abs_error: 0.0003496408462524414, 0.020349986851215363, 0.13844561576843262, 40
episode: 298, return: 11.00  episilon: 0.100  time:1.84m
abs_error: 0.0001125335693359375, 0.022798193618655205, 0.16361570358276367, 44
abs_error: 4.220008850097656e-05, 0.023116782307624817, 0.174491286277771, 45
episode: 299, return: 5.00  episilon: 0.100  time:2.01m
abs_error: 9.751319885253906e-05, 0.03392995148897171, 0.5130938291549683, 34
episode: 300, return: 19.00  episilon: 0.100  time:1.16m
abs_error: 0.0001004934310913086, 0.025609783828258514, 0.18767142295837402, 36
episode: 301, return: 16.00  episilon: 0.100  time:1.43m
abs_error: 0.00010347366333007812, 0.02497144229710102, 0.25391924381256104, 37
episode: 302, return: 17.00  episilon: 0.100  time:1.37m
abs_error: 0.0006655454635620117, 0.026999836787581444, 0.39299726486206055, 34
episode: 303, return: 17.00  episilon: 0.100  time:1.34m
abs_error: 6.508827209472656e-05, 0.02514384500682354, 0.34253478050231934, 42
episode: 304, return: 16.00  episilon: 0.100  time:1.35m
abs_error: 5.221366882324219e-05, 0.021580595523118973, 0.10359534621238708, 51
episode: 305, return: 17.00  episilon: 0.100  time:1.32m
abs_error: 9.548664093017578e-05, 0.02250492572784424, 0.15431642532348633, 52
episode: 306, return: 7.00  episilon: 0.100  time:2.20m
abs_error: 7.033348083496094e-05, 0.026910800486803055, 0.1050100326538086, 43
episode: 307, return: 13.00  episilon: 0.100  time:1.72m
abs_error: 0.0003256797790527344, 0.0311980489641428, 0.36162441968917847, 32
abs_error: 0.0004291534423828125, 0.03407881036400795, 0.46888870000839233, 32
episode: 308, return: 12.00  episilon: 0.100  time:1.79m
abs_error: 0.0003072023391723633, 0.031199922785162926, 0.3413201570510864, 44
episode: 309, return: 17.00  episilon: 0.100  time:1.48m
abs_error: 0.0005998611450195312, 0.026525620371103287, 0.2822370231151581, 34
episode: 310, return: 15.00  episilon: 0.100  time:1.58m
abs_error: 0.00027108192443847656, 0.027003828436136246, 0.18482068181037903, 46
episode: 311, return: 17.00  episilon: 0.100  time:1.48m
abs_error: 9.655952453613281e-06, 0.02614901401102543, 0.33721923828125, 37
episode: 312, return: 15.00  episilon: 0.100  time:1.46m
abs_error: 0.00012111663818359375, 0.02524999901652336, 0.14382445812225342, 49
abs_error: 0.00012195110321044922, 0.02669820562005043, 0.1745467185974121, 41
episode: 313, return: 10.00  episilon: 0.100  time:1.61m
abs_error: 6.198883056640625e-05, 0.027144819498062134, 0.3485337495803833, 37
episode: 314, return: 15.00  episilon: 0.100  time:1.47m
abs_error: 0.0006277561187744141, 0.02434173971414566, 0.11304605007171631, 51
episode: 315, return: 18.00  episilon: 0.100  time:1.17m
abs_error: 6.723403930664062e-05, 0.025023046880960464, 0.21365034580230713, 46
episode: 316, return: 15.00  episilon: 0.100  time:1.33m
abs_error: 0.00010478496551513672, 0.032542772591114044, 0.21888035535812378, 46
episode: 317, return: 11.00  episilon: 0.100  time:1.68m
abs_error: 2.6226043701171875e-06, 0.02544606290757656, 0.13205772638320923, 45
episode: 318, return: 11.00  episilon: 0.100  time:1.46m
abs_error: 0.00041735172271728516, 0.032326146960258484, 1.0436139106750488, 36
episode: 319, return: 18.00  episilon: 0.100  time:1.30m
abs_error: 7.593631744384766e-05, 0.02169344201683998, 0.11831465363502502, 43
episode: 320, return: 11.00  episilon: 0.100  time:1.86m
abs_error: 0.0002461671829223633, 0.025269631296396255, 0.15744340419769287, 39
episode: 321, return: 14.00  episilon: 0.100  time:1.35m
abs_error: 8.571147918701172e-05, 0.025706849992275238, 0.12312197685241699, 43
abs_error: 0.00019824504852294922, 0.030033370479941368, 0.812142014503479, 34
episode: 322, return: 10.00  episilon: 0.100  time:1.44m
abs_error: 1.2993812561035156e-05, 0.0223509781062603, 0.24228036403656006, 47
episode: 323, return: 13.00  episilon: 0.100  time:1.58m
abs_error: 0.0002961158752441406, 0.021620478481054306, 0.13365375995635986, 47
episode: 324, return: 9.00  episilon: 0.100  time:1.75m
abs_error: 2.6226043701171875e-06, 0.024978935718536377, 0.2400071620941162, 48
episode: 325, return: 15.00  episilon: 0.100  time:1.52m
abs_error: 0.00018298625946044922, 0.028196116909384727, 0.21135759353637695, 45
episode: 326, return: 12.00  episilon: 0.100  time:1.54m
abs_error: 0.0001024007797241211, 0.026854872703552246, 0.22534489631652832, 37
episode: 327, return: 13.00  episilon: 0.100  time:1.55m
abs_error: 0.0006742477416992188, 0.02565125562250614, 0.3642556071281433, 42
episode: 328, return: 15.00  episilon: 0.100  time:1.39m
abs_error: 2.574920654296875e-05, 0.027271617203950882, 0.5952876806259155, 26
abs_error: 0.0002745389938354492, 0.02421470917761326, 0.14281022548675537, 49
episode: 329, return: 14.00  episilon: 0.100  time:1.55m
abs_error: 0.00040459632873535156, 0.020674699917435646, 0.08594334125518799, 48
episode: 330, return: 15.00  episilon: 0.100  time:1.37m
abs_error: 1.6927719116210938e-05, 0.02235540747642517, 0.22118890285491943, 41
episode: 331, return: 6.00  episilon: 0.100  time:1.85m
abs_error: 9.274482727050781e-05, 0.021389693021774292, 0.16845488548278809, 44
episode: 332, return: 14.00  episilon: 0.100  time:1.63m
abs_error: 0.00047957897186279297, 0.028136229142546654, 0.33676135540008545, 43
episode: 333, return: 15.00  episilon: 0.100  time:1.41m
abs_error: 1.4424324035644531e-05, 0.026582278311252594, 0.30478769540786743, 43
abs_error: 6.0439109802246094e-05, 0.025108834728598595, 0.3423875570297241, 41
episode: 334, return: 10.00  episilon: 0.100  time:1.74m
abs_error: 0.00030481815338134766, 0.031683314591646194, 0.5737948417663574, 31
episode: 335, return: 16.00  episilon: 0.100  time:1.54m
abs_error: 9.78708267211914e-05, 0.032016903162002563, 0.5913779735565186, 29
episode: 336, return: 12.00  episilon: 0.100  time:1.88m
abs_error: 0.00011837482452392578, 0.02710086666047573, 0.2653297185897827, 38
abs_error: 0.0003057718276977539, 0.027210403233766556, 0.26964282989501953, 44
episode: 337, return: 6.00  episilon: 0.100  time:2.02m
abs_error: 9.226799011230469e-05, 0.024493146687746048, 0.1960233449935913, 47
episode: 338, return: 14.00  episilon: 0.100  time:1.56m
abs_error: 0.00010371208190917969, 0.03417164832353592, 0.3550436496734619, 37
episode: 339, return: 8.00  episilon: 0.100  time:1.81m
abs_error: 9.09566879272461e-05, 0.02524646185338497, 0.3323940634727478, 49
episode: 340, return: 13.00  episilon: 0.100  time:1.71m
abs_error: 0.0003685951232910156, 0.027396705001592636, 0.6922551393508911, 40
abs_error: 0.0006291866302490234, 0.03486166521906853, 1.4193626642227173, 29
episode: 341, return: 12.00  episilon: 0.100  time:1.87m
abs_error: 7.545948028564453e-05, 0.023323409259319305, 0.21679043769836426, 41
episode: 342, return: 10.00  episilon: 0.100  time:1.76m
abs_error: 0.000213623046875, 0.03006383590400219, 0.302467942237854, 43
episode: 343, return: 11.00  episilon: 0.100  time:1.83m
abs_error: 7.402896881103516e-05, 0.02751031331717968, 0.2740445137023926, 44
episode: 344, return: 16.00  episilon: 0.100  time:1.53m
abs_error: 2.5272369384765625e-05, 0.025410108268260956, 0.46092069149017334, 35
episode: 345, return: 17.00  episilon: 0.100  time:1.50m
abs_error: 0.00014317035675048828, 0.028455127030611038, 0.2879089117050171, 36
abs_error: 1.0967254638671875e-05, 0.02814236655831337, 0.21214723587036133, 46
episode: 346, return: 14.00  episilon: 0.100  time:1.89m
abs_error: 1.5497207641601562e-05, 0.03158404305577278, 0.4593076705932617, 42
episode: 347, return: 9.00  episilon: 0.100  time:1.70m
abs_error: 4.172325134277344e-06, 0.023260945454239845, 0.09547138214111328, 44
episode: 348, return: 14.00  episilon: 0.100  time:1.45m
abs_error: 0.0002824068069458008, 0.02465401217341423, 0.15945005416870117, 45
episode: 349, return: 11.00  episilon: 0.100  time:1.69m
abs_error: 4.744529724121094e-05, 0.022422263398766518, 0.10503077507019043, 43
episode: 350, return: 18.00  episilon: 0.100  time:1.31m
abs_error: 5.602836608886719e-05, 0.027031760662794113, 0.30062389373779297, 46
abs_error: 0.00012552738189697266, 0.0263941902667284, 0.42825305461883545, 39
episode: 351, return: 13.00  episilon: 0.100  time:1.75m
abs_error: 4.1484832763671875e-05, 0.02846958488225937, 0.188759446144104, 45
episode: 352, return: 7.00  episilon: 0.100  time:1.85m
abs_error: 3.981590270996094e-05, 0.024104362353682518, 0.24478721618652344, 38
episode: 353, return: 11.00  episilon: 0.100  time:1.65m
abs_error: 0.0001512765884399414, 0.030223684385418892, 0.39537370204925537, 35
episode: 354, return: 14.00  episilon: 0.100  time:1.46m
abs_error: 5.745887756347656e-05, 0.027161389589309692, 0.2545114755630493, 40
episode: 355, return: 14.00  episilon: 0.100  time:1.32m
abs_error: 4.5299530029296875e-05, 0.026592262089252472, 0.2114882469177246, 42
abs_error: 0.00030791759490966797, 0.02390037104487419, 0.10496747493743896, 46
episode: 356, return: 12.00  episilon: 0.100  time:1.73m
abs_error: 0.00034999847412109375, 0.024331917986273766, 0.3271489143371582, 39
episode: 357, return: 13.00  episilon: 0.100  time:1.66m
abs_error: 0.00016939640045166016, 0.026821516454219818, 0.4787055253982544, 44
episode: 358, return: 13.00  episilon: 0.100  time:1.82m
abs_error: 0.00011515617370605469, 0.022600851953029633, 0.16752076148986816, 44
episode: 359, return: 19.00  episilon: 0.100  time:1.14m
abs_error: 0.0006873607635498047, 0.0292954184114933, 0.33554816246032715, 36
episode: 360, return: 11.00  episilon: 0.100  time:1.70m
abs_error: 0.00013327598571777344, 0.028190545737743378, 0.3339669704437256, 40
abs_error: 0.00013756752014160156, 0.022792953997850418, 0.3603808879852295, 39
episode: 361, return: 10.00  episilon: 0.100  time:1.87m
abs_error: 9.179115295410156e-05, 0.02829856425523758, 0.27446258068084717, 43
episode: 362, return: 12.00  episilon: 0.100  time:1.75m
abs_error: 3.457069396972656e-05, 0.03047817014157772, 0.3427790403366089, 37
episode: 363, return: 15.00  episilon: 0.100  time:1.40m
abs_error: 0.000164031982421875, 0.025701729580760002, 0.15483713150024414, 48
episode: 364, return: 14.00  episilon: 0.100  time:1.57m
abs_error: 4.029273986816406e-05, 0.022795606404542923, 0.18653738498687744, 46
abs_error: 5.066394805908203e-05, 0.03032383695244789, 0.5697331428527832, 37
episode: 365, return: 12.00  episilon: 0.100  time:1.55m
abs_error: 0.00033092498779296875, 0.030179578810930252, 0.1295313835144043, 45
episode: 366, return: 10.00  episilon: 0.100  time:1.73m
abs_error: 0.0001360177993774414, 0.025541415438055992, 0.3749045133590698, 40
episode: 367, return: 16.00  episilon: 0.100  time:1.31m
abs_error: 0.00025272369384765625, 0.03294730558991432, 0.36231470108032227, 37
episode: 368, return: 15.00  episilon: 0.100  time:1.61m
abs_error: 0.00026035308837890625, 0.023958981037139893, 0.2719029188156128, 42
episode: 369, return: 9.00  episilon: 0.100  time:1.85m
abs_error: 0.00011420249938964844, 0.02782415598630905, 0.267223596572876, 45
episode: 370, return: 15.00  episilon: 0.100  time:1.40m
abs_error: 0.00015807151794433594, 0.03341904282569885, 1.2323176860809326, 22
abs_error: 5.3763389587402344e-05, 0.026164494454860687, 0.15606975555419922, 44
episode: 371, return: 11.00  episilon: 0.100  time:1.69m
abs_error: 0.00018978118896484375, 0.02361084148287773, 0.10107827186584473, 47
episode: 372, return: 14.00  episilon: 0.100  time:1.79m
abs_error: 0.0001785755157470703, 0.023361794650554657, 0.10413110256195068, 49
episode: 373, return: 14.00  episilon: 0.100  time:1.39m
abs_error: 0.00029540061950683594, 0.029552914202213287, 0.2974187135696411, 43
episode: 374, return: 11.00  episilon: 0.100  time:1.78m
abs_error: 0.0003962516784667969, 0.031355977058410645, 0.6516891717910767, 37
abs_error: 0.00012445449829101562, 0.025045009329915047, 0.20693111419677734, 41
episode: 375, return: 4.00  episilon: 0.100  time:2.07m
abs_error: 0.0011125802993774414, 0.026488803327083588, 0.20532727241516113, 43
episode: 376, return: 15.00  episilon: 0.100  time:1.57m
abs_error: 0.0001519918441772461, 0.022961009293794632, 0.1952735185623169, 53
episode: 377, return: 14.00  episilon: 0.100  time:1.76m
abs_error: 0.0002961158752441406, 0.02322121150791645, 0.14946985244750977, 45
episode: 378, return: 8.00  episilon: 0.100  time:1.83m
abs_error: 0.0010385513305664062, 0.031001422554254532, 0.48458170890808105, 43
abs_error: 0.00034689903259277344, 0.027952322736382484, 0.3349418640136719, 34
episode: 379, return: 17.00  episilon: 0.100  time:1.53m
abs_error: 4.947185516357422e-05, 0.029903706163167953, 0.500359296798706, 39
episode: 380, return: 16.00  episilon: 0.100  time:1.46m
abs_error: 8.785724639892578e-05, 0.032594870775938034, 0.29200279712677, 40
episode: 381, return: 14.00  episilon: 0.100  time:1.51m
abs_error: 1.823902130126953e-05, 0.027872595936059952, 0.2577399015426636, 39
episode: 382, return: 7.00  episilon: 0.100  time:1.87m
abs_error: 0.0003522634506225586, 0.025532521307468414, 0.22981739044189453, 41
episode: 383, return: 13.00  episilon: 0.100  time:1.67m
abs_error: 0.0001366138458251953, 0.027059439569711685, 0.2021862268447876, 37
episode: 384, return: 13.00  episilon: 0.100  time:1.49m
abs_error: 0.0001666545867919922, 0.026062581688165665, 0.14925813674926758, 47
abs_error: 0.0001131296157836914, 0.028504543006420135, 0.21063005924224854, 49
episode: 385, return: 7.00  episilon: 0.100  time:1.68m
abs_error: 0.0006504058837890625, 0.026224879547953606, 0.199957013130188, 45
episode: 386, return: 11.00  episilon: 0.100  time:1.89m
abs_error: 0.00014448165893554688, 0.030114157125353813, 0.5221925377845764, 42
episode: 387, return: 13.00  episilon: 0.100  time:1.64m
abs_error: 0.0003371238708496094, 0.02168593741953373, 0.20230484008789062, 43
abs_error: 0.0007219314575195312, 0.0264811459928751, 0.3966711759567261, 43
episode: 388, return: 14.00  episilon: 0.100  time:1.74m
abs_error: 4.6372413635253906e-05, 0.022957244887948036, 0.13843536376953125, 47
episode: 389, return: 16.00  episilon: 0.100  time:1.51m
abs_error: 0.00017762184143066406, 0.026108235120773315, 0.1036386489868164, 52
episode: 390, return: 14.00  episilon: 0.100  time:1.76m
abs_error: 6.341934204101562e-05, 0.02183540351688862, 0.11579251289367676, 42
episode: 391, return: 11.00  episilon: 0.100  time:1.79m
abs_error: 0.0001289844512939453, 0.02306339703500271, 0.12796616554260254, 48
episode: 392, return: 14.00  episilon: 0.100  time:1.57m
abs_error: 5.4836273193359375e-05, 0.021245956420898438, 0.16939425468444824, 42
abs_error: 0.0001341104507446289, 0.03025943972170353, 0.30069422721862793, 37
episode: 393, return: 15.00  episilon: 0.100  time:1.45m
abs_error: 0.00016129016876220703, 0.021300621330738068, 0.29029661417007446, 38
episode: 394, return: 15.00  episilon: 0.100  time:1.43m
abs_error: 1.1920928955078125e-07, 0.023632997646927834, 0.1470862627029419, 44
episode: 395, return: 17.00  episilon: 0.100  time:1.42m
abs_error: 0.0007345676422119141, 0.023607471957802773, 0.48588263988494873, 41
episode: 396, return: 16.00  episilon: 0.100  time:1.38m
abs_error: 1.6450881958007812e-05, 0.022583691403269768, 0.11554667353630066, 47
episode: 397, return: 12.00  episilon: 0.100  time:1.59m
abs_error: 0.00023472309112548828, 0.03370710089802742, 1.1632144451141357, 34
episode: 398, return: 7.00  episilon: 0.100  time:1.76m
abs_error: 0.000186920166015625, 0.026600664481520653, 0.32553350925445557, 39
abs_error: 0.00011396408081054688, 0.022967033088207245, 0.08710038661956787, 47
episode: 399, return: 12.00  episilon: 0.100  time:1.70m
abs_error: 7.331371307373047e-05, 0.024091240018606186, 0.1444913148880005, 39
episode: 400, return: 8.00  episilon: 0.100  time:1.56m
Time: 615.94m
