/home/xuefeng/.environments/testrl/lib/python3.7/site-packages/gym/envs/registration.py:14: PkgResourcesDeprecationWarning: Parameters to load are deprecated.  Call .resolve and .require separately.
  result = entry_point.load(False)
Collecting transition... Time: 5.36m
Training...
episode: 0, return: -21.00  epsilon: 0.900  time:0.71m
episode: 1, return: -20.00  epsilon: 0.874  time:0.72m
abs_error: 0.01249280571937561, 0.04872274398803711, 0.9871042966842651, 4
episode: 2, return: -21.00  epsilon: 0.848  time:0.59m
episode: 3, return: -21.00  epsilon: 0.823  time:0.50m
abs_error: 0.0028739869594573975, 0.03372775763273239, 0.9861706495285034, 3
episode: 4, return: -20.00  epsilon: 0.798  time:0.59m
episode: 5, return: -20.00  epsilon: 0.774  time:0.75m
abs_error: 0.017151400446891785, 0.04205121472477913, 0.9820034503936768, 3
episode: 6, return: -20.00  epsilon: 0.751  time:0.66m
episode: 7, return: -21.00  epsilon: 0.728  time:0.62m
episode: 8, return: -20.00  epsilon: 0.706  time:0.57m
abs_error: 0.015769928693771362, 0.037830837070941925, 0.9837719798088074, 2
episode: 9, return: -21.00  epsilon: 0.684  time:0.56m
episode: 10, return: -20.00  epsilon: 0.663  time:0.57m
abs_error: 0.009484589099884033, 0.02878071740269661, 0.9806715846061707, 15
episode: 11, return: -21.00  epsilon: 0.642  time:0.64m
episode: 12, return: -21.00  epsilon: 0.622  time:0.55m
abs_error: 0.01740950345993042, 0.06313835829496384, 0.9816019535064697, 5
episode: 13, return: -21.00  epsilon: 0.602  time:0.54m
episode: 14, return: -21.00  epsilon: 0.583  time:0.56m
episode: 15, return: -21.00  epsilon: 0.565  time:0.62m
abs_error: 0.016001224517822266, 0.04423685744404793, 1.0239448547363281, 3
episode: 16, return: -19.00  epsilon: 0.547  time:0.80m
abs_error: 0.01518625020980835, 0.03365636244416237, 0.979151725769043, 2
episode: 17, return: -21.00  epsilon: 0.529  time:0.64m
episode: 18, return: -21.00  epsilon: 0.512  time:0.64m
episode: 19, return: -21.00  epsilon: 0.495  time:0.52m
abs_error: 0.004869818687438965, 0.055230721831321716, 0.9753660559654236, 5
episode: 20, return: -20.00  epsilon: 0.479  time:0.53m
episode: 21, return: -21.00  epsilon: 0.463  time:0.63m
abs_error: 0.0009937882423400879, 0.050606828182935715, 0.16012001037597656, 65
episode: 22, return: -21.00  epsilon: 0.447  time:0.60m
episode: 23, return: -20.00  epsilon: 0.432  time:0.68m
episode: 24, return: -21.00  epsilon: 0.417  time:0.66m
abs_error: 0.00035828351974487305, 0.031401634216308594, 0.341217577457428, 30
episode: 25, return: -19.00  epsilon: 0.403  time:0.77m
episode: 26, return: -19.00  epsilon: 0.389  time:0.63m
abs_error: 0.00031942129135131836, 0.04244948923587799, 0.49977803230285645, 37
episode: 27, return: -21.00  epsilon: 0.376  time:0.46m
episode: 28, return: -21.00  epsilon: 0.363  time:0.63m
abs_error: 0.0001424551010131836, 0.03248990327119827, 0.20338976383209229, 43
episode: 29, return: -21.00  epsilon: 0.350  time:0.62m
episode: 30, return: -21.00  epsilon: 0.338  time:0.67m
abs_error: 6.157159805297852e-05, 0.039007674902677536, 0.3408071994781494, 37
episode: 31, return: -21.00  epsilon: 0.326  time:0.58m
episode: 32, return: -21.00  epsilon: 0.314  time:0.50m
episode: 33, return: -20.00  epsilon: 0.303  time:0.60m
abs_error: 0.0006214380264282227, 0.045779358595609665, 0.3376598358154297, 33
episode: 34, return: -20.00  epsilon: 0.292  time:0.64m
episode: 35, return: -21.00  epsilon: 0.281  time:0.60m
abs_error: 9.608268737792969e-05, 0.03949788212776184, 0.4924708604812622, 31
episode: 36, return: -20.00  epsilon: 0.271  time:0.66m
episode: 37, return: -21.00  epsilon: 0.261  time:0.48m
episode: 38, return: -21.00  epsilon: 0.251  time:0.56m
abs_error: 9.59634780883789e-05, 0.04918849468231201, 0.6630823612213135, 33
episode: 39, return: -20.00  epsilon: 0.241  time:0.62m
episode: 40, return: -21.00  epsilon: 0.232  time:0.60m
abs_error: 2.104043960571289e-05, 0.04042897745966911, 0.46076834201812744, 34
episode: 41, return: -21.00  epsilon: 0.223  time:0.56m
episode: 42, return: -21.00  epsilon: 0.215  time:0.48m
episode: 43, return: -21.00  epsilon: 0.206  time:0.51m
abs_error: 4.494190216064453e-05, 0.03501810133457184, 0.27737706899642944, 37
episode: 44, return: -20.00  epsilon: 0.198  time:0.62m
episode: 45, return: -18.00  epsilon: 0.190  time:0.87m
abs_error: 6.0439109802246094e-05, 0.05137639492750168, 0.9372450709342957, 22
episode: 46, return: -21.00  epsilon: 0.183  time:0.51m
episode: 47, return: -21.00  epsilon: 0.175  time:0.47m
abs_error: 0.00011277198791503906, 0.0464290976524353, 0.7373842597007751, 31
episode: 48, return: -21.00  epsilon: 0.168  time:0.55m
episode: 49, return: -20.00  epsilon: 0.161  time:0.63m
abs_error: 7.551908493041992e-05, 0.03368707746267319, 0.43924230337142944, 41
episode: 50, return: -21.00  epsilon: 0.155  time:0.63m
episode: 51, return: -21.00  epsilon: 0.148  time:0.71m
episode: 52, return: -21.00  epsilon: 0.142  time:0.51m
abs_error: 0.0002522468566894531, 0.04819948971271515, 0.267208456993103, 43
episode: 53, return: -21.00  epsilon: 0.136  time:0.52m
episode: 54, return: -21.00  epsilon: 0.130  time:0.55m
abs_error: 8.89897346496582e-05, 0.046934809535741806, 0.7757299542427063, 24
episode: 55, return: -21.00  epsilon: 0.125  time:0.70m
episode: 56, return: -20.00  epsilon: 0.119  time:0.69m
abs_error: 6.389617919921875e-05, 0.042349088937044144, 0.29072314500808716, 40
episode: 57, return: -21.00  epsilon: 0.114  time:0.60m
episode: 58, return: -20.00  epsilon: 0.109  time:0.69m
abs_error: 0.000771939754486084, 0.036556944251060486, 0.29287147521972656, 36
episode: 59, return: -20.00  epsilon: 0.104  time:0.84m
episode: 60, return: -19.00  epsilon: 0.100  time:0.81m
abs_error: 0.00020360946655273438, 0.041991136968135834, 0.34501004219055176, 37
episode: 61, return: -16.00  epsilon: 0.095  time:0.98m
abs_error: 0.00011479854583740234, 0.044037673622369766, 0.4611063003540039, 39
episode: 62, return: -20.00  epsilon: 0.091  time:0.89m
episode: 63, return: -19.00  epsilon: 0.087  time:1.03m
abs_error: 0.00019931793212890625, 0.03198765590786934, 0.32036280632019043, 40
episode: 64, return: -19.00  epsilon: 0.083  time:1.24m
abs_error: 1.6629695892333984e-05, 0.04157646372914314, 0.5752101540565491, 31
episode: 65, return: -19.00  epsilon: 0.079  time:0.91m
episode: 66, return: -21.00  epsilon: 0.075  time:0.56m
abs_error: 8.702278137207031e-05, 0.04093291237950325, 0.4112054109573364, 41
episode: 67, return: -21.00  epsilon: 0.071  time:0.76m
abs_error: 6.878376007080078e-05, 0.03963639214634895, 0.379199743270874, 40
episode: 68, return: -18.00  epsilon: 0.068  time:0.83m
episode: 69, return: -21.00  epsilon: 0.065  time:0.92m
abs_error: 0.0011496543884277344, 0.04014108330011368, 0.49563097953796387, 38
episode: 70, return: -20.00  epsilon: 0.061  time:1.07m
abs_error: 2.5153160095214844e-05, 0.0517093688249588, 0.6978507041931152, 28
episode: 71, return: -19.00  epsilon: 0.058  time:1.24m
abs_error: 0.0003434419631958008, 0.041696611791849136, 0.3437551259994507, 28
episode: 72, return: -14.00  epsilon: 0.055  time:1.32m
abs_error: 0.0003248453140258789, 0.043881773948669434, 0.3603525161743164, 31
episode: 73, return: -19.00  epsilon: 0.053  time:1.37m
abs_error: 0.0010524988174438477, 0.0559687539935112, 0.8588650226593018, 38
episode: 74, return: -20.00  epsilon: 0.050  time:1.02m
abs_error: 0.0002974271774291992, 0.04728558659553528, 0.45452678203582764, 44
episode: 75, return: -19.00  epsilon: 0.047  time:1.09m
abs_error: 9.298324584960938e-05, 0.045965131372213364, 0.4648277759552002, 45
episode: 76, return: -19.00  epsilon: 0.045  time:1.36m
abs_error: 0.0004950761795043945, 0.043940648436546326, 0.5938367247581482, 34
episode: 77, return: -17.00  epsilon: 0.043  time:1.52m
abs_error: 0.00014960765838623047, 0.033709894865751266, 0.25442540645599365, 48
episode: 78, return: -15.00  epsilon: 0.040  time:1.19m
abs_error: 0.00025022029876708984, 0.038771599531173706, 0.4062860608100891, 39
episode: 79, return: -17.00  epsilon: 0.038  time:1.45m
abs_error: 4.982948303222656e-05, 0.046017684042453766, 0.3902488946914673, 38
episode: 80, return: -18.00  epsilon: 0.036  time:1.62m
abs_error: 2.0802021026611328e-05, 0.055950555950403214, 0.6443202495574951, 34
episode: 81, return: -11.00  epsilon: 0.034  time:1.80m
abs_error: 0.0001049041748046875, 0.04595046490430832, 0.45702192187309265, 40
episode: 82, return: -17.00  epsilon: 0.032  time:1.43m
abs_error: 0.0009424984455108643, 0.04594867303967476, 0.2867893874645233, 50
episode: 83, return: -16.00  epsilon: 0.030  time:1.47m
abs_error: 0.00015735626220703125, 0.03147757425904274, 0.24578389525413513, 37
episode: 84, return: -14.00  epsilon: 0.029  time:1.66m
abs_error: 5.906820297241211e-05, 0.029916927218437195, 0.2799190282821655, 40
abs_error: 0.0006350278854370117, 0.04026535525918007, 0.439924955368042, 36
episode: 85, return: -12.00  epsilon: 0.027  time:1.98m
abs_error: 0.0003752708435058594, 0.045371562242507935, 0.8987331390380859, 34
episode: 86, return: -19.00  epsilon: 0.025  time:1.15m
abs_error: 0.000410616397857666, 0.04153698682785034, 0.5375306606292725, 36
episode: 87, return: -14.00  epsilon: 0.024  time:1.65m
abs_error: 6.0677528381347656e-05, 0.039255477488040924, 0.3115723431110382, 38
episode: 88, return: -13.00  epsilon: 0.022  time:2.03m
abs_error: 6.175041198730469e-05, 0.04435934126377106, 0.5254229307174683, 40
episode: 89, return: -19.00  epsilon: 0.021  time:1.47m
abs_error: 2.1666288375854492e-05, 0.03871316462755203, 0.3786252737045288, 44
episode: 90, return: -15.00  epsilon: 0.020  time:1.52m
abs_error: 0.0005150437355041504, 0.03586847335100174, 0.412264883518219, 36
episode: 91, return: -16.00  epsilon: 0.019  time:1.32m
abs_error: 0.0004576444625854492, 0.04756810516119003, 0.48164939880371094, 39
abs_error: 0.0005206465721130371, 0.04670773074030876, 0.6843351125717163, 44
episode: 92, return: -13.00  epsilon: 0.017  time:1.78m
abs_error: 0.00013780593872070312, 0.036335669457912445, 0.22811967134475708, 41
episode: 93, return: 8.00  epsilon: 0.016  time:1.84m
abs_error: 2.3663043975830078e-05, 0.03414173051714897, 0.35529327392578125, 39
abs_error: 6.592273712158203e-05, 0.03552558273077011, 0.22912335395812988, 49
episode: 94, return: -7.00  epsilon: 0.015  time:2.36m
abs_error: 0.0008023381233215332, 0.03992598131299019, 0.2683820128440857, 40
abs_error: 0.00019681453704833984, 0.046180374920368195, 0.37867504358291626, 44
episode: 95, return: 4.00  epsilon: 0.014  time:2.49m
abs_error: 6.636977195739746e-05, 0.03818978741765022, 0.3200397491455078, 42
episode: 96, return: -16.00  epsilon: 0.013  time:1.94m
abs_error: 0.0009162425994873047, 0.04868369549512863, 0.5606521368026733, 32
abs_error: 7.516145706176758e-05, 0.048751674592494965, 0.9517782330513, 44
abs_error: 0.0005844235420227051, 0.04248177632689476, 0.486125111579895, 37
episode: 97, return: -8.00  epsilon: 0.012  time:3.17m
abs_error: 0.0005105137825012207, 0.04260706529021263, 0.1915597915649414, 48
abs_error: 0.0001109093427658081, 0.04570578783750534, 0.381891131401062, 44
episode: 98, return: -10.00  epsilon: 0.012  time:3.45m
abs_error: 8.367002010345459e-05, 0.04183407127857208, 0.2762601375579834, 50
abs_error: 0.0013664960861206055, 0.04961642250418663, 0.5073476433753967, 47
episode: 99, return: 5.00  epsilon: 0.011  time:2.88m
abs_error: 5.657970905303955e-05, 0.03820143640041351, 0.13668212294578552, 49
abs_error: 0.0002532154321670532, 0.04853804409503937, 0.26247167587280273, 47
abs_error: 0.000209808349609375, 0.04960380867123604, 0.24851155281066895, 47
episode: 100, return: -1.00  epsilon: 0.010  time:3.29m
abs_error: 0.0001309514045715332, 0.041026100516319275, 0.2366090714931488, 49
episode: 101, return: 12.00  epsilon: 0.010  time:2.06m
abs_error: 0.00032255053520202637, 0.04353222995996475, 0.2622278332710266, 46
abs_error: 2.6702880859375e-05, 0.03491250425577164, 0.18720416724681854, 49
episode: 102, return: 7.00  epsilon: 0.010  time:2.52m
abs_error: 2.8893351554870605e-05, 0.03741401433944702, 0.18131951987743378, 51
abs_error: 2.9802322387695312e-05, 0.04493631422519684, 0.2666798532009125, 40
episode: 103, return: -13.00  epsilon: 0.010  time:2.96m
abs_error: 0.00028523802757263184, 0.05089058727025986, 0.3513052761554718, 44
abs_error: 0.0006362795829772949, 0.04772090166807175, 0.19475021958351135, 50
episode: 104, return: 11.00  epsilon: 0.010  time:2.18m
abs_error: 0.0012378543615341187, 0.03823248669505119, 0.2639685273170471, 48
episode: 105, return: 19.00  epsilon: 0.010  time:1.62m
abs_error: 0.00015204399824142456, 0.03970322757959366, 0.1854894459247589, 46
episode: 106, return: 14.00  epsilon: 0.010  time:1.94m
abs_error: 3.567337989807129e-05, 0.03487202525138855, 0.21992650628089905, 45
abs_error: 2.1457672119140625e-06, 0.04311712086200714, 0.47944405674934387, 42
abs_error: 0.0001163482666015625, 0.03800375014543533, 0.35842621326446533, 37
episode: 107, return: 2.00  epsilon: 0.010  time:3.21m
abs_error: 0.0003892481327056885, 0.0354674868285656, 0.2016267478466034, 38
episode: 108, return: 12.00  epsilon: 0.010  time:2.02m
abs_error: 0.00024030357599258423, 0.03649964556097984, 0.19898194074630737, 48
episode: 109, return: 20.00  epsilon: 0.010  time:1.52m
abs_error: 3.987550735473633e-05, 0.04428338259458542, 0.4247894585132599, 40
abs_error: 0.00012162327766418457, 0.03438222035765648, 0.19340848922729492, 44
episode: 110, return: -6.00  epsilon: 0.010  time:2.66m
abs_error: 4.7147274017333984e-05, 0.04713020473718643, 0.1836923360824585, 49
abs_error: 0.00039580464363098145, 0.04137684404850006, 0.24087592959403992, 42
episode: 111, return: 18.00  epsilon: 0.010  time:1.68m
abs_error: 0.00046515464782714844, 0.03578693047165871, 0.15630123019218445, 48
episode: 112, return: 15.00  epsilon: 0.010  time:1.76m
abs_error: 0.0004532337188720703, 0.036463525146245956, 0.1931152045726776, 42
episode: 113, return: 17.00  epsilon: 0.010  time:1.72m
abs_error: 8.055567741394043e-05, 0.032735247164964676, 0.19865015149116516, 48
episode: 114, return: 20.00  epsilon: 0.010  time:1.33m
abs_error: 0.0009230375289916992, 0.03501494228839874, 0.187968909740448, 52
episode: 115, return: 17.00  epsilon: 0.010  time:1.60m
abs_error: 1.3172626495361328e-05, 0.031225616112351418, 0.18796950578689575, 45
abs_error: 0.00035440921783447266, 0.031597722321748734, 0.36072441935539246, 37
episode: 116, return: 11.00  epsilon: 0.010  time:2.81m
abs_error: 5.200505256652832e-05, 0.038836151361465454, 0.38500165939331055, 41
abs_error: 3.612041473388672e-05, 0.03384909778833389, 0.17131638526916504, 47
episode: 117, return: 16.00  epsilon: 0.010  time:2.19m
abs_error: 0.00014895200729370117, 0.03974973037838936, 0.23017990589141846, 43
abs_error: 0.00022482872009277344, 0.026364563032984734, 0.1596662998199463, 49
episode: 118, return: 10.00  epsilon: 0.010  time:2.43m
abs_error: 0.0006817728281021118, 0.03729594871401787, 0.463421106338501, 41
episode: 119, return: 16.00  epsilon: 0.010  time:1.83m
abs_error: 0.0011317729949951172, 0.02879359945654869, 0.12110644578933716, 48
abs_error: 5.328655242919922e-05, 0.027491174638271332, 0.3565133810043335, 48
episode: 120, return: 16.00  epsilon: 0.010  time:1.86m
abs_error: 1.7762184143066406e-05, 0.02604610286653042, 0.14222097396850586, 46
episode: 121, return: 5.00  epsilon: 0.010  time:2.64m
abs_error: 0.0005179643630981445, 0.02801632508635521, 0.25555890798568726, 38
abs_error: 2.4527311325073242e-05, 0.03548808768391609, 0.13946190476417542, 54
episode: 122, return: 5.00  epsilon: 0.010  time:2.70m
abs_error: 0.00011986494064331055, 0.02578457072377205, 0.17056214809417725, 42
abs_error: 0.0005463361740112305, 0.03498300164937973, 0.3272651433944702, 39
episode: 123, return: 13.00  epsilon: 0.010  time:2.02m
abs_error: 0.00025975704193115234, 0.028846677392721176, 0.29104721546173096, 44
episode: 124, return: 17.00  epsilon: 0.010  time:1.91m
abs_error: 0.0009011030197143555, 0.03909943997859955, 0.28444093465805054, 48
episode: 125, return: 18.00  epsilon: 0.010  time:1.47m
abs_error: 0.0004029273986816406, 0.04317227005958557, 0.3879227638244629, 36
episode: 126, return: 21.00  epsilon: 0.010  time:1.50m
abs_error: 0.0004240870475769043, 0.030123136937618256, 0.1602802872657776, 42
abs_error: 0.00017338991165161133, 0.030818503350019455, 0.18064653873443604, 47
episode: 127, return: 9.00  epsilon: 0.010  time:2.51m
abs_error: 0.00012314319610595703, 0.02603623829782009, 0.14452898502349854, 44
episode: 128, return: 15.00  epsilon: 0.010  time:1.80m
abs_error: 0.00027549266815185547, 0.037883833050727844, 0.42988693714141846, 41
abs_error: 0.00023412704467773438, 0.03297662362456322, 0.41001689434051514, 47
episode: 129, return: 16.00  epsilon: 0.010  time:1.95m
abs_error: 0.00040525197982788086, 0.03904348984360695, 0.462490975856781, 32
abs_error: 5.996227264404297e-05, 0.030785633251070976, 0.1606428623199463, 48
episode: 130, return: 12.00  epsilon: 0.010  time:2.75m
abs_error: 0.001013338565826416, 0.02998035028576851, 0.2118731141090393, 38
episode: 131, return: 19.00  epsilon: 0.010  time:1.47m
abs_error: 0.00023066997528076172, 0.028673192486166954, 0.12954139709472656, 50
abs_error: 6.520748138427734e-05, 0.03321586921811104, 0.29328465461730957, 45
episode: 132, return: 14.00  epsilon: 0.010  time:1.97m
abs_error: 2.086162567138672e-05, 0.028166914358735085, 0.1119379997253418, 47
episode: 133, return: 15.00  epsilon: 0.010  time:2.13m
abs_error: 0.00030434131622314453, 0.03155733272433281, 0.1849757432937622, 41
abs_error: 0.00037932395935058594, 0.029081255197525024, 0.3155611753463745, 47
episode: 134, return: 13.00  epsilon: 0.010  time:2.42m
abs_error: 0.0006425380706787109, 0.035071808844804764, 0.15572279691696167, 56
abs_error: 0.00035309791564941406, 0.033621907234191895, 0.4057236909866333, 42
episode: 135, return: 10.00  epsilon: 0.010  time:2.50m
abs_error: 0.0005272626876831055, 0.030195903033018112, 0.1745421290397644, 44
abs_error: 0.00046253204345703125, 0.022329019382596016, 0.17741823196411133, 46
episode: 136, return: 9.00  epsilon: 0.010  time:2.99m
abs_error: 4.649162292480469e-05, 0.025772415101528168, 0.24342083930969238, 43
abs_error: 6.818771362304688e-05, 0.02642657980322838, 0.15420803427696228, 45
episode: 137, return: 15.00  epsilon: 0.010  time:1.91m
abs_error: 5.1975250244140625e-05, 0.025422755628824234, 0.12080991268157959, 48
episode: 138, return: 17.00  epsilon: 0.010  time:1.76m
abs_error: 0.00019168853759765625, 0.026650289073586464, 0.28242728114128113, 36
episode: 139, return: 18.00  epsilon: 0.010  time:1.62m
abs_error: 0.0001919269561767578, 0.02708309143781662, 0.39086318016052246, 40
abs_error: 1.3530254364013672e-05, 0.028818760067224503, 0.8418745994567871, 36
episode: 140, return: 19.00  epsilon: 0.010  time:1.66m
abs_error: 0.0001741647720336914, 0.02295064926147461, 0.14984172582626343, 49
episode: 141, return: 21.00  epsilon: 0.010  time:1.27m
abs_error: 0.000540614128112793, 0.02551412396132946, 0.47944045066833496, 38
episode: 142, return: 20.00  epsilon: 0.010  time:1.61m
abs_error: 0.0003095865249633789, 0.02628541924059391, 0.20659732818603516, 48
episode: 143, return: 20.00  epsilon: 0.010  time:1.49m
abs_error: 0.00011050701141357422, 0.028277507051825523, 0.2814263701438904, 39
episode: 144, return: 21.00  epsilon: 0.010  time:1.48m
abs_error: 1.3709068298339844e-05, 0.020013095811009407, 0.12205851078033447, 43
episode: 145, return: 20.00  epsilon: 0.010  time:1.50m
abs_error: 0.0001589059829711914, 0.02231018990278244, 0.09044039249420166, 46
episode: 146, return: 18.00  epsilon: 0.010  time:1.84m
abs_error: 5.5789947509765625e-05, 0.025720838457345963, 0.2325594425201416, 45
abs_error: 0.0005162954330444336, 0.030255302786827087, 0.20687714219093323, 41
episode: 147, return: 18.00  epsilon: 0.010  time:1.72m
abs_error: 0.0002785921096801758, 0.027641983702778816, 0.3353085517883301, 39
episode: 148, return: 10.00  epsilon: 0.010  time:2.49m
abs_error: 8.696317672729492e-05, 0.025532538071274757, 0.2073836326599121, 43
abs_error: 2.872943878173828e-05, 0.023896580561995506, 0.12084243446588516, 51
episode: 149, return: 18.00  epsilon: 0.010  time:1.65m
abs_error: 0.0004881620407104492, 0.03197230398654938, 0.18828615546226501, 46
episode: 150, return: 14.00  epsilon: 0.010  time:1.98m
abs_error: 0.0001367330551147461, 0.028742071241140366, 0.3461318016052246, 41
episode: 151, return: 21.00  epsilon: 0.010  time:1.27m
abs_error: 0.00025910139083862305, 0.021082721650600433, 0.1251291036605835, 49
episode: 152, return: 20.00  epsilon: 0.010  time:1.50m
abs_error: 0.0004488229751586914, 0.023424848914146423, 0.10264253616333008, 48
episode: 153, return: 20.00  epsilon: 0.010  time:1.42m
abs_error: 2.3066997528076172e-05, 0.022083045914769173, 0.1630089282989502, 39
abs_error: 0.000110626220703125, 0.02029622159898281, 0.09661909937858582, 43
episode: 154, return: 17.00  epsilon: 0.010  time:1.89m
abs_error: 0.0003470182418823242, 0.026271352544426918, 0.20759612321853638, 41
abs_error: 1.5497207641601562e-05, 0.025124644860625267, 0.16927608847618103, 45
episode: 155, return: 10.00  epsilon: 0.010  time:2.53m
abs_error: 4.9233436584472656e-05, 0.021428357809782028, 0.2320198118686676, 46
episode: 156, return: 15.00  epsilon: 0.010  time:1.99m
abs_error: 0.0003178119659423828, 0.02269834466278553, 0.16609817743301392, 39
episode: 157, return: 20.00  epsilon: 0.010  time:1.56m
abs_error: 0.0003103017807006836, 0.021486246958374977, 0.12623757123947144, 39
episode: 158, return: 19.00  epsilon: 0.010  time:1.56m
abs_error: 5.125999450683594e-06, 0.030377721413969994, 0.22499287128448486, 51
abs_error: 0.00019550323486328125, 0.024787019938230515, 0.16735772788524628, 44
episode: 159, return: 15.00  epsilon: 0.010  time:1.93m
abs_error: 0.00028145313262939453, 0.027167918160557747, 0.12178444862365723, 50
episode: 160, return: 21.00  epsilon: 0.010  time:1.26m
abs_error: 0.00013327598571777344, 0.022506773471832275, 0.1746453046798706, 41
episode: 161, return: 15.00  epsilon: 0.010  time:2.01m
abs_error: 0.00026214122772216797, 0.022090163081884384, 0.1476551741361618, 45
episode: 162, return: 18.00  epsilon: 0.010  time:1.48m
abs_error: 3.826618194580078e-05, 0.02446594648063183, 0.30546247959136963, 30
abs_error: 0.0003083944320678711, 0.02409590221941471, 0.47802573442459106, 48
episode: 163, return: 20.00  epsilon: 0.010  time:1.49m
abs_error: 8.58306884765625e-06, 0.02659567818045616, 0.7128287553787231, 31
episode: 164, return: 19.00  epsilon: 0.010  time:1.58m
abs_error: 0.0002377033233642578, 0.019202159717679024, 0.2859163284301758, 35
episode: 165, return: 18.00  epsilon: 0.010  time:1.69m
abs_error: 7.832050323486328e-05, 0.022473355755209923, 0.15407729148864746, 47
episode: 166, return: 19.00  epsilon: 0.010  time:1.41m
abs_error: 0.0006281137466430664, 0.027220070362091064, 0.23286056518554688, 36
episode: 167, return: 14.00  epsilon: 0.010  time:1.90m
abs_error: 3.892183303833008e-05, 0.027011293917894363, 0.7510050535202026, 27
episode: 168, return: 21.00  epsilon: 0.010  time:1.42m
abs_error: 0.0003858804702758789, 0.01676253043115139, 0.10399484634399414, 48
episode: 169, return: 20.00  epsilon: 0.010  time:1.35m
abs_error: 0.00028514862060546875, 0.019943736493587494, 0.26315486431121826, 35
abs_error: 0.0002307891845703125, 0.01846475899219513, 0.23511457443237305, 33
episode: 170, return: 13.00  epsilon: 0.010  time:2.39m
abs_error: 0.0005972385406494141, 0.022093620151281357, 0.16734975576400757, 36
episode: 171, return: 16.00  epsilon: 0.010  time:1.60m
abs_error: 0.0001201629638671875, 0.028279360383749008, 0.1824110746383667, 45
abs_error: 0.0003609657287597656, 0.020547211170196533, 0.23837167024612427, 41
episode: 172, return: 9.00  epsilon: 0.010  time:2.38m
abs_error: 0.00012308359146118164, 0.02628348022699356, 0.24935007095336914, 40
abs_error: 0.00011217594146728516, 0.022429004311561584, 0.24586379528045654, 40
episode: 173, return: 8.00  epsilon: 0.010  time:2.09m
abs_error: 0.00020182132720947266, 0.021585211157798767, 0.12657099962234497, 48
episode: 174, return: 18.00  epsilon: 0.010  time:1.72m
abs_error: 0.0002548694610595703, 0.0206337571144104, 0.15666186809539795, 42
episode: 175, return: 17.00  epsilon: 0.010  time:1.79m
abs_error: 5.233287811279297e-05, 0.017073042690753937, 0.09550324082374573, 54
abs_error: 0.0002589225769042969, 0.021760137751698494, 0.1555536985397339, 37
episode: 176, return: 10.00  epsilon: 0.010  time:1.93m
abs_error: 0.001177966594696045, 0.02355288341641426, 0.31985145807266235, 43
episode: 177, return: 12.00  epsilon: 0.010  time:2.23m
abs_error: 0.00017020106315612793, 0.01925051212310791, 0.12658989429473877, 41
episode: 178, return: 20.00  epsilon: 0.010  time:1.38m
abs_error: 0.0002561211585998535, 0.018842322751879692, 0.09681111574172974, 51
abs_error: 0.00010561943054199219, 0.019448930397629738, 0.47330528497695923, 45
episode: 179, return: 18.00  epsilon: 0.010  time:1.70m
abs_error: 3.075599670410156e-05, 0.019389141350984573, 0.09313952922821045, 50
episode: 180, return: 19.00  epsilon: 0.010  time:1.59m
abs_error: 0.0008385181427001953, 0.024487726390361786, 0.1730824112892151, 47
episode: 181, return: 16.00  epsilon: 0.010  time:1.80m
abs_error: 0.00011533498764038086, 0.028354022651910782, 0.9059180021286011, 31
abs_error: 6.195157766342163e-06, 0.022354938089847565, 0.16124415397644043, 38
episode: 182, return: 13.00  epsilon: 0.010  time:2.12m
abs_error: 5.6624412536621094e-05, 0.0259955283254385, 0.1556077003479004, 47
episode: 183, return: 17.00  epsilon: 0.010  time:1.72m
abs_error: 0.0002448558807373047, 0.022269833832979202, 0.431294322013855, 40
episode: 184, return: 13.00  epsilon: 0.010  time:1.79m
abs_error: 0.0001201629638671875, 0.02151835896074772, 0.19048315286636353, 37
episode: 185, return: 20.00  epsilon: 0.010  time:1.38m
abs_error: 0.00017118453979492188, 0.016168810427188873, 0.09665310382843018, 43
abs_error: 0.00011414289474487305, 0.015771392732858658, 0.07162992656230927, 50
episode: 186, return: 18.00  epsilon: 0.010  time:1.50m
abs_error: 3.2067298889160156e-05, 0.022453267127275467, 0.5382038354873657, 33
episode: 187, return: 14.00  epsilon: 0.010  time:1.88m
abs_error: 0.00011014938354492188, 0.019585732370615005, 0.18481257557868958, 47
abs_error: 0.0002504587173461914, 0.023278916254639626, 0.17579218745231628, 43
episode: 188, return: 10.00  epsilon: 0.010  time:2.11m
abs_error: 0.0001710653305053711, 0.01786084659397602, 0.1217503547668457, 49
episode: 189, return: 15.00  epsilon: 0.010  time:1.93m
abs_error: 0.00022113323211669922, 0.023867011070251465, 0.15864503383636475, 43
episode: 190, return: 14.00  epsilon: 0.010  time:1.73m
abs_error: 0.00031363964080810547, 0.02172832377254963, 0.12794694304466248, 39
abs_error: 8.547306060791016e-05, 0.020706309005618095, 0.12450117617845535, 48
episode: 191, return: 18.00  epsilon: 0.010  time:1.56m
abs_error: 1.5616416931152344e-05, 0.018605565652251244, 0.10013473033905029, 42
episode: 192, return: 21.00  epsilon: 0.010  time:1.34m
abs_error: 0.00016188621520996094, 0.02205161564052105, 0.1227034330368042, 39
episode: 193, return: 13.00  epsilon: 0.010  time:1.78m
abs_error: 2.9325485229492188e-05, 0.03593979775905609, 0.6472901701927185, 37
abs_error: 4.571676254272461e-05, 0.020772762596607208, 0.20016580820083618, 43
episode: 194, return: 7.00  epsilon: 0.010  time:2.42m
abs_error: 3.546476364135742e-05, 0.018550526350736618, 0.11498677730560303, 40
episode: 195, return: 15.00  epsilon: 0.010  time:1.71m
abs_error: 0.00022494792938232422, 0.020265424624085426, 0.13973718881607056, 39
abs_error: 0.00015425682067871094, 0.02234475687146187, 0.11467057466506958, 47
episode: 196, return: 15.00  epsilon: 0.010  time:2.06m
abs_error: 0.0007072687149047852, 0.019444981589913368, 0.13619747757911682, 41
episode: 197, return: 19.00  epsilon: 0.010  time:1.83m
abs_error: 4.1604042053222656e-05, 0.02509254775941372, 0.7057747840881348, 29
episode: 198, return: 16.00  epsilon: 0.010  time:1.69m
abs_error: 2.8908252716064453e-05, 0.023541586473584175, 0.12290060520172119, 48
abs_error: 9.179115295410156e-06, 0.023205718025565147, 0.25067269802093506, 41
episode: 199, return: 16.00  epsilon: 0.010  time:1.78m
abs_error: 0.0009758472442626953, 0.03420265018939972, 0.7717068195343018, 44
episode: 200, return: 18.00  epsilon: 0.010  time:1.41m
abs_error: 8.189678192138672e-05, 0.02806021086871624, 0.7837613821029663, 37
episode: 201, return: 17.00  epsilon: 0.010  time:1.68m
abs_error: 0.00013887882232666016, 0.01920141838490963, 0.15399014949798584, 48
episode: 202, return: 14.00  epsilon: 0.010  time:1.87m
abs_error: 1.8328428268432617e-05, 0.02096456289291382, 0.12978875637054443, 47
episode: 203, return: 17.00  epsilon: 0.010  time:1.66m
abs_error: 0.0001004934310913086, 0.019949516281485558, 0.2510215938091278, 37
abs_error: 0.0003000497817993164, 0.023290768265724182, 0.6417552828788757, 31
episode: 204, return: 14.00  epsilon: 0.010  time:1.71m
abs_error: 7.981061935424805e-05, 0.020645301789045334, 0.10317197442054749, 50
episode: 205, return: 16.00  epsilon: 0.010  time:1.65m
abs_error: 5.0067901611328125e-05, 0.021146563813090324, 0.33531713485717773, 44
episode: 206, return: 16.00  epsilon: 0.010  time:1.59m
abs_error: 0.00011360645294189453, 0.019981836900115013, 0.3107792139053345, 34
episode: 207, return: 20.00  epsilon: 0.010  time:1.46m
abs_error: 1.430511474609375e-06, 0.030373426154255867, 0.37991195917129517, 37
abs_error: 7.236003875732422e-05, 0.020099546760320663, 0.23273593187332153, 35
episode: 208, return: 14.00  epsilon: 0.010  time:1.85m
abs_error: 0.001088794320821762, 0.022765513509511948, 0.1371288299560547, 48
episode: 209, return: 4.00  epsilon: 0.010  time:1.91m
abs_error: 5.5849552154541016e-05, 0.025071997195482254, 0.3274153470993042, 34
abs_error: 0.00012052059173583984, 0.01638869196176529, 0.21853530406951904, 42
episode: 210, return: 13.00  epsilon: 0.010  time:1.76m
abs_error: 0.0003197789192199707, 0.03387494012713432, 0.6144518256187439, 34
episode: 211, return: 16.00  epsilon: 0.010  time:1.59m
abs_error: 0.00034731626510620117, 0.023976750671863556, 0.2716265320777893, 39
episode: 212, return: 18.00  epsilon: 0.010  time:1.57m
abs_error: 5.728006362915039e-05, 0.017824411392211914, 0.1394639015197754, 42
episode: 213, return: 17.00  epsilon: 0.010  time:1.77m
abs_error: 3.9458274841308594e-05, 0.019856378436088562, 0.3000309467315674, 41
episode: 214, return: 19.00  epsilon: 0.010  time:1.54m
abs_error: 0.00024366378784179688, 0.01886533945798874, 0.17396077513694763, 43
abs_error: 0.00014388561248779297, 0.02540077269077301, 0.33511412143707275, 33
episode: 215, return: 18.00  epsilon: 0.010  time:1.63m
abs_error: 0.0003758072853088379, 0.019587628543376923, 0.10677838325500488, 41
episode: 216, return: 18.00  epsilon: 0.010  time:1.39m
abs_error: 0.00016182661056518555, 0.018124833703041077, 0.08098968863487244, 47
episode: 217, return: 19.00  epsilon: 0.010  time:1.52m
abs_error: 0.0005336999893188477, 0.022174444049596786, 0.2524656653404236, 39
episode: 218, return: 17.00  epsilon: 0.010  time:1.56m
abs_error: 0.00011110305786132812, 0.022739596664905548, 0.14974164962768555, 45
episode: 219, return: 12.00  epsilon: 0.010  time:2.07m
abs_error: 1.3113021850585938e-06, 0.024083390831947327, 0.3913511037826538, 39
abs_error: 0.00015795230865478516, 0.021617470309138298, 0.1312168836593628, 42
episode: 220, return: 14.00  epsilon: 0.010  time:1.91m
abs_error: 3.0159950256347656e-05, 0.018413271754980087, 0.11365186423063278, 44
episode: 221, return: 17.00  epsilon: 0.010  time:1.59m
abs_error: 0.00033342838287353516, 0.02226446568965912, 0.6689596176147461, 28
episode: 222, return: 13.00  epsilon: 0.010  time:1.61m
abs_error: 3.045797348022461e-05, 0.01804427057504654, 0.09138166904449463, 50
abs_error: 0.0003917813301086426, 0.020851697772741318, 0.22225463390350342, 43
episode: 223, return: 19.00  epsilon: 0.010  time:1.65m
abs_error: 0.00027245283126831055, 0.02224673703312874, 0.12970256805419922, 53
episode: 224, return: 17.00  epsilon: 0.010  time:1.66m
abs_error: 0.0005492568016052246, 0.022907674312591553, 0.18303430080413818, 39
episode: 225, return: 19.00  epsilon: 0.010  time:1.42m
abs_error: 3.999471664428711e-05, 0.023929068818688393, 0.6686272025108337, 36
episode: 226, return: 21.00  epsilon: 0.010  time:1.47m
abs_error: 0.00010758638381958008, 0.02143983170390129, 0.6614062786102295, 32
episode: 227, return: 16.00  epsilon: 0.010  time:1.57m
abs_error: 0.00021851062774658203, 0.01741812750697136, 0.0905880406498909, 45
episode: 228, return: 18.00  epsilon: 0.010  time:1.49m
abs_error: 0.0002626776695251465, 0.021052945405244827, 0.18615925312042236, 47
episode: 229, return: 20.00  epsilon: 0.010  time:1.51m
abs_error: 0.00020956993103027344, 0.019674336537718773, 0.2123253345489502, 47
abs_error: 0.00035446882247924805, 0.01711721159517765, 0.2050565481185913, 42
episode: 230, return: 19.00  epsilon: 0.010  time:1.62m
abs_error: 0.000438690185546875, 0.02200303226709366, 0.1887379288673401, 41
episode: 231, return: 21.00  epsilon: 0.010  time:1.42m
abs_error: 0.0003019571304321289, 0.020021112635731697, 0.210954487323761, 45
episode: 232, return: 17.00  epsilon: 0.010  time:1.67m
abs_error: 7.385015487670898e-05, 0.019906628876924515, 0.17113101482391357, 35
episode: 233, return: 14.00  epsilon: 0.010  time:1.81m
abs_error: 1.33514404296875e-05, 0.032300423830747604, 0.6750680208206177, 15
episode: 234, return: 19.00  epsilon: 0.010  time:1.42m
abs_error: 0.0004603862762451172, 0.01840684749186039, 0.3217189311981201, 36
episode: 235, return: 19.00  epsilon: 0.010  time:1.55m
abs_error: 0.0003790855407714844, 0.015991313382983208, 0.11288562417030334, 46
episode: 236, return: 19.00  epsilon: 0.010  time:1.31m
abs_error: 9.417533874511719e-05, 0.0201632771641016, 0.5862367153167725, 32
episode: 237, return: 20.00  epsilon: 0.010  time:1.40m
abs_error: 5.125999450683594e-05, 0.01893956959247589, 0.14350783824920654, 41
abs_error: 0.0002956390380859375, 0.016335109248757362, 0.06265878677368164, 54
episode: 238, return: 19.00  epsilon: 0.010  time:1.64m
abs_error: 0.00017720460891723633, 0.018998250365257263, 0.10536551475524902, 42
episode: 239, return: 20.00  epsilon: 0.010  time:1.27m
abs_error: 6.723403930664062e-05, 0.017426032572984695, 0.08633863925933838, 47
episode: 240, return: 19.00  epsilon: 0.010  time:1.68m
abs_error: 0.0003324747085571289, 0.017944211140275, 0.17518115043640137, 46
episode: 241, return: 20.00  epsilon: 0.010  time:1.37m
abs_error: 0.00012731552124023438, 0.013913252390921116, 0.1032460480928421, 40
episode: 242, return: 19.00  epsilon: 0.010  time:1.45m
abs_error: 3.2067298889160156e-05, 0.013731158338487148, 0.10945188999176025, 54
episode: 243, return: 20.00  epsilon: 0.010  time:1.38m
abs_error: 5.8531761169433594e-05, 0.015058401972055435, 0.0654091089963913, 53
episode: 244, return: 19.00  epsilon: 0.010  time:1.34m
abs_error: 3.039836883544922e-05, 0.01608104445040226, 0.09695929288864136, 48
episode: 245, return: 16.00  epsilon: 0.010  time:1.69m
abs_error: 5.9485435485839844e-05, 0.01189274899661541, 0.08175821602344513, 49
abs_error: 0.0002092123031616211, 0.015918489545583725, 0.1630088984966278, 39
episode: 246, return: 17.00  epsilon: 0.010  time:1.64m
abs_error: 4.649162292480469e-06, 0.017706135287880898, 0.18400025367736816, 40
episode: 247, return: 17.00  epsilon: 0.010  time:1.54m
abs_error: 0.00023442506790161133, 0.024559147655963898, 0.5961959362030029, 29
episode: 248, return: 17.00  epsilon: 0.010  time:1.56m
abs_error: 0.0001856088638305664, 0.018688589334487915, 0.1736980676651001, 50
episode: 249, return: 19.00  epsilon: 0.010  time:1.63m
abs_error: 0.00013768672943115234, 0.01954052783548832, 0.22086191177368164, 43
abs_error: 0.00035178661346435547, 0.01734384521842003, 0.17807155847549438, 37
episode: 250, return: 12.00  epsilon: 0.010  time:1.99m
abs_error: 0.0001545548439025879, 0.028242256492376328, 0.6441167593002319, 24
episode: 251, return: 11.00  epsilon: 0.010  time:2.21m
abs_error: 0.0003216266632080078, 0.020074717700481415, 0.2982149124145508, 35
episode: 252, return: 18.00  epsilon: 0.010  time:1.68m
abs_error: 4.482269287109375e-05, 0.016514554619789124, 0.13973543047904968, 40
abs_error: 0.00010025501251220703, 0.017058035358786583, 0.07278381288051605, 48
episode: 253, return: 15.00  epsilon: 0.010  time:1.63m
abs_error: 0.00043702125549316406, 0.02715439908206463, 0.6722545623779297, 24
episode: 254, return: 19.00  epsilon: 0.010  time:1.78m
abs_error: 1.9788742065429688e-05, 0.02092669904232025, 0.2304161787033081, 47
episode: 255, return: 17.00  epsilon: 0.010  time:1.78m
abs_error: 6.496906280517578e-05, 0.016874248161911964, 0.09919285774230957, 45
abs_error: 0.00020325183868408203, 0.021554188802838326, 0.19035418331623077, 40
episode: 256, return: 15.00  epsilon: 0.010  time:2.01m
abs_error: 0.0003484487533569336, 0.01771869882941246, 0.17092418670654297, 38
episode: 257, return: 18.00  epsilon: 0.010  time:1.65m
abs_error: 0.0003981590270996094, 0.019921893253922462, 0.17054924368858337, 45
episode: 258, return: 17.00  epsilon: 0.010  time:1.61m
abs_error: 0.0002410411834716797, 0.017263786867260933, 0.06983691453933716, 47
episode: 259, return: 19.00  epsilon: 0.010  time:1.52m
abs_error: 0.0001659393310546875, 0.01787157543003559, 0.12736093997955322, 37
abs_error: 0.00018477439880371094, 0.017015790566802025, 0.0992882251739502, 42
episode: 260, return: 19.00  epsilon: 0.010  time:1.78m
abs_error: 4.363059997558594e-05, 0.015480575151741505, 0.10114514827728271, 41
episode: 261, return: 18.00  epsilon: 0.010  time:1.44m
abs_error: 0.0002968311309814453, 0.018721599131822586, 0.16058838367462158, 43
episode: 262, return: 19.00  epsilon: 0.010  time:1.43m
abs_error: 7.808208465576172e-05, 0.01853104867041111, 0.19971084594726562, 36
episode: 263, return: 14.00  epsilon: 0.010  time:1.77m
abs_error: 0.0001347064971923828, 0.01618286408483982, 0.10190939903259277, 39
abs_error: 1.7523765563964844e-05, 0.031649790704250336, 0.28485703468322754, 36
episode: 264, return: 16.00  epsilon: 0.010  time:2.02m
abs_error: 0.0001774430274963379, 0.018429983407258987, 0.14053428173065186, 44
episode: 265, return: 18.00  epsilon: 0.010  time:1.65m
abs_error: 2.4974346160888672e-05, 0.01881415955722332, 0.23166751861572266, 34
episode: 266, return: 15.00  epsilon: 0.010  time:1.88m
abs_error: 5.835294723510742e-05, 0.022670390084385872, 0.2465745210647583, 44
abs_error: 0.00016486644744873047, 0.017495591193437576, 0.2209976315498352, 47
episode: 267, return: 16.00  epsilon: 0.010  time:1.91m
abs_error: 0.0004216432571411133, 0.025258313864469528, 0.6398861408233643, 34
episode: 268, return: 14.00  epsilon: 0.010  time:1.74m
abs_error: 2.574920654296875e-05, 0.019596634432673454, 0.4457431435585022, 39
episode: 269, return: 20.00  epsilon: 0.010  time:1.41m
abs_error: 0.00016319751739501953, 0.01888454705476761, 0.1907399296760559, 41
episode: 270, return: 19.00  epsilon: 0.010  time:1.49m
abs_error: 0.00013619661331176758, 0.018413575366139412, 0.19411206245422363, 49
episode: 271, return: 18.00  epsilon: 0.010  time:1.45m
abs_error: 7.236003875732422e-05, 0.020992808043956757, 0.34866589307785034, 31
episode: 272, return: 21.00  epsilon: 0.010  time:1.32m
abs_error: 7.450580596923828e-06, 0.016760751605033875, 0.08550697565078735, 50
episode: 273, return: 19.00  epsilon: 0.010  time:1.38m
abs_error: 4.214048385620117e-05, 0.018221907317638397, 0.357361376285553, 46
abs_error: 8.64267349243164e-05, 0.015907375141978264, 0.1218077689409256, 46
episode: 274, return: 20.00  epsilon: 0.010  time:1.56m
abs_error: 2.2351741790771484e-05, 0.01585117168724537, 0.06332071125507355, 49
episode: 275, return: 20.00  epsilon: 0.010  time:1.53m
abs_error: 4.887580871582031e-06, 0.01852969452738762, 0.20036232471466064, 49
episode: 276, return: 16.00  epsilon: 0.010  time:1.85m
abs_error: 0.00020682811737060547, 0.02079709619283676, 0.22629523277282715, 34
episode: 277, return: 17.00  epsilon: 0.010  time:1.45m
abs_error: 7.62939453125e-06, 0.019868003204464912, 0.3824639916419983, 26
episode: 278, return: 20.00  epsilon: 0.010  time:1.38m
abs_error: 0.00029146671295166016, 0.018506940454244614, 0.30980348587036133, 35
abs_error: 0.00010251998901367188, 0.013816696591675282, 0.08216258883476257, 50
episode: 279, return: 18.00  epsilon: 0.010  time:1.79m
abs_error: 0.0007047057151794434, 0.022874243557453156, 0.5597395896911621, 31
episode: 280, return: 20.00  epsilon: 0.010  time:1.41m
abs_error: 4.017353057861328e-05, 0.015651926398277283, 0.094763845205307, 48
episode: 281, return: 18.00  epsilon: 0.010  time:1.47m
abs_error: 0.00013768672943115234, 0.016432223841547966, 0.13315367698669434, 48
episode: 282, return: 16.00  epsilon: 0.010  time:2.00m
abs_error: 9.274482727050781e-05, 0.024529408663511276, 0.4588249921798706, 35
episode: 283, return: 20.00  epsilon: 0.010  time:1.29m
abs_error: 0.00012880563735961914, 0.014882036484777927, 0.08284485340118408, 51
abs_error: 1.9729137420654297e-05, 0.022871840745210648, 0.4118797183036804, 28
episode: 284, return: 17.00  epsilon: 0.010  time:1.83m
abs_error: 5.3048133850097656e-05, 0.023058148100972176, 0.512790322303772, 34
episode: 285, return: 19.00  epsilon: 0.010  time:1.57m
abs_error: 0.00020956993103027344, 0.017356354743242264, 0.11752104759216309, 43
episode: 286, return: 21.00  epsilon: 0.010  time:1.48m
abs_error: 0.0001475811004638672, 0.02413937635719776, 0.6163069009780884, 29
episode: 287, return: 19.00  epsilon: 0.010  time:1.55m
abs_error: 1.3113021850585938e-06, 0.02083561196923256, 0.29648882150650024, 37
episode: 288, return: 20.00  epsilon: 0.010  time:1.31m
abs_error: 0.0001709461212158203, 0.02224399708211422, 0.502614438533783, 35
episode: 289, return: 20.00  epsilon: 0.010  time:1.46m
abs_error: 0.0003447532653808594, 0.01708359457552433, 0.366158127784729, 37
episode: 290, return: 19.00  epsilon: 0.010  time:1.57m
abs_error: 9.640306234359741e-05, 0.013268992304801941, 0.12387722730636597, 46
episode: 291, return: 21.00  epsilon: 0.010  time:1.59m
abs_error: 0.0005677342414855957, 0.016611089929938316, 0.26146721839904785, 46
episode: 292, return: 19.00  epsilon: 0.010  time:1.75m
abs_error: 0.00014400482177734375, 0.016901804134249687, 0.1353546380996704, 47
abs_error: 0.00017881393432617188, 0.01787383109331131, 0.19468164443969727, 39
episode: 293, return: 18.00  epsilon: 0.010  time:1.56m
abs_error: 3.8743019104003906e-05, 0.018174216151237488, 0.16267025470733643, 39
episode: 294, return: 19.00  epsilon: 0.010  time:1.37m
abs_error: 0.0007606148719787598, 0.020695308223366737, 0.44033968448638916, 30
episode: 295, return: 16.00  epsilon: 0.010  time:1.74m
abs_error: 0.0002804994583129883, 0.014805113896727562, 0.12037062644958496, 47
episode: 296, return: 17.00  epsilon: 0.010  time:1.87m
abs_error: 6.252527236938477e-05, 0.015810739248991013, 0.13675224781036377, 42
abs_error: 3.1113624572753906e-05, 0.017997268587350845, 0.19404026865959167, 36
episode: 297, return: 19.00  epsilon: 0.010  time:1.67m
abs_error: 0.0002244114875793457, 0.01754908822476864, 0.33639001846313477, 41
episode: 298, return: 20.00  epsilon: 0.010  time:1.40m
abs_error: 0.00019925832748413086, 0.02121306210756302, 0.20674550533294678, 43
episode: 299, return: 18.00  epsilon: 0.010  time:1.81m
abs_error: 0.000247955322265625, 0.017922215163707733, 0.12739098072052002, 43
episode: 300, return: 19.00  epsilon: 0.010  time:1.55m
abs_error: 7.987022399902344e-06, 0.019347339868545532, 0.2918134927749634, 42
episode: 301, return: 18.00  epsilon: 0.010  time:1.68m
abs_error: 9.09566879272461e-05, 0.017098069190979004, 0.11854636669158936, 41
episode: 302, return: 19.00  epsilon: 0.010  time:1.49m
abs_error: 2.104043960571289e-05, 0.018233444541692734, 0.186911940574646, 40
episode: 303, return: 20.00  epsilon: 0.010  time:1.41m
abs_error: 0.00013333559036254883, 0.015130886808037758, 0.11274361610412598, 44
abs_error: 5.143880844116211e-05, 0.022618141025304794, 0.30372726917266846, 26
episode: 304, return: 19.00  epsilon: 0.010  time:1.53m
abs_error: 7.420778274536133e-05, 0.021426379680633545, 0.3535354733467102, 41
episode: 305, return: 19.00  epsilon: 0.010  time:1.69m
abs_error: 0.00016444921493530273, 0.02018149197101593, 0.13631516695022583, 50
episode: 306, return: 18.00  epsilon: 0.010  time:1.47m
abs_error: 4.708766937255859e-06, 0.015997517853975296, 0.08006805181503296, 51
episode: 307, return: 19.00  epsilon: 0.010  time:1.75m
abs_error: 0.00018978118896484375, 0.016978591680526733, 0.30791962146759033, 43
episode: 308, return: 18.00  epsilon: 0.010  time:1.76m
abs_error: 1.1920928955078125e-06, 0.021545743569731712, 0.23396086692810059, 31
abs_error: 5.728006362915039e-05, 0.015546075999736786, 0.12861597537994385, 40
episode: 309, return: 18.00  epsilon: 0.010  time:1.58m
abs_error: 6.079673767089844e-05, 0.022536657750606537, 0.5024001598358154, 33
episode: 310, return: 19.00  epsilon: 0.010  time:1.60m
abs_error: 0.00018197298049926758, 0.01727307215332985, 0.11011600494384766, 50
episode: 311, return: 19.00  epsilon: 0.010  time:1.52m
abs_error: 8.296966552734375e-05, 0.018436860293149948, 0.4193354547023773, 38
episode: 312, return: 18.00  epsilon: 0.010  time:1.75m
abs_error: 0.00014829635620117188, 0.014095639809966087, 0.10732823610305786, 42
episode: 313, return: 21.00  epsilon: 0.010  time:1.62m
abs_error: 0.0001831650733947754, 0.017021412029862404, 0.3374514877796173, 36
abs_error: 0.0005298256874084473, 0.02440536580979824, 0.7496434450149536, 21
episode: 314, return: 15.00  epsilon: 0.010  time:1.62m
abs_error: 3.2007694244384766e-05, 0.014504319056868553, 0.07529714703559875, 50
episode: 315, return: 20.00  epsilon: 0.010  time:1.52m
abs_error: 6.377696990966797e-05, 0.016967222094535828, 0.26405736804008484, 43
episode: 316, return: 18.00  epsilon: 0.010  time:1.88m
abs_error: 7.867813110351562e-06, 0.015827516093850136, 0.2726857662200928, 30
episode: 317, return: 21.00  epsilon: 0.010  time:1.31m
abs_error: 0.00012499094009399414, 0.023231972008943558, 0.5747376680374146, 31
episode: 318, return: 21.00  epsilon: 0.010  time:1.36m
abs_error: 0.0003598928451538086, 0.01783411204814911, 0.1790006160736084, 43
abs_error: 5.602836608886719e-06, 0.01693582534790039, 0.214508056640625, 41
episode: 319, return: 18.00  epsilon: 0.010  time:1.80m
abs_error: 1.7821788787841797e-05, 0.016225183382630348, 0.06959277391433716, 49
episode: 320, return: 18.00  epsilon: 0.010  time:1.58m
abs_error: 0.0001277923583984375, 0.01741081476211548, 0.13704776763916016, 42
episode: 321, return: 20.00  epsilon: 0.010  time:1.74m
abs_error: 0.00021904706954956055, 0.019230308011174202, 0.1941070556640625, 40
episode: 322, return: 21.00  epsilon: 0.010  time:1.48m
abs_error: 0.0004487037658691406, 0.014229868538677692, 0.057283639907836914, 44
episode: 323, return: 21.00  epsilon: 0.010  time:1.54m
abs_error: 6.324052810668945e-05, 0.013408662751317024, 0.08899211883544922, 47
episode: 324, return: 21.00  epsilon: 0.010  time:1.67m
abs_error: 0.0001875162124633789, 0.01372623723000288, 0.06084942817687988, 46
abs_error: 3.9577484130859375e-05, 0.01836564391851425, 0.16233181953430176, 49
episode: 325, return: 19.00  epsilon: 0.010  time:1.44m
abs_error: 0.00010752677917480469, 0.0195167139172554, 0.4769962430000305, 39
episode: 326, return: 20.00  epsilon: 0.010  time:1.32m
abs_error: 0.0003510713577270508, 0.015362127684056759, 0.06926226615905762, 45
episode: 327, return: 19.00  epsilon: 0.010  time:1.86m
abs_error: 0.00031375885009765625, 0.014040054753422737, 0.21510279178619385, 41
episode: 328, return: 20.00  epsilon: 0.010  time:1.45m
abs_error: 5.7697296142578125e-05, 0.01962149888277054, 0.331204891204834, 39
abs_error: 3.349781036376953e-05, 0.018038470298051834, 0.33086299896240234, 35
episode: 329, return: 13.00  epsilon: 0.010  time:2.04m
abs_error: 0.00013899803161621094, 0.015083429403603077, 0.08753764629364014, 46
episode: 330, return: 19.00  epsilon: 0.010  time:1.68m
abs_error: 9.870529174804688e-05, 0.013785389252007008, 0.19977843761444092, 44
episode: 331, return: 14.00  epsilon: 0.010  time:1.76m
abs_error: 0.001511216163635254, 0.023388022556900978, 0.5361344814300537, 30
episode: 332, return: 21.00  epsilon: 0.010  time:1.46m
abs_error: 7.998943328857422e-05, 0.015013600699603558, 0.06299397349357605, 52
episode: 333, return: 21.00  epsilon: 0.010  time:1.33m
abs_error: 0.00010663270950317383, 0.015506962314248085, 0.07503092288970947, 47
episode: 334, return: 21.00  epsilon: 0.010  time:1.54m
abs_error: 5.4836273193359375e-05, 0.018904022872447968, 0.11548614501953125, 49
abs_error: 8.96453857421875e-05, 0.01832854002714157, 0.21030759811401367, 38
episode: 335, return: 18.00  epsilon: 0.010  time:1.75m
abs_error: 0.00024455785751342773, 0.028164897114038467, 0.6180070638656616, 27
episode: 336, return: 13.00  epsilon: 0.010  time:2.03m
abs_error: 3.898143768310547e-05, 0.01707855984568596, 0.19326192140579224, 40
abs_error: 4.4345855712890625e-05, 0.015301777049899101, 0.20358455181121826, 41
episode: 337, return: 15.00  epsilon: 0.010  time:1.70m
abs_error: 3.886222839355469e-05, 0.0166977159678936, 0.13247114419937134, 47
episode: 338, return: 20.00  epsilon: 0.010  time:1.55m
abs_error: 2.8371810913085938e-05, 0.01802326738834381, 0.1732487678527832, 32
episode: 339, return: 19.00  epsilon: 0.010  time:1.39m
abs_error: 0.0001360177993774414, 0.01605890691280365, 0.16965258121490479, 43
episode: 340, return: 19.00  epsilon: 0.010  time:1.39m
abs_error: 0.00020301342010498047, 0.017367137596011162, 0.1815187931060791, 39
episode: 341, return: 17.00  epsilon: 0.010  time:1.84m
abs_error: 2.968311309814453e-05, 0.013998806476593018, 0.06966334581375122, 45
abs_error: 0.00012379884719848633, 0.01807493343949318, 0.2814970016479492, 38
episode: 342, return: 17.00  epsilon: 0.010  time:1.88m
abs_error: 3.832578659057617e-05, 0.02070481702685356, 0.1331033706665039, 43
episode: 343, return: 19.00  epsilon: 0.010  time:1.74m
abs_error: 0.00017774105072021484, 0.01711159385740757, 0.12799477577209473, 42
episode: 344, return: 19.00  epsilon: 0.010  time:1.88m
abs_error: 5.412101745605469e-05, 0.01855684630572796, 0.17520809173583984, 41
abs_error: 7.200241088867188e-05, 0.016761504113674164, 0.19402778148651123, 42
episode: 345, return: 20.00  epsilon: 0.010  time:1.56m
abs_error: 0.0003623366355895996, 0.018408961594104767, 0.16583526134490967, 45
episode: 346, return: 16.00  epsilon: 0.010  time:1.93m
abs_error: 0.00022041797637939453, 0.017033737152814865, 0.14150464534759521, 39
episode: 347, return: 21.00  epsilon: 0.010  time:1.32m
abs_error: 2.300739288330078e-05, 0.013095295056700706, 0.10234540700912476, 41
episode: 348, return: 20.00  epsilon: 0.010  time:1.54m
abs_error: 0.00012981891632080078, 0.018578609451651573, 0.20203351974487305, 47
episode: 349, return: 19.00  epsilon: 0.010  time:1.58m
abs_error: 5.030632019042969e-05, 0.017371071502566338, 0.2007659673690796, 35
abs_error: 7.68899917602539e-05, 0.019464615732431412, 0.665439248085022, 27
episode: 350, return: 18.00  epsilon: 0.010  time:1.85m
abs_error: 0.0003224611282348633, 0.018348662182688713, 0.1887521892786026, 43
episode: 351, return: 20.00  epsilon: 0.010  time:1.73m
abs_error: 0.0004886388778686523, 0.019650142639875412, 0.28632694482803345, 38
episode: 352, return: 20.00  epsilon: 0.010  time:1.40m
abs_error: 0.0002982616424560547, 0.015336943790316582, 0.06830859184265137, 49
episode: 353, return: 17.00  epsilon: 0.010  time:2.08m
abs_error: 0.0001881122589111328, 0.012196360155940056, 0.04880630970001221, 45
abs_error: 3.820657730102539e-05, 0.015497708693146706, 0.08950674533843994, 46
episode: 354, return: 16.00  epsilon: 0.010  time:2.02m
abs_error: 1.3113021850585938e-06, 0.019876908510923386, 0.46553754806518555, 28
episode: 355, return: 13.00  epsilon: 0.010  time:1.80m
abs_error: 0.00012671947479248047, 0.018307767808437347, 0.22353219985961914, 39
abs_error: 2.562999725341797e-05, 0.01974530890583992, 0.5702781677246094, 33
episode: 356, return: 19.00  epsilon: 0.010  time:1.57m
abs_error: 1.811981201171875e-05, 0.018252862617373466, 0.23512369394302368, 40
episode: 357, return: 21.00  epsilon: 0.010  time:1.53m
abs_error: 0.0003052949905395508, 0.014467662200331688, 0.09228301048278809, 44
episode: 358, return: 19.00  epsilon: 0.010  time:1.64m
abs_error: 5.340576171875e-05, 0.017089951783418655, 0.24557335674762726, 41
episode: 359, return: 14.00  epsilon: 0.010  time:2.07m
abs_error: 0.00020134449005126953, 0.01515224389731884, 0.07905721664428711, 49
abs_error: 2.09808349609375e-05, 0.015118975192308426, 0.12712067365646362, 44
episode: 360, return: 15.00  epsilon: 0.010  time:1.79m
abs_error: 0.00011444091796875, 0.015426237136125565, 0.1713026762008667, 40
episode: 361, return: 21.00  epsilon: 0.010  time:1.49m
abs_error: 0.00015461444854736328, 0.0172441229224205, 0.1082838773727417, 39
episode: 362, return: 17.00  epsilon: 0.010  time:1.68m
abs_error: 0.00011819601058959961, 0.017667558044195175, 0.10514360666275024, 48
episode: 363, return: 20.00  epsilon: 0.010  time:1.68m
abs_error: 5.257129669189453e-05, 0.01797134056687355, 0.22286146879196167, 45
abs_error: 5.9604644775390625e-05, 0.018516918644309044, 0.2601602077484131, 44
episode: 364, return: 16.00  epsilon: 0.010  time:1.68m
abs_error: 0.00012433528900146484, 0.019102949649095535, 0.1907813549041748, 38
episode: 365, return: 18.00  epsilon: 0.010  time:1.73m
abs_error: 2.0265579223632812e-05, 0.024415135383605957, 0.5279673337936401, 34
episode: 366, return: 18.00  epsilon: 0.010  time:1.80m
abs_error: 5.507469177246094e-05, 0.016261562705039978, 0.08911144733428955, 41
episode: 367, return: 20.00  epsilon: 0.010  time:1.57m
abs_error: 0.0002777576446533203, 0.018841784447431564, 0.2503843307495117, 36
abs_error: 5.4836273193359375e-06, 0.017449695616960526, 0.16453105211257935, 47
episode: 368, return: 17.00  epsilon: 0.010  time:1.47m
abs_error: 0.00011014938354492188, 0.015074414201080799, 0.11433029174804688, 44
episode: 369, return: 21.00  epsilon: 0.010  time:1.35m
abs_error: 5.728006362915039e-05, 0.01545417308807373, 0.22077536582946777, 38
episode: 370, return: 16.00  epsilon: 0.010  time:1.80m
abs_error: 0.0003496408462524414, 0.014847556129097939, 0.15731632709503174, 46
episode: 371, return: 20.00  epsilon: 0.010  time:1.71m
abs_error: 1.239776611328125e-05, 0.01847711205482483, 0.15942764282226562, 51
abs_error: 0.00011295080184936523, 0.015851981937885284, 0.13188529014587402, 41
episode: 372, return: 14.00  epsilon: 0.010  time:1.86m
abs_error: 0.00015869736671447754, 0.014835701324045658, 0.1804313063621521, 40
episode: 373, return: 13.00  epsilon: 0.010  time:2.10m
abs_error: 0.0002562999725341797, 0.022453783079981804, 0.7193014621734619, 28
abs_error: 3.11732292175293e-05, 0.018726922571659088, 0.19310492277145386, 38
episode: 374, return: 18.00  epsilon: 0.010  time:2.06m
abs_error: 0.00019353628158569336, 0.019032061100006104, 0.5019404888153076, 27
episode: 375, return: 20.00  epsilon: 0.010  time:1.64m
abs_error: 3.5762786865234375e-05, 0.016299471259117126, 0.16895318031311035, 36
episode: 376, return: 19.00  epsilon: 0.010  time:1.76m
abs_error: 0.00030434131622314453, 0.019087906926870346, 0.15861666202545166, 36
abs_error: 4.225969314575195e-05, 0.017810598015785217, 0.10547113418579102, 48
episode: 377, return: 16.00  epsilon: 0.010  time:1.89m
abs_error: 0.00010037422180175781, 0.01857713982462883, 0.1479736566543579, 45
episode: 378, return: 21.00  epsilon: 0.010  time:1.95m
abs_error: 0.0001437664031982422, 0.015128935687243938, 0.10466527938842773, 42
episode: 379, return: 16.00  epsilon: 0.010  time:1.70m
abs_error: 3.30805778503418e-05, 0.01802784763276577, 0.17211449146270752, 43
episode: 380, return: 21.00  epsilon: 0.010  time:1.65m
abs_error: 0.0004551410675048828, 0.015511243604123592, 0.146612286567688, 36
abs_error: 0.0001786947250366211, 0.014495386742055416, 0.06541502475738525, 51
episode: 381, return: 21.00  epsilon: 0.010  time:1.62m
abs_error: 0.00031435489654541016, 0.01798306778073311, 0.11864626407623291, 37
episode: 382, return: 21.00  epsilon: 0.010  time:1.64m
abs_error: 0.00014513731002807617, 0.018801098689436913, 0.21430230140686035, 35
episode: 383, return: 20.00  epsilon: 0.010  time:1.49m
abs_error: 5.364418029785156e-05, 0.020865468308329582, 0.19430097937583923, 42
episode: 384, return: 18.00  epsilon: 0.010  time:1.89m
abs_error: 1.7881393432617188e-05, 0.021435629576444626, 0.6077042818069458, 28
episode: 385, return: 21.00  epsilon: 0.010  time:1.38m
abs_error: 6.818771362304688e-05, 0.013523989357054234, 0.07187521457672119, 50
abs_error: 3.2782554626464844e-05, 0.016651896759867668, 0.1652301847934723, 44
episode: 386, return: 19.00  epsilon: 0.010  time:1.58m
abs_error: 0.00015282630920410156, 0.016864009201526642, 0.20594269037246704, 42
episode: 387, return: 18.00  epsilon: 0.010  time:1.67m
abs_error: 6.9141387939453125e-06, 0.01805420219898224, 0.09815114736557007, 51
episode: 388, return: 21.00  epsilon: 0.010  time:1.49m
abs_error: 0.00012099742889404297, 0.012739532627165318, 0.14076170325279236, 49
episode: 389, return: 20.00  epsilon: 0.010  time:1.66m
abs_error: 0.0011327266693115234, 0.01925761066377163, 0.44588518142700195, 38
episode: 390, return: 20.00  epsilon: 0.010  time:1.73m
abs_error: 0.0002715587615966797, 0.0171698946505785, 0.32810473442077637, 34
abs_error: 3.981590270996094e-05, 0.015136935748159885, 0.061359524726867676, 47
episode: 391, return: 20.00  epsilon: 0.010  time:1.76m
abs_error: 0.00046068429946899414, 0.030735908076167107, 0.6170814037322998, 24
episode: 392, return: 20.00  epsilon: 0.010  time:1.58m
abs_error: 0.0006522536277770996, 0.01463871356099844, 0.07240045070648193, 52
abs_error: 0.0005723237991333008, 0.013925647363066673, 0.08771735429763794, 43
episode: 393, return: 17.00  epsilon: 0.010  time:1.97m
abs_error: 0.00013828277587890625, 0.020527567714452744, 0.3127880096435547, 39
episode: 394, return: 19.00  epsilon: 0.010  time:1.89m
abs_error: 0.00012534856796264648, 0.02712050825357437, 0.5906622409820557, 25
episode: 395, return: 19.00  epsilon: 0.010  time:1.58m
abs_error: 0.00034415721893310547, 0.02034926787018776, 0.11660552024841309, 49
abs_error: 0.00013256072998046875, 0.01881098933517933, 0.18549764156341553, 40
episode: 396, return: 20.00  epsilon: 0.010  time:2.03m
abs_error: 0.00033020973205566406, 0.019092245027422905, 0.2459462285041809, 37
episode: 397, return: 17.00  epsilon: 0.010  time:1.87m
abs_error: 0.00018453598022460938, 0.01386868953704834, 0.10342550277709961, 45
abs_error: 0.00014388561248779297, 0.015154149383306503, 0.1020200252532959, 43
episode: 398, return: 19.00  epsilon: 0.010  time:2.04m
abs_error: 1.7762184143066406e-05, 0.013775686733424664, 0.13025248050689697, 46
episode: 399, return: 20.00  epsilon: 0.010  time:1.51m
abs_error: 5.632638931274414e-05, 0.012053901329636574, 0.06125538796186447, 49
episode: 400, return: 19.00  epsilon: 0.010  time:1.64m
Time: 617.56m
