/home/xuefeng/.environments/testrl/lib/python3.7/site-packages/gym/envs/registration.py:14: PkgResourcesDeprecationWarning: Parameters to load are deprecated.  Call .resolve and .require separately.
  result = entry_point.load(False)
Collecting transition... Time: 3.47m
Training...
episode: 0, return: -21.00  episilon: 0.900  time:0.56m
episode: 1, return: -21.00  episilon: 0.884  time:0.57m
abs_error: 0.03212277963757515, 0.19446110725402832, 1.0339514017105103, 22
episode: 2, return: -20.00  episilon: 0.868  time:0.67m
episode: 3, return: -21.00  episilon: 0.853  time:0.61m
abs_error: 0.02028864622116089, 0.16126494109630585, 0.9603558778762817, 17
episode: 4, return: -19.00  episilon: 0.838  time:0.80m
episode: 5, return: -20.00  episilon: 0.823  time:0.71m
abs_error: 0.0279618501663208, 0.15160703659057617, 0.9718148708343506, 17
episode: 6, return: -21.00  episilon: 0.808  time:0.66m
episode: 7, return: -21.00  episilon: 0.793  time:0.69m
abs_error: 0.016765743494033813, 0.11755046993494034, 0.9828232526779175, 13
episode: 8, return: -19.00  episilon: 0.779  time:0.73m
episode: 9, return: -20.00  episilon: 0.765  time:0.76m
abs_error: 0.02124685049057007, 0.19202670454978943, 0.9780259132385254, 23
episode: 10, return: -20.00  episilon: 0.751  time:0.62m
episode: 11, return: -21.00  episilon: 0.737  time:0.60m
episode: 12, return: -18.00  episilon: 0.724  time:0.85m
abs_error: 0.019243717193603516, 0.1322910040616989, 0.9802237749099731, 15
episode: 13, return: -21.00  episilon: 0.710  time:0.71m
episode: 14, return: -20.00  episilon: 0.697  time:0.68m
abs_error: 0.0273282527923584, 0.1773013323545456, 0.9721658825874329, 21
episode: 15, return: -20.00  episilon: 0.684  time:0.60m
episode: 16, return: -21.00  episilon: 0.671  time:0.57m
abs_error: 0.007138669490814209, 0.1934838593006134, 0.9745520949363708, 23
episode: 17, return: -19.00  episilon: 0.659  time:0.57m
episode: 18, return: -21.00  episilon: 0.647  time:0.46m
abs_error: 0.020275413990020752, 0.20509377121925354, 0.9770845770835876, 24
episode: 19, return: -20.00  episilon: 0.634  time:0.60m
episode: 20, return: -21.00  episilon: 0.622  time:0.52m
abs_error: 0.012746930122375488, 0.1789734959602356, 1.031916618347168, 21
episode: 21, return: -21.00  episilon: 0.611  time:0.48m
episode: 22, return: -21.00  episilon: 0.599  time:0.45m
abs_error: 0.003050386905670166, 0.17136718332767487, 0.9915375113487244, 21
episode: 23, return: -19.00  episilon: 0.587  time:0.61m
episode: 24, return: -21.00  episilon: 0.576  time:0.45m
episode: 25, return: -20.00  episilon: 0.565  time:0.48m
abs_error: 0.018055737018585205, 0.16204175353050232, 0.9694951176643372, 18
episode: 26, return: -21.00  episilon: 0.554  time:0.53m
episode: 27, return: -21.00  episilon: 0.543  time:0.43m
abs_error: 8.505582809448242e-05, 0.14692266285419464, 0.9593126177787781, 19
episode: 28, return: -21.00  episilon: 0.533  time:0.47m
episode: 29, return: -21.00  episilon: 0.522  time:0.43m
episode: 30, return: -21.00  episilon: 0.512  time:0.43m
abs_error: 0.0019376873970031738, 0.1162022054195404, 0.9992668628692627, 22
episode: 31, return: -21.00  episilon: 0.502  time:0.44m
episode: 32, return: -20.00  episilon: 0.492  time:0.53m
abs_error: 0.0006538629531860352, 0.09400852024555206, 0.984015941619873, 12
episode: 33, return: -20.00  episilon: 0.482  time:0.49m
episode: 34, return: -21.00  episilon: 0.473  time:0.56m
abs_error: 0.0002415776252746582, 0.10030263662338257, 1.0174472332000732, 16
episode: 35, return: -21.00  episilon: 0.463  time:0.44m
episode: 36, return: -21.00  episilon: 0.454  time:0.44m
episode: 37, return: -19.00  episilon: 0.445  time:0.56m
abs_error: 0.00016039609909057617, 0.08111345767974854, 1.0313730239868164, 20
episode: 38, return: -21.00  episilon: 0.436  time:0.50m
episode: 39, return: -21.00  episilon: 0.427  time:0.43m
abs_error: 5.412101745605469e-05, 0.1094171553850174, 1.0356388092041016, 21
episode: 40, return: -21.00  episilon: 0.418  time:0.52m
episode: 41, return: -21.00  episilon: 0.409  time:0.53m
episode: 42, return: -21.00  episilon: 0.401  time:0.52m
abs_error: 0.0003680586814880371, 0.08928899466991425, 1.5235834121704102, 22
episode: 43, return: -21.00  episilon: 0.393  time:0.52m
episode: 44, return: -21.00  episilon: 0.384  time:0.52m
abs_error: 0.000118255615234375, 0.09782013297080994, 1.0128555297851562, 26
episode: 45, return: -20.00  episilon: 0.376  time:0.67m
episode: 46, return: -20.00  episilon: 0.368  time:0.79m
abs_error: 0.0010366439819335938, 0.08232005685567856, 0.8811522126197815, 31
episode: 47, return: -20.00  episilon: 0.361  time:0.63m
episode: 48, return: -19.00  episilon: 0.353  time:0.72m
abs_error: 0.0002167224884033203, 0.07917628437280655, 0.9270753264427185, 39
episode: 49, return: -19.00  episilon: 0.346  time:0.86m
episode: 50, return: -21.00  episilon: 0.338  time:0.63m
abs_error: 0.0006372928619384766, 0.05335356667637825, 0.9907001256942749, 32
episode: 51, return: -20.00  episilon: 0.331  time:0.59m
episode: 52, return: -21.00  episilon: 0.324  time:0.58m
abs_error: 0.00289231538772583, 0.05747257545590401, 0.9215613603591919, 34
episode: 53, return: -21.00  episilon: 0.317  time:0.54m
episode: 54, return: -21.00  episilon: 0.310  time:0.58m
episode: 55, return: -21.00  episilon: 0.303  time:0.64m
abs_error: 4.649162292480469e-05, 0.06794355064630508, 1.0105236768722534, 31
episode: 56, return: -21.00  episilon: 0.297  time:0.61m
episode: 57, return: -21.00  episilon: 0.290  time:0.60m
abs_error: 0.00048029422760009766, 0.07318927347660065, 0.8672043085098267, 24
episode: 58, return: -21.00  episilon: 0.284  time:0.63m
episode: 59, return: -20.00  episilon: 0.277  time:0.69m
abs_error: 0.0001265406608581543, 0.0769774317741394, 0.7945882081985474, 31
episode: 60, return: -21.00  episilon: 0.271  time:0.56m
episode: 61, return: -21.00  episilon: 0.265  time:0.58m
episode: 62, return: -21.00  episilon: 0.259  time:0.58m
abs_error: 0.0001952648162841797, 0.07231984287500381, 0.9334402084350586, 31
episode: 63, return: -21.00  episilon: 0.253  time:0.64m
episode: 64, return: -21.00  episilon: 0.247  time:0.57m
abs_error: 0.0002484917640686035, 0.07521452754735947, 0.9744716882705688, 38
episode: 65, return: -21.00  episilon: 0.242  time:0.59m
episode: 66, return: -21.00  episilon: 0.236  time:0.57m
episode: 67, return: -21.00  episilon: 0.231  time:0.62m
abs_error: 0.00011038780212402344, 0.0681404173374176, 0.4455629587173462, 38
episode: 68, return: -21.00  episilon: 0.225  time:0.57m
episode: 69, return: -21.00  episilon: 0.220  time:0.59m
abs_error: 0.0002332925796508789, 0.06112877279520035, 0.5817540884017944, 36
episode: 70, return: -21.00  episilon: 0.215  time:0.57m
episode: 71, return: -21.00  episilon: 0.210  time:0.57m
episode: 72, return: -21.00  episilon: 0.205  time:0.61m
abs_error: 0.0019799470901489258, 0.06865021586418152, 0.9432931542396545, 33
episode: 73, return: -20.00  episilon: 0.200  time:0.65m
episode: 74, return: -19.00  episilon: 0.195  time:0.73m
abs_error: 0.000811457633972168, 0.067816361784935, 0.9024090766906738, 38
episode: 75, return: -21.00  episilon: 0.191  time:0.59m
episode: 76, return: -21.00  episilon: 0.186  time:0.61m
abs_error: 6.42538070678711e-05, 0.05485587567090988, 0.4379867911338806, 46
episode: 77, return: -21.00  episilon: 0.182  time:0.62m
episode: 78, return: -21.00  episilon: 0.177  time:0.64m
episode: 79, return: -21.00  episilon: 0.173  time:0.60m
abs_error: 0.00027686357498168945, 0.06688699871301651, 0.8089379072189331, 36
episode: 80, return: -19.00  episilon: 0.169  time:0.69m
episode: 81, return: -20.00  episilon: 0.165  time:0.68m
abs_error: 0.00023353099822998047, 0.06809300929307938, 0.9394587278366089, 32
episode: 82, return: -21.00  episilon: 0.161  time:0.65m
episode: 83, return: -21.00  episilon: 0.157  time:0.76m
abs_error: 0.0002474784851074219, 0.08624979853630066, 0.7055567502975464, 35
episode: 84, return: -20.00  episilon: 0.153  time:0.89m
episode: 85, return: -21.00  episilon: 0.149  time:0.72m
abs_error: 0.00045883655548095703, 0.08371108770370483, 1.0938754081726074, 28
episode: 86, return: -19.00  episilon: 0.145  time:0.81m
abs_error: 0.0002976655960083008, 0.08776869624853134, 1.0152721405029297, 33
episode: 87, return: -19.00  episilon: 0.141  time:0.66m
episode: 88, return: -20.00  episilon: 0.138  time:0.63m
abs_error: 0.00023043155670166016, 0.07579024136066437, 1.0257434844970703, 36
episode: 89, return: -20.00  episilon: 0.134  time:0.77m
episode: 90, return: -18.00  episilon: 0.131  time:0.83m
abs_error: 0.00022804737091064453, 0.07445264607667923, 0.9945068359375, 36
episode: 91, return: -18.00  episilon: 0.127  time:0.90m
abs_error: 4.8279762268066406e-05, 0.09296047687530518, 0.9873017072677612, 34
episode: 92, return: -17.00  episilon: 0.124  time:0.78m
episode: 93, return: -20.00  episilon: 0.121  time:0.61m
abs_error: 0.00034928321838378906, 0.10116256773471832, 1.0052008628845215, 31
episode: 94, return: -19.00  episilon: 0.118  time:0.65m
abs_error: 8.952617645263672e-05, 0.08234995603561401, 0.7766361236572266, 36
episode: 95, return: -20.00  episilon: 0.115  time:0.67m
episode: 96, return: -20.00  episilon: 0.112  time:0.58m
abs_error: 0.0008474588394165039, 0.09057000279426575, 1.1072614192962646, 36
episode: 97, return: -20.00  episilon: 0.109  time:0.58m
episode: 98, return: -18.00  episilon: 0.106  time:0.71m
abs_error: 0.00036215782165527344, 0.08297054469585419, 0.5316994190216064, 36
episode: 99, return: -20.00  episilon: 0.103  time:0.77m
abs_error: 0.0006568431854248047, 0.07815755903720856, 0.4712435007095337, 35
episode: 100, return: -16.00  episilon: 0.100  time:0.81m
episode: 101, return: -19.00  episilon: 0.100  time:0.59m
abs_error: 0.001201629638671875, 0.07945484668016434, 1.0889225006103516, 32
episode: 102, return: -19.00  episilon: 0.100  time:0.64m
episode: 103, return: -16.00  episilon: 0.100  time:1.00m
abs_error: 0.0003088712692260742, 0.0785852000117302, 0.9535173177719116, 35
episode: 104, return: -17.00  episilon: 0.100  time:0.80m
abs_error: 0.0009262561798095703, 0.08000850677490234, 0.9194186925888062, 37
episode: 105, return: -21.00  episilon: 0.100  time:0.67m
episode: 106, return: -20.00  episilon: 0.100  time:0.72m
abs_error: 0.00011289119720458984, 0.08616539090871811, 0.8696639537811279, 38
episode: 107, return: -18.00  episilon: 0.100  time:0.82m
episode: 108, return: -20.00  episilon: 0.100  time:0.65m
abs_error: 0.0004755258560180664, 0.06904985010623932, 0.831750750541687, 33
episode: 109, return: -18.00  episilon: 0.100  time:0.91m
abs_error: 0.0003917217254638672, 0.09119468182325363, 0.5055629014968872, 36
episode: 110, return: -21.00  episilon: 0.100  time:0.83m
episode: 111, return: -19.00  episilon: 0.100  time:0.87m
abs_error: 0.00044655799865722656, 0.09606419503688812, 0.9143157005310059, 39
episode: 112, return: -19.00  episilon: 0.100  time:0.96m
abs_error: 0.00042569637298583984, 0.08623234927654266, 0.7882742881774902, 36
episode: 113, return: -19.00  episilon: 0.100  time:0.94m
episode: 114, return: -20.00  episilon: 0.100  time:0.76m
abs_error: 0.00010979175567626953, 0.10281294584274292, 1.0326519012451172, 29
episode: 115, return: -20.00  episilon: 0.100  time:0.82m
episode: 116, return: -19.00  episilon: 0.100  time:0.90m
abs_error: 0.00019097328186035156, 0.09131643921136856, 0.9428772926330566, 38
episode: 117, return: -15.00  episilon: 0.100  time:1.28m
abs_error: 0.00032401084899902344, 0.09541922807693481, 1.0448620319366455, 33
episode: 118, return: -20.00  episilon: 0.100  time:0.85m
abs_error: 0.00023496150970458984, 0.0694294199347496, 0.9874268770217896, 38
episode: 119, return: -17.00  episilon: 0.100  time:1.06m
episode: 120, return: -19.00  episilon: 0.100  time:0.81m
abs_error: 0.0004680156707763672, 0.09160202741622925, 0.7929116487503052, 40
episode: 121, return: -20.00  episilon: 0.100  time:0.79m
episode: 122, return: -21.00  episilon: 0.100  time:0.79m
abs_error: 0.0001322031021118164, 0.1193014606833458, 1.079930305480957, 37
episode: 123, return: -20.00  episilon: 0.100  time:0.87m
abs_error: 0.0008560419082641602, 0.1053805947303772, 1.0912871360778809, 41
episode: 124, return: -16.00  episilon: 0.100  time:1.10m
episode: 125, return: -19.00  episilon: 0.100  time:0.78m
abs_error: 5.751848220825195e-05, 0.07228166610002518, 0.48241424560546875, 38
episode: 126, return: -19.00  episilon: 0.100  time:0.85m
abs_error: 0.0003756284713745117, 0.0923633947968483, 0.9390285015106201, 24
episode: 127, return: -20.00  episilon: 0.100  time:0.80m
episode: 128, return: -20.00  episilon: 0.100  time:0.73m
abs_error: 0.0005410909652709961, 0.09795750677585602, 0.9116730093955994, 33
episode: 129, return: -21.00  episilon: 0.100  time:0.65m
episode: 130, return: -21.00  episilon: 0.100  time:0.77m
abs_error: 0.00015473365783691406, 0.08068805187940598, 0.3648134469985962, 46
episode: 131, return: -19.00  episilon: 0.100  time:0.99m
episode: 132, return: -19.00  episilon: 0.100  time:0.94m
abs_error: 0.000247955322265625, 0.11733537912368774, 1.028031349182129, 40
episode: 133, return: -18.00  episilon: 0.100  time:0.89m
abs_error: 0.00035369396209716797, 0.09464246779680252, 1.0238103866577148, 34
episode: 134, return: -20.00  episilon: 0.100  time:0.81m
episode: 135, return: -21.00  episilon: 0.100  time:0.79m
abs_error: 7.128715515136719e-05, 0.09801389276981354, 0.8715706467628479, 35
episode: 136, return: -21.00  episilon: 0.100  time:0.66m
episode: 137, return: -20.00  episilon: 0.100  time:0.76m
abs_error: 0.0002626180648803711, 0.08863663673400879, 1.0068855285644531, 30
episode: 138, return: -21.00  episilon: 0.100  time:0.66m
episode: 139, return: -20.00  episilon: 0.100  time:0.61m
abs_error: 0.0003731250762939453, 0.08522465825080872, 0.9279553294181824, 42
episode: 140, return: -21.00  episilon: 0.100  time:0.55m
episode: 141, return: -18.00  episilon: 0.100  time:0.69m
abs_error: 0.0005132555961608887, 0.10948184132575989, 1.2370258569717407, 38
episode: 142, return: -21.00  episilon: 0.100  time:0.58m
episode: 143, return: -20.00  episilon: 0.100  time:0.71m
abs_error: 0.0008291006088256836, 0.13561499118804932, 0.9589449167251587, 33
episode: 144, return: -20.00  episilon: 0.100  time:0.62m
abs_error: 0.0010415315628051758, 0.09220131486654282, 0.9223068952560425, 39
episode: 145, return: -19.00  episilon: 0.100  time:0.72m
episode: 146, return: -18.00  episilon: 0.100  time:0.73m
abs_error: 0.0004203319549560547, 0.09088586270809174, 0.9283609390258789, 33
episode: 147, return: -21.00  episilon: 0.100  time:0.62m
episode: 148, return: -19.00  episilon: 0.100  time:0.79m
abs_error: 5.459785461425781e-05, 0.10491598397493362, 0.9225387573242188, 31
episode: 149, return: -18.00  episilon: 0.100  time:0.87m
abs_error: 0.0002713203430175781, 0.09431229531764984, 0.9379653930664062, 36
episode: 150, return: -17.00  episilon: 0.100  time:0.99m
episode: 151, return: -20.00  episilon: 0.100  time:0.76m
abs_error: 0.0029311180114746094, 0.10239587724208832, 0.6655117273330688, 40
episode: 152, return: -20.00  episilon: 0.100  time:0.86m
abs_error: 0.00014418363571166992, 0.10157523304224014, 0.5700281858444214, 39
episode: 153, return: -19.00  episilon: 0.100  time:0.93m
episode: 154, return: -18.00  episilon: 0.100  time:0.93m
abs_error: 0.0011662840843200684, 0.10818207263946533, 0.8328343629837036, 35
episode: 155, return: -20.00  episilon: 0.100  time:0.75m
abs_error: 0.0016829371452331543, 0.08536957204341888, 0.9664812088012695, 31
episode: 156, return: -20.00  episilon: 0.100  time:0.74m
episode: 157, return: -19.00  episilon: 0.100  time:1.01m
abs_error: 0.00018703937530517578, 0.09248606860637665, 0.688468337059021, 46
episode: 158, return: -21.00  episilon: 0.100  time:0.57m
episode: 159, return: -19.00  episilon: 0.100  time:0.71m
abs_error: 2.682209014892578e-05, 0.11413880437612534, 1.1673403978347778, 43
episode: 160, return: -19.00  episilon: 0.100  time:0.60m
episode: 161, return: -19.00  episilon: 0.100  time:0.74m
abs_error: 0.0008748173713684082, 0.10033520311117172, 0.9345278739929199, 41
episode: 162, return: -21.00  episilon: 0.100  time:0.69m
abs_error: 0.0012287497520446777, 0.10471538454294205, 1.1541988849639893, 34
episode: 163, return: -20.00  episilon: 0.100  time:0.69m
episode: 164, return: -21.00  episilon: 0.100  time:0.66m
abs_error: 0.00010973215103149414, 0.09891407191753387, 0.9177325963973999, 33
episode: 165, return: -21.00  episilon: 0.100  time:0.64m
episode: 166, return: -21.00  episilon: 0.100  time:0.68m
abs_error: 0.00017845630645751953, 0.09522584825754166, 0.8955039978027344, 37
episode: 167, return: -19.00  episilon: 0.100  time:0.76m
abs_error: 3.814697265625e-06, 0.09408673644065857, 0.8823292851448059, 30
episode: 168, return: -21.00  episilon: 0.100  time:0.54m
episode: 169, return: -19.00  episilon: 0.100  time:0.74m
abs_error: 0.0017199516296386719, 0.08893588185310364, 0.4348752200603485, 45
episode: 170, return: -21.00  episilon: 0.100  time:0.68m
episode: 171, return: -21.00  episilon: 0.100  time:0.75m
abs_error: 7.092952728271484e-05, 0.10838862508535385, 1.1427805423736572, 33
episode: 172, return: -19.00  episilon: 0.100  time:0.82m
abs_error: 0.00018483400344848633, 0.10750618577003479, 1.0346863269805908, 33
episode: 173, return: -20.00  episilon: 0.100  time:0.87m
abs_error: 0.0004162788391113281, 0.09979605674743652, 1.1839056015014648, 33
episode: 174, return: -19.00  episilon: 0.100  time:1.05m
episode: 175, return: -21.00  episilon: 0.100  time:1.06m
abs_error: 0.00016999244689941406, 0.08037448674440384, 0.43840140104293823, 33
episode: 176, return: -19.00  episilon: 0.100  time:0.89m
abs_error: 0.00044023990631103516, 0.11393935978412628, 0.8724422454833984, 38
episode: 177, return: -21.00  episilon: 0.100  time:0.71m
episode: 178, return: -20.00  episilon: 0.100  time:0.88m
abs_error: 0.00045096874237060547, 0.09680965542793274, 0.8968849182128906, 38
episode: 179, return: -19.00  episilon: 0.100  time:0.77m
episode: 180, return: -20.00  episilon: 0.100  time:0.95m
abs_error: 0.00021833181381225586, 0.10843043029308319, 0.9984842538833618, 37
episode: 181, return: -20.00  episilon: 0.100  time:0.78m
abs_error: 1.2099742889404297e-05, 0.08189813792705536, 0.7573934197425842, 40
episode: 182, return: -19.00  episilon: 0.100  time:0.87m
episode: 183, return: -20.00  episilon: 0.100  time:0.74m
abs_error: 3.147125244140625e-05, 0.0910850539803505, 1.0187100172042847, 42
episode: 184, return: -17.00  episilon: 0.100  time:0.97m
abs_error: 0.00034999847412109375, 0.11099160462617874, 1.1335654258728027, 35
episode: 185, return: -19.00  episilon: 0.100  time:0.82m
abs_error: 0.00018835067749023438, 0.07964868098497391, 0.3956195116043091, 39
episode: 186, return: -21.00  episilon: 0.100  time:0.71m
episode: 187, return: -20.00  episilon: 0.100  time:0.77m
abs_error: 0.00045555830001831055, 0.10011208057403564, 0.7644909620285034, 38
episode: 188, return: -20.00  episilon: 0.100  time:0.82m
episode: 189, return: -20.00  episilon: 0.100  time:0.92m
abs_error: 0.0007347464561462402, 0.09207077324390411, 0.6633346080780029, 43
episode: 190, return: -19.00  episilon: 0.100  time:0.96m
abs_error: 0.00014859437942504883, 0.0888044461607933, 1.148773193359375, 40
episode: 191, return: -21.00  episilon: 0.100  time:0.75m
episode: 192, return: -21.00  episilon: 0.100  time:1.05m
abs_error: 0.00040858983993530273, 0.0897209644317627, 0.6762521266937256, 40
episode: 193, return: -19.00  episilon: 0.100  time:0.93m
abs_error: 0.000981450080871582, 0.10661481320858002, 0.7472313642501831, 41
episode: 194, return: -20.00  episilon: 0.100  time:0.76m
episode: 195, return: -21.00  episilon: 0.100  time:0.88m
abs_error: 0.0008421540260314941, 0.09159430861473083, 0.6546981930732727, 40
episode: 196, return: -21.00  episilon: 0.100  time:0.83m
abs_error: 8.344650268554688e-07, 0.088602714240551, 0.8222430944442749, 35
episode: 197, return: -20.00  episilon: 0.100  time:0.88m
episode: 198, return: -21.00  episilon: 0.100  time:0.80m
abs_error: 0.00013971328735351562, 0.07554876059293747, 0.4251047968864441, 34
episode: 199, return: -20.00  episilon: 0.100  time:0.98m
episode: 200, return: -20.00  episilon: 0.100  time:0.90m
abs_error: 0.0008817315101623535, 0.08898382633924484, 0.5750449299812317, 44
episode: 201, return: -18.00  episilon: 0.100  time:0.94m
abs_error: 0.00020748376846313477, 0.0833427757024765, 0.4389343857765198, 39
episode: 202, return: -18.00  episilon: 0.100  time:1.00m
abs_error: 3.910064697265625e-05, 0.08442415297031403, 0.7633325457572937, 38
episode: 203, return: -20.00  episilon: 0.100  time:0.99m
episode: 204, return: -19.00  episilon: 0.100  time:0.81m
abs_error: 0.00024515390396118164, 0.08381325751543045, 0.9457141757011414, 35
episode: 205, return: -19.00  episilon: 0.100  time:1.07m
episode: 206, return: -19.00  episilon: 0.100  time:0.88m
abs_error: 0.00023031234741210938, 0.06682518124580383, 0.4267791509628296, 39
episode: 207, return: -21.00  episilon: 0.100  time:0.86m
abs_error: 0.00025200843811035156, 0.07698123902082443, 0.665035605430603, 41
episode: 208, return: -20.00  episilon: 0.100  time:1.05m
abs_error: 7.18832015991211e-05, 0.1060209721326828, 0.7624737024307251, 38
episode: 209, return: -20.00  episilon: 0.100  time:0.77m
episode: 210, return: -20.00  episilon: 0.100  time:0.75m
abs_error: 0.0005914568901062012, 0.08417773246765137, 0.7566415667533875, 37
episode: 211, return: -21.00  episilon: 0.100  time:0.55m
episode: 212, return: -21.00  episilon: 0.100  time:0.54m
abs_error: 2.4199485778808594e-05, 0.09017176926136017, 0.7263296842575073, 33
episode: 213, return: -21.00  episilon: 0.100  time:0.64m
episode: 214, return: -19.00  episilon: 0.100  time:0.75m
abs_error: 0.0006803274154663086, 0.10114054381847382, 1.1356475353240967, 33
episode: 215, return: -21.00  episilon: 0.100  time:0.63m
abs_error: 0.00021880865097045898, 0.08195368200540543, 0.6943637132644653, 34
episode: 216, return: -20.00  episilon: 0.100  time:0.73m
episode: 217, return: -20.00  episilon: 0.100  time:0.87m
abs_error: 0.0001621842384338379, 0.07234158366918564, 0.5700404047966003, 37
episode: 218, return: -20.00  episilon: 0.100  time:0.77m
abs_error: 0.0005731582641601562, 0.09150364249944687, 0.761994481086731, 41
episode: 219, return: -19.00  episilon: 0.100  time:0.73m
episode: 220, return: -20.00  episilon: 0.100  time:0.76m
abs_error: 0.0005635619163513184, 0.08061553537845612, 0.4090094566345215, 42
episode: 221, return: -21.00  episilon: 0.100  time:0.66m
abs_error: 0.0009479522705078125, 0.06245608255267143, 0.7507072687149048, 36
episode: 222, return: -20.00  episilon: 0.100  time:0.74m
episode: 223, return: -21.00  episilon: 0.100  time:0.77m
abs_error: 0.002003312110900879, 0.08070038259029388, 0.6514036655426025, 35
episode: 224, return: -18.00  episilon: 0.100  time:0.98m
abs_error: 0.0014694929122924805, 0.0820416584610939, 1.1584208011627197, 38
episode: 225, return: -20.00  episilon: 0.100  time:0.91m
episode: 226, return: -20.00  episilon: 0.100  time:0.75m
abs_error: 0.0006300806999206543, 0.0565575435757637, 0.43849247694015503, 45
episode: 227, return: -19.00  episilon: 0.100  time:0.79m
abs_error: 0.000706791877746582, 0.07401113957166672, 0.556276798248291, 40
episode: 228, return: -19.00  episilon: 0.100  time:0.93m
abs_error: 0.00011748075485229492, 0.09137415140867233, 0.5180188417434692, 37
episode: 229, return: -21.00  episilon: 0.100  time:0.82m
episode: 230, return: -21.00  episilon: 0.100  time:0.65m
abs_error: 7.903575897216797e-05, 0.053025998175144196, 0.268277108669281, 42
episode: 231, return: -21.00  episilon: 0.100  time:0.61m
episode: 232, return: -20.00  episilon: 0.100  time:0.70m
abs_error: 0.0001760721206665039, 0.09091611951589584, 0.8062534332275391, 33
episode: 233, return: -19.00  episilon: 0.100  time:0.80m
abs_error: 0.00019687414169311523, 0.07586680352687836, 0.658564567565918, 34
episode: 234, return: -19.00  episilon: 0.100  time:0.74m
episode: 235, return: -21.00  episilon: 0.100  time:0.70m
abs_error: 3.343820571899414e-05, 0.06942088901996613, 0.7178798913955688, 36
episode: 236, return: -20.00  episilon: 0.100  time:0.70m
abs_error: 0.00011599063873291016, 0.07636505365371704, 0.7014840841293335, 39
episode: 237, return: -20.00  episilon: 0.100  time:0.82m
episode: 238, return: -21.00  episilon: 0.100  time:0.65m
abs_error: 0.0007774829864501953, 0.0858881026506424, 1.006507158279419, 36
episode: 239, return: -20.00  episilon: 0.100  time:0.77m
abs_error: 2.181529998779297e-05, 0.06565605849027634, 0.7021739482879639, 39
episode: 240, return: -21.00  episilon: 0.100  time:0.86m
episode: 241, return: -19.00  episilon: 0.100  time:0.82m
abs_error: 0.0009828805923461914, 0.06853719800710678, 0.6270307302474976, 36
episode: 242, return: -19.00  episilon: 0.100  time:0.68m
abs_error: 0.00045096874237060547, 0.07427221536636353, 0.46132349967956543, 36
episode: 243, return: -21.00  episilon: 0.100  time:0.71m
episode: 244, return: -20.00  episilon: 0.100  time:0.78m
abs_error: 0.00017374753952026367, 0.07673867046833038, 0.842695951461792, 32
episode: 245, return: -17.00  episilon: 0.100  time:1.19m
abs_error: 0.0003064274787902832, 0.06935145705938339, 0.48425257205963135, 42
episode: 246, return: -20.00  episilon: 0.100  time:1.04m
abs_error: 0.00021213293075561523, 0.05733196809887886, 0.49417388439178467, 41
episode: 247, return: -19.00  episilon: 0.100  time:1.14m
abs_error: 7.867813110351562e-05, 0.06689875572919846, 0.5854661464691162, 33
episode: 248, return: -19.00  episilon: 0.100  time:1.05m
abs_error: 8.064508438110352e-05, 0.07443983107805252, 0.6780967712402344, 41
episode: 249, return: -19.00  episilon: 0.100  time:1.15m
episode: 250, return: -21.00  episilon: 0.100  time:0.93m
abs_error: 0.00012916326522827148, 0.09690707176923752, 0.9710603356361389, 36
episode: 251, return: -21.00  episilon: 0.100  time:0.80m
abs_error: 6.985664367675781e-05, 0.07389122247695923, 0.745340883731842, 35
episode: 252, return: -18.00  episilon: 0.100  time:1.05m
episode: 253, return: -19.00  episilon: 0.100  time:0.97m
abs_error: 0.0004050731658935547, 0.08236471563577652, 0.9417343735694885, 39
episode: 254, return: -21.00  episilon: 0.100  time:0.93m
abs_error: 0.0010082125663757324, 0.07462963461875916, 0.5425745248794556, 37
episode: 255, return: -19.00  episilon: 0.100  time:1.13m
episode: 256, return: -20.00  episilon: 0.100  time:0.92m
abs_error: 0.00024187564849853516, 0.08092803508043289, 0.46861910820007324, 44
episode: 257, return: -18.00  episilon: 0.100  time:1.26m
abs_error: 0.0004938840866088867, 0.0729609876871109, 0.6787216663360596, 32
episode: 258, return: -17.00  episilon: 0.100  time:1.07m
abs_error: 0.0002002716064453125, 0.07679404318332672, 0.6042714715003967, 38
episode: 259, return: -19.00  episilon: 0.100  time:1.18m
episode: 260, return: -21.00  episilon: 0.100  time:0.83m
abs_error: 6.556510925292969e-05, 0.09517620503902435, 1.248003363609314, 36
episode: 261, return: -19.00  episilon: 0.100  time:0.93m
abs_error: 0.00018405914306640625, 0.07607897371053696, 0.6759816408157349, 41
episode: 262, return: -19.00  episilon: 0.100  time:0.70m
episode: 263, return: -20.00  episilon: 0.100  time:0.67m
abs_error: 0.0004004836082458496, 0.07981562614440918, 0.5948672294616699, 39
episode: 264, return: -17.00  episilon: 0.100  time:1.09m
abs_error: 0.0003218650817871094, 0.06795820593833923, 0.4333517551422119, 41
episode: 265, return: -19.00  episilon: 0.100  time:1.02m
abs_error: 0.00012344121932983398, 0.08360570669174194, 0.9882879853248596, 31
episode: 266, return: -21.00  episilon: 0.100  time:0.68m
abs_error: 0.0011751055717468262, 0.0646265372633934, 0.5393823981285095, 36
episode: 267, return: -20.00  episilon: 0.100  time:0.74m
episode: 268, return: -17.00  episilon: 0.100  time:0.88m
abs_error: 0.0003800392150878906, 0.05887720733880997, 0.5093833804130554, 34
episode: 269, return: -19.00  episilon: 0.100  time:0.68m
abs_error: 0.0003314018249511719, 0.07666529715061188, 0.6054584980010986, 42
episode: 270, return: -20.00  episilon: 0.100  time:0.84m
episode: 271, return: -21.00  episilon: 0.100  time:0.77m
abs_error: 8.356571197509766e-05, 0.07464247196912766, 0.5791979432106018, 40
episode: 272, return: -19.00  episilon: 0.100  time:0.88m
abs_error: 0.0001760721206665039, 0.08073809742927551, 0.9965493679046631, 40
episode: 273, return: -19.00  episilon: 0.100  time:0.79m
abs_error: 0.0001990199089050293, 0.08357900381088257, 0.8242509365081787, 33
episode: 274, return: -16.00  episilon: 0.100  time:0.82m
episode: 275, return: -19.00  episilon: 0.100  time:0.82m
abs_error: 0.0012519359588623047, 0.06777022778987885, 0.5811866521835327, 31
episode: 276, return: -16.00  episilon: 0.100  time:1.09m
abs_error: 0.00018912553787231445, 0.08008073270320892, 0.6351867914199829, 37
episode: 277, return: -18.00  episilon: 0.100  time:1.09m
abs_error: 0.00011080503463745117, 0.08576956391334534, 0.6872898936271667, 36
episode: 278, return: -18.00  episilon: 0.100  time:1.20m
abs_error: 0.000348508358001709, 0.061859745532274246, 0.4261019825935364, 42
episode: 279, return: -17.00  episilon: 0.100  time:1.28m
abs_error: 0.0005363225936889648, 0.0675339475274086, 0.5535757541656494, 34
episode: 280, return: -18.00  episilon: 0.100  time:1.05m
abs_error: 2.4437904357910156e-05, 0.08626694977283478, 0.7955950498580933, 35
episode: 281, return: -14.00  episilon: 0.100  time:1.30m
abs_error: 0.0005994439125061035, 0.06732077896595001, 0.5676684379577637, 35
episode: 282, return: -14.00  episilon: 0.100  time:1.33m
abs_error: 2.9802322387695312e-06, 0.08089727908372879, 0.5065008401870728, 43
episode: 283, return: -17.00  episilon: 0.100  time:1.15m
abs_error: 6.699562072753906e-05, 0.07043293118476868, 0.4986949563026428, 35
episode: 284, return: -16.00  episilon: 0.100  time:1.44m
abs_error: 0.0005238056182861328, 0.07580269128084183, 0.8268617391586304, 38
episode: 285, return: -13.00  episilon: 0.100  time:1.59m
abs_error: 0.00010889768600463867, 0.0759437084197998, 0.4816023111343384, 31
episode: 286, return: -16.00  episilon: 0.100  time:1.22m
episode: 287, return: -17.00  episilon: 0.100  time:1.07m
abs_error: 0.0010710954666137695, 0.06424975395202637, 0.3219977617263794, 43
episode: 288, return: -13.00  episilon: 0.100  time:1.22m
abs_error: 0.0007128715515136719, 0.07816941291093826, 0.5747783184051514, 38
episode: 289, return: -17.00  episilon: 0.100  time:1.49m
abs_error: 0.0009096860885620117, 0.07778491079807281, 0.8541073799133301, 38
episode: 290, return: -16.00  episilon: 0.100  time:1.40m
abs_error: 0.0006247162818908691, 0.06977711617946625, 0.4766852855682373, 40
episode: 291, return: -13.00  episilon: 0.100  time:1.23m
abs_error: 0.00016677379608154297, 0.07376198470592499, 0.855536937713623, 39
episode: 292, return: -15.00  episilon: 0.100  time:0.91m
abs_error: 0.00011044740676879883, 0.09760355204343796, 0.8289697170257568, 38
episode: 293, return: -13.00  episilon: 0.100  time:1.29m
abs_error: 0.0005086660385131836, 0.10416647791862488, 0.9935708045959473, 38
episode: 294, return: -19.00  episilon: 0.100  time:0.87m
abs_error: 0.000359952449798584, 0.07625652104616165, 0.8632586002349854, 35
episode: 295, return: -13.00  episilon: 0.100  time:1.28m
abs_error: 4.601478576660156e-05, 0.07953352481126785, 0.7021859884262085, 36
episode: 296, return: -12.00  episilon: 0.100  time:1.12m
abs_error: 0.00020062923431396484, 0.0800350159406662, 0.5984426736831665, 39
episode: 297, return: -14.00  episilon: 0.100  time:1.26m
abs_error: 8.434057235717773e-05, 0.0746796578168869, 0.6824604272842407, 33
episode: 298, return: -19.00  episilon: 0.100  time:1.24m
abs_error: 0.000486910343170166, 0.06706994771957397, 0.7552264332771301, 36
episode: 299, return: -18.00  episilon: 0.100  time:1.19m
abs_error: 0.0007311701774597168, 0.07526715099811554, 0.583827018737793, 43
episode: 300, return: -19.00  episilon: 0.100  time:1.18m
episode: 301, return: -18.00  episilon: 0.100  time:0.83m
abs_error: 9.113550186157227e-05, 0.09586983174085617, 1.074110984802246, 36
abs_error: 0.00036782026290893555, 0.08319408446550369, 0.8382141590118408, 33
episode: 302, return: -12.00  episilon: 0.100  time:1.32m
abs_error: 7.486343383789062e-05, 0.08568345010280609, 0.6067957878112793, 33
episode: 303, return: -15.00  episilon: 0.100  time:1.52m
abs_error: 0.00035583972930908203, 0.10026375204324722, 1.0601167678833008, 36
episode: 304, return: -12.00  episilon: 0.100  time:1.22m
abs_error: 2.467632293701172e-05, 0.09602047502994537, 0.9504235982894897, 40
episode: 305, return: -16.00  episilon: 0.100  time:1.12m
abs_error: 0.00017151236534118652, 0.07497532665729523, 0.5795220136642456, 39
episode: 306, return: -16.00  episilon: 0.100  time:1.33m
abs_error: 6.175041198730469e-05, 0.07579696923494339, 0.8347169160842896, 40
episode: 307, return: -18.00  episilon: 0.100  time:1.18m
abs_error: 3.8683414459228516e-05, 0.10181111097335815, 0.8255181908607483, 36
episode: 308, return: -16.00  episilon: 0.100  time:1.46m
abs_error: 0.0003243088722229004, 0.08822658658027649, 0.6573342680931091, 31
episode: 309, return: -14.00  episilon: 0.100  time:1.68m
abs_error: 1.7940998077392578e-05, 0.0730825737118721, 1.0158121585845947, 33
episode: 310, return: -16.00  episilon: 0.100  time:1.57m
abs_error: 0.0008771419525146484, 0.07446643710136414, 0.4630247950553894, 46
episode: 311, return: -17.00  episilon: 0.100  time:1.47m
abs_error: 1.1742115020751953e-05, 0.08423212915658951, 0.5815067291259766, 40
episode: 312, return: -15.00  episilon: 0.100  time:1.38m
abs_error: 0.00028949975967407227, 0.07672622799873352, 0.35989534854888916, 47
abs_error: 8.147954940795898e-05, 0.06336761265993118, 0.4130064845085144, 43
episode: 313, return: -17.00  episilon: 0.100  time:1.53m
abs_error: 0.001335740089416504, 0.07703767716884613, 1.0550293922424316, 32
episode: 314, return: -13.00  episilon: 0.100  time:1.47m
abs_error: 0.0003934502601623535, 0.08994000405073166, 0.916010320186615, 34
episode: 315, return: -18.00  episilon: 0.100  time:1.19m
abs_error: 0.0013326406478881836, 0.07953182607889175, 0.5417892932891846, 41
episode: 316, return: -14.00  episilon: 0.100  time:1.28m
abs_error: 8.51750373840332e-05, 0.07987768203020096, 0.6542776226997375, 33
episode: 317, return: -21.00  episilon: 0.100  time:0.94m
abs_error: 6.479024887084961e-05, 0.07584858685731888, 0.6279970407485962, 36
episode: 318, return: -18.00  episilon: 0.100  time:1.03m
abs_error: 0.0002779960632324219, 0.06923438608646393, 0.7520750164985657, 35
episode: 319, return: -15.00  episilon: 0.100  time:1.24m
abs_error: 0.00016188621520996094, 0.07632473856210709, 0.47975778579711914, 42
episode: 320, return: -16.00  episilon: 0.100  time:1.08m
abs_error: 0.0009996294975280762, 0.07946372032165527, 0.6704690456390381, 44
episode: 321, return: -15.00  episilon: 0.100  time:1.32m
abs_error: 0.0001392364501953125, 0.08096960186958313, 1.0168380737304688, 34
episode: 322, return: -17.00  episilon: 0.100  time:1.03m
abs_error: 7.873773574829102e-05, 0.07713425904512405, 0.9254403710365295, 40
episode: 323, return: -16.00  episilon: 0.100  time:1.08m
abs_error: 0.00023934245109558105, 0.07845761626958847, 0.885426938533783, 35
episode: 324, return: -20.00  episilon: 0.100  time:1.08m
abs_error: 0.00022542476654052734, 0.07700730860233307, 0.7056956887245178, 41
episode: 325, return: -12.00  episilon: 0.100  time:1.50m
abs_error: 0.00022530555725097656, 0.07190496474504471, 0.4730747938156128, 43
episode: 326, return: -16.00  episilon: 0.100  time:1.11m
abs_error: 0.0002576112747192383, 0.08769794553518295, 0.8505775332450867, 35
episode: 327, return: -16.00  episilon: 0.100  time:1.25m
episode: 328, return: -17.00  episilon: 0.100  time:1.18m
abs_error: 3.635883331298828e-06, 0.06152727082371712, 0.6419988870620728, 39
abs_error: 0.0001901388168334961, 0.06946741789579391, 0.5417217016220093, 42
episode: 329, return: -15.00  episilon: 0.100  time:1.62m
episode: 330, return: -19.00  episilon: 0.100  time:1.07m
abs_error: 3.3020973205566406e-05, 0.07042493671178818, 0.5582735538482666, 40
episode: 331, return: -17.00  episilon: 0.100  time:1.47m
abs_error: 2.7924776077270508e-05, 0.07060662657022476, 0.8802481889724731, 33
abs_error: 0.0002512335777282715, 0.07310633361339569, 0.4297292232513428, 42
episode: 332, return: -14.00  episilon: 0.100  time:1.44m
abs_error: 5.218386650085449e-05, 0.07700946182012558, 0.5917025804519653, 43
episode: 333, return: -16.00  episilon: 0.100  time:1.52m
abs_error: 0.00022208690643310547, 0.0972566232085228, 0.5892031192779541, 42
episode: 334, return: -17.00  episilon: 0.100  time:1.44m
abs_error: 0.00021374225616455078, 0.07306064665317535, 0.5961350202560425, 38
episode: 335, return: -18.00  episilon: 0.100  time:1.38m
abs_error: 0.0003711283206939697, 0.08436329662799835, 0.6501786708831787, 41
episode: 336, return: -18.00  episilon: 0.100  time:1.50m
abs_error: 0.0007944107055664062, 0.0781220868229866, 0.4707403779029846, 44
episode: 337, return: -18.00  episilon: 0.100  time:1.28m
abs_error: 0.0009431242942810059, 0.08309580385684967, 0.8914514183998108, 38
episode: 338, return: -13.00  episilon: 0.100  time:1.39m
abs_error: 8.210539817810059e-05, 0.08325144648551941, 0.7624355554580688, 41
episode: 339, return: -15.00  episilon: 0.100  time:1.38m
abs_error: 0.0002849996089935303, 0.05961790680885315, 0.7433257699012756, 40
episode: 340, return: -16.00  episilon: 0.100  time:1.32m
abs_error: 0.00018090009689331055, 0.09214846044778824, 0.8265222311019897, 36
episode: 341, return: -20.00  episilon: 0.100  time:1.11m
abs_error: 0.00015032291412353516, 0.07934816181659698, 0.540087878704071, 42
episode: 342, return: -15.00  episilon: 0.100  time:1.14m
episode: 343, return: -18.00  episilon: 0.100  time:1.06m
abs_error: 0.00015154480934143066, 0.07279810309410095, 0.5613054633140564, 33
episode: 344, return: -16.00  episilon: 0.100  time:1.10m
abs_error: 0.00046694278717041016, 0.08820211887359619, 0.6127535104751587, 42
episode: 345, return: -18.00  episilon: 0.100  time:1.11m
abs_error: 0.000392913818359375, 0.08821648359298706, 0.6284511089324951, 40
episode: 346, return: -16.00  episilon: 0.100  time:1.14m
abs_error: 0.0003279149532318115, 0.0804755836725235, 0.8346503973007202, 36
abs_error: 8.344650268554688e-07, 0.08837863057851791, 0.8940613269805908, 35
episode: 347, return: -17.00  episilon: 0.100  time:1.46m
abs_error: 0.00043010711669921875, 0.08620288968086243, 0.6949582099914551, 42
episode: 348, return: -15.00  episilon: 0.100  time:1.08m
abs_error: 0.00044471025466918945, 0.078394815325737, 0.7564975619316101, 39
episode: 349, return: -12.00  episilon: 0.100  time:1.32m
abs_error: 0.0003175288438796997, 0.07422240823507309, 0.6226068735122681, 47
episode: 350, return: -19.00  episilon: 0.100  time:1.30m
abs_error: 0.00012023746967315674, 0.08233144879341125, 0.7935975193977356, 41
episode: 351, return: -14.00  episilon: 0.100  time:1.39m
abs_error: 0.000710219144821167, 0.07260075211524963, 0.5397932529449463, 38
episode: 352, return: -21.00  episilon: 0.100  time:1.03m
episode: 353, return: -15.00  episilon: 0.100  time:1.08m
abs_error: 0.0009729266166687012, 0.06936430931091309, 0.5996901392936707, 40
episode: 354, return: -16.00  episilon: 0.100  time:1.15m
abs_error: 0.0020496249198913574, 0.07553669065237045, 0.5791388154029846, 45
episode: 355, return: -15.00  episilon: 0.100  time:1.09m
abs_error: 1.2889504432678223e-05, 0.08204200118780136, 0.9064538478851318, 42
episode: 356, return: -16.00  episilon: 0.100  time:1.03m
abs_error: 0.0006172060966491699, 0.08474164456129074, 0.8717714548110962, 34
abs_error: 1.3142824172973633e-05, 0.09099210798740387, 0.5373615622520447, 39
episode: 357, return: -16.00  episilon: 0.100  time:1.25m
episode: 358, return: -15.00  episilon: 0.100  time:1.25m
abs_error: 0.00046227872371673584, 0.08441656827926636, 0.7332560420036316, 42
episode: 359, return: -14.00  episilon: 0.100  time:1.40m
abs_error: 9.384751319885254e-05, 0.08700568974018097, 0.629584014415741, 38
episode: 360, return: -15.00  episilon: 0.100  time:1.42m
abs_error: 0.000580519437789917, 0.09964273869991302, 0.9063273668289185, 40
episode: 361, return: -17.00  episilon: 0.100  time:1.26m
abs_error: 0.0002224445343017578, 0.07464373111724854, 0.7254906892776489, 32
episode: 362, return: -18.00  episilon: 0.100  time:1.33m
abs_error: 0.00010216236114501953, 0.0945836752653122, 0.8683905601501465, 40
episode: 363, return: -15.00  episilon: 0.100  time:1.52m
abs_error: 0.0005909204483032227, 0.08797018975019455, 0.911728024482727, 38
episode: 364, return: -16.00  episilon: 0.100  time:1.27m
abs_error: 0.00046853721141815186, 0.07147253304719925, 0.8116375207901001, 36
episode: 365, return: -17.00  episilon: 0.100  time:0.83m
abs_error: 9.584426879882812e-05, 0.08298539370298386, 0.6191843748092651, 37
episode: 366, return: -13.00  episilon: 0.100  time:1.46m
abs_error: 5.8650970458984375e-05, 0.07990653812885284, 0.678377628326416, 40
episode: 367, return: -16.00  episilon: 0.100  time:1.18m
abs_error: 0.0004209578037261963, 0.0808320939540863, 0.8899186849594116, 45
abs_error: 2.771615982055664e-06, 0.09844970703125, 0.6173375844955444, 37
episode: 368, return: -8.00  episilon: 0.100  time:1.59m
abs_error: 0.000507354736328125, 0.0840330421924591, 0.670303463935852, 35
episode: 369, return: -10.00  episilon: 0.100  time:1.47m
abs_error: 5.793571472167969e-05, 0.08954738080501556, 0.6827812194824219, 38
episode: 370, return: -15.00  episilon: 0.100  time:0.99m
abs_error: 0.000479821115732193, 0.08066512644290924, 0.8798218965530396, 36
episode: 371, return: -14.00  episilon: 0.100  time:1.33m
abs_error: 0.000363081693649292, 0.10838213562965393, 0.8935245275497437, 40
episode: 372, return: -14.00  episilon: 0.100  time:1.40m
abs_error: 0.0003749728202819824, 0.09323965013027191, 0.6625611186027527, 41
episode: 373, return: -12.00  episilon: 0.100  time:1.43m
abs_error: 9.131431579589844e-05, 0.06751199066638947, 0.8088470101356506, 38
episode: 374, return: -16.00  episilon: 0.100  time:1.55m
abs_error: 0.0007877647876739502, 0.08700019121170044, 0.7927824258804321, 35
abs_error: 0.0005654841661453247, 0.0715995728969574, 0.5464993715286255, 40
episode: 375, return: -13.00  episilon: 0.100  time:1.66m
abs_error: 0.00013363361358642578, 0.08564624935388565, 0.7042375206947327, 36
episode: 376, return: -8.00  episilon: 0.100  time:2.17m
abs_error: 0.0003947615623474121, 0.09476988762617111, 0.8362475633621216, 31
episode: 377, return: -19.00  episilon: 0.100  time:1.29m
abs_error: 5.2347779273986816e-05, 0.08796842396259308, 0.5644396543502808, 39
episode: 378, return: -18.00  episilon: 0.100  time:1.07m
abs_error: 0.0007486343383789062, 0.07173202186822891, 0.6629595160484314, 40
episode: 379, return: -16.00  episilon: 0.100  time:1.65m
abs_error: 6.979703903198242e-05, 0.08200210332870483, 0.7242873907089233, 35
episode: 380, return: -20.00  episilon: 0.100  time:1.26m
abs_error: 1.9073486328125e-05, 0.09124575555324554, 0.8414157629013062, 33
episode: 381, return: -15.00  episilon: 0.100  time:1.36m
abs_error: 0.00018045306205749512, 0.07815892994403839, 0.555294930934906, 37
episode: 382, return: -15.00  episilon: 0.100  time:1.85m
abs_error: 9.012222290039062e-05, 0.09298359602689743, 0.8625072240829468, 35
episode: 383, return: -13.00  episilon: 0.100  time:1.93m
abs_error: 0.00018355250358581543, 0.08423696458339691, 0.6197385191917419, 34
episode: 384, return: -13.00  episilon: 0.100  time:1.13m
abs_error: 0.00015269964933395386, 0.07668720185756683, 0.7476604580879211, 35
episode: 385, return: -15.00  episilon: 0.100  time:1.15m
abs_error: 9.435415267944336e-05, 0.06875893473625183, 0.49338874220848083, 39
abs_error: 0.0003930628299713135, 0.06357774138450623, 0.521461009979248, 33
episode: 386, return: -16.00  episilon: 0.100  time:1.27m
abs_error: 0.0007334500551223755, 0.08358711004257202, 0.6735401749610901, 42
episode: 387, return: -13.00  episilon: 0.100  time:1.89m
abs_error: 0.0014788508415222168, 0.08257253468036652, 0.6397114396095276, 36
episode: 388, return: -16.00  episilon: 0.100  time:1.33m
abs_error: 9.512901306152344e-05, 0.08240614831447601, 0.5219526290893555, 38
abs_error: 0.0004724562168121338, 0.07914701104164124, 0.8632187843322754, 39
episode: 389, return: -15.00  episilon: 0.100  time:1.40m
abs_error: 0.00031648576259613037, 0.08446095883846283, 0.5829408168792725, 39
episode: 390, return: -15.00  episilon: 0.100  time:1.34m
abs_error: 0.0008154213428497314, 0.0875743180513382, 0.6459301710128784, 34
episode: 391, return: -13.00  episilon: 0.100  time:1.46m
abs_error: 0.0003184080123901367, 0.06954191625118256, 0.5963727235794067, 40
episode: 392, return: -15.00  episilon: 0.100  time:1.42m
abs_error: 5.957484245300293e-05, 0.06780507415533066, 0.7466968297958374, 33
episode: 393, return: -18.00  episilon: 0.100  time:1.13m
abs_error: 0.00028358399868011475, 0.08908074349164963, 0.99810791015625, 37
abs_error: 0.001184701919555664, 0.06986525654792786, 0.6393753290176392, 35
episode: 394, return: -16.00  episilon: 0.100  time:1.54m
abs_error: 0.00032836198806762695, 0.07935923337936401, 0.7298388481140137, 42
episode: 395, return: -15.00  episilon: 0.100  time:1.28m
abs_error: 0.0008922219276428223, 0.10348857939243317, 0.755131185054779, 35
episode: 396, return: -11.00  episilon: 0.100  time:1.82m
abs_error: 0.00032358989119529724, 0.0786421075463295, 0.7407459616661072, 39
abs_error: 0.0007230639457702637, 0.08634063601493835, 0.7256139516830444, 36
episode: 397, return: -11.00  episilon: 0.100  time:1.90m
abs_error: 0.0002448856830596924, 0.08983305096626282, 0.700195848941803, 38
episode: 398, return: -16.00  episilon: 0.100  time:1.57m
abs_error: 0.0006558224558830261, 0.07982247322797775, 0.5771963000297546, 39
episode: 399, return: -16.00  episilon: 0.100  time:1.45m
abs_error: 9.995698928833008e-05, 0.06322948634624481, 0.718357264995575, 36
episode: 400, return: -16.00  episilon: 0.100  time:1.35m
Time: 370.07m
