/home/xuefeng/.environments/testrl/lib/python3.7/site-packages/gym/envs/registration.py:14: PkgResourcesDeprecationWarning: Parameters to load are deprecated.  Call .resolve and .require separately.
  result = entry_point.load(False)
Collecting transition... Time: 3.60m
Training...
episode: 0, return: -21.00  episilon: 0.900  time:0.58m
episode: 1, return: -21.00  episilon: 0.884  time:0.65m
abs_error: 0.020623397082090378, 0.06884502619504929, 1.0218685865402222, 6
episode: 2, return: -20.00  episilon: 0.868  time:0.63m
episode: 3, return: -20.00  episilon: 0.853  time:0.57m
abs_error: 0.018594570457935333, 0.04483421519398689, 0.9766435623168945, 3
episode: 4, return: -21.00  episilon: 0.838  time:0.53m
episode: 5, return: -21.00  episilon: 0.823  time:0.52m
episode: 6, return: -21.00  episilon: 0.808  time:0.53m
abs_error: 0.0037363991141319275, 0.053901731967926025, 0.9760118722915649, 3
episode: 7, return: -21.00  episilon: 0.793  time:0.61m
episode: 8, return: -21.00  episilon: 0.779  time:0.60m
abs_error: 0.011596903204917908, 0.04844053462147713, 0.981937825679779, 4
episode: 9, return: -20.00  episilon: 0.765  time:0.69m
episode: 10, return: -21.00  episilon: 0.751  time:0.58m
abs_error: 0.010423004627227783, 0.05450018495321274, 0.9892032146453857, 5
episode: 11, return: -21.00  episilon: 0.737  time:0.62m
episode: 12, return: -21.00  episilon: 0.724  time:0.53m
abs_error: 0.009572207927703857, 0.03719709441065788, 0.9897335767745972, 16
episode: 13, return: -21.00  episilon: 0.710  time:0.54m
episode: 14, return: -20.00  episilon: 0.697  time:0.65m
abs_error: 0.005724579095840454, 0.052577316761016846, 0.9940479397773743, 5
episode: 15, return: -20.00  episilon: 0.684  time:0.67m
episode: 16, return: -20.00  episilon: 0.671  time:0.65m
episode: 17, return: -20.00  episilon: 0.659  time:0.61m
abs_error: 0.015067964792251587, 0.05298878252506256, 0.9846282005310059, 4
episode: 18, return: -21.00  episilon: 0.647  time:0.53m
episode: 19, return: -21.00  episilon: 0.634  time:0.56m
abs_error: 0.01640373468399048, 0.08445121347904205, 1.0272667407989502, 8
episode: 20, return: -20.00  episilon: 0.622  time:0.62m
episode: 21, return: -20.00  episilon: 0.611  time:0.63m
abs_error: 0.02071666717529297, 0.06578487157821655, 0.9714470505714417, 5
episode: 22, return: -21.00  episilon: 0.599  time:0.55m
episode: 23, return: -21.00  episilon: 0.587  time:0.51m
episode: 24, return: -21.00  episilon: 0.576  time:0.57m
abs_error: 2.765655517578125e-05, 0.02726685255765915, 0.9994739890098572, 5
episode: 25, return: -19.00  episilon: 0.565  time:0.78m
episode: 26, return: -21.00  episilon: 0.554  time:0.60m
abs_error: 0.0015126466751098633, 0.03160513937473297, 0.9962718486785889, 3
episode: 27, return: -21.00  episilon: 0.543  time:0.70m
episode: 28, return: -21.00  episilon: 0.533  time:0.56m
abs_error: 0.00499492883682251, 0.05577048659324646, 0.977811872959137, 6
episode: 29, return: -21.00  episilon: 0.522  time:0.58m
episode: 30, return: -19.00  episilon: 0.512  time:0.73m
abs_error: 0.00020259618759155273, 0.05287832021713257, 0.7389585375785828, 25
episode: 31, return: -21.00  episilon: 0.502  time:0.55m
episode: 32, return: -21.00  episilon: 0.492  time:0.58m
abs_error: 9.301304817199707e-05, 0.041849978268146515, 0.47888755798339844, 47
episode: 33, return: -21.00  episilon: 0.482  time:0.67m
episode: 34, return: -20.00  episilon: 0.473  time:0.65m
abs_error: 0.00033533573150634766, 0.04335111379623413, 0.9790496230125427, 12
episode: 35, return: -18.00  episilon: 0.463  time:0.71m
episode: 36, return: -21.00  episilon: 0.454  time:0.55m
abs_error: 3.153085708618164e-05, 0.04027709364891052, 0.9998027086257935, 37
episode: 37, return: -20.00  episilon: 0.445  time:0.64m
episode: 38, return: -19.00  episilon: 0.436  time:0.66m
abs_error: 3.075599670410156e-05, 0.04361853003501892, 0.35170918703079224, 37
episode: 39, return: -21.00  episilon: 0.427  time:0.68m
episode: 40, return: -21.00  episilon: 0.418  time:0.67m
abs_error: 0.0002173781394958496, 0.0797858014702797, 0.9829816818237305, 28
episode: 41, return: -21.00  episilon: 0.409  time:0.60m
episode: 42, return: -20.00  episilon: 0.401  time:0.70m
episode: 43, return: -20.00  episilon: 0.393  time:0.56m
abs_error: 6.532669067382812e-05, 0.05634717270731926, 0.9763529896736145, 27
episode: 44, return: -19.00  episilon: 0.384  time:0.61m
episode: 45, return: -21.00  episilon: 0.376  time:0.53m
abs_error: 0.00046885013580322266, 0.042448390275239944, 0.4120294451713562, 31
episode: 46, return: -21.00  episilon: 0.368  time:0.60m
episode: 47, return: -20.00  episilon: 0.361  time:0.56m
abs_error: 9.131431579589844e-05, 0.031016811728477478, 0.26786351203918457, 32
episode: 48, return: -18.00  episilon: 0.353  time:0.67m
episode: 49, return: -19.00  episilon: 0.346  time:0.56m
abs_error: 0.00022667646408081055, 0.04890068992972374, 0.34848451614379883, 47
episode: 50, return: -21.00  episilon: 0.338  time:0.54m
episode: 51, return: -21.00  episilon: 0.331  time:0.55m
abs_error: 0.00022971630096435547, 0.042208556085824966, 0.38477861881256104, 33
episode: 52, return: -21.00  episilon: 0.324  time:0.55m
episode: 53, return: -19.00  episilon: 0.317  time:0.62m
abs_error: 0.00016009807586669922, 0.0381096787750721, 0.7803977727890015, 37
episode: 54, return: -21.00  episilon: 0.310  time:0.49m
episode: 55, return: -19.00  episilon: 0.303  time:0.75m
abs_error: 0.00030881166458129883, 0.03980867564678192, 0.7986471652984619, 27
episode: 56, return: -18.00  episilon: 0.297  time:0.63m
episode: 57, return: -21.00  episilon: 0.290  time:0.49m
abs_error: 7.206201553344727e-05, 0.04177795723080635, 0.7429118156433105, 24
episode: 58, return: -20.00  episilon: 0.284  time:0.62m
episode: 59, return: -21.00  episilon: 0.277  time:0.53m
episode: 60, return: -21.00  episilon: 0.271  time:0.49m
abs_error: 0.00022661685943603516, 0.02904987707734108, 0.23181921243667603, 37
episode: 61, return: -21.00  episilon: 0.265  time:0.58m
episode: 62, return: -21.00  episilon: 0.259  time:0.50m
abs_error: 0.00010341405868530273, 0.04630737006664276, 0.37432801723480225, 39
episode: 63, return: -21.00  episilon: 0.253  time:0.62m
episode: 64, return: -21.00  episilon: 0.247  time:0.54m
episode: 65, return: -21.00  episilon: 0.242  time:0.54m
abs_error: 5.125999450683594e-05, 0.046585191041231155, 0.7506892681121826, 28
episode: 66, return: -21.00  episilon: 0.236  time:0.75m
episode: 67, return: -21.00  episilon: 0.231  time:0.58m
abs_error: 9.85860824584961e-05, 0.05105235427618027, 0.8984403610229492, 27
episode: 68, return: -21.00  episilon: 0.225  time:0.53m
episode: 69, return: -21.00  episilon: 0.220  time:0.58m
abs_error: 4.1604042053222656e-05, 0.04172472655773163, 0.6532026529312134, 33
episode: 70, return: -21.00  episilon: 0.215  time:0.62m
episode: 71, return: -21.00  episilon: 0.210  time:0.52m
abs_error: 0.0005642175674438477, 0.04470496624708176, 0.5714126825332642, 31
episode: 72, return: -21.00  episilon: 0.205  time:0.54m
episode: 73, return: -21.00  episilon: 0.200  time:0.52m
episode: 74, return: -21.00  episilon: 0.195  time:0.54m
abs_error: 7.796287536621094e-05, 0.035452306270599365, 0.5374248027801514, 37
episode: 75, return: -21.00  episilon: 0.191  time:0.54m
episode: 76, return: -21.00  episilon: 0.186  time:0.52m
abs_error: 7.95125961303711e-05, 0.033657487481832504, 0.38264960050582886, 38
episode: 77, return: -21.00  episilon: 0.182  time:0.52m
episode: 78, return: -21.00  episilon: 0.177  time:0.56m
episode: 79, return: -21.00  episilon: 0.173  time:0.56m
abs_error: 0.00015282630920410156, 0.04449714720249176, 0.9218826293945312, 25
episode: 80, return: -21.00  episilon: 0.169  time:0.44m
episode: 81, return: -20.00  episilon: 0.165  time:0.43m
abs_error: 0.0002468228340148926, 0.04685837775468826, 0.4582633972167969, 32
episode: 82, return: -21.00  episilon: 0.161  time:0.42m
episode: 83, return: -21.00  episilon: 0.157  time:0.43m
abs_error: 5.555152893066406e-05, 0.036376290023326874, 0.6647374033927917, 31
episode: 84, return: -21.00  episilon: 0.153  time:0.46m
episode: 85, return: -21.00  episilon: 0.149  time:0.44m
episode: 86, return: -21.00  episilon: 0.145  time:0.41m
abs_error: 0.0002821683883666992, 0.028869424015283585, 0.1856093406677246, 41
episode: 87, return: -21.00  episilon: 0.141  time:0.48m
episode: 88, return: -21.00  episilon: 0.138  time:0.64m
abs_error: 0.0008262395858764648, 0.04333925619721413, 0.5442777276039124, 39
episode: 89, return: -20.00  episilon: 0.134  time:0.52m
abs_error: 0.0001741647720336914, 0.039930831640958786, 0.31715452671051025, 34
episode: 90, return: -20.00  episilon: 0.131  time:0.91m
abs_error: 0.0001437366008758545, 0.036133959889411926, 0.4255842864513397, 44
episode: 91, return: -20.00  episilon: 0.127  time:0.96m
abs_error: 0.0002862215042114258, 0.03402499109506607, 0.274910569190979, 37
episode: 92, return: -18.00  episilon: 0.124  time:0.96m
abs_error: 4.13060188293457e-05, 0.0460270494222641, 0.3570282459259033, 38
episode: 93, return: -18.00  episilon: 0.121  time:1.16m
abs_error: 0.0007947087287902832, 0.041960250586271286, 0.285388708114624, 43
episode: 94, return: -18.00  episilon: 0.118  time:0.93m
abs_error: 0.00034224987030029297, 0.05162359029054642, 0.5156025886535645, 38
episode: 95, return: -21.00  episilon: 0.115  time:0.82m
abs_error: 0.0005370378494262695, 0.04979656636714935, 0.4167872667312622, 41
episode: 96, return: -19.00  episilon: 0.112  time:1.48m
abs_error: 0.0009441375732421875, 0.03807491436600685, 0.31208527088165283, 36
episode: 97, return: -14.00  episilon: 0.109  time:1.37m
abs_error: 0.00010257959365844727, 0.04250180721282959, 0.577081561088562, 27
episode: 98, return: -20.00  episilon: 0.106  time:1.06m
abs_error: 0.000253140926361084, 0.04749216139316559, 0.5291082859039307, 39
episode: 99, return: -15.00  episilon: 0.103  time:1.13m
abs_error: 0.00011652708053588867, 0.0349130779504776, 0.3160226345062256, 45
episode: 100, return: -20.00  episilon: 0.100  time:0.95m
abs_error: 0.000284731388092041, 0.037844251841306686, 0.4189065992832184, 34
episode: 101, return: -13.00  episilon: 0.100  time:1.39m
abs_error: 0.00036841630935668945, 0.04459598660469055, 0.34382832050323486, 39
episode: 102, return: -18.00  episilon: 0.100  time:1.02m
abs_error: 5.206465721130371e-05, 0.04315997660160065, 0.34530800580978394, 46
abs_error: 0.0003139972686767578, 0.03737655654549599, 0.6756883859634399, 32
episode: 103, return: -17.00  episilon: 0.100  time:1.35m
abs_error: 0.0009744763374328613, 0.0397830568253994, 0.4330574870109558, 38
episode: 104, return: -19.00  episilon: 0.100  time:1.23m
abs_error: 0.0002779960632324219, 0.03153674677014351, 0.23199409246444702, 46
episode: 105, return: -17.00  episilon: 0.100  time:1.59m
abs_error: 0.0004130899906158447, 0.03796020895242691, 0.3866459131240845, 38
episode: 106, return: -15.00  episilon: 0.100  time:1.65m
abs_error: 6.020069122314453e-06, 0.04226890206336975, 0.25652042031288147, 43
episode: 107, return: -18.00  episilon: 0.100  time:1.31m
abs_error: 1.8596649169921875e-05, 0.03541848808526993, 0.30236828327178955, 39
abs_error: 0.00014039874076843262, 0.04762101173400879, 0.5476094484329224, 33
episode: 108, return: -12.00  episilon: 0.100  time:2.05m
abs_error: 4.982948303222656e-05, 0.042605265974998474, 0.5798465013504028, 40
episode: 109, return: -15.00  episilon: 0.100  time:1.59m
abs_error: 2.980232238769531e-07, 0.04464304447174072, 0.34204351902008057, 33
episode: 110, return: -17.00  episilon: 0.100  time:1.58m
abs_error: 6.876885890960693e-06, 0.03927430883049965, 0.2618984580039978, 42
episode: 111, return: -19.00  episilon: 0.100  time:1.08m
abs_error: 0.0004795193672180176, 0.03917143866419792, 0.4304282069206238, 35
episode: 112, return: -17.00  episilon: 0.100  time:1.06m
abs_error: 4.626065492630005e-05, 0.05062370374798775, 0.40402406454086304, 47
episode: 113, return: -18.00  episilon: 0.100  time:1.02m
abs_error: 0.0003345012664794922, 0.046692658215761185, 0.23354870080947876, 42
abs_error: 0.00023736059665679932, 0.044904906302690506, 0.22604167461395264, 44
episode: 114, return: -13.00  episilon: 0.100  time:1.49m
abs_error: 0.0005178377032279968, 0.045867856591939926, 0.3084331452846527, 41
episode: 115, return: -18.00  episilon: 0.100  time:1.13m
abs_error: 0.00037372857332229614, 0.0378105491399765, 0.40270525217056274, 33
episode: 116, return: -13.00  episilon: 0.100  time:1.52m
abs_error: 2.7745962142944336e-05, 0.041895780712366104, 0.2813100516796112, 43
abs_error: 0.0002086162567138672, 0.04326042905449867, 0.5058931112289429, 40
episode: 117, return: -16.00  episilon: 0.100  time:1.68m
abs_error: 9.573996067047119e-05, 0.03617271035909653, 0.1731218695640564, 49
episode: 118, return: -15.00  episilon: 0.100  time:1.45m
abs_error: 0.00011017918586730957, 0.04097357019782066, 0.3254562020301819, 43
episode: 119, return: -18.00  episilon: 0.100  time:1.31m
abs_error: 0.0011948943138122559, 0.053921181708574295, 0.27185750007629395, 44
abs_error: 0.00025236234068870544, 0.03779676929116249, 0.1664450615644455, 47
episode: 120, return: -17.00  episilon: 0.100  time:1.28m
abs_error: 0.00034818053245544434, 0.03695214167237282, 0.19626201689243317, 50
episode: 121, return: -16.00  episilon: 0.100  time:1.19m
abs_error: 0.0007975101470947266, 0.04063977673649788, 0.40188372135162354, 38
episode: 122, return: -18.00  episilon: 0.100  time:1.53m
abs_error: 0.00031703710556030273, 0.042033664882183075, 0.19436025619506836, 43
episode: 123, return: -16.00  episilon: 0.100  time:1.61m
abs_error: 0.00014830008149147034, 0.061202675104141235, 0.9430180191993713, 33
abs_error: 0.0004222095012664795, 0.039927784353494644, 0.2013358473777771, 44
episode: 124, return: -17.00  episilon: 0.100  time:1.44m
abs_error: 3.670156002044678e-05, 0.03943653404712677, 0.28437167406082153, 46
episode: 125, return: -14.00  episilon: 0.100  time:1.65m
abs_error: 8.979439735412598e-05, 0.0397786870598793, 0.17996710538864136, 47
abs_error: 2.7760863304138184e-05, 0.03933821618556976, 0.560108482837677, 36
episode: 126, return: -19.00  episilon: 0.100  time:1.43m
abs_error: 0.00010182708501815796, 0.035798925906419754, 0.2880064845085144, 42
abs_error: 1.3634562492370605e-05, 0.042461246252059937, 0.36791718006134033, 43
episode: 127, return: -13.00  episilon: 0.100  time:1.82m
abs_error: 5.143880844116211e-05, 0.037018924951553345, 0.2679406702518463, 41
episode: 128, return: -12.00  episilon: 0.100  time:1.82m
abs_error: 8.89897346496582e-05, 0.041017331182956696, 0.19680020213127136, 51
abs_error: 0.0006783008575439453, 0.04189794138073921, 0.384091854095459, 40
episode: 129, return: -15.00  episilon: 0.100  time:1.49m
abs_error: 0.0005764365196228027, 0.04210784658789635, 0.3470863103866577, 38
abs_error: 0.00010123848915100098, 0.04695209860801697, 0.37420138716697693, 46
episode: 130, return: -12.00  episilon: 0.100  time:2.04m
abs_error: 0.0004429146647453308, 0.03885375335812569, 0.2892022132873535, 43
abs_error: 0.0009624958038330078, 0.04859847202897072, 0.6712899208068848, 30
episode: 131, return: -11.00  episilon: 0.100  time:2.33m
abs_error: 0.0001399517059326172, 0.04473569989204407, 0.2650498151779175, 44
episode: 132, return: -14.00  episilon: 0.100  time:1.21m
abs_error: 0.00011390447616577148, 0.05034448951482773, 0.2824302911758423, 45
episode: 133, return: -16.00  episilon: 0.100  time:1.34m
abs_error: 0.00016894936561584473, 0.03590831905603409, 0.28482088446617126, 42
abs_error: 0.000544428825378418, 0.04891585558652878, 0.4478478729724884, 41
episode: 134, return: -13.00  episilon: 0.100  time:1.71m
abs_error: 1.0132789611816406e-05, 0.050160858780145645, 0.5281920433044434, 45
abs_error: 0.00016134977340698242, 0.05260607227683067, 0.736501157283783, 37
episode: 135, return: -18.00  episilon: 0.100  time:1.43m
abs_error: 0.0004908740520477295, 0.04342609643936157, 0.25225454568862915, 47
episode: 136, return: -13.00  episilon: 0.100  time:1.54m
abs_error: 0.00027698278427124023, 0.04467817023396492, 0.3147282600402832, 42
abs_error: 0.000361025333404541, 0.04471322521567345, 0.3968394100666046, 42
episode: 137, return: -14.00  episilon: 0.100  time:1.53m
abs_error: 0.0009908676147460938, 0.0471382699906826, 0.6302667856216431, 35
episode: 138, return: -16.00  episilon: 0.100  time:1.46m
abs_error: 0.0013196170330047607, 0.041470907628536224, 0.2725374102592468, 55
abs_error: 0.0001391768455505371, 0.03617112711071968, 0.21423837542533875, 50
episode: 139, return: -13.00  episilon: 0.100  time:1.58m
abs_error: 0.00047975778579711914, 0.03815215080976486, 0.26244527101516724, 49
episode: 140, return: -13.00  episilon: 0.100  time:1.85m
abs_error: 0.0001156926155090332, 0.048923760652542114, 0.28062957525253296, 45
abs_error: 0.0011553764343261719, 0.03881536424160004, 0.5232057571411133, 41
episode: 141, return: -14.00  episilon: 0.100  time:1.95m
abs_error: 2.6226043701171875e-05, 0.0441024973988533, 0.31244349479675293, 44
episode: 142, return: -12.00  episilon: 0.100  time:1.84m
abs_error: 0.0002480149269104004, 0.040218692272901535, 0.4386664032936096, 39
abs_error: 7.623434066772461e-05, 0.0514071062207222, 0.3539509177207947, 39
episode: 143, return: -15.00  episilon: 0.100  time:2.01m
abs_error: 2.3126602172851562e-05, 0.04481041058897972, 0.18072503805160522, 49
episode: 144, return: -15.00  episilon: 0.100  time:1.46m
abs_error: 0.0004131793975830078, 0.047863129526376724, 0.1883755922317505, 50
episode: 145, return: -12.00  episilon: 0.100  time:2.16m
abs_error: 7.62939453125e-06, 0.04552231729030609, 0.2672319710254669, 46
abs_error: 0.00020962953567504883, 0.04966795817017555, 0.29982978105545044, 46
episode: 146, return: -18.00  episilon: 0.100  time:1.68m
abs_error: 2.288818359375e-05, 0.04883579537272453, 0.4671919047832489, 36
episode: 147, return: -15.00  episilon: 0.100  time:1.99m
abs_error: 0.0007128715515136719, 0.04524347186088562, 0.23347491025924683, 55
abs_error: 0.00045174360275268555, 0.04802228510379791, 0.2504243850708008, 47
episode: 148, return: -16.00  episilon: 0.100  time:1.80m
abs_error: 0.0010829567909240723, 0.04106544703245163, 0.3406524658203125, 44
episode: 149, return: -15.00  episilon: 0.100  time:1.70m
abs_error: 2.3126602172851562e-05, 0.0460890457034111, 0.2970714867115021, 44
abs_error: 0.00047659873962402344, 0.05155765637755394, 0.31582069396972656, 43
episode: 150, return: -17.00  episilon: 0.100  time:1.81m
abs_error: 0.0005738735198974609, 0.04160645604133606, 0.2967187762260437, 42
abs_error: 5.507469177246094e-05, 0.040214166045188904, 0.6403892040252686, 37
episode: 151, return: -12.00  episilon: 0.100  time:1.72m
abs_error: 0.00045984983444213867, 0.04293711110949516, 0.42660021781921387, 42
abs_error: 0.0002567768096923828, 0.03503009304404259, 0.17356324195861816, 41
episode: 152, return: -10.00  episilon: 0.100  time:2.10m
abs_error: 0.00019669532775878906, 0.046928200870752335, 0.3839283287525177, 44
episode: 153, return: -18.00  episilon: 0.100  time:1.41m
abs_error: 0.00017309188842773438, 0.03734077513217926, 0.21041953563690186, 51
abs_error: 0.00018018484115600586, 0.046083685010671616, 0.4294900894165039, 39
episode: 154, return: -16.00  episilon: 0.100  time:1.65m
abs_error: 0.0015140771865844727, 0.04108934849500656, 0.2646724581718445, 46
episode: 155, return: -16.00  episilon: 0.100  time:1.65m
abs_error: 0.0004310011863708496, 0.03907721862196922, 0.18100744485855103, 48
abs_error: 0.0005685091018676758, 0.044669732451438904, 0.26472827792167664, 45
episode: 156, return: -6.00  episilon: 0.100  time:2.57m
abs_error: 6.0558319091796875e-05, 0.038824278861284256, 0.25810110569000244, 46
abs_error: 0.00017189979553222656, 0.038525670766830444, 0.17663303017616272, 57
episode: 157, return: -15.00  episilon: 0.100  time:1.85m
abs_error: 0.00046753883361816406, 0.040603116154670715, 0.3783636689186096, 35
abs_error: 0.00019633769989013672, 0.040884606540203094, 0.1627843976020813, 50
episode: 158, return: -9.00  episilon: 0.100  time:2.00m
abs_error: 4.839897155761719e-05, 0.04277946799993515, 0.2807157039642334, 49
episode: 159, return: -8.00  episilon: 0.100  time:2.04m
abs_error: 6.759166717529297e-05, 0.041329625993967056, 0.2883323132991791, 48
abs_error: 0.0009110569953918457, 0.035793885588645935, 0.19620037078857422, 54
episode: 160, return: -11.00  episilon: 0.100  time:1.96m
abs_error: 0.0006862878799438477, 0.0524238646030426, 0.2503323554992676, 49
abs_error: 0.00012004375457763672, 0.04682682082056999, 0.2929500341415405, 43
episode: 161, return: -16.00  episilon: 0.100  time:1.68m
abs_error: 1.430511474609375e-06, 0.042894985526800156, 0.19816827774047852, 41
abs_error: 0.0009477138519287109, 0.05010176822543144, 0.32664382457733154, 47
episode: 162, return: -11.00  episilon: 0.100  time:1.81m
abs_error: 0.00013077259063720703, 0.03854632377624512, 0.23810338973999023, 44
episode: 163, return: -13.00  episilon: 0.100  time:1.80m
abs_error: 0.001454472541809082, 0.04156607389450073, 0.1738436222076416, 54
abs_error: 7.444620132446289e-05, 0.046155884861946106, 0.41394686698913574, 37
episode: 164, return: -8.00  episilon: 0.100  time:2.15m
abs_error: 0.0006390810012817383, 0.04377305135130882, 0.37701132893562317, 46
abs_error: 0.0003190040588378906, 0.03943232446908951, 0.24604928493499756, 47
episode: 165, return: -12.00  episilon: 0.100  time:1.65m
abs_error: 5.53131103515625e-05, 0.043041761964559555, 0.3637382984161377, 41
abs_error: 0.00017333030700683594, 0.040388889610767365, 0.21756823360919952, 44
episode: 166, return: -1.00  episilon: 0.100  time:2.58m
abs_error: 5.7220458984375e-06, 0.03248836472630501, 0.1636749505996704, 40
abs_error: 0.00041103363037109375, 0.04337297007441521, 0.1831144094467163, 50
episode: 167, return: -12.00  episilon: 0.100  time:2.06m
abs_error: 0.0017538070678710938, 0.040047481656074524, 0.17891371250152588, 41
episode: 168, return: -13.00  episilon: 0.100  time:1.61m
abs_error: 8.356571197509766e-05, 0.03280162438750267, 0.13341891765594482, 48
abs_error: 0.00011479854583740234, 0.048693567514419556, 0.4866487979888916, 43
episode: 169, return: -6.00  episilon: 0.100  time:1.57m
abs_error: 0.0003873109817504883, 0.03766312450170517, 0.3610841631889343, 45
episode: 170, return: -6.00  episilon: 0.100  time:1.94m
abs_error: 0.0004684925079345703, 0.04893527925014496, 0.3742772340774536, 37
abs_error: 0.0006315708160400391, 0.04633040353655815, 0.5505635738372803, 34
episode: 171, return: -8.00  episilon: 0.100  time:2.35m
abs_error: 0.0004189014434814453, 0.045973386615514755, 0.5940274000167847, 44
abs_error: 0.00037860870361328125, 0.042580850422382355, 0.33823081851005554, 44
episode: 172, return: -13.00  episilon: 0.100  time:2.04m
abs_error: 4.398822784423828e-05, 0.04044866934418678, 0.16562902927398682, 50
abs_error: 0.0002560615539550781, 0.0476360097527504, 0.35986262559890747, 46
episode: 173, return: 3.00  episilon: 0.100  time:2.44m
abs_error: 0.0003409385681152344, 0.04511807858943939, 0.3712461590766907, 40
abs_error: 0.0004011392593383789, 0.043350886553525925, 0.24201416969299316, 49
episode: 174, return: -4.00  episilon: 0.100  time:2.56m
abs_error: 0.00011324882507324219, 0.03704435005784035, 0.2460446059703827, 43
abs_error: 0.0002846717834472656, 0.03080179914832115, 0.14422819018363953, 50
episode: 175, return: -5.00  episilon: 0.100  time:2.19m
abs_error: 0.00021600723266601562, 0.05057165026664734, 0.40102481842041016, 42
abs_error: 4.1961669921875e-05, 0.03770800307393074, 0.28638362884521484, 43
episode: 176, return: -1.00  episilon: 0.100  time:2.12m
abs_error: 0.0003991127014160156, 0.038572654128074646, 0.46395397186279297, 43
episode: 177, return: 10.00  episilon: 0.100  time:1.82m
abs_error: 0.0007805824279785156, 0.04512323439121246, 0.49190086126327515, 39
abs_error: 0.0009930133819580078, 0.044000107795000076, 0.3552088737487793, 47
episode: 178, return: 5.00  episilon: 0.100  time:2.11m
abs_error: 0.00021219253540039062, 0.036238979548215866, 0.3672463893890381, 42
abs_error: 0.00027167797088623047, 0.04781299829483032, 0.3126559257507324, 44
episode: 179, return: 5.00  episilon: 0.100  time:2.35m
abs_error: 0.0005630254745483398, 0.038250233978033066, 0.21529161930084229, 47
abs_error: 0.00048065185546875, 0.04640480875968933, 0.3350489139556885, 44
episode: 180, return: 8.00  episilon: 0.100  time:1.76m
abs_error: 0.000853419303894043, 0.04008527845144272, 0.5050902962684631, 39
abs_error: 0.00030875205993652344, 0.03272399678826332, 0.2736482620239258, 45
episode: 181, return: -8.00  episilon: 0.100  time:1.54m
abs_error: 0.0009199380874633789, 0.04106096923351288, 0.22233068943023682, 43
episode: 182, return: 12.00  episilon: 0.100  time:1.31m
abs_error: 0.0004175901412963867, 0.04307179898023605, 0.3835434913635254, 39
abs_error: 0.0002033710479736328, 0.044277794659137726, 0.32903480529785156, 41
episode: 183, return: 3.00  episilon: 0.100  time:2.52m
abs_error: 0.0005137920379638672, 0.04126831144094467, 0.23393380641937256, 40
episode: 184, return: 16.00  episilon: 0.100  time:1.58m
abs_error: 1.9431114196777344e-05, 0.04353499040007591, 0.39431703090667725, 42
episode: 185, return: 16.00  episilon: 0.100  time:1.16m
abs_error: 0.0004968643188476562, 0.039307475090026855, 0.27586567401885986, 41
abs_error: 0.0004990100860595703, 0.043383270502090454, 0.43719053268432617, 43
episode: 186, return: 8.00  episilon: 0.100  time:1.74m
abs_error: 0.0007088184356689453, 0.038699571043252945, 0.39610856771469116, 39
abs_error: 0.00010001659393310547, 0.03507984057068825, 0.19425606727600098, 48
episode: 187, return: 7.00  episilon: 0.100  time:1.76m
abs_error: 0.00028574466705322266, 0.04213640093803406, 0.1959303617477417, 44
episode: 188, return: -2.00  episilon: 0.100  time:1.96m
abs_error: 0.00010323524475097656, 0.030125495046377182, 0.12987089157104492, 52
abs_error: 0.00023031234741210938, 0.04266633465886116, 0.46033740043640137, 41
episode: 189, return: 18.00  episilon: 0.100  time:1.21m
abs_error: 2.562999725341797e-05, 0.044822707772254944, 0.29892516136169434, 49
episode: 190, return: 13.00  episilon: 0.100  time:1.25m
abs_error: 0.0002771615982055664, 0.034749601036310196, 0.1622316837310791, 46
episode: 191, return: 14.00  episilon: 0.100  time:1.53m
abs_error: 8.606910705566406e-05, 0.038434840738773346, 0.1945871114730835, 48
episode: 192, return: 13.00  episilon: 0.100  time:1.73m
abs_error: 0.00034046173095703125, 0.037518005818128586, 0.1643303632736206, 50
abs_error: 0.000213623046875, 0.036038246005773544, 0.15311813354492188, 50
episode: 193, return: 16.00  episilon: 0.100  time:1.67m
episode: 194, return: 17.00  episilon: 0.100  time:1.22m
abs_error: 0.00043642520904541016, 0.035574160516262054, 0.1948237419128418, 43
abs_error: 0.0014140605926513672, 0.03887780010700226, 0.26836490631103516, 44
episode: 195, return: 13.00  episilon: 0.100  time:1.76m
abs_error: 0.0004315376281738281, 0.035745635628700256, 0.17574620246887207, 50
episode: 196, return: 13.00  episilon: 0.100  time:1.64m
abs_error: 8.130073547363281e-05, 0.048650048673152924, 0.3069484233856201, 41
abs_error: 0.00039839744567871094, 0.038454677909612656, 0.23802757263183594, 46
episode: 197, return: 10.00  episilon: 0.100  time:1.64m
abs_error: 0.00033283233642578125, 0.033461831510066986, 0.2539856433868408, 48
episode: 198, return: 14.00  episilon: 0.100  time:1.50m
abs_error: 0.00021839141845703125, 0.03073083609342575, 0.21409428119659424, 40
episode: 199, return: 16.00  episilon: 0.100  time:1.30m
abs_error: 2.1457672119140625e-05, 0.03732754662632942, 0.18028652667999268, 45
episode: 200, return: 9.00  episilon: 0.100  time:1.60m
abs_error: 0.001103520393371582, 0.03886832296848297, 0.21548151969909668, 45
episode: 201, return: 15.00  episilon: 0.100  time:1.47m
abs_error: 0.0006085634231567383, 0.03741312026977539, 0.33036625385284424, 39
episode: 202, return: 16.00  episilon: 0.100  time:1.41m
abs_error: 0.0004634857177734375, 0.03898819163441658, 0.42736274003982544, 47
abs_error: 5.9604644775390625e-06, 0.035730935633182526, 0.16973447799682617, 46
episode: 203, return: 7.00  episilon: 0.100  time:1.90m
abs_error: 0.00025463104248046875, 0.03339983522891998, 0.2574484348297119, 52
episode: 204, return: 20.00  episilon: 0.100  time:1.12m
abs_error: 7.319450378417969e-05, 0.02967478521168232, 0.15673494338989258, 43
episode: 205, return: 15.00  episilon: 0.100  time:1.53m
abs_error: 0.0002713203430175781, 0.03049156628549099, 0.18336260318756104, 50
episode: 206, return: 18.00  episilon: 0.100  time:1.00m
abs_error: 0.00030052661895751953, 0.033656977117061615, 0.17547130584716797, 54
episode: 207, return: 13.00  episilon: 0.100  time:1.21m
abs_error: 0.00011289119720458984, 0.03244934603571892, 0.33617401123046875, 44
episode: 208, return: 14.00  episilon: 0.100  time:1.16m
abs_error: 7.104873657226562e-05, 0.03158735856413841, 0.3285410404205322, 43
episode: 209, return: 18.00  episilon: 0.100  time:0.95m
abs_error: 0.00013017654418945312, 0.03294362872838974, 0.2859256863594055, 43
episode: 210, return: 19.00  episilon: 0.100  time:0.92m
abs_error: 2.6464462280273438e-05, 0.0321839302778244, 0.16362905502319336, 48
episode: 211, return: 15.00  episilon: 0.100  time:1.03m
abs_error: 0.0001323223114013672, 0.03672318160533905, 0.30218589305877686, 46
episode: 212, return: 5.00  episilon: 0.100  time:1.39m
abs_error: 6.556510925292969e-05, 0.03912557289004326, 0.4722018241882324, 38
episode: 213, return: 18.00  episilon: 0.100  time:0.95m
abs_error: 5.221366882324219e-05, 0.03174314647912979, 0.29952430725097656, 42
abs_error: 6.508827209472656e-05, 0.0339854396879673, 0.28022027015686035, 40
episode: 214, return: 11.00  episilon: 0.100  time:1.53m
abs_error: 0.0003294944763183594, 0.02633054181933403, 0.17974305152893066, 47
episode: 215, return: 15.00  episilon: 0.100  time:1.27m
abs_error: 0.00024640560150146484, 0.02580188773572445, 0.3123042583465576, 44
episode: 216, return: 14.00  episilon: 0.100  time:1.29m
abs_error: 0.0006357431411743164, 0.03971745818853378, 1.3191182613372803, 33
episode: 217, return: 16.00  episilon: 0.100  time:1.25m
abs_error: 0.0001659393310546875, 0.02457413636147976, 0.14029604196548462, 47
episode: 218, return: 10.00  episilon: 0.100  time:1.64m
abs_error: 0.0003523826599121094, 0.02821430005133152, 0.1376361846923828, 53
abs_error: 0.0004353523254394531, 0.02982482686638832, 0.2557605504989624, 44
episode: 219, return: 9.00  episilon: 0.100  time:1.81m
abs_error: 4.839897155761719e-05, 0.024956196546554565, 0.16353511810302734, 43
episode: 220, return: 15.00  episilon: 0.100  time:1.53m
abs_error: 3.600120544433594e-05, 0.02981174737215042, 0.2835284471511841, 42
episode: 221, return: 13.00  episilon: 0.100  time:1.41m
abs_error: 0.00031948089599609375, 0.031406961381435394, 0.27609682083129883, 37
episode: 222, return: 9.00  episilon: 0.100  time:1.62m
abs_error: 3.933906555175781e-05, 0.02800588309764862, 0.20397907495498657, 41
episode: 223, return: 14.00  episilon: 0.100  time:1.53m
abs_error: 0.00010323524475097656, 0.026895567774772644, 0.13038110733032227, 49
abs_error: 7.200241088867188e-05, 0.027927769348025322, 0.4030294418334961, 39
episode: 224, return: 10.00  episilon: 0.100  time:1.54m
abs_error: 0.00024366378784179688, 0.03335709497332573, 0.23885536193847656, 37
episode: 225, return: 10.00  episilon: 0.100  time:1.43m
abs_error: 0.0002478361129760742, 0.02574084885418415, 0.17995500564575195, 44
episode: 226, return: 14.00  episilon: 0.100  time:1.17m
abs_error: 0.0003597736358642578, 0.0398981049656868, 0.5663164854049683, 33
abs_error: 0.00028014183044433594, 0.024388786405324936, 0.1360328197479248, 40
episode: 227, return: 1.00  episilon: 0.100  time:1.66m
abs_error: 0.0007405281066894531, 0.027161285281181335, 0.15878713130950928, 51
episode: 228, return: 15.00  episilon: 0.100  time:1.17m
abs_error: 8.58306884765625e-06, 0.03256992623209953, 0.2687685489654541, 37
episode: 229, return: 11.00  episilon: 0.100  time:1.32m
abs_error: 1.430511474609375e-06, 0.029044564813375473, 0.3399617671966553, 51
episode: 230, return: 4.00  episilon: 0.100  time:1.56m
abs_error: 0.00028824806213378906, 0.029235724359750748, 0.33335304260253906, 51
abs_error: 2.5987625122070312e-05, 0.034112975001335144, 0.2709167003631592, 37
episode: 231, return: 11.00  episilon: 0.100  time:1.29m
abs_error: 5.412101745605469e-05, 0.03241788223385811, 0.5658128261566162, 28
episode: 232, return: 10.00  episilon: 0.100  time:1.26m
abs_error: 4.9591064453125e-05, 0.02687019295990467, 0.1828322410583496, 48
episode: 233, return: 14.00  episilon: 0.100  time:1.08m
abs_error: 0.00014543533325195312, 0.030246645212173462, 0.22821569442749023, 42
episode: 234, return: 16.00  episilon: 0.100  time:1.13m
abs_error: 0.00033283233642578125, 0.026194382458925247, 0.1709282398223877, 48
episode: 235, return: 15.00  episilon: 0.100  time:1.08m
abs_error: 0.00018978118896484375, 0.03408152610063553, 0.2322382926940918, 45
abs_error: 2.574920654296875e-05, 0.030049078166484833, 0.31424427032470703, 37
episode: 236, return: 8.00  episilon: 0.100  time:1.55m
abs_error: 7.128715515136719e-05, 0.02748740464448929, 0.22292399406433105, 45
episode: 237, return: 4.00  episilon: 0.100  time:1.64m
abs_error: 0.00011157989501953125, 0.029312077909708023, 0.21660375595092773, 42
episode: 238, return: 13.00  episilon: 0.100  time:1.46m
abs_error: 2.4557113647460938e-05, 0.028353504836559296, 0.21747636795043945, 45
episode: 239, return: 17.00  episilon: 0.100  time:1.02m
abs_error: 4.7206878662109375e-05, 0.027701370418071747, 0.23262310028076172, 42
episode: 240, return: 16.00  episilon: 0.100  time:1.10m
abs_error: 0.0008687973022460938, 0.03153129294514656, 0.3436061143875122, 39
episode: 241, return: 14.00  episilon: 0.100  time:1.17m
abs_error: 1.6689300537109375e-05, 0.032507117837667465, 0.32689833641052246, 42
abs_error: 0.00011157989501953125, 0.02959614247083664, 0.2582191228866577, 40
episode: 242, return: 15.00  episilon: 0.100  time:1.07m
abs_error: 0.0002982616424560547, 0.026457492262125015, 0.21205687522888184, 45
episode: 243, return: 17.00  episilon: 0.100  time:1.03m
abs_error: 0.00013780593872070312, 0.038284096866846085, 1.6481847763061523, 27
episode: 244, return: 14.00  episilon: 0.100  time:1.11m
abs_error: 0.0005637407302856445, 0.02312764897942543, 0.16903376579284668, 46
episode: 245, return: 18.00  episilon: 0.100  time:1.12m
abs_error: 0.0002980232238769531, 0.030157368630170822, 0.15604400634765625, 47
episode: 246, return: 17.00  episilon: 0.100  time:1.19m
abs_error: 0.00011897087097167969, 0.028718682006001472, 0.32030582427978516, 43
episode: 247, return: 15.00  episilon: 0.100  time:1.23m
abs_error: 0.00045800209045410156, 0.03175538033246994, 0.2232823371887207, 43
episode: 248, return: 14.00  episilon: 0.100  time:1.25m
abs_error: 9.822845458984375e-05, 0.0392535999417305, 0.5737357139587402, 36
episode: 249, return: 14.00  episilon: 0.100  time:1.21m
abs_error: 0.00025963783264160156, 0.02811896987259388, 0.2000185251235962, 47
episode: 250, return: 17.00  episilon: 0.100  time:1.06m
abs_error: 0.0003764629364013672, 0.03399452194571495, 0.33761441707611084, 44
episode: 251, return: 18.00  episilon: 0.100  time:0.99m
abs_error: 0.00020265579223632812, 0.029584486037492752, 0.29692673683166504, 38
episode: 252, return: 12.00  episilon: 0.100  time:1.19m
abs_error: 0.00010156631469726562, 0.025298170745372772, 0.17387747764587402, 42
episode: 253, return: 17.00  episilon: 0.100  time:0.98m
abs_error: 0.0006785392761230469, 0.029681585729122162, 0.2487504482269287, 37
episode: 254, return: 12.00  episilon: 0.100  time:1.25m
abs_error: 2.86102294921875e-05, 0.02991218864917755, 0.2089087963104248, 40
abs_error: 4.553794860839844e-05, 0.031643252819776535, 0.41002988815307617, 37
episode: 255, return: 14.00  episilon: 0.100  time:1.55m
abs_error: 0.0003807544708251953, 0.0284247025847435, 0.3827035427093506, 39
episode: 256, return: 14.00  episilon: 0.100  time:1.44m
abs_error: 5.0067901611328125e-06, 0.03083234839141369, 0.469435453414917, 42
episode: 257, return: 17.00  episilon: 0.100  time:1.31m
abs_error: 0.00019502639770507812, 0.024074096232652664, 0.14444661140441895, 43
episode: 258, return: 17.00  episilon: 0.100  time:1.27m
abs_error: 0.00025653839111328125, 0.0366692915558815, 1.1492068767547607, 35
episode: 259, return: 10.00  episilon: 0.100  time:1.84m
abs_error: 0.0002104043960571289, 0.03199093043804169, 0.1630460023880005, 46
episode: 260, return: 12.00  episilon: 0.100  time:1.70m
abs_error: 0.0002818107604980469, 0.03316296264529228, 0.302509069442749, 39
abs_error: 1.3709068298339844e-05, 0.02522042952477932, 0.1178128719329834, 48
episode: 261, return: 15.00  episilon: 0.100  time:1.25m
abs_error: 0.00016880035400390625, 0.024451330304145813, 0.12012016773223877, 51
episode: 262, return: 6.00  episilon: 0.100  time:1.53m
abs_error: 0.0001690387725830078, 0.031069885939359665, 0.22052884101867676, 38
episode: 263, return: 5.00  episilon: 0.100  time:1.52m
abs_error: 5.841255187988281e-05, 0.025693319737911224, 0.1278696060180664, 48
episode: 264, return: 18.00  episilon: 0.100  time:1.02m
abs_error: 0.0007774829864501953, 0.027892423793673515, 0.17559683322906494, 42
abs_error: 0.0005781650543212891, 0.03396529331803322, 0.49246644973754883, 39
episode: 265, return: 10.00  episilon: 0.100  time:1.27m
abs_error: 9.131431579589844e-05, 0.027299366891384125, 0.2620971202850342, 37
episode: 266, return: 15.00  episilon: 0.100  time:1.07m
abs_error: 2.574920654296875e-05, 0.02245927043259144, 0.1273326873779297, 46
episode: 267, return: 1.00  episilon: 0.100  time:1.72m
abs_error: 0.0004553794860839844, 0.027002595365047455, 0.1547316312789917, 45
abs_error: 0.0002567768096923828, 0.02954839915037155, 0.33549344539642334, 40
episode: 268, return: 11.00  episilon: 0.100  time:1.31m
abs_error: 0.00014674663543701172, 0.025296194478869438, 0.1684713363647461, 46
episode: 269, return: 19.00  episilon: 0.100  time:1.01m
abs_error: 9.441375732421875e-05, 0.028586074709892273, 0.20997405052185059, 45
episode: 270, return: 16.00  episilon: 0.100  time:1.09m
abs_error: 0.00032961368560791016, 0.02756483107805252, 0.2600945234298706, 38
episode: 271, return: 9.00  episilon: 0.100  time:1.61m
abs_error: 0.00011563301086425781, 0.02712979167699814, 0.16237235069274902, 42
episode: 272, return: 13.00  episilon: 0.100  time:1.44m
abs_error: 0.0001913309097290039, 0.029081199318170547, 0.22506940364837646, 38
episode: 273, return: 14.00  episilon: 0.100  time:1.23m
abs_error: 0.00027680397033691406, 0.029405836015939713, 0.4418071508407593, 39
episode: 274, return: 19.00  episilon: 0.100  time:0.95m
abs_error: 0.0008863210678100586, 0.027899382635951042, 0.25547993183135986, 37
episode: 275, return: 17.00  episilon: 0.100  time:0.99m
abs_error: 9.655952453613281e-05, 0.021853197365999222, 0.10912442207336426, 46
abs_error: 0.00017380714416503906, 0.02806369587779045, 0.3247056007385254, 38
episode: 276, return: 12.00  episilon: 0.100  time:1.33m
abs_error: 0.00014781951904296875, 0.027714289724826813, 0.22490262985229492, 48
episode: 277, return: 14.00  episilon: 0.100  time:1.32m
abs_error: 0.0001443624496459961, 0.027292288839817047, 0.1279890537261963, 46
episode: 278, return: 9.00  episilon: 0.100  time:1.44m
abs_error: 7.867813110351562e-06, 0.023634426295757294, 0.38121676445007324, 41
episode: 279, return: 15.00  episilon: 0.100  time:1.06m
abs_error: 1.2874603271484375e-05, 0.022947121411561966, 0.11908197402954102, 47
abs_error: 0.00010633468627929688, 0.02204747684299946, 0.14941191673278809, 45
episode: 280, return: 7.00  episilon: 0.100  time:1.48m
abs_error: 2.288818359375e-05, 0.027537863701581955, 0.28213071823120117, 43
episode: 281, return: 16.00  episilon: 0.100  time:1.05m
abs_error: 0.0004080533981323242, 0.02402476593852043, 0.14374446868896484, 47
episode: 282, return: 8.00  episilon: 0.100  time:1.46m
abs_error: 5.269050598144531e-05, 0.03050341084599495, 0.20177364349365234, 40
episode: 283, return: 15.00  episilon: 0.100  time:1.24m
abs_error: 0.00010824203491210938, 0.036871664226055145, 1.8600938320159912, 24
episode: 284, return: 11.00  episilon: 0.100  time:1.36m
abs_error: 0.00019633769989013672, 0.027009595185518265, 0.20710039138793945, 43
episode: 285, return: 11.00  episilon: 0.100  time:1.58m
abs_error: 0.00034809112548828125, 0.02865579165518284, 0.3545525074005127, 38
abs_error: 0.0005919933319091797, 0.0236464012414217, 0.12984859943389893, 48
episode: 286, return: 13.00  episilon: 0.100  time:1.43m
abs_error: 0.0002827644348144531, 0.034920331090688705, 0.3409905433654785, 35
episode: 287, return: 13.00  episilon: 0.100  time:1.19m
abs_error: 0.0001437664031982422, 0.028087623417377472, 0.20252537727355957, 36
episode: 288, return: 15.00  episilon: 0.100  time:1.12m
abs_error: 1.8715858459472656e-05, 0.0252973772585392, 0.22376424074172974, 45
episode: 289, return: 17.00  episilon: 0.100  time:1.07m
abs_error: 0.00032830238342285156, 0.02889743447303772, 0.1302933692932129, 45
episode: 290, return: 12.00  episilon: 0.100  time:1.32m
abs_error: 0.00022304058074951172, 0.02662486955523491, 0.17082691192626953, 44
episode: 291, return: 19.00  episilon: 0.100  time:0.96m
abs_error: 0.0003292560577392578, 0.02812659740447998, 0.2935788631439209, 42
episode: 292, return: 14.00  episilon: 0.100  time:1.04m
abs_error: 7.557868957519531e-05, 0.02660072036087513, 0.17049407958984375, 43
episode: 293, return: 19.00  episilon: 0.100  time:0.97m
abs_error: 0.0005828142166137695, 0.025629688054323196, 0.15615713596343994, 46
episode: 294, return: 17.00  episilon: 0.100  time:1.07m
abs_error: 0.00014090538024902344, 0.023671822622418404, 0.2217174768447876, 46
episode: 295, return: 14.00  episilon: 0.100  time:1.10m
abs_error: 0.0001283884048461914, 0.026291556656360626, 0.1606522798538208, 48
episode: 296, return: 12.00  episilon: 0.100  time:1.38m
abs_error: 0.00045037269592285156, 0.029415946453809738, 0.19513654708862305, 44
abs_error: 0.00012421607971191406, 0.025830987840890884, 0.37644052505493164, 38
episode: 297, return: 8.00  episilon: 0.100  time:1.44m
abs_error: 0.00013327598571777344, 0.025800462812185287, 0.1882641315460205, 38
episode: 298, return: 9.00  episilon: 0.100  time:1.76m
abs_error: 0.0013892650604248047, 0.021402474492788315, 0.15676093101501465, 45
episode: 299, return: 12.00  episilon: 0.100  time:1.51m
abs_error: 0.0001323223114013672, 0.023968446999788284, 0.17941737174987793, 43
episode: 300, return: 13.00  episilon: 0.100  time:1.48m
abs_error: 0.0003070831298828125, 0.038239553570747375, 1.6327381134033203, 26
abs_error: 9.059906005859375e-05, 0.025794856250286102, 0.17102861404418945, 45
episode: 301, return: 7.00  episilon: 0.100  time:1.75m
abs_error: 0.0005397796630859375, 0.029410721734166145, 0.6406732797622681, 39
episode: 302, return: 17.00  episilon: 0.100  time:1.33m
abs_error: 3.743171691894531e-05, 0.021975575014948845, 0.1288759708404541, 43
episode: 303, return: 11.00  episilon: 0.100  time:1.51m
abs_error: 0.0004856586456298828, 0.025746487081050873, 0.22526335716247559, 37
episode: 304, return: 17.00  episilon: 0.100  time:1.36m
abs_error: 0.001497507095336914, 0.029857905581593513, 0.13031363487243652, 43
episode: 305, return: 15.00  episilon: 0.100  time:1.43m
abs_error: 0.0009276866912841797, 0.028235124424099922, 0.265655517578125, 40
episode: 306, return: 15.00  episilon: 0.100  time:1.44m
abs_error: 0.0001125335693359375, 0.03605840727686882, 1.10709810256958, 32
episode: 307, return: 16.00  episilon: 0.100  time:1.32m
abs_error: 0.00042629241943359375, 0.0250837542116642, 0.19138681888580322, 44
episode: 308, return: 14.00  episilon: 0.100  time:1.17m
abs_error: 0.0005317926406860352, 0.026806261390447617, 0.17963647842407227, 45
abs_error: 0.0001055002212524414, 0.03137073665857315, 0.35850071907043457, 29
episode: 309, return: 9.00  episilon: 0.100  time:1.35m
abs_error: 5.14984130859375e-05, 0.022108498960733414, 0.11320912837982178, 47
episode: 310, return: 18.00  episilon: 0.100  time:1.05m
abs_error: 0.0001575946807861328, 0.025023862719535828, 0.11105728149414062, 53
episode: 311, return: 17.00  episilon: 0.100  time:1.07m
abs_error: 0.00028586387634277344, 0.029804494231939316, 0.34676480293273926, 33
episode: 312, return: 16.00  episilon: 0.100  time:1.07m
abs_error: 0.00023365020751953125, 0.028207598254084587, 0.3609406352043152, 39
episode: 313, return: 15.00  episilon: 0.100  time:1.15m
abs_error: 0.00010573863983154297, 0.023146508261561394, 0.20072698593139648, 49
episode: 314, return: 10.00  episilon: 0.100  time:1.26m
abs_error: 0.00010371208190917969, 0.02564353123307228, 0.5280431509017944, 38
episode: 315, return: 14.00  episilon: 0.100  time:1.07m
abs_error: 1.430511474609375e-05, 0.024051904678344727, 0.35986781120300293, 42
episode: 316, return: 20.00  episilon: 0.100  time:0.86m
abs_error: 0.000324249267578125, 0.02579500339925289, 0.1506509780883789, 38
episode: 317, return: 7.00  episilon: 0.100  time:1.46m
abs_error: 0.0006186962127685547, 0.019532956182956696, 0.1065906286239624, 45
abs_error: 0.0002334117889404297, 0.023963045328855515, 0.15623581409454346, 46
episode: 318, return: 13.00  episilon: 0.100  time:1.08m
abs_error: 0.0003941059112548828, 0.023772399872541428, 0.3918273448944092, 46
episode: 319, return: 13.00  episilon: 0.100  time:1.22m
abs_error: 0.0005803108215332031, 0.021330343559384346, 0.11312222480773926, 42
episode: 320, return: 17.00  episilon: 0.100  time:0.99m
abs_error: 6.794929504394531e-05, 0.024324409663677216, 0.2991831302642822, 46
episode: 321, return: 17.00  episilon: 0.100  time:1.06m
abs_error: 4.839897155761719e-05, 0.02250942587852478, 0.21489572525024414, 42
episode: 322, return: 15.00  episilon: 0.100  time:1.34m
abs_error: 0.00015974044799804688, 0.03471934795379639, 0.9734117984771729, 29
episode: 323, return: 16.00  episilon: 0.100  time:1.40m
abs_error: 6.139278411865234e-05, 0.02471289224922657, 0.12973237037658691, 46
episode: 324, return: 15.00  episilon: 0.100  time:1.45m
abs_error: 0.00018835067749023438, 0.021763740107417107, 0.2019033432006836, 39
episode: 325, return: 10.00  episilon: 0.100  time:1.42m
abs_error: 7.95125961303711e-05, 0.0303359217941761, 0.4014010429382324, 38
episode: 326, return: 18.00  episilon: 0.100  time:0.96m
abs_error: 7.200241088867188e-05, 0.02352692186832428, 0.3149000406265259, 40
abs_error: 0.0006530284881591797, 0.023992162197828293, 0.15786778926849365, 38
episode: 327, return: 6.00  episilon: 0.100  time:1.40m
abs_error: 0.0002460479736328125, 0.027539081871509552, 0.39244842529296875, 43
episode: 328, return: 3.00  episilon: 0.100  time:1.61m
abs_error: 0.00027370452880859375, 0.03011973574757576, 0.3735466003417969, 32
episode: 329, return: 13.00  episilon: 0.100  time:1.24m
abs_error: 0.00010251998901367188, 0.027755245566368103, 0.2835724353790283, 37
episode: 330, return: 17.00  episilon: 0.100  time:1.03m
abs_error: 0.0001659393310546875, 0.02708270028233528, 0.3423788547515869, 42
abs_error: 0.00030875205993652344, 0.023393485695123672, 0.17967736721038818, 47
episode: 331, return: 10.00  episilon: 0.100  time:1.35m
abs_error: 0.000331878662109375, 0.03023897297680378, 0.35916876792907715, 32
episode: 332, return: 16.00  episilon: 0.100  time:1.09m
abs_error: 0.00010848045349121094, 0.027119066566228867, 0.20311403274536133, 41
episode: 333, return: 18.00  episilon: 0.100  time:0.97m
abs_error: 0.00014400482177734375, 0.022809533402323723, 0.10065865516662598, 51
episode: 334, return: 15.00  episilon: 0.100  time:1.20m
abs_error: 2.8133392333984375e-05, 0.026474501937627792, 0.26013123989105225, 35
episode: 335, return: 16.00  episilon: 0.100  time:1.15m
abs_error: 0.00012135505676269531, 0.025181610137224197, 0.15175867080688477, 48
episode: 336, return: 14.00  episilon: 0.100  time:1.26m
abs_error: 3.2901763916015625e-05, 0.027162695303559303, 0.19431984424591064, 36
episode: 337, return: 10.00  episilon: 0.100  time:1.61m
abs_error: 0.0002269744873046875, 0.0318443700671196, 0.13817083835601807, 42
episode: 338, return: 15.00  episilon: 0.100  time:1.40m
abs_error: 1.3947486877441406e-05, 0.033192165195941925, 0.4411039352416992, 31
episode: 339, return: 17.00  episilon: 0.100  time:0.95m
abs_error: 0.00021719932556152344, 0.027281956747174263, 0.21987009048461914, 44
abs_error: 0.0001455545425415039, 0.025831226259469986, 0.15751874446868896, 50
episode: 340, return: 11.00  episilon: 0.100  time:1.13m
abs_error: 4.076957702636719e-05, 0.0252094566822052, 0.2027137279510498, 43
episode: 341, return: 16.00  episilon: 0.100  time:1.05m
abs_error: 6.556510925292969e-06, 0.023635270074009895, 0.15935063362121582, 42
episode: 342, return: 12.00  episilon: 0.100  time:1.11m
abs_error: 0.00015163421630859375, 0.02676435559988022, 0.16475677490234375, 39
episode: 343, return: 13.00  episilon: 0.100  time:1.47m
abs_error: 0.0001552104949951172, 0.022000500932335854, 0.10877609252929688, 45
episode: 344, return: 17.00  episilon: 0.100  time:1.20m
abs_error: 3.898143768310547e-05, 0.026398908346891403, 0.17247509956359863, 44
episode: 345, return: 20.00  episilon: 0.100  time:0.91m
abs_error: 0.00020647048950195312, 0.02765526995062828, 0.43299031257629395, 38
episode: 346, return: 7.00  episilon: 0.100  time:1.29m
abs_error: 0.00020623207092285156, 0.02675488032400608, 0.4853459596633911, 36
episode: 347, return: 16.00  episilon: 0.100  time:1.06m
abs_error: 0.00010752677917480469, 0.03135254979133606, 0.3375225067138672, 40
episode: 348, return: 15.00  episilon: 0.100  time:1.04m
abs_error: 0.00015664100646972656, 0.025977518409490585, 0.1849830150604248, 52
episode: 349, return: 15.00  episilon: 0.100  time:1.27m
abs_error: 0.0002130270004272461, 0.026746757328510284, 0.17768096923828125, 41
abs_error: 0.0008363723754882812, 0.03385582193732262, 1.518324375152588, 25
episode: 350, return: 17.00  episilon: 0.100  time:1.08m
episode: 351, return: 20.00  episilon: 0.100  time:0.87m
abs_error: 0.0005354881286621094, 0.026198402047157288, 0.4163022041320801, 39
episode: 352, return: 16.00  episilon: 0.100  time:1.22m
abs_error: 3.8623809814453125e-05, 0.029000679031014442, 0.4333343505859375, 36
abs_error: 0.00018596649169921875, 0.02593185380101204, 0.16678071022033691, 43
episode: 353, return: 14.00  episilon: 0.100  time:1.38m
abs_error: 0.00020360946655273438, 0.025562407448887825, 0.10632872581481934, 50
episode: 354, return: 12.00  episilon: 0.100  time:1.42m
abs_error: 0.00022554397583007812, 0.03197938948869705, 0.4321523904800415, 40
episode: 355, return: 10.00  episilon: 0.100  time:1.46m
abs_error: 0.0001575946807861328, 0.019545724615454674, 0.12051987648010254, 45
episode: 356, return: 16.00  episilon: 0.100  time:1.09m
abs_error: 0.0004017353057861328, 0.02731746807694435, 0.24139678478240967, 42
episode: 357, return: 18.00  episilon: 0.100  time:0.95m
abs_error: 3.1948089599609375e-05, 0.025253064930438995, 0.39129769802093506, 37
episode: 358, return: 18.00  episilon: 0.100  time:0.99m
abs_error: 2.562999725341797e-05, 0.024013560265302658, 0.14565038681030273, 43
episode: 359, return: 17.00  episilon: 0.100  time:1.17m
abs_error: 0.0005340576171875, 0.02865150012075901, 0.22092723846435547, 44
episode: 360, return: 13.00  episilon: 0.100  time:1.32m
abs_error: 0.0002765655517578125, 0.027336418628692627, 0.5016337633132935, 32
episode: 361, return: 15.00  episilon: 0.100  time:1.39m
abs_error: 0.0003628730773925781, 0.025580838322639465, 0.2739880084991455, 44
abs_error: 0.0002830028533935547, 0.03639424964785576, 1.496056079864502, 25
episode: 362, return: 16.00  episilon: 0.100  time:1.34m
abs_error: 7.963180541992188e-05, 0.031379081308841705, 0.49451518058776855, 40
episode: 363, return: 14.00  episilon: 0.100  time:1.27m
abs_error: 0.0002828836441040039, 0.025115352123975754, 0.1516411304473877, 46
episode: 364, return: 12.00  episilon: 0.100  time:1.31m
abs_error: 0.0003094673156738281, 0.02804376929998398, 0.2650032043457031, 46
episode: 365, return: 13.00  episilon: 0.100  time:1.11m
abs_error: 9.763240814208984e-05, 0.026466136798262596, 0.1611778736114502, 50
episode: 366, return: 13.00  episilon: 0.100  time:1.16m
abs_error: 0.0007708072662353516, 0.02964303269982338, 0.22909784317016602, 42
episode: 367, return: 16.00  episilon: 0.100  time:1.11m
abs_error: 0.00038313865661621094, 0.02699054218828678, 0.14946341514587402, 43
episode: 368, return: 15.00  episilon: 0.100  time:1.08m
abs_error: 0.0003801584243774414, 0.029356127604842186, 0.30353689193725586, 40
episode: 369, return: 20.00  episilon: 0.100  time:0.88m
abs_error: 0.00039696693420410156, 0.024710824713110924, 0.16093134880065918, 44
episode: 370, return: 16.00  episilon: 0.100  time:1.04m
abs_error: 0.00011110305786132812, 0.032925039529800415, 0.5239523649215698, 38
episode: 371, return: 9.00  episilon: 0.100  time:1.38m
abs_error: 0.0002033710479736328, 0.026548724621534348, 0.217376708984375, 36
episode: 372, return: 15.00  episilon: 0.100  time:1.05m
abs_error: 0.0005664825439453125, 0.023165065795183182, 0.25009381771087646, 38
episode: 373, return: 18.00  episilon: 0.100  time:1.17m
abs_error: 0.00017833709716796875, 0.030632097274065018, 0.3813471794128418, 36
episode: 374, return: 12.00  episilon: 0.100  time:1.39m
abs_error: 0.00020623207092285156, 0.027507998049259186, 0.20981693267822266, 44
abs_error: 0.0004317760467529297, 0.027555543929338455, 0.1950056552886963, 36
episode: 375, return: 10.00  episilon: 0.100  time:1.48m
abs_error: 0.00043010711669921875, 0.02455989643931389, 0.21284377574920654, 46
episode: 376, return: 13.00  episilon: 0.100  time:1.40m
abs_error: 0.000186920166015625, 0.023700162768363953, 0.300853967666626, 35
episode: 377, return: 14.00  episilon: 0.100  time:1.06m
abs_error: 0.00010216236114501953, 0.02161109447479248, 0.2047586441040039, 40
episode: 378, return: 17.00  episilon: 0.100  time:1.15m
abs_error: 0.000804901123046875, 0.03395278379321098, 0.5913491249084473, 38
episode: 379, return: 14.00  episilon: 0.100  time:1.17m
abs_error: 0.00022792816162109375, 0.024346325546503067, 0.3627328872680664, 40
episode: 380, return: 14.00  episilon: 0.100  time:1.18m
abs_error: 5.5670738220214844e-05, 0.020776741206645966, 0.16301846504211426, 43
episode: 381, return: 16.00  episilon: 0.100  time:1.21m
abs_error: 1.7642974853515625e-05, 0.029315415769815445, 0.43317532539367676, 42
episode: 382, return: 16.00  episilon: 0.100  time:1.05m
abs_error: 8.428096771240234e-05, 0.023701606318354607, 0.3189183473587036, 36
episode: 383, return: 14.00  episilon: 0.100  time:1.12m
abs_error: 0.0001844167709350586, 0.02718375250697136, 0.3228188753128052, 35
episode: 384, return: 18.00  episilon: 0.100  time:0.95m
abs_error: 6.103515625e-05, 0.025766894221305847, 0.3678485155105591, 49
episode: 385, return: 11.00  episilon: 0.100  time:1.29m
abs_error: 0.0003020763397216797, 0.03094245120882988, 0.49588799476623535, 32
episode: 386, return: 19.00  episilon: 0.100  time:0.98m
abs_error: 8.237361907958984e-05, 0.021035470068454742, 0.1344766616821289, 41
abs_error: 0.0005276203155517578, 0.022192489355802536, 0.14379262924194336, 42
episode: 387, return: 11.00  episilon: 0.100  time:1.20m
abs_error: 4.76837158203125e-05, 0.021901573985815048, 0.2058274745941162, 45
episode: 388, return: 15.00  episilon: 0.100  time:1.09m
abs_error: 0.0002682209014892578, 0.02028132975101471, 0.18516826629638672, 39
episode: 389, return: 12.00  episilon: 0.100  time:1.25m
abs_error: 0.000171661376953125, 0.02484310045838356, 0.14144575595855713, 35
episode: 390, return: 13.00  episilon: 0.100  time:1.22m
abs_error: 5.1856040954589844e-05, 0.020687047392129898, 0.17480194568634033, 41
episode: 391, return: 10.00  episilon: 0.100  time:1.41m
abs_error: 5.91278076171875e-05, 0.027440641075372696, 0.30563175678253174, 43
abs_error: 2.6702880859375e-05, 0.025115717202425003, 0.2587546110153198, 40
episode: 392, return: 6.00  episilon: 0.100  time:1.71m
abs_error: 0.0003845691680908203, 0.02860061265528202, 0.3754923343658447, 34
episode: 393, return: 17.00  episilon: 0.100  time:1.24m
abs_error: 0.00023746490478515625, 0.02519947662949562, 0.2685185670852661, 35
episode: 394, return: 18.00  episilon: 0.100  time:1.21m
episode: 395, return: 18.00  episilon: 0.100  time:1.19m
abs_error: 0.0005127191543579102, 0.024843018501996994, 0.15740633010864258, 46
episode: 396, return: 15.00  episilon: 0.100  time:1.36m
abs_error: 0.00018453598022460938, 0.022059137001633644, 0.3512709140777588, 43
episode: 397, return: 20.00  episilon: 0.100  time:1.10m
abs_error: 3.147125244140625e-05, 0.022383183240890503, 0.29361170530319214, 40
episode: 398, return: 16.00  episilon: 0.100  time:1.29m
abs_error: 9.191036224365234e-05, 0.021433554589748383, 0.2671797275543213, 42
episode: 399, return: 16.00  episilon: 0.100  time:1.40m
abs_error: 3.695487976074219e-05, 0.022314734756946564, 0.39926743507385254, 38
episode: 400, return: 14.00  episilon: 0.100  time:1.39m
Time: 484.76m
