/home/xuefeng/.environments/testrl/lib/python3.7/site-packages/gym/envs/registration.py:14: PkgResourcesDeprecationWarning: Parameters to load are deprecated.  Call .resolve and .require separately.
  result = entry_point.load(False)
Collecting transition... Time: 3.92m
Training...
episode: 0, return: -21.00  epsilon: 0.900  time:0.54m
episode: 1, return: -21.00  epsilon: 0.874  time:0.55m
abs_error: 0.020788883790373802, 0.06869972497224808, 1.0213550329208374, 6
episode: 2, return: -19.00  epsilon: 0.848  time:0.66m
episode: 3, return: -20.00  epsilon: 0.823  time:0.58m
abs_error: 0.018903717398643494, 0.044565264135599136, 0.9784315228462219, 3
episode: 4, return: -20.00  epsilon: 0.798  time:0.58m
episode: 5, return: -21.00  epsilon: 0.774  time:0.48m
abs_error: 0.002597019076347351, 0.05291452258825302, 0.9783409833908081, 3
episode: 6, return: -21.00  epsilon: 0.751  time:0.48m
episode: 7, return: -21.00  epsilon: 0.728  time:0.49m
episode: 8, return: -21.00  epsilon: 0.706  time:0.53m
abs_error: 0.008643314242362976, 0.06383101642131805, 0.9910340905189514, 6
episode: 9, return: -19.00  epsilon: 0.684  time:0.65m
episode: 10, return: -21.00  epsilon: 0.663  time:0.56m
abs_error: 0.013012319803237915, 0.05607735365629196, 0.9836667776107788, 5
episode: 11, return: -21.00  epsilon: 0.642  time:0.49m
episode: 12, return: -21.00  epsilon: 0.622  time:0.59m
abs_error: 0.011242806911468506, 0.04265950247645378, 0.9879840612411499, 15
episode: 13, return: -20.00  epsilon: 0.602  time:0.66m
episode: 14, return: -21.00  epsilon: 0.583  time:0.49m
abs_error: 0.0024037063121795654, 0.04694204032421112, 0.9924899339675903, 5
episode: 15, return: -20.00  epsilon: 0.565  time:0.64m
episode: 16, return: -21.00  epsilon: 0.547  time:0.52m
episode: 17, return: -21.00  epsilon: 0.529  time:0.66m
abs_error: 0.029235482215881348, 0.057301584631204605, 0.96996009349823, 4
episode: 18, return: -21.00  epsilon: 0.512  time:0.73m
episode: 19, return: -21.00  epsilon: 0.495  time:0.57m
abs_error: 0.028339147567749023, 0.08784929662942886, 1.0348176956176758, 7
episode: 20, return: -21.00  epsilon: 0.479  time:0.63m
episode: 21, return: -20.00  epsilon: 0.463  time:0.57m
abs_error: 0.004950225353240967, 0.059761349111795425, 0.9752874374389648, 4
episode: 22, return: -20.00  epsilon: 0.447  time:0.65m
episode: 23, return: -21.00  epsilon: 0.432  time:0.70m
abs_error: 0.0023069679737091064, 0.033517055213451385, 0.9955105781555176, 3
episode: 24, return: -20.00  epsilon: 0.417  time:0.66m
episode: 25, return: -19.00  epsilon: 0.403  time:0.67m
abs_error: 0.0036495327949523926, 0.039115533232688904, 0.9929540157318115, 4
episode: 26, return: -21.00  epsilon: 0.389  time:0.53m
episode: 27, return: -20.00  epsilon: 0.376  time:0.60m
episode: 28, return: -20.00  epsilon: 0.363  time:0.66m
abs_error: 2.3066997528076172e-05, 0.050205301493406296, 0.9920753240585327, 6
episode: 29, return: -21.00  epsilon: 0.350  time:0.55m
episode: 30, return: -21.00  epsilon: 0.338  time:0.52m
abs_error: 0.002374798059463501, 0.06130102276802063, 0.4698837995529175, 30
episode: 31, return: -21.00  epsilon: 0.326  time:0.54m
episode: 32, return: -18.00  epsilon: 0.314  time:0.70m
abs_error: 0.0002060532569885254, 0.03517448157072067, 0.5967666506767273, 35
episode: 33, return: -21.00  epsilon: 0.303  time:0.53m
episode: 34, return: -21.00  epsilon: 0.292  time:0.62m
episode: 35, return: -21.00  epsilon: 0.281  time:0.56m
abs_error: 5.4448843002319336e-05, 0.043427757918834686, 0.9491751790046692, 25
episode: 36, return: -20.00  epsilon: 0.271  time:0.60m
episode: 37, return: -21.00  epsilon: 0.261  time:0.59m
abs_error: 0.00031048059463500977, 0.035326309502124786, 0.12716054916381836, 48
episode: 38, return: -21.00  epsilon: 0.251  time:0.56m
episode: 39, return: -21.00  epsilon: 0.241  time:0.56m
abs_error: 0.0004570186138153076, 0.03430180996656418, 0.4237627387046814, 37
episode: 40, return: -21.00  epsilon: 0.232  time:0.54m
episode: 41, return: -21.00  epsilon: 0.223  time:0.56m
episode: 42, return: -20.00  epsilon: 0.215  time:0.52m
abs_error: 1.8715858459472656e-05, 0.05370771512389183, 1.0175204277038574, 31
episode: 43, return: -21.00  epsilon: 0.206  time:0.40m
episode: 44, return: -19.00  epsilon: 0.198  time:0.50m
abs_error: 0.00010120868682861328, 0.0385628342628479, 0.9663482308387756, 35
episode: 45, return: -21.00  epsilon: 0.190  time:0.41m
episode: 46, return: -21.00  epsilon: 0.183  time:0.47m
abs_error: 0.0002225041389465332, 0.042839664965867996, 0.9128761291503906, 26
episode: 47, return: -21.00  epsilon: 0.175  time:0.41m
episode: 48, return: -20.00  epsilon: 0.168  time:0.44m
episode: 49, return: -21.00  epsilon: 0.161  time:0.41m
abs_error: 0.0003718733787536621, 0.03325911983847618, 0.45578235387802124, 26
episode: 50, return: -21.00  epsilon: 0.155  time:0.46m
episode: 51, return: -21.00  epsilon: 0.148  time:0.46m
abs_error: 5.614757537841797e-05, 0.02736520580947399, 0.1813516616821289, 39
episode: 52, return: -20.00  epsilon: 0.142  time:0.45m
episode: 53, return: -21.00  epsilon: 0.136  time:0.50m
abs_error: 0.0003719925880432129, 0.02798490971326828, 0.26247960329055786, 36
episode: 54, return: -21.00  epsilon: 0.130  time:0.46m
episode: 55, return: -20.00  epsilon: 0.125  time:0.44m
abs_error: 2.008676528930664e-05, 0.027754785493016243, 0.23551809787750244, 43
episode: 56, return: -20.00  epsilon: 0.119  time:0.54m
episode: 57, return: -20.00  epsilon: 0.114  time:0.49m
episode: 58, return: -20.00  epsilon: 0.109  time:0.45m
abs_error: 6.604194641113281e-05, 0.04341055825352669, 0.8811942934989929, 26
episode: 59, return: -21.00  epsilon: 0.104  time:0.49m
episode: 60, return: -20.00  epsilon: 0.100  time:0.48m
abs_error: 0.0002084970474243164, 0.037193696945905685, 0.6631280779838562, 30
episode: 61, return: -21.00  epsilon: 0.095  time:0.41m
episode: 62, return: -21.00  epsilon: 0.091  time:0.42m
abs_error: 7.456541061401367e-05, 0.04367342218756676, 0.6545137166976929, 38
episode: 63, return: -20.00  epsilon: 0.087  time:0.43m
episode: 64, return: -21.00  epsilon: 0.083  time:0.43m
episode: 65, return: -21.00  epsilon: 0.079  time:0.42m
abs_error: 0.0006399154663085938, 0.05381384119391441, 0.49099838733673096, 47
episode: 66, return: -21.00  epsilon: 0.075  time:0.43m
episode: 67, return: -21.00  epsilon: 0.071  time:0.39m
abs_error: 0.00017559528350830078, 0.032422639429569244, 0.4585344195365906, 34
episode: 68, return: -21.00  epsilon: 0.068  time:0.39m
episode: 69, return: -21.00  epsilon: 0.065  time:0.42m
episode: 70, return: -21.00  epsilon: 0.061  time:0.40m
abs_error: 6.705522537231445e-05, 0.038032643496990204, 0.3373705744743347, 33
episode: 71, return: -21.00  epsilon: 0.058  time:0.41m
episode: 72, return: -21.00  epsilon: 0.055  time:0.40m
abs_error: 0.00043010711669921875, 0.04554922133684158, 0.33693182468414307, 44
episode: 73, return: -21.00  epsilon: 0.053  time:0.40m
episode: 74, return: -21.00  epsilon: 0.050  time:0.39m
episode: 75, return: -21.00  epsilon: 0.047  time:0.41m
abs_error: 1.8596649169921875e-05, 0.0405440554022789, 0.5157722234725952, 28
episode: 76, return: -20.00  epsilon: 0.045  time:0.53m
episode: 77, return: -21.00  epsilon: 0.043  time:0.49m
abs_error: 0.00045740604400634766, 0.03966886177659035, 0.45206379890441895, 35
episode: 78, return: -21.00  epsilon: 0.040  time:0.51m
episode: 79, return: -20.00  epsilon: 0.038  time:0.53m
abs_error: 6.747245788574219e-05, 0.04155375808477402, 0.3354220986366272, 46
episode: 80, return: -20.00  epsilon: 0.036  time:0.52m
episode: 81, return: -21.00  epsilon: 0.034  time:0.59m
episode: 82, return: -21.00  epsilon: 0.032  time:0.52m
abs_error: 0.00010323524475097656, 0.03363329544663429, 0.3286917805671692, 33
episode: 83, return: -21.00  epsilon: 0.030  time:0.46m
episode: 84, return: -21.00  epsilon: 0.029  time:0.46m
abs_error: 4.845857620239258e-05, 0.04055370017886162, 0.4578322768211365, 33
episode: 85, return: -21.00  epsilon: 0.027  time:0.46m
episode: 86, return: -20.00  epsilon: 0.025  time:0.55m
abs_error: 4.863739013671875e-05, 0.04028831422328949, 0.45263373851776123, 32
episode: 87, return: -20.00  epsilon: 0.024  time:0.61m
abs_error: 2.5153160095214844e-05, 0.0358332097530365, 0.2820243835449219, 49
episode: 88, return: -20.00  epsilon: 0.022  time:0.67m
episode: 89, return: -16.00  epsilon: 0.021  time:0.88m
abs_error: 0.0002257823944091797, 0.04190046340227127, 0.33008402585983276, 37
episode: 90, return: -20.00  epsilon: 0.020  time:0.57m
abs_error: 0.0004366636276245117, 0.053285058587789536, 0.4401211738586426, 31
episode: 91, return: -18.00  epsilon: 0.019  time:0.75m
episode: 92, return: -20.00  epsilon: 0.017  time:0.48m
abs_error: 0.00014954805374145508, 0.037249527871608734, 0.3337665796279907, 33
episode: 93, return: -21.00  epsilon: 0.016  time:0.62m
episode: 94, return: -18.00  epsilon: 0.015  time:0.73m
abs_error: 0.00016999244689941406, 0.042435698211193085, 0.35306715965270996, 42
episode: 95, return: -21.00  epsilon: 0.014  time:0.56m
episode: 96, return: -21.00  epsilon: 0.013  time:0.44m
abs_error: 7.259845733642578e-05, 0.0544508621096611, 0.6529934406280518, 29
episode: 97, return: -21.00  epsilon: 0.012  time:0.64m
abs_error: 0.00019824504852294922, 0.041010238230228424, 0.3046083152294159, 41
episode: 98, return: -17.00  epsilon: 0.012  time:0.88m
episode: 99, return: -18.00  epsilon: 0.011  time:0.86m
abs_error: 0.00019925832748413086, 0.033860944211483, 0.27315056324005127, 43
episode: 100, return: -16.00  epsilon: 0.010  time:0.81m
abs_error: 0.00017547607421875, 0.03658096119761467, 0.3728345036506653, 41
episode: 101, return: -15.00  epsilon: 0.010  time:1.00m
episode: 102, return: -18.00  epsilon: 0.010  time:0.93m
abs_error: 0.0007700920104980469, 0.03390832245349884, 0.2967154383659363, 41
episode: 103, return: -19.00  epsilon: 0.010  time:0.90m
abs_error: 9.906291961669922e-05, 0.04353615269064903, 0.5055713653564453, 39
episode: 104, return: -18.00  epsilon: 0.010  time:0.87m
abs_error: 0.0011038780212402344, 0.04337520897388458, 0.3320674002170563, 34
episode: 105, return: -19.00  epsilon: 0.010  time:0.94m
episode: 106, return: -20.00  epsilon: 0.010  time:0.92m
abs_error: 0.0013906359672546387, 0.03611277788877487, 0.2341288924217224, 50
episode: 107, return: -20.00  epsilon: 0.010  time:0.91m
abs_error: 3.921985626220703e-05, 0.04529106244444847, 0.2925596237182617, 39
episode: 108, return: -21.00  epsilon: 0.010  time:0.88m
episode: 109, return: -20.00  epsilon: 0.010  time:0.91m
abs_error: 0.00037550926208496094, 0.041024234145879745, 0.33953559398651123, 36
episode: 110, return: -13.00  epsilon: 0.010  time:1.06m
abs_error: 0.0002620816230773926, 0.03856446593999863, 0.7395215034484863, 32
episode: 111, return: -21.00  epsilon: 0.010  time:0.83m
abs_error: 0.0004463791847229004, 0.032277029007673264, 0.31624776124954224, 41
episode: 112, return: -18.00  epsilon: 0.010  time:1.03m
episode: 113, return: -18.00  epsilon: 0.010  time:0.96m
abs_error: 0.0005413293838500977, 0.041264165192842484, 0.5081889629364014, 38
episode: 114, return: -13.00  epsilon: 0.010  time:1.34m
abs_error: 0.0001239776611328125, 0.0436476469039917, 0.34210318326950073, 36
episode: 115, return: -15.00  epsilon: 0.010  time:1.29m
abs_error: 0.00025144219398498535, 0.03440127149224281, 0.22464752197265625, 39
episode: 116, return: -19.00  epsilon: 0.010  time:1.02m
abs_error: 0.0005645155906677246, 0.035427890717983246, 0.2152918577194214, 34
episode: 117, return: -16.00  epsilon: 0.010  time:1.06m
abs_error: 0.0005705058574676514, 0.0394662581384182, 0.4575567841529846, 33
episode: 118, return: -18.00  epsilon: 0.010  time:0.98m
abs_error: 0.00013193488121032715, 0.03765134885907173, 0.35980695486068726, 42
episode: 119, return: -17.00  epsilon: 0.010  time:1.05m
abs_error: 0.0004208683967590332, 0.040998220443725586, 0.3828021287918091, 43
episode: 120, return: -13.00  epsilon: 0.010  time:1.11m
episode: 121, return: -20.00  epsilon: 0.010  time:0.94m
abs_error: 0.00024041533470153809, 0.034155625849962234, 0.266099214553833, 42
episode: 122, return: -20.00  epsilon: 0.010  time:0.79m
abs_error: 0.00032578781247138977, 0.04318482428789139, 0.32877182960510254, 39
episode: 123, return: -19.00  epsilon: 0.010  time:0.78m
abs_error: 0.0004239082336425781, 0.033033620566129684, 0.13523995876312256, 50
episode: 124, return: -18.00  epsilon: 0.010  time:0.86m
abs_error: 0.0003793463110923767, 0.04168405011296272, 0.5045053958892822, 37
episode: 125, return: -16.00  epsilon: 0.010  time:0.94m
abs_error: 0.00031369924545288086, 0.03735334053635597, 0.29325276613235474, 45
episode: 126, return: -16.00  epsilon: 0.010  time:1.06m
episode: 127, return: -17.00  epsilon: 0.010  time:0.81m
abs_error: 6.99758529663086e-05, 0.04277358204126358, 0.24205276370048523, 42
abs_error: 8.304417133331299e-05, 0.04946927726268768, 0.39584633708000183, 42
episode: 128, return: -12.00  epsilon: 0.010  time:1.09m
abs_error: 6.464123725891113e-05, 0.04838735982775688, 0.249966561794281, 41
episode: 129, return: -8.00  epsilon: 0.010  time:1.36m
abs_error: 9.083747863769531e-05, 0.044440858066082, 0.4772879481315613, 38
episode: 130, return: -14.00  epsilon: 0.010  time:1.08m
abs_error: 0.0004431307315826416, 0.04585830122232437, 0.16490986943244934, 51
episode: 131, return: -12.00  epsilon: 0.010  time:1.54m
abs_error: 0.000501096248626709, 0.043191589415073395, 0.4131889343261719, 40
episode: 132, return: -12.00  epsilon: 0.010  time:1.50m
abs_error: 0.00012379884719848633, 0.04777119681239128, 0.3607274293899536, 34
episode: 133, return: -13.00  epsilon: 0.010  time:1.19m
abs_error: 0.0005075335502624512, 0.049480605870485306, 0.47806429862976074, 33
episode: 134, return: -10.00  epsilon: 0.010  time:1.56m
abs_error: 1.3127923011779785e-05, 0.04179847240447998, 0.31276726722717285, 42
episode: 135, return: -16.00  epsilon: 0.010  time:1.15m
abs_error: 0.000521540641784668, 0.0424061082303524, 0.3111863434314728, 40
abs_error: 0.0007038265466690063, 0.03943667933344841, 0.28055793046951294, 45
episode: 136, return: -17.00  epsilon: 0.010  time:1.72m
abs_error: 0.00036440789699554443, 0.03968207538127899, 0.21625201404094696, 38
episode: 137, return: -17.00  epsilon: 0.010  time:1.45m
abs_error: 3.748014569282532e-05, 0.03801550716161728, 0.3815156817436218, 44
episode: 138, return: -19.00  epsilon: 0.010  time:1.30m
abs_error: 0.0008234251290559769, 0.04076295346021652, 0.22191475331783295, 38
episode: 139, return: -13.00  epsilon: 0.010  time:1.51m
abs_error: 0.0003834366798400879, 0.04130975157022476, 0.2619948387145996, 46
episode: 140, return: -10.00  epsilon: 0.010  time:1.91m
abs_error: 0.00040756165981292725, 0.0443398654460907, 0.2880482077598572, 43
episode: 141, return: -12.00  epsilon: 0.010  time:1.54m
abs_error: 0.0002243518829345703, 0.04483569413423538, 0.30571556091308594, 43
episode: 142, return: -15.00  epsilon: 0.010  time:1.23m
abs_error: 0.0002046823501586914, 0.03998498246073723, 0.2953564524650574, 43
abs_error: 0.00035874941386282444, 0.04927342012524605, 0.5590548515319824, 39
episode: 143, return: -14.00  epsilon: 0.010  time:1.21m
abs_error: 0.0002530217170715332, 0.04637223109602928, 0.5201125741004944, 42
episode: 144, return: -17.00  epsilon: 0.010  time:1.18m
abs_error: 0.0010138638317584991, 0.04499199986457825, 0.3296881914138794, 48
episode: 145, return: -14.00  epsilon: 0.010  time:1.14m
abs_error: 0.0008049942553043365, 0.052618492394685745, 0.2566334009170532, 49
episode: 146, return: -12.00  epsilon: 0.010  time:1.38m
abs_error: 0.00023209303617477417, 0.04459567368030548, 0.28824394941329956, 42
episode: 147, return: -15.00  epsilon: 0.010  time:1.22m
abs_error: 3.2961368560791016e-05, 0.0414622500538826, 0.40762022137641907, 40
episode: 148, return: -19.00  epsilon: 0.010  time:1.31m
abs_error: 0.000667870044708252, 0.04668188840150833, 0.3283711373806, 45
abs_error: 4.845857620239258e-05, 0.05783399939537048, 0.45781946182250977, 38
episode: 149, return: -9.00  epsilon: 0.010  time:1.70m
abs_error: 0.0005655288696289062, 0.04817197844386101, 0.48343944549560547, 43
episode: 150, return: -8.00  epsilon: 0.010  time:1.92m
abs_error: 0.0003069937229156494, 0.05240429937839508, 0.318153440952301, 41
episode: 151, return: -13.00  epsilon: 0.010  time:1.59m
abs_error: 0.000911414623260498, 0.04255298897624016, 0.23258841037750244, 43
abs_error: 0.00012195110321044922, 0.05307573452591896, 0.46722131967544556, 40
episode: 152, return: -12.00  epsilon: 0.010  time:1.59m
abs_error: 0.0002556145191192627, 0.04675435647368431, 0.4190622568130493, 36
episode: 153, return: -10.00  epsilon: 0.010  time:1.79m
abs_error: 7.599592208862305e-06, 0.05509310960769653, 0.6640948057174683, 39
abs_error: 0.0001461505889892578, 0.045789629220962524, 0.4046855866909027, 48
episode: 154, return: -10.00  epsilon: 0.010  time:1.90m
abs_error: 5.626678466796875e-05, 0.0515320710837841, 0.5240408182144165, 43
episode: 155, return: -11.00  epsilon: 0.010  time:1.75m
abs_error: 0.0009458661079406738, 0.05262256786227226, 0.44227343797683716, 41
episode: 156, return: -6.00  epsilon: 0.010  time:1.97m
abs_error: 0.00012290477752685547, 0.045865900814533234, 0.3907209038734436, 41
abs_error: 0.0008214116096496582, 0.04465454816818237, 0.6248749494552612, 40
episode: 157, return: -10.00  epsilon: 0.010  time:1.80m
abs_error: 0.000947415828704834, 0.052897825837135315, 0.37423431873321533, 45
episode: 158, return: -3.00  epsilon: 0.010  time:1.73m
abs_error: 1.138448715209961e-05, 0.032419316470623016, 0.2396525740623474, 45
abs_error: 6.568431854248047e-05, 0.03838057070970535, 0.1904648244380951, 48
episode: 159, return: -9.00  epsilon: 0.010  time:1.45m
abs_error: 0.0009821057319641113, 0.04380493611097336, 0.2152613401412964, 46
abs_error: 7.68899917602539e-06, 0.04491972178220749, 0.2935206890106201, 45
episode: 160, return: -5.00  epsilon: 0.010  time:1.82m
abs_error: 0.0005034208297729492, 0.041247956454753876, 0.36350131034851074, 46
episode: 161, return: 2.00  epsilon: 0.010  time:1.84m
abs_error: 0.00018769502639770508, 0.051115263253450394, 0.3991542458534241, 34
abs_error: 4.208087921142578e-05, 0.050550676882267, 0.6409758925437927, 38
episode: 162, return: -5.00  epsilon: 0.010  time:2.00m
abs_error: 0.00017523765563964844, 0.05093403160572052, 0.3579444885253906, 46
abs_error: 1.9848346710205078e-05, 0.03597153723239899, 0.26280802488327026, 44
episode: 163, return: -6.00  epsilon: 0.010  time:1.52m
abs_error: 0.0010993480682373047, 0.03854062408208847, 0.21974724531173706, 48
abs_error: 0.0009737610816955566, 0.03671997785568237, 0.26503998041152954, 48
episode: 164, return: -1.00  epsilon: 0.010  time:1.93m
abs_error: 9.775161743164062e-06, 0.04896313697099686, 0.3151419162750244, 42
episode: 165, return: -6.00  epsilon: 0.010  time:1.90m
abs_error: 0.0001728832721710205, 0.05123727396130562, 0.5985013246536255, 38
abs_error: 0.0003489851951599121, 0.037374965846538544, 0.16556352376937866, 55
episode: 166, return: -4.00  epsilon: 0.010  time:2.00m
abs_error: 0.0002853870391845703, 0.04689028114080429, 0.6852291822433472, 42
abs_error: 2.288818359375e-05, 0.043418727815151215, 0.25956833362579346, 51
episode: 167, return: -4.00  epsilon: 0.010  time:2.20m
abs_error: 2.8312206268310547e-05, 0.048862624913454056, 0.7044788599014282, 37
episode: 168, return: -6.00  epsilon: 0.010  time:2.05m
abs_error: 8.45193862915039e-05, 0.04269057512283325, 0.33941709995269775, 44
abs_error: 0.0006659030914306641, 0.04917258396744728, 0.7217382192611694, 37
episode: 169, return: -4.00  epsilon: 0.010  time:2.20m
abs_error: 0.00027108192443847656, 0.04281843081116676, 0.23305130004882812, 49
abs_error: 0.00022411346435546875, 0.04746042191982269, 0.5429479479789734, 42
episode: 170, return: -3.00  epsilon: 0.010  time:2.14m
abs_error: 0.0006527900695800781, 0.04650670289993286, 0.26200342178344727, 48
episode: 171, return: 2.00  epsilon: 0.010  time:2.37m
abs_error: 7.009506225585938e-05, 0.044617507606744766, 0.352519690990448, 43
abs_error: 0.0005109310150146484, 0.04886839911341667, 0.34545302391052246, 29
episode: 172, return: -3.00  epsilon: 0.010  time:2.22m
abs_error: 0.000415802001953125, 0.04746467247605324, 0.41886019706726074, 56
abs_error: 5.221366882324219e-05, 0.041424259543418884, 0.27077019214630127, 49
episode: 173, return: 6.00  epsilon: 0.010  time:1.95m
abs_error: 0.0009102821350097656, 0.04226454347372055, 0.5701839923858643, 36
abs_error: 0.00019732117652893066, 0.040956705808639526, 0.5817714929580688, 41
episode: 174, return: -1.00  epsilon: 0.010  time:2.27m
abs_error: 0.00010347366333007812, 0.05137275159358978, 0.846163809299469, 37
episode: 175, return: 6.00  epsilon: 0.010  time:1.62m
abs_error: 0.0007075071334838867, 0.04221281036734581, 0.5120422840118408, 44
episode: 176, return: 2.00  epsilon: 0.010  time:2.05m
abs_error: 0.00039952993392944336, 0.053203556686639786, 0.5813291072845459, 40
abs_error: 0.0006685256958007812, 0.049353741109371185, 0.36894822120666504, 38
episode: 177, return: 6.00  epsilon: 0.010  time:2.23m
abs_error: 0.0002555251121520996, 0.03387540578842163, 0.3292958736419678, 40
abs_error: 0.0001296699047088623, 0.04482574015855789, 0.3755307197570801, 43
episode: 178, return: 3.00  epsilon: 0.010  time:2.23m
abs_error: 0.0002486705780029297, 0.04673885926604271, 0.45825111865997314, 46
episode: 179, return: 9.00  epsilon: 0.010  time:1.63m
abs_error: 0.0006785392761230469, 0.04474437236785889, 0.3658716678619385, 39
abs_error: 7.891654968261719e-05, 0.03840877488255501, 0.2820979356765747, 43
episode: 180, return: 6.00  epsilon: 0.010  time:1.90m
abs_error: 0.00036704540252685547, 0.04276621714234352, 0.19429022073745728, 49
episode: 181, return: 4.00  epsilon: 0.010  time:1.85m
abs_error: 0.0007841587066650391, 0.033186640590429306, 0.3020605444908142, 56
abs_error: 6.139278411865234e-05, 0.04014415666460991, 0.364626407623291, 42
episode: 182, return: 4.00  epsilon: 0.010  time:1.55m
abs_error: 0.0002835988998413086, 0.04072335734963417, 0.5051674842834473, 49
episode: 183, return: 13.00  epsilon: 0.010  time:1.30m
abs_error: 7.450580596923828e-05, 0.0379585362970829, 0.21610206365585327, 42
episode: 184, return: 11.00  epsilon: 0.010  time:1.25m
abs_error: 0.0006435513496398926, 0.04685034230351448, 0.5788075923919678, 38
episode: 185, return: 9.00  epsilon: 0.010  time:1.31m
abs_error: 0.0005280971527099609, 0.03738114610314369, 0.17210924625396729, 43
episode: 186, return: 12.00  epsilon: 0.010  time:1.21m
abs_error: 0.0003529787063598633, 0.038417574018239975, 0.4474003314971924, 44
abs_error: 0.0003485679626464844, 0.04669369012117386, 0.34402716159820557, 42
episode: 187, return: 15.00  epsilon: 0.010  time:1.19m
abs_error: 0.0006365776062011719, 0.03714489936828613, 0.17611312866210938, 50
episode: 188, return: 11.00  epsilon: 0.010  time:1.36m
abs_error: 0.00022971630096435547, 0.051745083183050156, 0.8442597389221191, 33
episode: 189, return: 12.00  epsilon: 0.010  time:1.16m
abs_error: 0.0002334117889404297, 0.043618328869342804, 0.5021990537643433, 44
episode: 190, return: 16.00  epsilon: 0.010  time:1.23m
abs_error: 0.0004680156707763672, 0.038860123604536057, 0.28184741735458374, 45
abs_error: 0.0002827644348144531, 0.043897416442632675, 0.5945315361022949, 43
episode: 191, return: 13.00  epsilon: 0.010  time:1.50m
abs_error: 0.0005362033843994141, 0.05048741400241852, 0.5799573659896851, 35
episode: 192, return: 6.00  epsilon: 0.010  time:1.74m
abs_error: 0.0012302398681640625, 0.05007997527718544, 0.49127399921417236, 39
episode: 193, return: 9.00  epsilon: 0.010  time:1.86m
abs_error: 7.355213165283203e-05, 0.04499803110957146, 0.32228779792785645, 43
abs_error: 0.00012230873107910156, 0.03974117338657379, 0.42578864097595215, 41
episode: 194, return: 10.00  epsilon: 0.010  time:1.83m
abs_error: 0.0004677772521972656, 0.038856372237205505, 0.18620753288269043, 45
episode: 195, return: 12.00  epsilon: 0.010  time:2.03m
abs_error: 0.00026619434356689453, 0.04119504615664482, 0.5514024496078491, 40
abs_error: 0.00018274784088134766, 0.04532776027917862, 0.47007548809051514, 40
episode: 196, return: 15.00  epsilon: 0.010  time:1.55m
abs_error: 1.7404556274414062e-05, 0.03305891901254654, 0.1998004913330078, 48
episode: 197, return: 12.00  epsilon: 0.010  time:1.81m
abs_error: 0.00015056133270263672, 0.043327756226062775, 0.42474961280822754, 48
abs_error: 9.310245513916016e-05, 0.04305948317050934, 0.2849160432815552, 47
episode: 198, return: 11.00  epsilon: 0.010  time:1.53m
abs_error: 0.0007799863815307617, 0.03847598284482956, 0.17683911323547363, 49
episode: 199, return: 18.00  epsilon: 0.010  time:1.08m
abs_error: 0.0002994537353515625, 0.04233779385685921, 0.28865504264831543, 50
episode: 200, return: 18.00  epsilon: 0.010  time:0.98m
abs_error: 0.0003008842468261719, 0.04476534202694893, 0.40639805793762207, 40
episode: 201, return: 14.00  epsilon: 0.010  time:1.12m
abs_error: 0.0007187128067016602, 0.04412182420492172, 0.3921356201171875, 45
episode: 202, return: 18.00  epsilon: 0.010  time:1.01m
abs_error: 4.673004150390625e-05, 0.033386632800102234, 0.3195667266845703, 39
episode: 203, return: 19.00  epsilon: 0.010  time:1.00m
abs_error: 0.00015687942504882812, 0.03624005615711212, 0.20790278911590576, 42
episode: 204, return: 16.00  epsilon: 0.010  time:1.10m
abs_error: 0.00015878677368164062, 0.03252212703227997, 0.17572173476219177, 50
episode: 205, return: 15.00  epsilon: 0.010  time:1.13m
abs_error: 8.237361907958984e-05, 0.028485599905252457, 0.13995742797851562, 51
episode: 206, return: 14.00  epsilon: 0.010  time:1.40m
abs_error: 0.0009188652038574219, 0.034883201122283936, 0.2139914631843567, 49
episode: 207, return: 21.00  epsilon: 0.010  time:0.99m
abs_error: 4.088878631591797e-05, 0.03200209140777588, 0.19897592067718506, 46
episode: 208, return: 18.00  epsilon: 0.010  time:1.04m
abs_error: 6.103515625e-05, 0.031006868928670883, 0.17131924629211426, 51
episode: 209, return: 19.00  epsilon: 0.010  time:0.98m
abs_error: 0.000194549560546875, 0.031170083209872246, 0.15036368370056152, 47
episode: 210, return: 16.00  epsilon: 0.010  time:1.03m
abs_error: 0.0002238750457763672, 0.030371058732271194, 0.19511747360229492, 49
episode: 211, return: 18.00  epsilon: 0.010  time:0.98m
abs_error: 0.00039076805114746094, 0.03205493092536926, 0.21551740169525146, 50
episode: 212, return: 19.00  epsilon: 0.010  time:1.03m
abs_error: 8.594989776611328e-05, 0.028932014480233192, 0.16091197729110718, 50
episode: 213, return: 17.00  epsilon: 0.010  time:1.23m
abs_error: 7.49826431274414e-05, 0.028669139370322227, 0.11853301525115967, 47
episode: 214, return: 19.00  epsilon: 0.010  time:1.00m
abs_error: 0.0001462697982788086, 0.03459561988711357, 0.22468781471252441, 45
episode: 215, return: 20.00  epsilon: 0.010  time:0.92m
abs_error: 0.00019502639770507812, 0.027021624147892, 0.14849913120269775, 44
episode: 216, return: 21.00  epsilon: 0.010  time:0.88m
abs_error: 0.0006699562072753906, 0.026521116495132446, 0.12671351432800293, 54
episode: 217, return: 20.00  epsilon: 0.010  time:0.88m
episode: 218, return: 20.00  epsilon: 0.010  time:0.87m
abs_error: 0.0004467964172363281, 0.023531779646873474, 0.1517256498336792, 49
episode: 219, return: 21.00  epsilon: 0.010  time:0.89m
abs_error: 5.316734313964844e-05, 0.030266717076301575, 0.5354467630386353, 39
episode: 220, return: 20.00  epsilon: 0.010  time:0.95m
abs_error: 0.0006432533264160156, 0.02655632793903351, 0.09463870525360107, 54
episode: 221, return: 18.00  epsilon: 0.010  time:1.15m
abs_error: 2.0265579223632812e-06, 0.025703517720103264, 0.37522900104522705, 42
episode: 222, return: 20.00  epsilon: 0.010  time:0.88m
abs_error: 0.00017702579498291016, 0.02759428694844246, 0.15289831161499023, 51
episode: 223, return: 20.00  epsilon: 0.010  time:1.10m
abs_error: 4.291534423828125e-05, 0.02576945722103119, 0.22747492790222168, 46
episode: 224, return: 20.00  epsilon: 0.010  time:0.87m
abs_error: 0.00017702579498291016, 0.029467757791280746, 0.29808366298675537, 39
episode: 225, return: 21.00  epsilon: 0.010  time:0.83m
abs_error: 0.0002665519714355469, 0.026128532364964485, 0.1333940029144287, 44
episode: 226, return: 21.00  epsilon: 0.010  time:1.03m
abs_error: 9.298324584960938e-06, 0.02588322013616562, 0.24620628356933594, 44
episode: 227, return: 19.00  epsilon: 0.010  time:1.42m
abs_error: 8.046627044677734e-05, 0.02638247236609459, 0.42406749725341797, 42
episode: 228, return: 21.00  epsilon: 0.010  time:1.13m
abs_error: 0.00026595592498779297, 0.021671868860721588, 0.1131511926651001, 50
episode: 229, return: 20.00  epsilon: 0.010  time:1.16m
abs_error: 0.0006430149078369141, 0.020117439329624176, 0.08574235439300537, 51
episode: 230, return: 19.00  epsilon: 0.010  time:1.22m
episode: 231, return: 20.00  epsilon: 0.010  time:1.22m
abs_error: 0.00023102760314941406, 0.019452594220638275, 0.11708986759185791, 44
episode: 232, return: 20.00  epsilon: 0.010  time:1.22m
abs_error: 1.239776611328125e-05, 0.024068955332040787, 0.11411243677139282, 48
episode: 233, return: 20.00  epsilon: 0.010  time:0.93m
abs_error: 7.486343383789062e-05, 0.026448529213666916, 0.19056487083435059, 49
episode: 234, return: 21.00  epsilon: 0.010  time:0.92m
abs_error: 0.00014281272888183594, 0.023729639127850533, 0.1394672393798828, 48
episode: 235, return: 19.00  epsilon: 0.010  time:0.94m
abs_error: 0.00020706653594970703, 0.024787520989775658, 0.14542627334594727, 46
episode: 236, return: 21.00  epsilon: 0.010  time:0.89m
abs_error: 6.341934204101562e-05, 0.020165570080280304, 0.15520989894866943, 48
episode: 237, return: 19.00  epsilon: 0.010  time:0.90m
abs_error: 0.00019478797912597656, 0.019806940108537674, 0.2486201524734497, 41
episode: 238, return: 19.00  epsilon: 0.010  time:0.95m
abs_error: 0.0004469156265258789, 0.0245259590446949, 0.09875655174255371, 53
episode: 239, return: 20.00  epsilon: 0.010  time:0.96m
abs_error: 0.00023436546325683594, 0.023102911189198494, 0.18201911449432373, 43
episode: 240, return: 20.00  epsilon: 0.010  time:0.97m
episode: 241, return: 21.00  epsilon: 0.010  time:0.85m
abs_error: 4.696846008300781e-05, 0.028092414140701294, 1.2132043838500977, 25
episode: 242, return: 21.00  epsilon: 0.010  time:0.86m
abs_error: 0.0004189014434814453, 0.015482533723115921, 0.07500386238098145, 48
episode: 243, return: 21.00  epsilon: 0.010  time:0.86m
abs_error: 1.6689300537109375e-05, 0.020304877310991287, 0.13719570636749268, 53
episode: 244, return: 21.00  epsilon: 0.010  time:0.86m
abs_error: 0.0004792213439941406, 0.022859683260321617, 0.16279077529907227, 50
episode: 245, return: 21.00  epsilon: 0.010  time:0.88m
abs_error: 4.172325134277344e-05, 0.02344115823507309, 0.22380924224853516, 40
episode: 246, return: 19.00  epsilon: 0.010  time:1.10m
abs_error: 7.319450378417969e-05, 0.019021354615688324, 0.3347797393798828, 36
episode: 247, return: 18.00  epsilon: 0.010  time:1.34m
abs_error: 4.303455352783203e-05, 0.020367886871099472, 0.24615323543548584, 41
episode: 248, return: 20.00  epsilon: 0.010  time:1.11m
abs_error: 0.0001552104949951172, 0.015370029956102371, 0.10194981098175049, 44
episode: 249, return: 21.00  epsilon: 0.010  time:1.06m
abs_error: 0.00018489360809326172, 0.021147863939404488, 0.253759503364563, 41
episode: 250, return: 18.00  epsilon: 0.010  time:1.26m
episode: 251, return: 21.00  epsilon: 0.010  time:1.07m
abs_error: 0.00023651123046875, 0.019212350249290466, 0.11327338218688965, 49
episode: 252, return: 21.00  epsilon: 0.010  time:1.06m
abs_error: 1.7762184143066406e-05, 0.017369713634252548, 0.18405139446258545, 46
episode: 253, return: 21.00  epsilon: 0.010  time:1.08m
abs_error: 8.916854858398438e-05, 0.02149738371372223, 0.18650484085083008, 47
episode: 254, return: 19.00  epsilon: 0.010  time:1.19m
abs_error: 0.00069427490234375, 0.028770964592695236, 1.3221194744110107, 21
episode: 255, return: 21.00  epsilon: 0.010  time:1.10m
abs_error: 0.0007717609405517578, 0.019878309220075607, 0.1596384048461914, 52
episode: 256, return: 21.00  epsilon: 0.010  time:1.12m
episode: 257, return: 20.00  epsilon: 0.010  time:1.14m
abs_error: 0.00016641616821289062, 0.01770353503525257, 0.17065143585205078, 49
episode: 258, return: 21.00  epsilon: 0.010  time:1.13m
abs_error: 3.0517578125e-05, 0.013552923686802387, 0.05863237380981445, 44
episode: 259, return: 19.00  epsilon: 0.010  time:1.21m
abs_error: 1.9073486328125e-05, 0.022700143977999687, 0.2299593687057495, 48
episode: 260, return: 21.00  epsilon: 0.010  time:1.09m
abs_error: 0.00013005733489990234, 0.019301235675811768, 0.6133716106414795, 29
episode: 261, return: 19.00  epsilon: 0.010  time:1.12m
abs_error: 7.510185241699219e-06, 0.011921880766749382, 0.06019163131713867, 44
episode: 262, return: 20.00  epsilon: 0.010  time:0.89m
abs_error: 9.751319885253906e-05, 0.013643600977957249, 0.11150145530700684, 43
episode: 263, return: 20.00  epsilon: 0.010  time:0.88m
abs_error: 8.487701416015625e-05, 0.014510841108858585, 0.07603049278259277, 48
episode: 264, return: 18.00  epsilon: 0.010  time:1.03m
abs_error: 0.0004868507385253906, 0.015156836248934269, 0.1215963363647461, 47
episode: 265, return: 21.00  epsilon: 0.010  time:0.86m
episode: 266, return: 20.00  epsilon: 0.010  time:0.90m
abs_error: 0.00013077259063720703, 0.02544892206788063, 1.1182119846343994, 25
episode: 267, return: 17.00  epsilon: 0.010  time:1.11m
abs_error: 0.00012290477752685547, 0.018002772703766823, 0.14919471740722656, 48
episode: 268, return: 20.00  epsilon: 0.010  time:0.91m
abs_error: 0.00031280517578125, 0.013841228559613228, 0.14046096801757812, 43
episode: 269, return: 14.00  epsilon: 0.010  time:1.24m
abs_error: 0.0001671314239501953, 0.016239946708083153, 0.20001673698425293, 38
episode: 270, return: 19.00  epsilon: 0.010  time:1.05m
abs_error: 8.106231689453125e-06, 0.01967221312224865, 0.10092532634735107, 47
episode: 271, return: 21.00  epsilon: 0.010  time:1.02m
abs_error: 3.0994415283203125e-06, 0.015383878722786903, 0.10798418521881104, 45
episode: 272, return: 21.00  epsilon: 0.010  time:0.99m
abs_error: 6.556510925292969e-05, 0.010265521705150604, 0.05168652534484863, 48
episode: 273, return: 20.00  epsilon: 0.010  time:0.91m
abs_error: 0.00023162364959716797, 0.012652886100113392, 0.061835795640945435, 51
episode: 274, return: 17.00  epsilon: 0.010  time:1.03m
abs_error: 0.0002129077911376953, 0.016492612659931183, 0.1596996784210205, 45
episode: 275, return: 19.00  epsilon: 0.010  time:0.99m
abs_error: 4.76837158203125e-05, 0.01439480111002922, 0.15890812873840332, 39
episode: 276, return: 21.00  epsilon: 0.010  time:0.85m
abs_error: 0.00015401840209960938, 0.012995711527764797, 0.11585402488708496, 52
episode: 277, return: 19.00  epsilon: 0.010  time:0.96m
abs_error: 0.00016438961029052734, 0.024124056100845337, 0.32196664810180664, 33
episode: 278, return: 19.00  epsilon: 0.010  time:0.99m
episode: 279, return: 21.00  epsilon: 0.010  time:0.87m
abs_error: 1.3947486877441406e-05, 0.013570048846304417, 0.08782267570495605, 48
episode: 280, return: 20.00  epsilon: 0.010  time:0.88m
abs_error: 9.429454803466797e-05, 0.015432522632181644, 0.3029782772064209, 35
episode: 281, return: 21.00  epsilon: 0.010  time:0.85m
abs_error: 0.00031244754791259766, 0.020811235532164574, 0.3972388505935669, 34
episode: 282, return: 16.00  epsilon: 0.010  time:1.03m
abs_error: 0.0005079507827758789, 0.01566367968916893, 0.09571635723114014, 44
episode: 283, return: 21.00  epsilon: 0.010  time:1.02m
abs_error: 0.0004273653030395508, 0.01507154107093811, 0.09746110439300537, 47
episode: 284, return: 21.00  epsilon: 0.010  time:0.98m
abs_error: 0.0001760721206665039, 0.01510031521320343, 0.0902261734008789, 41
episode: 285, return: 21.00  epsilon: 0.010  time:0.98m
abs_error: 8.749961853027344e-05, 0.015480324625968933, 0.10297119617462158, 49
episode: 286, return: 21.00  epsilon: 0.010  time:0.98m
episode: 287, return: 21.00  epsilon: 0.010  time:0.90m
abs_error: 2.777576446533203e-05, 0.012895605526864529, 0.12623190879821777, 44
episode: 288, return: 21.00  epsilon: 0.010  time:0.84m
abs_error: 0.00014257431030273438, 0.014492278918623924, 0.16215503215789795, 42
episode: 289, return: 21.00  epsilon: 0.010  time:0.83m
abs_error: 0.00026607513427734375, 0.01358802616596222, 0.08049452304840088, 43
episode: 290, return: 19.00  epsilon: 0.010  time:0.92m
abs_error: 2.4437904357910156e-05, 0.015697931870818138, 0.08234298229217529, 42
episode: 291, return: 19.00  epsilon: 0.010  time:0.93m
abs_error: 0.0006279945373535156, 0.012042064219713211, 0.06888532638549805, 47
episode: 292, return: 20.00  epsilon: 0.010  time:0.88m
abs_error: 0.00026607513427734375, 0.014053861610591412, 0.12039625644683838, 39
episode: 293, return: 21.00  epsilon: 0.010  time:0.83m
episode: 294, return: 20.00  epsilon: 0.010  time:0.96m
abs_error: 8.082389831542969e-05, 0.013378558680415154, 0.09183800220489502, 48
abs_error: 0.00030231475830078125, 0.012801689095795155, 0.06250226497650146, 49
episode: 295, return: 16.00  epsilon: 0.010  time:1.34m
episode: 296, return: 20.00  epsilon: 0.010  time:1.18m
abs_error: 0.0005419254302978516, 0.018396839499473572, 0.12746703624725342, 46
episode: 297, return: 16.00  epsilon: 0.010  time:1.40m
abs_error: 8.296966552734375e-05, 0.018965620547533035, 0.1531510353088379, 44
episode: 298, return: 20.00  epsilon: 0.010  time:1.27m
abs_error: 0.0004831552505493164, 0.01665649563074112, 0.11077156662940979, 40
episode: 299, return: 21.00  epsilon: 0.010  time:0.89m
abs_error: 9.989738464355469e-05, 0.018142446875572205, 0.2597064971923828, 37
episode: 300, return: 19.00  epsilon: 0.010  time:0.91m
abs_error: 0.00010323524475097656, 0.011954136192798615, 0.0667273998260498, 50
episode: 301, return: 21.00  epsilon: 0.010  time:0.83m
abs_error: 0.00020205974578857422, 0.0195329487323761, 0.45785045623779297, 32
episode: 302, return: 21.00  epsilon: 0.010  time:0.83m
abs_error: 4.470348358154297e-05, 0.014556377194821835, 0.11346602439880371, 43
episode: 303, return: 21.00  epsilon: 0.010  time:0.85m
episode: 304, return: 21.00  epsilon: 0.010  time:1.03m
abs_error: 0.00024712085723876953, 0.01382604893296957, 0.14182937145233154, 44
episode: 305, return: 19.00  epsilon: 0.010  time:1.15m
abs_error: 1.823902130126953e-05, 0.014540577307343483, 0.16470539569854736, 35
episode: 306, return: 21.00  epsilon: 0.010  time:1.03m
abs_error: 3.7670135498046875e-05, 0.01091595459729433, 0.14142131805419922, 37
episode: 307, return: 21.00  epsilon: 0.010  time:1.04m
abs_error: 3.147125244140625e-05, 0.011146606877446175, 0.06016826629638672, 44
episode: 308, return: 21.00  epsilon: 0.010  time:1.05m
abs_error: 5.245208740234375e-06, 0.013018611818552017, 0.10578429698944092, 39
episode: 309, return: 19.00  epsilon: 0.010  time:1.19m
abs_error: 9.059906005859375e-06, 0.012652686797082424, 0.0510176420211792, 51
episode: 310, return: 18.00  epsilon: 0.010  time:1.28m
abs_error: 8.71419906616211e-05, 0.011376947164535522, 0.14141273498535156, 41
episode: 311, return: 21.00  epsilon: 0.010  time:0.91m
episode: 312, return: 20.00  epsilon: 0.010  time:0.92m
abs_error: 9.28640365600586e-05, 0.010880637913942337, 0.06068229675292969, 51
episode: 313, return: 21.00  epsilon: 0.010  time:0.87m
abs_error: 0.00010597705841064453, 0.013290571048855782, 0.10393905639648438, 53
episode: 314, return: 18.00  epsilon: 0.010  time:0.96m
abs_error: 2.658367156982422e-05, 0.01238770131021738, 0.09621882438659668, 44
episode: 315, return: 20.00  epsilon: 0.010  time:0.92m
abs_error: 8.83340835571289e-05, 0.015939628705382347, 0.17056655883789062, 42
episode: 316, return: 19.00  epsilon: 0.010  time:0.99m
abs_error: 3.9577484130859375e-05, 0.015259282663464546, 0.1339080035686493, 36
episode: 317, return: 20.00  epsilon: 0.010  time:1.07m
abs_error: 0.00017571449279785156, 0.011702477931976318, 0.07213866710662842, 45
episode: 318, return: 14.00  epsilon: 0.010  time:1.38m
abs_error: 0.00025272369384765625, 0.015230580233037472, 0.12896013259887695, 35
episode: 319, return: 21.00  epsilon: 0.010  time:0.98m
abs_error: 8.940696716308594e-05, 0.01584140583872795, 0.14338386058807373, 44
episode: 320, return: 21.00  epsilon: 0.010  time:1.00m
abs_error: 6.556510925292969e-05, 0.015665262937545776, 0.0666685700416565, 45
episode: 321, return: 18.00  epsilon: 0.010  time:1.12m
abs_error: 0.00020170211791992188, 0.019172757863998413, 0.5090731382369995, 40
episode: 322, return: 19.00  epsilon: 0.010  time:1.11m
abs_error: 0.00016546249389648438, 0.012632383964955807, 0.06559813022613525, 41
episode: 323, return: 19.00  epsilon: 0.010  time:1.10m
episode: 324, return: 21.00  epsilon: 0.010  time:0.85m
abs_error: 7.748603820800781e-05, 0.017839275300502777, 0.32587161660194397, 29
episode: 325, return: 21.00  epsilon: 0.010  time:0.85m
abs_error: 2.2411346435546875e-05, 0.019277255982160568, 0.5532163381576538, 34
episode: 326, return: 19.00  epsilon: 0.010  time:0.90m
abs_error: 0.0002747774124145508, 0.012115119025111198, 0.11387777328491211, 46
episode: 327, return: 20.00  epsilon: 0.010  time:0.88m
abs_error: 6.723403930664062e-05, 0.013196919113397598, 0.10415458679199219, 52
episode: 328, return: 19.00  epsilon: 0.010  time:0.98m
abs_error: 0.0002124309539794922, 0.016061365604400635, 0.15180110931396484, 43
episode: 329, return: 18.00  epsilon: 0.010  time:1.05m
abs_error: 9.429454803466797e-05, 0.013731035403907299, 0.062493205070495605, 47
episode: 330, return: 21.00  epsilon: 0.010  time:0.88m
abs_error: 0.00010609626770019531, 0.01335718110203743, 0.09739851951599121, 45
episode: 331, return: 20.00  epsilon: 0.010  time:0.92m
episode: 332, return: 21.00  epsilon: 0.010  time:0.83m
abs_error: 0.00011408329010009766, 0.01304208766669035, 0.14164113998413086, 35
episode: 333, return: 21.00  epsilon: 0.010  time:0.83m
abs_error: 1.4424324035644531e-05, 0.013441164046525955, 0.09752488136291504, 43
episode: 334, return: 19.00  epsilon: 0.010  time:0.93m
abs_error: 0.00020492076873779297, 0.012837194837629795, 0.07342779636383057, 46
episode: 335, return: 21.00  epsilon: 0.010  time:0.83m
abs_error: 4.744529724121094e-05, 0.01378353126347065, 0.12361222505569458, 48
episode: 336, return: 17.00  epsilon: 0.010  time:0.97m
abs_error: 3.0994415283203125e-05, 0.011711949482560158, 0.08689630031585693, 43
episode: 337, return: 20.00  epsilon: 0.010  time:0.86m
abs_error: 0.0001926422119140625, 0.013919343240559101, 0.07208986580371857, 44
episode: 338, return: 19.00  epsilon: 0.010  time:0.90m
abs_error: 0.0005383491516113281, 0.014462823048233986, 0.07865452766418457, 41
episode: 339, return: 18.00  epsilon: 0.010  time:1.08m
abs_error: 7.021427154541016e-05, 0.01768888160586357, 0.2990180253982544, 43
episode: 340, return: 17.00  epsilon: 0.010  time:1.23m
abs_error: 0.00016295909881591797, 0.01768823340535164, 0.1576693058013916, 43
episode: 341, return: 20.00  epsilon: 0.010  time:0.92m
episode: 342, return: 21.00  epsilon: 0.010  time:0.87m
abs_error: 9.965896606445312e-05, 0.012880911119282246, 0.0693202018737793, 42
episode: 343, return: 19.00  epsilon: 0.010  time:0.95m
abs_error: 4.291534423828125e-06, 0.01187935285270214, 0.08233678340911865, 47
episode: 344, return: 20.00  epsilon: 0.010  time:0.89m
abs_error: 0.0001201629638671875, 0.013482297770678997, 0.0895923376083374, 38
episode: 345, return: 18.00  epsilon: 0.010  time:1.03m
abs_error: 2.956390380859375e-05, 0.012158351019024849, 0.13036155700683594, 35
episode: 346, return: 21.00  epsilon: 0.010  time:0.86m
abs_error: 5.53131103515625e-05, 0.015968944877386093, 0.14170467853546143, 41
episode: 347, return: 19.00  epsilon: 0.010  time:0.97m
abs_error: 4.673004150390625e-05, 0.013003677129745483, 0.10160854458808899, 46
episode: 348, return: 21.00  epsilon: 0.010  time:0.99m
abs_error: 0.000110626220703125, 0.01274211797863245, 0.1009056568145752, 43
episode: 349, return: 20.00  epsilon: 0.010  time:1.01m
episode: 350, return: 18.00  epsilon: 0.010  time:1.14m
abs_error: 6.365776062011719e-05, 0.014522043988108635, 0.2783932685852051, 39
episode: 351, return: 21.00  epsilon: 0.010  time:0.99m
abs_error: 1.3947486877441406e-05, 0.020208610221743584, 1.0438470840454102, 22
episode: 352, return: 19.00  epsilon: 0.010  time:1.00m
abs_error: 6.4373016357421875e-06, 0.013670355081558228, 0.12003731727600098, 47
episode: 353, return: 20.00  epsilon: 0.010  time:0.91m
abs_error: 6.985664367675781e-05, 0.0130821093916893, 0.13815271854400635, 48
episode: 354, return: 20.00  epsilon: 0.010  time:0.88m
abs_error: 3.838539123535156e-05, 0.012625128962099552, 0.08688759803771973, 44
episode: 355, return: 20.00  epsilon: 0.010  time:0.87m
abs_error: 1.621246337890625e-05, 0.015025019645690918, 0.14150762557983398, 39
episode: 356, return: 21.00  epsilon: 0.010  time:0.83m
abs_error: 0.00017321109771728516, 0.013985191471874714, 0.18922463059425354, 41
episode: 357, return: 21.00  epsilon: 0.010  time:0.95m
episode: 358, return: 21.00  epsilon: 0.010  time:1.08m
abs_error: 4.971027374267578e-05, 0.015755102038383484, 0.08490967750549316, 49
episode: 359, return: 20.00  epsilon: 0.010  time:1.09m
abs_error: 3.4928321838378906e-05, 0.01001996174454689, 0.06770503520965576, 50
episode: 360, return: 21.00  epsilon: 0.010  time:1.08m
abs_error: 5.0067901611328125e-06, 0.010797516442835331, 0.09320437908172607, 46
episode: 361, return: 19.00  epsilon: 0.010  time:1.18m
abs_error: 7.033348083496094e-06, 0.018608614802360535, 0.07273304462432861, 51
episode: 362, return: 20.00  epsilon: 0.010  time:1.15m
abs_error: 6.532669067382812e-05, 0.013926422223448753, 0.4274144172668457, 36
episode: 363, return: 21.00  epsilon: 0.010  time:1.10m
abs_error: 5.9604644775390625e-05, 0.01353954616934061, 0.08142459392547607, 49
episode: 364, return: 20.00  epsilon: 0.010  time:1.16m
episode: 365, return: 21.00  epsilon: 0.010  time:1.04m
abs_error: 5.650520324707031e-05, 0.014200420118868351, 0.06245303153991699, 48
episode: 366, return: 20.00  epsilon: 0.010  time:1.05m
abs_error: 0.00013577938079833984, 0.014956687577068806, 0.15708327293395996, 27
episode: 367, return: 19.00  epsilon: 0.010  time:1.18m
abs_error: 0.0001201629638671875, 0.014791212975978851, 0.2539876699447632, 32
episode: 368, return: 16.00  epsilon: 0.010  time:1.25m
abs_error: 1.0132789611816406e-05, 0.013378805480897427, 0.08190321922302246, 49
episode: 369, return: 20.00  epsilon: 0.010  time:1.07m
abs_error: 6.794929504394531e-05, 0.03442217409610748, 1.1054842472076416, 16
episode: 370, return: 21.00  epsilon: 0.010  time:1.03m
abs_error: 6.377696990966797e-05, 0.013615249656140804, 0.14514696598052979, 42
episode: 371, return: 21.00  epsilon: 0.010  time:1.13m
abs_error: 5.841255187988281e-06, 0.010571950115263462, 0.05636262893676758, 46
episode: 372, return: 21.00  epsilon: 0.010  time:1.05m
abs_error: 1.5497207641601562e-06, 0.012719991616904736, 0.14140009880065918, 40
episode: 373, return: 16.00  epsilon: 0.010  time:1.45m
abs_error: 2.7418136596679688e-05, 0.011589613743126392, 0.0488055944442749, 46
episode: 374, return: 18.00  epsilon: 0.010  time:1.25m
abs_error: 0.00017213821411132812, 0.012699110433459282, 0.08577394485473633, 38
episode: 375, return: 20.00  epsilon: 0.010  time:1.16m
episode: 376, return: 21.00  epsilon: 0.010  time:1.13m
abs_error: 2.181529998779297e-05, 0.012660626322031021, 0.11438655853271484, 42
episode: 377, return: 19.00  epsilon: 0.010  time:1.19m
abs_error: 0.00019276142120361328, 0.011169197037816048, 0.09601688385009766, 46
episode: 378, return: 20.00  epsilon: 0.010  time:1.14m
abs_error: 7.295608520507812e-05, 0.016498954966664314, 0.12197232246398926, 40
episode: 379, return: 20.00  epsilon: 0.010  time:1.10m
abs_error: 0.00010633468627929688, 0.01276386994868517, 0.07964015007019043, 40
episode: 380, return: 21.00  epsilon: 0.010  time:0.88m
abs_error: 8.654594421386719e-05, 0.013464713469147682, 0.07062816619873047, 45
episode: 381, return: 20.00  epsilon: 0.010  time:0.88m
abs_error: 4.947185516357422e-05, 0.017737410962581635, 0.209511399269104, 39
episode: 382, return: 17.00  epsilon: 0.010  time:1.02m
abs_error: 0.00015807151794433594, 0.015484417788684368, 0.09839153289794922, 42
episode: 383, return: 21.00  epsilon: 0.010  time:0.87m
abs_error: 4.291534423828125e-05, 0.011488879099488258, 0.052618980407714844, 43
episode: 384, return: 21.00  epsilon: 0.010  time:0.85m
episode: 385, return: 21.00  epsilon: 0.010  time:0.85m
abs_error: 5.960464477539062e-07, 0.009588087908923626, 0.10095357894897461, 48
episode: 386, return: 21.00  epsilon: 0.010  time:0.90m
abs_error: 0.00011968612670898438, 0.013238897547125816, 0.07130634784698486, 44
episode: 387, return: 20.00  epsilon: 0.010  time:0.93m
abs_error: 0.00020074844360351562, 0.01318094041198492, 0.05000126361846924, 49
episode: 388, return: 20.00  epsilon: 0.010  time:0.91m
abs_error: 0.0002238750457763672, 0.01368844136595726, 0.08977597951889038, 48
episode: 389, return: 19.00  epsilon: 0.010  time:0.96m
abs_error: 0.00033724308013916016, 0.015386493876576424, 0.137681245803833, 38
episode: 390, return: 20.00  epsilon: 0.010  time:0.90m
abs_error: 0.00016129016876220703, 0.009799974970519543, 0.0651082992553711, 54
episode: 391, return: 20.00  epsilon: 0.010  time:0.87m
abs_error: 6.92605972290039e-05, 0.011415713466703892, 0.0763622522354126, 43
episode: 392, return: 21.00  epsilon: 0.010  time:0.89m
episode: 393, return: 20.00  epsilon: 0.010  time:0.93m
abs_error: 2.396106719970703e-05, 0.012198518961668015, 0.15817105770111084, 45
episode: 394, return: 20.00  epsilon: 0.010  time:0.92m
abs_error: 4.7087669372558594e-05, 0.013414949178695679, 0.08272981643676758, 49
episode: 395, return: 19.00  epsilon: 0.010  time:1.13m
abs_error: 2.872943878173828e-05, 0.012888319790363312, 0.10375404357910156, 45
episode: 396, return: 18.00  epsilon: 0.010  time:1.18m
abs_error: 0.0002588033676147461, 0.022097019478678703, 1.050872564315796, 22
episode: 397, return: 18.00  epsilon: 0.010  time:1.18m
abs_error: 0.00011026859283447266, 0.012231525033712387, 0.09820151329040527, 49
episode: 398, return: 18.00  epsilon: 0.010  time:1.13m
abs_error: 0.00019311904907226562, 0.011823841370642185, 0.10143899917602539, 48
episode: 399, return: 21.00  epsilon: 0.010  time:1.02m
abs_error: 0.00016438961029052734, 0.014154138043522835, 0.1907348334789276, 36
episode: 400, return: 20.00  epsilon: 0.010  time:1.11m
Time: 402.78m
