Training...
episode: 100  return: -9.27   mean: -9.13  epsilon: 0.8739  time: 2.76s
episode: 200  return: -11.90   mean: -9.39  epsilon: 0.8481  time: 2.75s
episode: 300  return: -12.87   mean: -9.49  epsilon: 0.8229  time: 2.76s
episode: 400  return: -8.01   mean: -9.54  epsilon: 0.7984  time: 10.50s
episode: 500  return: -7.59   mean: -9.36  epsilon: 0.7744  time: 10.58s
episode: 600  return: -7.86   mean: -8.77  epsilon: 0.7510  time: 10.52s
episode: 700  return: -8.18   mean: -8.52  epsilon: 0.7282  time: 10.53s
episode: 800  return: -10.51   mean: -8.30  epsilon: 0.7059  time: 10.51s
episode: 900  return: -9.07   mean: -8.11  epsilon: 0.6842  time: 10.42s
episode: 1000  return: -7.86   mean: -8.23  epsilon: 0.6630  time: 10.62s
episode: 1100  return: -5.55   mean: -8.06  epsilon: 0.6424  time: 10.49s
episode: 1200  return: -7.09   mean: -8.15  epsilon: 0.6223  time: 9.70s
episode: 1300  return: -5.99   mean: -8.15  epsilon: 0.6026  time: 9.83s
episode: 1400  return: -6.49   mean: -8.08  epsilon: 0.5835  time: 10.46s
episode: 1500  return: -9.22   mean: -7.72  epsilon: 0.5649  time: 10.44s
episode: 1600  return: -6.46   mean: -7.71  epsilon: 0.5467  time: 10.43s
episode: 1700  return: -7.78   mean: -7.49  epsilon: 0.5290  time: 10.60s
episode: 1800  return: -7.34   mean: -7.66  epsilon: 0.5118  time: 10.63s
episode: 1900  return: -7.51   mean: -7.83  epsilon: 0.4950  time: 10.47s
episode: 2000  return: -7.18   mean: -7.65  epsilon: 0.4787  time: 10.46s
episode: 2100  return: -8.42   mean: -7.82  epsilon: 0.4628  time: 10.33s
episode: 2200  return: -8.37   mean: -7.56  epsilon: 0.4473  time: 10.48s
episode: 2300  return: -7.77   mean: -7.71  epsilon: 0.4323  time: 10.37s
episode: 2400  return: -6.44   mean: -7.66  epsilon: 0.4176  time: 10.25s
episode: 2500  return: -6.26   mean: -7.59  epsilon: 0.4034  time: 10.57s
episode: 2600  return: -7.98   mean: -7.68  epsilon: 0.3895  time: 10.46s
episode: 2700  return: -5.85   mean: -7.69  epsilon: 0.3760  time: 10.66s
episode: 2800  return: -8.89   mean: -7.75  epsilon: 0.3629  time: 10.41s
episode: 2900  return: -9.75   mean: -7.71  epsilon: 0.3502  time: 10.42s
episode: 3000  return: -7.42   mean: -7.86  epsilon: 0.3378  time: 10.47s
episode: 3100  return: -6.46   mean: -7.82  epsilon: 0.3258  time: 10.50s
episode: 3200  return: -7.77   mean: -7.78  epsilon: 0.3141  time: 10.56s
episode: 3300  return: -6.54   mean: -7.67  epsilon: 0.3028  time: 10.54s
episode: 3400  return: -7.99   mean: -7.84  epsilon: 0.2918  time: 10.57s
episode: 3500  return: -8.03   mean: -7.74  epsilon: 0.2811  time: 10.50s
episode: 3600  return: -6.07   mean: -7.62  epsilon: 0.2707  time: 10.48s
episode: 3700  return: -8.39   mean: -7.73  epsilon: 0.2607  time: 10.51s
episode: 3800  return: -7.51   mean: -7.73  epsilon: 0.2509  time: 10.51s
episode: 3900  return: -7.62   mean: -7.57  epsilon: 0.2414  time: 10.48s
episode: 4000  return: -5.38   mean: -7.41  epsilon: 0.2323  time: 10.46s
episode: 4100  return: -6.32   mean: -7.50  epsilon: 0.2234  time: 10.48s
episode: 4200  return: -7.10   mean: -7.45  epsilon: 0.2148  time: 10.58s
episode: 4300  return: -7.47   mean: -7.56  epsilon: 0.2064  time: 10.45s
episode: 4400  return: -6.96   mean: -7.51  epsilon: 0.1983  time: 10.17s
episode: 4500  return: -10.22   mean: -7.75  epsilon: 0.1905  time: 10.56s
episode: 4600  return: -7.23   mean: -7.87  epsilon: 0.1829  time: 10.49s
episode: 4700  return: -6.76   mean: -7.78  epsilon: 0.1755  time: 10.44s
episode: 4800  return: -6.04   mean: -7.54  epsilon: 0.1684  time: 10.49s
episode: 4900  return: -6.50   mean: -7.64  epsilon: 0.1616  time: 10.50s
episode: 5000  return: -6.52   mean: -7.74  epsilon: 0.1549  time: 10.56s
episode: 5100  return: -7.24   mean: -7.67  epsilon: 0.1485  time: 10.63s
episode: 5200  return: -8.05   mean: -7.69  epsilon: 0.1423  time: 10.42s
episode: 5300  return: -8.83   mean: -7.56  epsilon: 0.1363  time: 10.53s
episode: 5400  return: -8.18   mean: -7.75  epsilon: 0.1305  time: 10.58s
episode: 5500  return: -7.83   mean: -7.56  epsilon: 0.1249  time: 10.62s
episode: 5600  return: -8.43   mean: -7.51  epsilon: 0.1195  time: 10.50s
episode: 5700  return: -7.17   mean: -7.85  epsilon: 0.1143  time: 10.28s
episode: 5800  return: -6.19   mean: -7.56  epsilon: 0.1092  time: 10.49s
episode: 5900  return: -7.04   mean: -7.73  epsilon: 0.1044  time: 10.48s
episode: 6000  return: -9.01   mean: -7.66  epsilon: 0.0997  time: 10.43s
episode: 6100  return: -8.49   mean: -7.64  epsilon: 0.0952  time: 10.50s
episode: 6200  return: -9.38   mean: -7.94  epsilon: 0.0908  time: 10.49s
episode: 6300  return: -10.25   mean: -7.63  epsilon: 0.0867  time: 10.49s
episode: 6400  return: -5.86   mean: -7.57  epsilon: 0.0826  time: 10.49s
episode: 6500  return: -8.52   mean: -7.41  epsilon: 0.0788  time: 10.58s
episode: 6600  return: -5.35   mean: -7.61  epsilon: 0.0750  time: 9.86s
episode: 6700  return: -5.54   mean: -7.40  epsilon: 0.0714  time: 9.96s
episode: 6800  return: -5.60   mean: -7.49  epsilon: 0.0680  time: 10.57s
episode: 6900  return: -6.72   mean: -7.25  epsilon: 0.0647  time: 10.68s
episode: 7000  return: -7.40   mean: -7.06  epsilon: 0.0615  time: 10.54s
episode: 7100  return: -6.58   mean: -7.23  epsilon: 0.0584  time: 10.08s
episode: 7200  return: -8.08   mean: -7.22  epsilon: 0.0555  time: 10.53s
episode: 7300  return: -7.34   mean: -7.30  epsilon: 0.0527  time: 10.59s
episode: 7400  return: -8.11   mean: -7.06  epsilon: 0.0500  time: 10.53s
episode: 7500  return: -6.39   mean: -7.28  epsilon: 0.0474  time: 10.55s
episode: 7600  return: -7.65   mean: -6.99  epsilon: 0.0449  time: 10.55s
episode: 7700  return: -8.64   mean: -7.19  epsilon: 0.0425  time: 10.28s
episode: 7800  return: -8.31   mean: -7.11  epsilon: 0.0403  time: 9.51s
episode: 7900  return: -6.81   mean: -7.08  epsilon: 0.0381  time: 9.92s
episode: 8000  return: -9.09   mean: -6.98  epsilon: 0.0360  time: 10.63s
episode: 8100  return: -6.25   mean: -7.12  epsilon: 0.0340  time: 10.60s
episode: 8200  return: -6.29   mean: -7.14  epsilon: 0.0321  time: 10.59s
episode: 8300  return: -6.42   mean: -6.87  epsilon: 0.0303  time: 10.59s
episode: 8400  return: -5.25   mean: -7.15  epsilon: 0.0286  time: 10.47s
episode: 8500  return: -7.77   mean: -6.93  epsilon: 0.0269  time: 10.44s
episode: 8600  return: -7.92   mean: -6.86  epsilon: 0.0254  time: 10.59s
episode: 8700  return: -7.93   mean: -6.90  epsilon: 0.0239  time: 10.45s
episode: 8800  return: -6.73   mean: -7.07  epsilon: 0.0224  time: 10.50s
episode: 8900  return: -6.27   mean: -6.94  epsilon: 0.0211  time: 10.45s
episode: 9000  return: -7.48   mean: -6.82  epsilon: 0.0198  time: 10.52s
episode: 9100  return: -7.84   mean: -6.88  epsilon: 0.0185  time: 10.63s
episode: 9200  return: -6.08   mean: -6.66  epsilon: 0.0174  time: 10.63s
episode: 9300  return: -6.52   mean: -6.73  epsilon: 0.0163  time: 10.58s
episode: 9400  return: -6.36   mean: -6.64  epsilon: 0.0152  time: 10.46s
episode: 9500  return: -7.22   mean: -6.61  epsilon: 0.0142  time: 10.46s
episode: 9600  return: -7.03   mean: -6.81  epsilon: 0.0133  time: 10.52s
episode: 9700  return: -7.18   mean: -6.75  epsilon: 0.0124  time: 10.43s
episode: 9800  return: -8.24   mean: -6.84  epsilon: 0.0116  time: 10.39s
episode: 9900  return: -6.16   mean: -6.76  epsilon: 0.0108  time: 10.57s
episode: 10000  return: -6.96   mean: -6.70  epsilon: 0.0100  time: 10.49s
episode: 10100  return: -5.70   mean: -6.64  epsilon: 0.0100  time: 10.57s
episode: 10200  return: -6.08   mean: -6.71  epsilon: 0.0100  time: 10.53s
episode: 10300  return: -6.59   mean: -6.60  epsilon: 0.0100  time: 10.62s
episode: 10400  return: -7.38   mean: -6.60  epsilon: 0.0100  time: 10.53s
episode: 10500  return: -6.43   mean: -6.67  epsilon: 0.0100  time: 10.58s
episode: 10600  return: -8.54   mean: -6.61  epsilon: 0.0100  time: 10.52s
episode: 10700  return: -5.42   mean: -6.63  epsilon: 0.0100  time: 9.99s
episode: 10800  return: -6.20   mean: -6.33  epsilon: 0.0100  time: 10.45s
episode: 10900  return: -8.29   mean: -6.67  epsilon: 0.0100  time: 10.60s
episode: 11000  return: -6.23   mean: -6.56  epsilon: 0.0100  time: 10.02s
episode: 11100  return: -6.81   mean: -6.53  epsilon: 0.0100  time: 10.51s
episode: 11200  return: -6.88   mean: -6.37  epsilon: 0.0100  time: 10.54s
episode: 11300  return: -6.04   mean: -6.52  epsilon: 0.0100  time: 10.55s
episode: 11400  return: -5.49   mean: -6.39  epsilon: 0.0100  time: 10.67s
episode: 11500  return: -8.08   mean: -6.45  epsilon: 0.0100  time: 10.60s
episode: 11600  return: -6.36   mean: -6.39  epsilon: 0.0100  time: 10.49s
episode: 11700  return: -5.86   mean: -6.64  epsilon: 0.0100  time: 10.56s
episode: 11800  return: -6.39   mean: -6.46  epsilon: 0.0100  time: 10.60s
episode: 11900  return: -5.48   mean: -6.37  epsilon: 0.0100  time: 10.25s
episode: 12000  return: -6.88   mean: -6.61  epsilon: 0.0100  time: 10.58s
episode: 12100  return: -5.89   mean: -6.49  epsilon: 0.0100  time: 10.59s
episode: 12200  return: -6.22   mean: -6.41  epsilon: 0.0100  time: 10.47s
episode: 12300  return: -5.75   mean: -6.15  epsilon: 0.0100  time: 10.62s
episode: 12400  return: -5.85   mean: -6.21  epsilon: 0.0100  time: 10.48s
episode: 12500  return: -5.43   mean: -6.32  epsilon: 0.0100  time: 10.54s
episode: 12600  return: -7.07   mean: -6.37  epsilon: 0.0100  time: 10.53s
episode: 12700  return: -6.24   mean: -6.17  epsilon: 0.0100  time: 10.59s
episode: 12800  return: -5.95   mean: -6.09  epsilon: 0.0100  time: 10.66s
episode: 12900  return: -6.45   mean: -6.25  epsilon: 0.0100  time: 10.68s
episode: 13000  return: -5.43   mean: -6.24  epsilon: 0.0100  time: 10.59s
episode: 13100  return: -5.66   mean: -5.97  epsilon: 0.0100  time: 10.71s
episode: 13200  return: -7.00   mean: -6.40  epsilon: 0.0100  time: 9.92s
episode: 13300  return: -5.97   mean: -6.14  epsilon: 0.0100  time: 10.52s
episode: 13400  return: -6.22   mean: -6.41  epsilon: 0.0100  time: 10.57s
episode: 13500  return: -6.68   mean: -6.30  epsilon: 0.0100  time: 10.59s
episode: 13600  return: -6.19   mean: -6.19  epsilon: 0.0100  time: 10.47s
episode: 13700  return: -9.05   mean: -6.11  epsilon: 0.0100  time: 10.72s
episode: 13800  return: -5.40   mean: -6.21  epsilon: 0.0100  time: 10.63s
episode: 13900  return: -5.68   mean: -6.25  epsilon: 0.0100  time: 10.51s
episode: 14000  return: -4.78   mean: -6.20  epsilon: 0.0100  time: 10.39s
episode: 14100  return: -5.72   mean: -6.05  epsilon: 0.0100  time: 10.02s
episode: 14200  return: -7.59   mean: -6.14  epsilon: 0.0100  time: 10.40s
episode: 14300  return: -5.61   mean: -6.04  epsilon: 0.0100  time: 10.54s
episode: 14400  return: -4.71   mean: -6.00  epsilon: 0.0100  time: 10.44s
episode: 14500  return: -5.62   mean: -6.05  epsilon: 0.0100  time: 9.56s
episode: 14600  return: -5.49   mean: -5.97  epsilon: 0.0100  time: 10.32s
episode: 14700  return: -5.75   mean: -6.14  epsilon: 0.0100  time: 10.51s
episode: 14800  return: -4.42   mean: -6.07  epsilon: 0.0100  time: 10.53s
episode: 14900  return: -4.98   mean: -6.07  epsilon: 0.0100  time: 10.60s
episode: 15000  return: -5.82   mean: -5.97  epsilon: 0.0100  time: 10.57s
episode: 15100  return: -5.25   mean: -6.01  epsilon: 0.0100  time: 10.64s
episode: 15200  return: -6.09   mean: -5.96  epsilon: 0.0100  time: 10.61s
episode: 15300  return: -5.22   mean: -5.98  epsilon: 0.0100  time: 10.34s
episode: 15400  return: -4.76   mean: -5.97  epsilon: 0.0100  time: 10.38s
episode: 15500  return: -5.19   mean: -6.14  epsilon: 0.0100  time: 10.53s
episode: 15600  return: -6.40   mean: -5.95  epsilon: 0.0100  time: 10.64s
episode: 15700  return: -5.13   mean: -6.07  epsilon: 0.0100  time: 10.51s
episode: 15800  return: -5.63   mean: -5.96  epsilon: 0.0100  time: 10.52s
episode: 15900  return: -6.25   mean: -6.16  epsilon: 0.0100  time: 10.53s
episode: 16000  return: -7.48   mean: -6.14  epsilon: 0.0100  time: 10.37s
episode: 16100  return: -5.01   mean: -6.00  epsilon: 0.0100  time: 10.45s
episode: 16200  return: -7.82   mean: -5.80  epsilon: 0.0100  time: 10.89s
episode: 16300  return: -6.11   mean: -6.08  epsilon: 0.0100  time: 10.50s
episode: 16400  return: -6.00   mean: -5.87  epsilon: 0.0100  time: 10.49s
episode: 16500  return: -5.22   mean: -5.98  epsilon: 0.0100  time: 10.63s
episode: 16600  return: -6.24   mean: -5.96  epsilon: 0.0100  time: 10.41s
episode: 16700  return: -5.47   mean: -6.10  epsilon: 0.0100  time: 10.16s
episode: 16800  return: -5.05   mean: -5.91  epsilon: 0.0100  time: 10.62s
episode: 16900  return: -5.73   mean: -5.86  epsilon: 0.0100  time: 10.69s
episode: 17000  return: -5.37   mean: -5.86  epsilon: 0.0100  time: 10.45s
episode: 17100  return: -6.09   mean: -6.07  epsilon: 0.0100  time: 10.14s
episode: 17200  return: -6.16   mean: -5.92  epsilon: 0.0100  time: 10.35s
episode: 17300  return: -6.00   mean: -5.97  epsilon: 0.0100  time: 10.54s
episode: 17400  return: -6.38   mean: -5.84  epsilon: 0.0100  time: 10.63s
episode: 17500  return: -6.15   mean: -6.03  epsilon: 0.0100  time: 10.62s
episode: 17600  return: -5.98   mean: -5.88  epsilon: 0.0100  time: 10.64s
episode: 17700  return: -6.16   mean: -5.78  epsilon: 0.0100  time: 10.53s
episode: 17800  return: -5.18   mean: -5.98  epsilon: 0.0100  time: 9.84s
episode: 17900  return: -5.26   mean: -5.84  epsilon: 0.0100  time: 9.77s
episode: 18000  return: -5.69   mean: -5.92  epsilon: 0.0100  time: 10.69s
episode: 18100  return: -5.55   mean: -5.79  epsilon: 0.0100  time: 10.61s
episode: 18200  return: -5.74   mean: -5.84  epsilon: 0.0100  time: 10.67s
episode: 18300  return: -5.94   mean: -5.98  epsilon: 0.0100  time: 10.66s
episode: 18400  return: -6.40   mean: -5.90  epsilon: 0.0100  time: 10.67s
episode: 18500  return: -5.20   mean: -5.92  epsilon: 0.0100  time: 10.78s
episode: 18600  return: -4.73   mean: -5.89  epsilon: 0.0100  time: 10.60s
episode: 18700  return: -4.76   mean: -5.86  epsilon: 0.0100  time: 10.62s
episode: 18800  return: -6.07   mean: -5.84  epsilon: 0.0100  time: 10.58s
episode: 18900  return: -5.73   mean: -5.85  epsilon: 0.0100  time: 10.74s
episode: 19000  return: -4.48   mean: -5.77  epsilon: 0.0100  time: 10.48s
episode: 19100  return: -5.69   mean: -5.87  epsilon: 0.0100  time: 10.57s
episode: 19200  return: -6.98   mean: -5.79  epsilon: 0.0100  time: 10.75s
episode: 19300  return: -5.74   mean: -5.83  epsilon: 0.0100  time: 10.73s
episode: 19400  return: -5.75   mean: -5.95  epsilon: 0.0100  time: 10.42s
episode: 19500  return: -6.72   mean: -5.87  epsilon: 0.0100  time: 10.49s
episode: 19600  return: -5.21   mean: -5.84  epsilon: 0.0100  time: 10.55s
episode: 19700  return: -7.27   mean: -5.81  epsilon: 0.0100  time: 10.68s
episode: 19800  return: -6.39   mean: -5.89  epsilon: 0.0100  time: 10.60s
episode: 19900  return: -5.83   mean: -5.83  epsilon: 0.0100  time: 10.65s
episode: 20000  return: -5.62   mean: -5.89  epsilon: 0.0100  time: 10.62s
episode: 20100  return: -5.98   mean: -5.93  epsilon: 0.0100  time: 10.64s
episode: 20200  return: -6.31   mean: -5.80  epsilon: 0.0100  time: 10.69s
episode: 20300  return: -5.48   mean: -5.87  epsilon: 0.0100  time: 10.64s
episode: 20400  return: -5.02   mean: -5.77  epsilon: 0.0100  time: 10.38s
episode: 20500  return: -5.43   mean: -5.92  epsilon: 0.0100  time: 10.79s
episode: 20600  return: -5.19   mean: -5.74  epsilon: 0.0100  time: 10.55s
episode: 20700  return: -5.74   mean: -5.93  epsilon: 0.0100  time: 10.30s
episode: 20800  return: -7.14   mean: -5.90  epsilon: 0.0100  time: 10.68s
episode: 20900  return: -5.93   mean: -5.79  epsilon: 0.0100  time: 10.66s
episode: 21000  return: -6.29   mean: -5.75  epsilon: 0.0100  time: 10.77s
episode: 21100  return: -5.72   mean: -5.97  epsilon: 0.0100  time: 10.70s
episode: 21200  return: -6.19   mean: -5.93  epsilon: 0.0100  time: 10.65s
episode: 21300  return: -5.62   mean: -5.71  epsilon: 0.0100  time: 10.61s
episode: 21400  return: -5.66   mean: -5.72  epsilon: 0.0100  time: 10.70s
episode: 21500  return: -5.90   mean: -5.73  epsilon: 0.0100  time: 10.64s
episode: 21600  return: -5.37   mean: -5.94  epsilon: 0.0100  time: 11.01s
episode: 21700  return: -6.87   mean: -5.72  epsilon: 0.0100  time: 10.63s
episode: 21800  return: -6.31   mean: -5.83  epsilon: 0.0100  time: 10.62s
episode: 21900  return: -5.55   mean: -5.80  epsilon: 0.0100  time: 10.53s
episode: 22000  return: -5.84   mean: -5.71  epsilon: 0.0100  time: 10.57s
episode: 22100  return: -4.61   mean: -5.64  epsilon: 0.0100  time: 10.58s
episode: 22200  return: -7.22   mean: -5.96  epsilon: 0.0100  time: 10.64s
episode: 22300  return: -5.03   mean: -5.71  epsilon: 0.0100  time: 10.64s
episode: 22400  return: -5.94   mean: -5.68  epsilon: 0.0100  time: 10.52s
episode: 22500  return: -5.90   mean: -5.79  epsilon: 0.0100  time: 10.54s
episode: 22600  return: -5.02   mean: -5.76  epsilon: 0.0100  time: 10.49s
episode: 22700  return: -6.51   mean: -5.87  epsilon: 0.0100  time: 10.52s
episode: 22800  return: -5.20   mean: -5.64  epsilon: 0.0100  time: 10.56s
episode: 22900  return: -6.91   mean: -5.74  epsilon: 0.0100  time: 10.36s
episode: 23000  return: -5.51   mean: -5.75  epsilon: 0.0100  time: 10.74s
episode: 23100  return: -5.29   mean: -5.65  epsilon: 0.0100  time: 10.73s
episode: 23200  return: -5.41   mean: -5.70  epsilon: 0.0100  time: 10.56s
episode: 23300  return: -5.47   mean: -5.63  epsilon: 0.0100  time: 10.62s
episode: 23400  return: -6.39   mean: -5.55  epsilon: 0.0100  time: 10.59s
episode: 23500  return: -6.87   mean: -5.53  epsilon: 0.0100  time: 10.67s
episode: 23600  return: -7.06   mean: -5.61  epsilon: 0.0100  time: 10.63s
episode: 23700  return: -5.90   mean: -5.53  epsilon: 0.0100  time: 10.59s
episode: 23800  return: -5.97   mean: -5.61  epsilon: 0.0100  time: 10.64s
episode: 23900  return: -5.97   mean: -5.73  epsilon: 0.0100  time: 10.63s
episode: 24000  return: -5.59   mean: -5.76  epsilon: 0.0100  time: 10.65s
episode: 24100  return: -6.25   mean: -5.64  epsilon: 0.0100  time: 10.63s
episode: 24200  return: -5.97   mean: -5.67  epsilon: 0.0100  time: 10.22s
episode: 24300  return: -5.65   mean: -5.57  epsilon: 0.0100  time: 10.60s
episode: 24400  return: -5.42   mean: -5.57  epsilon: 0.0100  time: 10.64s
episode: 24500  return: -4.85   mean: -5.82  epsilon: 0.0100  time: 10.60s
episode: 24600  return: -5.30   mean: -5.72  epsilon: 0.0100  time: 10.46s
episode: 24700  return: -6.31   mean: -5.60  epsilon: 0.0100  time: 10.62s
episode: 24800  return: -5.79   mean: -5.45  epsilon: 0.0100  time: 10.54s
episode: 24900  return: -5.53   mean: -5.59  epsilon: 0.0100  time: 10.60s
episode: 25000  return: -5.22   mean: -5.68  epsilon: 0.0100  time: 10.71s
episode: 25100  return: -5.71   mean: -5.67  epsilon: 0.0100  time: 10.58s
episode: 25200  return: -5.67   mean: -5.60  epsilon: 0.0100  time: 10.59s
episode: 25300  return: -4.62   mean: -5.72  epsilon: 0.0100  time: 10.67s
episode: 25400  return: -5.87   mean: -5.73  epsilon: 0.0100  time: 10.68s
episode: 25500  return: -5.82   mean: -5.66  epsilon: 0.0100  time: 10.60s
episode: 25600  return: -5.04   mean: -5.64  epsilon: 0.0100  time: 10.62s
episode: 25700  return: -5.34   mean: -5.63  epsilon: 0.0100  time: 10.65s
episode: 25800  return: -6.22   mean: -5.61  epsilon: 0.0100  time: 10.54s
episode: 25900  return: -5.91   mean: -5.58  epsilon: 0.0100  time: 10.46s
episode: 26000  return: -6.21   mean: -5.57  epsilon: 0.0100  time: 10.47s
episode: 26100  return: -5.08   mean: -5.52  epsilon: 0.0100  time: 10.52s
episode: 26200  return: -6.17   mean: -5.66  epsilon: 0.0100  time: 10.29s
episode: 26300  return: -5.16   mean: -5.55  epsilon: 0.0100  time: 10.59s
episode: 26400  return: -6.29   mean: -5.60  epsilon: 0.0100  time: 10.47s
episode: 26500  return: -5.50   mean: -5.58  epsilon: 0.0100  time: 10.60s
episode: 26600  return: -5.65   mean: -5.57  epsilon: 0.0100  time: 10.57s
episode: 26700  return: -5.04   mean: -5.39  epsilon: 0.0100  time: 10.58s
episode: 26800  return: -6.51   mean: -5.52  epsilon: 0.0100  time: 10.51s
episode: 26900  return: -5.93   mean: -5.62  epsilon: 0.0100  time: 10.80s
episode: 27000  return: -4.61   mean: -5.56  epsilon: 0.0100  time: 10.98s
episode: 27100  return: -5.13   mean: -5.55  epsilon: 0.0100  time: 10.47s
episode: 27200  return: -4.85   mean: -5.66  epsilon: 0.0100  time: 10.56s
episode: 27300  return: -4.75   mean: -5.47  epsilon: 0.0100  time: 10.57s
episode: 27400  return: -5.00   mean: -5.58  epsilon: 0.0100  time: 10.21s
episode: 27500  return: -5.31   mean: -5.51  epsilon: 0.0100  time: 10.59s
episode: 27600  return: -4.30   mean: -5.42  epsilon: 0.0100  time: 10.60s
episode: 27700  return: -6.01   mean: -5.44  epsilon: 0.0100  time: 10.63s
episode: 27800  return: -4.97   mean: -5.63  epsilon: 0.0100  time: 10.68s
episode: 27900  return: -5.62   mean: -5.48  epsilon: 0.0100  time: 10.13s
episode: 28000  return: -5.57   mean: -5.65  epsilon: 0.0100  time: 9.80s
episode: 28100  return: -5.25   mean: -5.53  epsilon: 0.0100  time: 10.68s
episode: 28200  return: -6.68   mean: -5.52  epsilon: 0.0100  time: 10.66s
episode: 28300  return: -5.55   mean: -5.54  epsilon: 0.0100  time: 10.57s
episode: 28400  return: -5.07   mean: -5.54  epsilon: 0.0100  time: 10.32s
episode: 28500  return: -5.25   mean: -5.61  epsilon: 0.0100  time: 10.01s
episode: 28600  return: -4.86   mean: -5.67  epsilon: 0.0100  time: 10.07s
episode: 28700  return: -5.17   mean: -5.57  epsilon: 0.0100  time: 10.81s
episode: 28800  return: -6.85   mean: -5.51  epsilon: 0.0100  time: 10.77s
episode: 28900  return: -5.89   mean: -5.55  epsilon: 0.0100  time: 10.61s
episode: 29000  return: -6.06   mean: -5.36  epsilon: 0.0100  time: 10.58s
episode: 29100  return: -4.79   mean: -5.53  epsilon: 0.0100  time: 10.62s
episode: 29200  return: -5.93   mean: -5.46  epsilon: 0.0100  time: 10.69s
episode: 29300  return: -5.06   mean: -5.53  epsilon: 0.0100  time: 10.70s
episode: 29400  return: -5.73   mean: -5.56  epsilon: 0.0100  time: 10.44s
episode: 29500  return: -4.74   mean: -5.52  epsilon: 0.0100  time: 10.01s
episode: 29600  return: -6.41   mean: -5.64  epsilon: 0.0100  time: 9.89s
episode: 29700  return: -5.00   mean: -5.60  epsilon: 0.0100  time: 10.78s
episode: 29800  return: -4.79   mean: -5.46  epsilon: 0.0100  time: 10.58s
episode: 29900  return: -5.72   mean: -5.57  epsilon: 0.0100  time: 10.47s
episode: 30000  return: -5.22   mean: -5.51  epsilon: 0.0100  time: 10.69s
episode: 30100  return: -4.19   mean: -5.42  epsilon: 0.0100  time: 10.13s
episode: 30200  return: -5.13   mean: -5.56  epsilon: 0.0100  time: 9.88s
episode: 30300  return: -4.60   mean: -5.43  epsilon: 0.0100  time: 10.38s
episode: 30400  return: -7.94   mean: -5.50  epsilon: 0.0100  time: 10.70s
episode: 30500  return: -5.15   mean: -5.45  epsilon: 0.0100  time: 10.83s
episode: 30600  return: -5.11   mean: -5.46  epsilon: 0.0100  time: 10.66s
episode: 30700  return: -5.45   mean: -5.51  epsilon: 0.0100  time: 10.63s
episode: 30800  return: -5.87   mean: -5.52  epsilon: 0.0100  time: 10.77s
episode: 30900  return: -5.62   mean: -5.53  epsilon: 0.0100  time: 10.65s
episode: 31000  return: -4.77   mean: -5.48  epsilon: 0.0100  time: 10.67s
episode: 31100  return: -5.02   mean: -5.58  epsilon: 0.0100  time: 10.69s
episode: 31200  return: -4.98   mean: -5.29  epsilon: 0.0100  time: 10.42s
episode: 31300  return: -4.98   mean: -5.44  epsilon: 0.0100  time: 10.50s
episode: 31400  return: -4.68   mean: -5.39  epsilon: 0.0100  time: 10.61s
episode: 31500  return: -6.09   mean: -5.42  epsilon: 0.0100  time: 10.70s
episode: 31600  return: -4.71   mean: -5.37  epsilon: 0.0100  time: 10.70s
episode: 31700  return: -5.18   mean: -5.51  epsilon: 0.0100  time: 10.37s
episode: 31800  return: -4.65   mean: -5.41  epsilon: 0.0100  time: 10.67s
episode: 31900  return: -4.55   mean: -5.45  epsilon: 0.0100  time: 10.45s
episode: 32000  return: -7.24   mean: -5.60  epsilon: 0.0100  time: 10.47s
episode: 32100  return: -6.44   mean: -5.54  epsilon: 0.0100  time: 10.61s
episode: 32200  return: -4.99   mean: -5.47  epsilon: 0.0100  time: 10.71s
episode: 32300  return: -5.15   mean: -5.60  epsilon: 0.0100  time: 10.95s
episode: 32400  return: -4.90   mean: -5.37  epsilon: 0.0100  time: 10.80s
episode: 32500  return: -5.83   mean: -5.40  epsilon: 0.0100  time: 10.74s
episode: 32600  return: -4.75   mean: -5.50  epsilon: 0.0100  time: 10.73s
episode: 32700  return: -6.29   mean: -5.38  epsilon: 0.0100  time: 10.67s
episode: 32800  return: -5.51   mean: -5.39  epsilon: 0.0100  time: 10.60s
episode: 32900  return: -5.84   mean: -5.36  epsilon: 0.0100  time: 9.74s
episode: 33000  return: -5.72   mean: -5.40  epsilon: 0.0100  time: 10.56s
episode: 33100  return: -5.15   mean: -5.39  epsilon: 0.0100  time: 9.98s
episode: 33200  return: -4.75   mean: -5.36  epsilon: 0.0100  time: 10.70s
episode: 33300  return: -5.69   mean: -5.38  epsilon: 0.0100  time: 10.80s
episode: 33400  return: -4.53   mean: -5.31  epsilon: 0.0100  time: 10.67s
episode: 33500  return: -4.91   mean: -5.43  epsilon: 0.0100  time: 10.49s
episode: 33600  return: -5.97   mean: -5.50  epsilon: 0.0100  time: 10.42s
episode: 33700  return: -6.00   mean: -5.49  epsilon: 0.0100  time: 10.63s
episode: 33800  return: -6.20   mean: -5.32  epsilon: 0.0100  time: 10.75s
episode: 33900  return: -5.28   mean: -5.39  epsilon: 0.0100  time: 9.93s
episode: 34000  return: -5.05   mean: -5.32  epsilon: 0.0100  time: 9.84s
episode: 34100  return: -5.50   mean: -5.38  epsilon: 0.0100  time: 9.76s
episode: 34200  return: -6.06   mean: -5.35  epsilon: 0.0100  time: 10.67s
episode: 34300  return: -5.27   mean: -5.28  epsilon: 0.0100  time: 10.63s
episode: 34400  return: -5.44   mean: -5.42  epsilon: 0.0100  time: 10.59s
episode: 34500  return: -5.58   mean: -5.53  epsilon: 0.0100  time: 10.71s
episode: 34600  return: -4.87   mean: -5.33  epsilon: 0.0100  time: 10.65s
episode: 34700  return: -5.62   mean: -5.32  epsilon: 0.0100  time: 10.77s
episode: 34800  return: -4.81   mean: -5.30  epsilon: 0.0100  time: 10.62s
episode: 34900  return: -4.93   mean: -5.40  epsilon: 0.0100  time: 10.61s
episode: 35000  return: -4.79   mean: -5.37  epsilon: 0.0100  time: 10.62s
episode: 35100  return: -6.13   mean: -5.21  epsilon: 0.0100  time: 10.65s
episode: 35200  return: -4.93   mean: -5.40  epsilon: 0.0100  time: 10.62s
episode: 35300  return: -4.95   mean: -5.43  epsilon: 0.0100  time: 10.61s
episode: 35400  return: -5.14   mean: -5.23  epsilon: 0.0100  time: 10.52s
episode: 35500  return: -5.03   mean: -5.43  epsilon: 0.0100  time: 10.13s
episode: 35600  return: -5.57   mean: -5.43  epsilon: 0.0100  time: 10.63s
episode: 35700  return: -4.20   mean: -5.29  epsilon: 0.0100  time: 10.66s
episode: 35800  return: -4.59   mean: -5.45  epsilon: 0.0100  time: 10.65s
episode: 35900  return: -6.15   mean: -5.31  epsilon: 0.0100  time: 10.70s
episode: 36000  return: -4.90   mean: -5.39  epsilon: 0.0100  time: 10.75s
episode: 36100  return: -5.24   mean: -5.46  epsilon: 0.0100  time: 10.71s
episode: 36200  return: -5.38   mean: -5.25  epsilon: 0.0100  time: 10.64s
episode: 36300  return: -4.53   mean: -5.36  epsilon: 0.0100  time: 10.72s
episode: 36400  return: -5.67   mean: -5.33  epsilon: 0.0100  time: 10.65s
episode: 36500  return: -5.44   mean: -5.23  epsilon: 0.0100  time: 10.69s
episode: 36600  return: -5.50   mean: -5.31  epsilon: 0.0100  time: 10.71s
episode: 36700  return: -4.73   mean: -5.21  epsilon: 0.0100  time: 10.60s
episode: 36800  return: -5.92   mean: -5.22  epsilon: 0.0100  time: 10.60s
episode: 36900  return: -5.75   mean: -5.42  epsilon: 0.0100  time: 10.64s
episode: 37000  return: -5.93   mean: -5.47  epsilon: 0.0100  time: 10.56s
episode: 37100  return: -5.44   mean: -5.40  epsilon: 0.0100  time: 10.58s
episode: 37200  return: -5.90   mean: -5.42  epsilon: 0.0100  time: 10.57s
episode: 37300  return: -4.81   mean: -5.46  epsilon: 0.0100  time: 10.65s
episode: 37400  return: -5.03   mean: -5.25  epsilon: 0.0100  time: 10.73s
episode: 37500  return: -5.72   mean: -5.28  epsilon: 0.0100  time: 10.69s
episode: 37600  return: -5.30   mean: -5.23  epsilon: 0.0100  time: 10.90s
episode: 37700  return: -6.97   mean: -5.38  epsilon: 0.0100  time: 10.90s
episode: 37800  return: -5.16   mean: -5.43  epsilon: 0.0100  time: 10.71s
episode: 37900  return: -5.42   mean: -5.27  epsilon: 0.0100  time: 10.73s
episode: 38000  return: -4.78   mean: -5.27  epsilon: 0.0100  time: 10.76s
episode: 38100  return: -5.79   mean: -5.21  epsilon: 0.0100  time: 10.68s
episode: 38200  return: -4.60   mean: -5.28  epsilon: 0.0100  time: 10.68s
episode: 38300  return: -4.82   mean: -5.20  epsilon: 0.0100  time: 10.69s
episode: 38400  return: -5.42   mean: -5.31  epsilon: 0.0100  time: 10.15s
episode: 38500  return: -4.39   mean: -5.28  epsilon: 0.0100  time: 10.53s
episode: 38600  return: -4.42   mean: -5.25  epsilon: 0.0100  time: 10.21s
episode: 38700  return: -5.43   mean: -5.37  epsilon: 0.0100  time: 10.78s
episode: 38800  return: -4.58   mean: -5.14  epsilon: 0.0100  time: 10.77s
episode: 38900  return: -4.63   mean: -5.10  epsilon: 0.0100  time: 10.70s
episode: 39000  return: -4.54   mean: -5.26  epsilon: 0.0100  time: 10.66s
episode: 39100  return: -5.31   mean: -5.31  epsilon: 0.0100  time: 10.57s
episode: 39200  return: -5.37   mean: -5.26  epsilon: 0.0100  time: 10.24s
episode: 39300  return: -5.41   mean: -5.26  epsilon: 0.0100  time: 9.95s
episode: 39400  return: -5.86   mean: -5.22  epsilon: 0.0100  time: 10.40s
episode: 39500  return: -4.68   mean: -5.28  epsilon: 0.0100  time: 10.65s
episode: 39600  return: -4.97   mean: -5.35  epsilon: 0.0100  time: 10.61s
episode: 39700  return: -6.07   mean: -5.26  epsilon: 0.0100  time: 10.74s
episode: 39800  return: -5.08   mean: -5.20  epsilon: 0.0100  time: 10.62s
episode: 39900  return: -4.82   mean: -5.25  epsilon: 0.0100  time: 10.75s
episode: 40000  return: -5.85   mean: -5.26  epsilon: 0.0100  time: 10.73s
episode: 40100  return: -4.74   mean: -5.25  epsilon: 0.0100  time: 10.64s
episode: 40200  return: -5.13   mean: -5.29  epsilon: 0.0100  time: 10.71s
episode: 40300  return: -4.55   mean: -5.23  epsilon: 0.0100  time: 10.86s
episode: 40400  return: -4.90   mean: -5.30  epsilon: 0.0100  time: 10.81s
episode: 40500  return: -6.33   mean: -5.39  epsilon: 0.0100  time: 10.90s
episode: 40600  return: -4.59   mean: -5.23  epsilon: 0.0100  time: 10.73s
episode: 40700  return: -5.26   mean: -5.32  epsilon: 0.0100  time: 10.79s
episode: 40800  return: -5.04   mean: -5.35  epsilon: 0.0100  time: 10.34s
episode: 40900  return: -5.63   mean: -5.24  epsilon: 0.0100  time: 10.73s
episode: 41000  return: -5.19   mean: -5.27  epsilon: 0.0100  time: 10.80s
episode: 41100  return: -5.25   mean: -5.25  epsilon: 0.0100  time: 10.64s
episode: 41200  return: -4.90   mean: -5.14  epsilon: 0.0100  time: 10.80s
episode: 41300  return: -4.63   mean: -5.09  epsilon: 0.0100  time: 10.79s
episode: 41400  return: -5.21   mean: -5.26  epsilon: 0.0100  time: 10.77s
episode: 41500  return: -5.02   mean: -5.25  epsilon: 0.0100  time: 10.70s
episode: 41600  return: -4.80   mean: -5.26  epsilon: 0.0100  time: 10.63s
episode: 41700  return: -7.00   mean: -5.40  epsilon: 0.0100  time: 10.71s
episode: 41800  return: -4.09   mean: -5.27  epsilon: 0.0100  time: 10.58s
episode: 41900  return: -5.91   mean: -5.39  epsilon: 0.0100  time: 10.67s
episode: 42000  return: -4.69   mean: -5.19  epsilon: 0.0100  time: 10.64s
episode: 42100  return: -4.88   mean: -5.24  epsilon: 0.0100  time: 10.64s
episode: 42200  return: -5.71   mean: -5.25  epsilon: 0.0100  time: 10.72s
episode: 42300  return: -6.21   mean: -5.19  epsilon: 0.0100  time: 10.80s
episode: 42400  return: -4.90   mean: -5.19  epsilon: 0.0100  time: 10.29s
episode: 42500  return: -8.19   mean: -5.17  epsilon: 0.0100  time: 10.58s
episode: 42600  return: -8.01   mean: -5.28  epsilon: 0.0100  time: 10.51s
episode: 42700  return: -4.33   mean: -5.21  epsilon: 0.0100  time: 10.02s
episode: 42800  return: -5.31   mean: -5.26  epsilon: 0.0100  time: 10.79s
episode: 42900  return: -4.44   mean: -5.32  epsilon: 0.0100  time: 10.80s
episode: 43000  return: -6.05   mean: -5.18  epsilon: 0.0100  time: 10.77s
episode: 43100  return: -4.88   mean: -5.21  epsilon: 0.0100  time: 10.34s
episode: 43200  return: -4.69   mean: -5.20  epsilon: 0.0100  time: 10.23s
episode: 43300  return: -5.41   mean: -5.21  epsilon: 0.0100  time: 10.83s
episode: 43400  return: -4.95   mean: -5.20  epsilon: 0.0100  time: 10.61s
episode: 43500  return: -5.75   mean: -5.17  epsilon: 0.0100  time: 9.86s
episode: 43600  return: -4.07   mean: -5.30  epsilon: 0.0100  time: 10.16s
episode: 43700  return: -5.08   mean: -5.20  epsilon: 0.0100  time: 10.45s
episode: 43800  return: -5.90   mean: -5.27  epsilon: 0.0100  time: 11.31s
episode: 43900  return: -5.91   mean: -5.19  epsilon: 0.0100  time: 11.39s
episode: 44000  return: -4.74   mean: -5.12  epsilon: 0.0100  time: 11.41s
episode: 44100  return: -4.87   mean: -5.35  epsilon: 0.0100  time: 11.24s
episode: 44200  return: -5.63   mean: -5.12  epsilon: 0.0100  time: 11.48s
episode: 44300  return: -6.58   mean: -5.14  epsilon: 0.0100  time: 11.48s
episode: 44400  return: -5.55   mean: -5.26  epsilon: 0.0100  time: 11.46s
episode: 44500  return: -5.14   mean: -5.17  epsilon: 0.0100  time: 11.28s
episode: 44600  return: -5.21   mean: -5.31  epsilon: 0.0100  time: 11.55s
episode: 44700  return: -5.49   mean: -5.17  epsilon: 0.0100  time: 11.46s
episode: 44800  return: -6.34   mean: -5.15  epsilon: 0.0100  time: 11.63s
episode: 44900  return: -5.71   mean: -5.22  epsilon: 0.0100  time: 11.43s
episode: 45000  return: -6.17   mean: -5.34  epsilon: 0.0100  time: 11.32s
episode: 45100  return: -4.98   mean: -5.13  epsilon: 0.0100  time: 11.45s
episode: 45200  return: -4.52   mean: -5.18  epsilon: 0.0100  time: 11.33s
episode: 45300  return: -4.15   mean: -5.19  epsilon: 0.0100  time: 11.41s
episode: 45400  return: -5.84   mean: -5.24  epsilon: 0.0100  time: 11.49s
episode: 45500  return: -7.01   mean: -5.35  epsilon: 0.0100  time: 11.48s
episode: 45600  return: -4.28   mean: -5.12  epsilon: 0.0100  time: 11.35s
episode: 45700  return: -5.64   mean: -5.25  epsilon: 0.0100  time: 11.33s
episode: 45800  return: -4.40   mean: -5.14  epsilon: 0.0100  time: 11.48s
episode: 45900  return: -4.96   mean: -5.15  epsilon: 0.0100  time: 11.63s
episode: 46000  return: -4.85   mean: -5.05  epsilon: 0.0100  time: 10.77s
episode: 46100  return: -5.96   mean: -5.26  epsilon: 0.0100  time: 10.67s
episode: 46200  return: -5.93   mean: -5.21  epsilon: 0.0100  time: 11.36s
episode: 46300  return: -5.68   mean: -5.33  epsilon: 0.0100  time: 11.38s
episode: 46400  return: -5.07   mean: -5.13  epsilon: 0.0100  time: 11.38s
episode: 46500  return: -5.45   mean: -5.14  epsilon: 0.0100  time: 11.49s
episode: 46600  return: -4.94   mean: -5.28  epsilon: 0.0100  time: 11.22s
episode: 46700  return: -6.58   mean: -5.20  epsilon: 0.0100  time: 10.83s
episode: 46800  return: -5.73   mean: -5.13  epsilon: 0.0100  time: 10.65s
episode: 46900  return: -6.20   mean: -5.13  epsilon: 0.0100  time: 10.82s
episode: 47000  return: -5.03   mean: -5.24  epsilon: 0.0100  time: 10.57s
episode: 47100  return: -4.90   mean: -5.32  epsilon: 0.0100  time: 11.26s
episode: 47200  return: -5.15   mean: -5.24  epsilon: 0.0100  time: 10.89s
episode: 47300  return: -7.21   mean: -5.16  epsilon: 0.0100  time: 10.72s
episode: 47400  return: -5.32   mean: -5.23  epsilon: 0.0100  time: 10.94s
episode: 47500  return: -5.18   mean: -5.12  epsilon: 0.0100  time: 10.77s
episode: 47600  return: -5.18   mean: -5.15  epsilon: 0.0100  time: 10.60s
episode: 47700  return: -5.86   mean: -5.21  epsilon: 0.0100  time: 10.85s
episode: 47800  return: -4.57   mean: -5.05  epsilon: 0.0100  time: 10.78s
episode: 47900  return: -4.84   mean: -5.19  epsilon: 0.0100  time: 10.61s
episode: 48000  return: -5.54   mean: -5.15  epsilon: 0.0100  time: 10.30s
episode: 48100  return: -4.52   mean: -5.07  epsilon: 0.0100  time: 10.78s
episode: 48200  return: -5.46   mean: -5.21  epsilon: 0.0100  time: 10.61s
episode: 48300  return: -5.23   mean: -5.06  epsilon: 0.0100  time: 10.69s
episode: 48400  return: -5.16   mean: -5.24  epsilon: 0.0100  time: 10.85s
episode: 48500  return: -4.46   mean: -5.23  epsilon: 0.0100  time: 10.99s
episode: 48600  return: -6.10   mean: -5.28  epsilon: 0.0100  time: 10.86s
episode: 48700  return: -5.05   mean: -5.14  epsilon: 0.0100  time: 10.88s
episode: 48800  return: -5.37   mean: -5.16  epsilon: 0.0100  time: 10.97s
episode: 48900  return: -4.80   mean: -5.11  epsilon: 0.0100  time: 10.71s
episode: 49000  return: -4.60   mean: -5.08  epsilon: 0.0100  time: 10.84s
episode: 49100  return: -5.55   mean: -5.13  epsilon: 0.0100  time: 10.76s
episode: 49200  return: -5.11   mean: -5.21  epsilon: 0.0100  time: 10.68s
episode: 49300  return: -5.83   mean: -5.24  epsilon: 0.0100  time: 10.68s
episode: 49400  return: -4.33   mean: -5.11  epsilon: 0.0100  time: 10.57s
episode: 49500  return: -4.64   mean: -5.18  epsilon: 0.0100  time: 10.74s
episode: 49600  return: -5.83   mean: -5.08  epsilon: 0.0100  time: 10.77s
episode: 49700  return: -4.93   mean: -5.18  epsilon: 0.0100  time: 10.77s
episode: 49800  return: -5.11   mean: -5.20  epsilon: 0.0100  time: 10.74s
episode: 49900  return: -4.65   mean: -5.21  epsilon: 0.0100  time: 10.81s
episode: 50000  return: -5.25   mean: -5.25  epsilon: 0.0100  time: 10.80s
Time: 87.92m

test:  1  reward: -4.02
test:  2  reward: -5.52
test:  3  reward: -4.76
test:  4  reward: -4.29
test:  5  reward: -4.88
test:  6  reward: -4.57
test:  7  reward: -4.93
test:  8  reward: -5.32
test:  9  reward: -4.37
test: 10  reward: -4.37
mean: -4.70
